                                                         Cloudy 13.01.01
                                                         www.nublado.org

                       **************************************13Jan01**************************************
                       *                                                                                 *
                       * title Spectrum of Orion star HR1887 using Tlusty                                *
                       * table star tlusty OBstar 3-dim 27700 g=3.78 z=-0.1                              *
                       * c<< 3-dim OBstar model  566 read.    Teff=  27000 log(g)= 3.75 log(Z)=-0.30 >>> *
                       * c<< 3-dim OBstar model  575 read.    Teff=  28000 log(g)= 3.75 log(Z)=-0.30 >>> *
                       * c<< 3-dim OBstar model  567 read.    Teff=  27000 log(g)= 4.00 log(Z)=-0.30 >>> *
                       * c<< 3-dim OBstar model  576 read.    Teff=  28000 log(g)= 4.00 log(Z)=-0.30 >>> *
                       * c<< 3-dim OBstar model  350 read.    Teff=  27000 log(g)= 3.75 log(Z)= 0.00 >>> *
                       * c<< 3-dim OBstar model  359 read.    Teff=  28000 log(g)= 3.75 log(Z)= 0.00 >>> *
                       * c<< 3-dim OBstar model  351 read.    Teff=  27000 log(g)= 4.00 log(Z)= 0.00 >>> *
                       * c<< 3-dim OBstar model  360 read.    Teff=  28000 log(g)= 4.00 log(Z)= 0.00 >>> *
                       * c<< FINAL:    Teff =   27700   log(g) =  3.78   log(Z) = -0.10              >>> *
                       * luminosity total solar 4.58                                                     *
                       * hden 4                                                                          *
                       * radius 17                                                                       *
                       * stop zone 1                                                                     *
                       * save continuum file="HR1887.cont"                                               *
                       *                                                                                 *
                       ***********************************************************************************



Warning: duplicate species HD - using first one
Warning: duplicate species HD+ - using first one
Warning: duplicate species H2D+ - using first one
Warning: duplicate species HeD+ - using first one
Warning: duplicate reaction CH,O=>H,CO -- using new version
Warning: duplicate reaction e-,CH2+=>H,CH -- using new version
Warning: duplicate reaction e-,CH2+=>H2,C -- using new version
Warning: duplicate reaction e-,CH3+=>H,H2,C -- using new version
Warning: duplicate reaction e-,CH3+=>H,CH2 -- using new version
Warning: duplicate reaction e-,CH3+=>H2,CH -- using new version
Warning: duplicate reaction e-,CO+=>C,O -- using new version
Warning: duplicate reaction H,CH=>H2,C -- using new version
Warning: duplicate reaction H2,CO+=>H,HCO+ -- using new version
Warning: duplicate reaction H2,CH2+=>H,CH3+ -- using new version
Warning: duplicate reaction H2,C+=>PHOTON,CH2+ -- using new version
Warning: duplicate reaction C2,N=>C,CN -- using new version
Warning: duplicate reaction C+,CH=>H,C2+ -- using new version
Warning: duplicate reaction C+,CH=>C,CH+ -- using new version
Warning: duplicate reaction CH3+,O=>H2,HCO+ -- using new version
Warning: duplicate reaction CH,N=>H,CN -- using new version
Warning: duplicate reaction C+,NH=>H,CN+ -- using new version
Warning: duplicate reaction e-,HCO+=>H,CO -- using new version
Warning: duplicate reaction CRPHOT,C=>e-,C+ -- using new version
Warning: duplicate reaction C+,OH=>H,CO+ -- using new version
Warning: duplicate reaction C+,OH=>H+,CO -- using new version
Warning: duplicate reaction e-,D+=>PHOTON,D -- using new version
Warning: duplicate reaction H+,D=>H,D+ -- using new version
Warning: duplicate reaction H,D+=>H+,D -- using new version
Warning: duplicate reaction H,D+=>PHOTON,HD+ -- using new version
Warning: duplicate reaction H+,D=>PHOTON,HD+ -- using new version
Warning: duplicate reaction e-,HD+=>H,D -- using new version
Warning: duplicate reaction H,HD+=>H+,HD -- using new version
Warning: duplicate reaction H,D=>PHOTON,HD -- using new version
Warning: duplicate reaction H,D=>PHOTON,HD -- using new version
Warning: duplicate reaction H2,D+=>H+,HD -- using new version
Warning: duplicate reaction H+,HD=>H2,D+ -- using new version
Warning: duplicate reaction H2,D=>H,HD -- using new version
Warning: duplicate reaction D+,He=>PHOTON,HeD+ -- using new version
Warning: duplicate reaction H2+,D=>H2,D+ -- using new version
Warning: duplicate reaction H-,Li+=>H,Li -- using new version
           3963CellPeak1.00E+00   Lo 1.00e-08=910.79cm   Hi-Con:4.03E+00 Ryd   E(hi):7.35E+06Ryd     E(hi):     100.01 MeV
           L(nu>1ryd):  36.4244   Average nu:1.195E+00   L( X-ray):   0.0000   L(BalC):  38.1237     Q(Balmer C):  49.0224
           Q(1.0-1.8):  47.0078   Q(1.8-4.0):  44.2377   Q(4.0-20):  35.7576   Q(20--):   0.0000     Ion pht flx:8.116E+11
           L(gam ray):   0.0000   Q(gam ray):   0.0000   L(Infred):  36.9929   Alf(ox):   0.0000     Total lumin:  38.1627
           log L/Lsun:   4.5799   Abs bol mg:  -6.6997   Abs V mag:  -3.9170   Bol cor:  -2.7828     nuFnu(Bbet):  37.0412
           U(1.0----):2.707E-03   U(4.0----):1.519E-14   T(En-Den):4.753E+01   T(Comp):2.478E+04     nuJnu(912A):8.438E+01
           Occ(FarIR):1.043E-04   Occ(H n=6):3.714E-11   Occ(1Ryd):3.879E-15   Occ(4R):1.450E-26     Occ (Nu-hi):1.365E-27
           Tbr(FarIR):1.652E-07   Tbr(H n=6):1.628E-07   Tbr(1Ryd):6.131E-10   Tbr(4R):9.163E-21     Tbr (Nu-hi):8.664E-22
  
                                                  Gas Phase Chemical Composition
        H :  0.0000  He: -1.0000  Li: -8.6904  Be:-10.5800  B : -9.2097  C : -3.6108  N : -4.0701  O : -3.3098  F : -7.5200
        Ne: -4.0000  Na: -5.6696  Mg: -4.4597  Al: -5.5302  Si: -4.4597  P : -6.4949  S : -4.7352  Cl: -6.7190  Ar: -5.6003
        K : -6.8794  Ca: -5.6402  Sc: -8.8297  Ti: -6.9788  V : -8.0000  Cr: -6.3298  Mn: -6.5406  Fe: -4.5498  Co: -7.0799
                                               Ni: -5.7496  Cu: -7.7905  Zn: -7.4001
 
 ####  1  Te:4.350E+03 Hden:1.000E+04 Ne:1.060E+04 R:1.000E+17 R-R0:2.552E+11 dR:5.104E+11 NTR: 15 Htot:2.576E-16 T912: 7.35e-05###
 Hydrogen      2.28e-03 9.98e-01 H+o/Hden 1.00e+00 2.97e-11 H-    H2 4.43e-15 5.44e-12 H2+ HeH+ 6.56e-11 Ho+ ColD 1.16e+13 5.09e+15
 Deuterium     2.28e-03 9.98e-01 D+o/Dden 1.00e+00 3.07e-11 D-    HD 3.57e-14 6.09e-12 HD+ HeD+ 1.62e-11 Do+ ColD 1.92e+08 8.40e+10
 Helium        3.93e-01 6.07e-01 1.09e-10 HeI 2s3S 6.09e-06 Comp H,C 1.36e-22 2.39e-23 Fill Fac 1.00e+00 Gam1/tot 1.00e+00
 He singlet n  3.93e-01 3.37e-11 2.45e-17 7.32e-18 2.41e-17 5.97e-18 He tripl 6.09e-06 6.36e-16 6.87e-18 7.68e-17 1.61e-17
 Pressure      NgasTgas 9.40e+07 P(total) 1.30e-08 P( gas ) 1.30e-08 P(Radtn) 2.32e-12 Rad accl 1.46e-04 ForceMul 1.27e+04
 Texc(La)      4.15e+03 T(I con) 4.75e+01 T(D con) 2.66e+00 T(U tot) 4.75e+01 nT (c+d) 1.21e+07 Prad/Gas 1.79e-04 Pmag/Gas 0.00e+00
 Molecules     CH/Ctot: 3.95e-17 CH+/Ctot 6.01e-13 CO/Ctot: 4.30e-19 CO+/Ctot 9.09e-17 H2O/Otot 6.08e-28 OH/Ototl 5.56e-15
 Lithium       5.64e-05 1.00e+00 0.00e+00 0.00e+00 Berylliu 3.20e-05 1.27e-01 8.73e-01 0.00e+00 0.00e+00 sec ion: 0.00e+00
 Boron         2.40e-05 9.61e-01 3.86e-02 0.00e+00 0.00e+00 0.00e+00
 Carbon        4.11e-05 9.28e-01 7.22e-02 0.00e+00 0.00e+00 0.00e+00 0.00e+00 H2O+/O   2.78e-28 OH+/Otot 3.79e-15 Hex(tot) 0.00e+00
 Nitrogen      1.47e-03 9.91e-01 7.16e-03 0.00e+00 0.00e+00 0.00e+00 0.00e+00 0.00e+00 O2/Ototl 3.82e-19 O2+/Otot 7.68e-20
 Oxygen        2.47e-03 9.97e-01 2.58e-04 0.00e+00 0.00e+00 0.00e+00 0.00e+00 0.00e+00 0.00e+00
 Fluorine      3.89e-03 9.96e-01 3.40e-04 0.00e+00 0.00e+00 0.00e+00 0.00e+00 0.00e+00 0.00e+00 0.00e+00
 Neon          1.85e-02 9.81e-01 2.24e-05 0.00e+00 0.00e+00 0.00e+00 0.00e+00 0.00e+00 0.00e+00 0.00e+00 0.00e+00
 Sodium        6.91e-04 9.99e-01 7.20e-07 0.00e+00 0.00e+00 0.00e+00 0.00e+00 0.00e+00 0.00e+00 0.00e+00 0.00e+00 0.00e+00
 Magnesium     5.02e-05 1.51e-01 8.49e-01 0.00e+00 0.00e+00 0.00e+00 0.00e+00 0.00e+00 0.00e+00 0.00e+00 0.00e+00 0.00e+00 0.00e+00
 Aluminium  0  1.10e-05 8.23e-01 1.77e-01 1.50e-04 0.00e+00 0.00e+00 0.00e+00 0.00e+00 0.00e+00 0.00e+00 0.00e+00 0.00e+00 0.00e+00
 Silicon    0  7.71e-06 4.05e-01 5.95e-01 5.23e-06 0.00e+00 0.00e+00 0.00e+00 0.00e+00 0.00e+00 0.00e+00 0.00e+00 0.00e+00 0.00e+00
 Phosphorus 0  2.07e-05 6.03e-01 3.97e-01 1.11e-05 0.00e+00 0.00e+00 0.00e+00 0.00e+00 0.00e+00 0.00e+00 0.00e+00 0.00e+00 0.00e+00
 Sulphur    0  5.30e-06 3.55e-01 6.45e-01 2.01e-06 0.00e+00 0.00e+00 0.00e+00 0.00e+00 0.00e+00 0.00e+00 0.00e+00 0.00e+00 0.00e+00
 Chlorine   0  3.22e-05 5.58e-01 4.42e-01 0.00e+00 0.00e+00 0.00e+00 0.00e+00 0.00e+00 0.00e+00 0.00e+00 0.00e+00 0.00e+00 0.00e+00
 Argon      0  4.76e-04 5.83e-01 4.17e-01 0.00e+00 0.00e+00 0.00e+00 0.00e+00 0.00e+00 0.00e+00 0.00e+00 0.00e+00 0.00e+00 0.00e+00
 Potassium  0  1.10e-04 9.97e-01 2.40e-03 0.00e+00 0.00e+00 0.00e+00 0.00e+00 0.00e+00 0.00e+00 0.00e+00 0.00e+00 0.00e+00 0.00e+00
 Calcium    0  2.39e-07 6.69e-03 9.93e-01 0.00e+00 0.00e+00 0.00e+00 0.00e+00 0.00e+00 0.00e+00 0.00e+00 0.00e+00 0.00e+00 0.00e+00
 Scandium   0  1.76e-07 5.85e-03 9.30e-01 6.39e-02 0.00e+00 0.00e+00 0.00e+00 0.00e+00 0.00e+00 0.00e+00 0.00e+00 0.00e+00 0.00e+00
 Titanium   0  1.54e-06 4.55e-02 9.39e-01 1.53e-02 0.00e+00 0.00e+00 0.00e+00 0.00e+00 0.00e+00 0.00e+00 0.00e+00 0.00e+00 0.00e+00
 Vanadium   0  1.71e-06 1.34e-02 9.85e-01 1.99e-03 0.00e+00 0.00e+00 0.00e+00 0.00e+00 0.00e+00 0.00e+00 0.00e+00 0.00e+00 0.00e+00
 Chromium   0  3.50e-07 2.06e-02 9.79e-01 8.01e-04 0.00e+00 0.00e+00 0.00e+00 0.00e+00 0.00e+00 0.00e+00 0.00e+00 0.00e+00 0.00e+00
 Manganese  0  1.27e-05 1.08e-01 8.92e-01 1.85e-04 0.00e+00 0.00e+00 0.00e+00 0.00e+00 0.00e+00 0.00e+00 0.00e+00 0.00e+00 0.00e+00
 Iron       0  4.35e-06 1.33e-01 8.65e-01 1.36e-03 0.00e+00 0.00e+00 0.00e+00 0.00e+00 0.00e+00 0.00e+00 0.00e+00 0.00e+00 0.00e+00
 Cobalt     0  8.64e-06 2.19e-02 9.78e-01 5.24e-04 0.00e+00 0.00e+00 0.00e+00 0.00e+00 0.00e+00 0.00e+00 0.00e+00 0.00e+00 0.00e+00
 Nickel     0  7.06e-06 4.80e-02 9.52e-01 9.04e-05 0.00e+00 0.00e+00 0.00e+00 0.00e+00 0.00e+00 0.00e+00 0.00e+00 0.00e+00 0.00e+00
 Copper     0  2.36e-06 2.91e-02 9.71e-01 5.19e-05 0.00e+00 0.00e+00 0.00e+00 0.00e+00 0.00e+00 0.00e+00 0.00e+00 0.00e+00 0.00e+00
 Zinc       0  3.55e-04 6.85e-01 3.15e-01 9.96e-06 0.00e+00 0.00e+00 0.00e+00 0.00e+00 0.00e+00 0.00e+00 0.00e+00 0.00e+00 0.00e+00
    Spectrum of Orion star HR1887 using Tlusty  
   Calculation stopped because NZONE reached. Iteration 1 of 1
   The geometry is plane-parallel.
 C-I must iterate when save continuum output is done.
 C-The H Lyman continuum is thin, and I assumed that it was thick.  Use the ITERATE command to do more iterations.
 C-The He II continuum is thin and I assumed that it was thick.  Use the ITERATE command to do more iterations.
 C-The He I continuum is thin and I assumed that it was thick.  Use the ITERATE command to do more iterations.
  !The code needs to be fixed - search for fixit().
  !Continuum fluorescent production of H-beta was very important.
  !Test code is in place.
  !Destruction of He 2TriS reached 22.0% of the total He0 dest rate at zone 1, 22.0% of that was photoionization.
  !AGE: Cloud age was not set.  Longest timescale was 2.06e+08 s = 6.53e+00 years.
  !The CMB was not included.  This is added with the CMB command.
   Photoionization of upper levels of [O III] reached 3.0% of the total O++ photo rate.
   The density is too low to l-mix the lowest H  I collapsed level.  More resolved levels are needed for accurate line ratios.
   The density is too low to l-mix the lowest He I collapsed level.  More resolved levels are needed for accurate line ratios.
   Grains were not present but might survive in this environment (energy density temperature was 4.75e+01K)

                       ********************************> Cloudy 13.01.01 <********************************
                       * title Spectrum of Orion star HR1887 using Tlusty                                *
                       * table star tlusty OBstar 3-dim 27700 g=3.78 z=-0.1                              *
                       * luminosity total solar 4.58                                                     *
                       * hden 4                                                                          *
                       * radius 17                                                                       *
                       * stop zone 1                                                                     *
                       * save continuum file="HR1887.cont"                                               *
                       *********************************> Log(U): -2.57 <*********************************
                       >>>>>>>>>> Cautions are present.
                       >>>>>>>>>> Another iteration is needed.  Use the ITERATE command.

                     Emission Line Spectrum.   Constant  Density Model.    Open geometry.  Iteration 1 of 1.
                                    Luminosity (erg/s) emitted by a shell with full coverage.


                                                   Intrinsic line intensities
 general properties..............      H  1 5.83367m   27.940    0.0010      Ca B 4026.20A   28.411    0.0030
 TOTL 4861.36A   30.926    1.0000      H  1 7.38323m   27.994    0.0012      Ca B 4471.49A   28.746    0.0066
 TOTL 1215.68A   33.399  296.8430      H  1 7.38323m   28.142    0.0016      Ca B 4921.93A   28.183    0.0018
 Inci       0    38.163 *********      H  1 7.38323m   28.147    0.0017      Ca B 5015.68A   28.457    0.0034
 TotH       0    31.218    1.9574      H  1 7.38323m   28.042    0.0013      Ca B 5875.64A   29.219    0.0196
 TotC       0    31.218    1.9575      H  1 9.11511m   27.984    0.0011      Ca B 6678.15A   28.675    0.0056
 BFH1       0    31.195    1.8543      H  1 9.11511m   27.993    0.0012      Ca B 7065.22A   28.346    0.0026
 BFHx       0    29.346    0.0263      H  1 11.0293m   28.546    0.0042      Ca B 1.08303m   29.824    0.0790
 BFHe       0    29.735    0.0644      H  1 13.1258m   28.435    0.0032      Ca B 1.27849m   27.986    0.0011
 TotM       0    28.687    0.0058      H  1 15.4045m   28.331    0.0025      Ca B 1.86854m   28.374    0.0028
 H FB       0    30.387    0.2887      H  1 17.8656m   28.236    0.0020      Ca B 2.05813m   28.624    0.0050
 HFBc       0    30.387    0.2886      H  1 20.5090m   28.147    0.0017      Pho+ 3889.00A   29.993    0.1166
 Ar 2       0    29.165    0.0173      H  1 23.3347m   28.063    0.0014      database lines..................
 Ar 3       0    29.064    0.0137      H  1 26.3427m   27.985    0.0011      Al 3 1854.72A   30.302    0.2377
 Fe 3       0    29.760    0.0682      H  1 56.9694m   28.730    0.0064      Al 3 1862.79A   30.006    0.1200
 Ne 2       0    29.880    0.0898      He 1 504.259A   30.676    0.5617      Ar 2 6.98337m   29.165    0.0173
 S  2       0    28.797    0.0074      He 1 2599.69A   28.877    0.0089      Ar 3 7135.79A   28.048    0.0013
 S  3       0    29.964    0.1090      He 1 3120.85A   28.366    0.0027      Ar 3 8.98898m   28.988    0.0115
 Sc 3       0    30.983    1.1401      He 1 3421.00A   28.447    0.0033      Fe 3 22.9190m   29.612    0.0485
 Si 2       0    28.677    0.0056      He 1 3420.88A   28.925    0.0100      Fe 3 33.0270m   29.038    0.0129
 Cl 2       0    28.090    0.0015      He 1 3420.88A   29.146    0.0166      Fe 3 5270.40A   27.971    0.0011
 Ni 2       0    27.973    0.0011      He 1 3678.70A   28.732    0.0064      Fe 3 51.6655m   28.285    0.0023
 continua........................      He 1 7843.44A   28.618    0.0049      Mg 1 2852.13A   28.185    0.0018
 Bac  3646.00A   31.648    5.2637      He 1 8188.36A   28.489    0.0037      Ne 2 12.8101m   29.880    0.0898
 nFnu 3645.00A   31.683    5.7059      He 1 8190.64A   28.001    0.0012      S  2 6730.82A   28.512    0.0039
 nFnu 3647.00A   30.572    0.4423      He 1 8261.30A   28.027    0.0013      S  2 6716.44A   28.274    0.0022
 cout 3646.00A   31.347    2.6318      He 1 1.40934m   28.076    0.0014      S  2 1259.52A   29.981    0.1133
 cref 3646.00A   31.347    2.6318      He 1 1.45602m   28.088    0.0015      S  2 1253.81A   29.793    0.0736
 thin 3646.00A   31.648    5.2637      N  1 853.401A   28.272    0.0022      S  2 1250.58A   29.483    0.0360
 Inci 4860.00A   37.041 1302937.6      grains..........................      S  2 912.736A   29.419    0.0311
 Inci 1215.00A   38.024 *********      H-like iso-sequence.............      S  2 910.485A   29.594    0.0465
 Ba C       0    30.670    0.5545      Ca B 1215.68A   31.747    6.6152      S  3 33.4704m   28.850    0.0084
 PA C       0    30.283    0.2271      Q(H) 4861.36A   34.703 5976.1709      S  3 18.7078m   29.611    0.0484
 FIR  83.0000m   31.071    1.3949      Q(H) 1215.68A   36.222 197431.06      S  3 9068.62A   29.105    0.0151
 TIR  1800.00m   28.178    0.0018      CaBo 4861.36A   30.241    0.2065      S  3 9530.62A   29.505    0.0379
 NIRa 2.85000m   36.240 205810.67      Ca A 1215.68A   31.628    5.0342      S  3 1190.20A   29.685    0.0574
 NIRb 3.00000m   35.806 75698.344      Ca A 1025.73A   30.889    0.9181      S  3 1194.45A   29.504    0.0378
 MIRa 15.0000m   33.766  690.7841      Ca A 972.543A   30.466    0.3465      S  3 1202.12A   28.215    0.0019
 MIRb 22.5000m   33.768  695.1303      Ca A 949.749A   30.159    0.1708      S  3 1194.06A   29.920    0.0986
 NMIR 21.7500m   36.240 205810.67      Ca A 937.809A   29.917    0.0978      S  3 1201.73A   29.329    0.0253
 TFIR 611.250m   29.636    0.0513      Ca A 930.754A   29.716    0.0616      S  3 1200.97A   29.865    0.0867
 TALL 10000.0A   38.163 *********      Ca A 926.231A   29.544    0.0415      S  3 1015.50A   29.868    0.0875
 F12  12.0000m   32.997  117.5379      Ca A 923.156A   29.396    0.0295      S  3 1012.50A   29.771    0.0698
 F25  25.0000m   31.915    9.7466      Ca A 920.969A   29.265    0.0218      S  3 1015.57A   29.665    0.0548
 F60  60.0000m   31.012    1.2188      Ca A 919.357A   29.151    0.0168      S  3 1021.11A   29.868    0.0874
 F100 100.000m   29.945    0.1044      Ca A 918.135A   29.050    0.0133      S  3 1015.78A   29.681    0.0568
 MIPS 24.0000m   31.620    4.9432      Ca A 917.186A   28.963    0.0109      S  3 1021.32A   30.180    0.1795
 MIPS 70.0000m   30.265    0.2182      Ca A 916.435A   28.887    0.0091      Sc 3 3.93446m   30.754    0.6720
 MIPS 160.000m   29.134    0.0161      Ca A 915.829A   28.822    0.0079      Sc 3 4.23041m   30.597    0.4688
 IRAC 3.60000m   34.031 1272.5248      Ca A 915.335A   28.765    0.0069      Si 2 1190.42A   31.052    1.3350
 IRAC 4.50000m   33.746  660.6701      Ca A 914.925A   28.717    0.0062      Si 2 1193.29A   31.403    2.9935
 IRAC 5.80000m   33.485  361.5522      Ca A 914.582A   28.678    0.0056      Si 2 1194.50A   31.773    7.0293
 IRAC 8.00000m   33.248  209.6896      Ca A 914.292A   28.647    0.0053      Si 2 1197.39A   31.117    1.5526
 SPR1 250.000m   28.708    0.0061      Ca A 914.044A   28.624    0.0050      Si 2 1260.42A   31.758    6.7855
 SPR2 350.000m   28.320    0.0025      Ca A 913.831A   28.607    0.0048      Si 2 1264.74A   31.955   10.6836
 SPR3 500.000m   28.021    0.0012      Ca A 913.647A   28.596    0.0047      Si 2 1265.00A   31.021    1.2443
 PAC1 70.0000m   30.325    0.2505      Ca A 913.486A   28.589    0.0046      Si 2 1304.37A   30.635    0.5109
 PAC2 100.000m   29.934    0.1017      Ca A 913.345A   28.582    0.0045      Si 2 1309.28A   30.867    0.8712
 PAC3 160.000m   29.403    0.0300      Ca A 6562.85A   30.550    0.4203      Si 2 1526.71A   30.648    0.5266
 PAH  3.30000m   33.254  212.8072      Ca A 4861.36A   30.068    0.1384      Si 2 1533.43A   30.941    1.0348
 PAHC 3.23000m   32.992  116.3139      Ca A 4340.49A   29.730    0.0635      Si 2 1808.01A   28.991    0.0116
 PAHC 3.37000m   32.915   97.3634      Ca A 4101.76A   29.470    0.0350      Si 2 1816.93A   29.106    0.0151
 PAH  6.20000m   32.888   91.4566      Ca A 3970.09A   29.259    0.0215      Si 2 1817.45A   28.093    0.0015
 PAHC 5.65000m   33.034  128.0387      Ca A 3889.07A   29.081    0.0143      Si 2 34.8046m   28.832    0.0080
 PAH  7.90000m   32.762   68.4503      Ca A 3835.40A   28.925    0.0100      Si 3 1892.03A   28.065    0.0014
 PAHC 6.90000m   32.996  117.3163      Ca A 3797.92A   28.788    0.0073      Si 3 1206.50A   32.323   24.9118
 PAH  11.3000m   31.740    6.5073      Ca A 3770.65A   28.665    0.0055      Al 2 1670.79A   31.516    3.8853
 PAHC 10.9000m   31.802    7.5141      Ca A 3750.17A   28.554    0.0042      Mg 2 2802.71A   30.894    0.9278
 PAH  11.8000m   31.887    9.1291      Ca A 3734.39A   28.454    0.0034      Mg 2 2795.53A   31.187    1.8212
 PAHC 12.6500m   31.795    7.3949      Ca A 3721.96A   28.362    0.0027      Mg 2 2936.51A   28.082    0.0014
 PAH  13.3000m   31.760    6.8140      Ca A 3711.99A   28.280    0.0023      level 1 lines...................
 PAHC 14.1000m   31.659    5.3982      Ca A 3703.87A   28.206    0.0019      C  1 1656.00A   28.161    0.0017
 Bcon 3640.00A   38.124 *********      Ca A 3697.17A   28.140    0.0016      C  2 1335.00A   32.416   30.8649
 Pcon 5000.00A   36.941 1033195.0      Ca A 3691.57A   28.082    0.0014      REC  1335.00A   28.181    0.0018
 HFFc       0    29.907    0.0957      Ca A 3686.85A   28.032    0.0013      C  3 977.000A   31.303    2.3824
 H FF       0    29.881    0.0901      Ca A 3682.83A   27.987    0.0011      N  1 953.900A   28.522    0.0039
 HeFF       0    28.665    0.0055      Ca A 3679.37A   27.947    0.0010      N  1 1200.00A   29.546    0.0417
 ToFF       0    29.907    0.0957      Ca A 1.87511m   29.798    0.0745      N  2 6584.00A   29.442    0.0327
 nFnu 122.400m   28.472    0.0035      Ca A 1.28181m   29.445    0.0330      N  2 6548.00A   28.972    0.0111
 nInu 122.400m   30.079    0.1422      Ca A 1.09381m   29.171    0.0176      N  2 1085.00A   32.354   26.7831
 nFnu 60.8322m   28.714    0.0061      Ca A 1.00494m   28.950    0.0106      N  3 991.000A   29.580    0.0450
 nInu 60.8322m   30.997    1.1763      Ca A 9545.99A   28.765    0.0069      TOTL 3727.00A   28.567    0.0044
 nFnu 41.2152m   28.877    0.0089      Ca A 9229.03A   28.604    0.0048      O II 3729.00A   28.022    0.0012
 nInu 41.2152m   31.507    3.8076      Ca A 9014.92A   28.463    0.0034      O II 3726.00A   28.389    0.0029
 nFnu 30.8695m   28.984    0.0114      Ca A 8862.79A   28.337    0.0026      O  2 833.802A   31.484    3.6107
 nInu 30.8695m   31.886    9.1056      Ca A 8750.48A   28.223    0.0020      Fe2c       0    29.762    0.0685
 nFnu 24.7829m   29.066    0.0138      Ca A 8665.03A   28.120    0.0016      Fe 2 4300.00A   28.172    0.0018
 nInu 24.7829m   32.173   17.6240      Ca A 8598.40A   28.025    0.0013      Fe 2 2400.00A   31.053    1.3383
 nFnu 24.2998m   29.072    0.0140      Ca A 8545.39A   27.938    0.0010      Fe 2 1080.00A   29.017    0.0123
 nInu 24.2998m   32.199   18.7137      Ca A 4.05116m   29.219    0.0196      Fe 2 1500.00A   28.272    0.0022
 nFnu 22.8302m   29.098    0.0148      Ca A 2.62515m   28.949    0.0105      Fe 2 2500.00A   28.648    0.0053
 nInu 22.8302m   32.277   22.4019      Ca A 2.16553m   28.722    0.0062      Fe 2 2300.00A   28.386    0.0029
 nFnu 21.4199m   29.119    0.0156      Ca A 1.94456m   28.530    0.0040      Fe 2 8900.00A   28.096    0.0015
 nInu 21.4199m   32.361   27.2205      Ca A 1.81741m   28.366    0.0028      Fe 2 25.9812m   28.686    0.0057
 nFnu 21.1235m   29.124    0.0158      Ca A 1.73621m   28.221    0.0020      Fe 2 5.33871m   28.061    0.0014
 nInu 21.1235m   32.381   28.4718      Ca A 1.68065m   28.092    0.0015      Fe 2 1.25668m   28.924    0.0099
 nFnu 19.6199m   29.154    0.0169      Ca A 1.64072m   27.976    0.0011      Fe 2 35.3390m   28.187    0.0018
 nInu 19.6199m   32.472   35.1127      Ca A 7.45781m   28.741    0.0065      Fe 2 1.32055m   28.347    0.0026
 nFnu 17.6534m   29.198    0.0187      Ca A 4.65250m   28.529    0.0040      Fe 2 1.37181m   28.123    0.0016
 nInu 17.6534m   32.615   48.8022      Ca A 3.73953m   28.337    0.0026      Fe 2 1.29427m   28.122    0.0016
 nFnu 17.3700m   29.203    0.0189      Ca A 3.29609m   28.170    0.0018      Fe 2 1.27877m   27.948    0.0011
 nInu 17.3700m   32.634   51.0422      Ca A 3.03837m   28.023    0.0012      Fe 2 17.9310m   28.910    0.0096
 nFnu 15.6901m   29.234    0.0203      Ca A 12.3685m   28.332    0.0025      Fe 2 1.64355m   28.851    0.0084
 nInu 15.6901m   32.764   68.8313      Ca A 7.50043m   28.163    0.0017      Fe 2 1.53347m   28.177    0.0018
 nFnu 14.6036m   29.267    0.0219      Ca A 5.90659m   27.999    0.0012      Fe 2 24.5126m   28.320    0.0025
 nInu 14.6036m   32.855   84.8410      Ca A 19.0566m   27.976    0.0011      Fe 2 1.80940m   28.148    0.0017
 nFnu 12.4300m   29.331    0.0254      Ca B 6562.85A   30.709    0.6061      Fe 2 1.67688m   28.038    0.0013
 nInu 12.4300m   33.069  138.8289      Ca B 4861.36A   30.226    0.1995      Fe 2 1.59948m   28.009    0.0012
 nFnu 11.4000m   29.355    0.0269      Ca B 4340.49A   29.887    0.0914      Fe2b 10000.0A   29.507    0.0381
 nInu 11.4000m   33.179  178.8665      Ca B 4101.76A   29.626    0.0501      Fe2b 8625.00A   28.157    0.0017
 nFnu 10.4600m   29.399    0.0297      Ca B 3970.09A   29.413    0.0307      Fe2b 1.88900m   28.502    0.0038
 nInu 10.4600m   33.289  230.3964      Ca B 3889.07A   29.234    0.0203      Fe 2 1786.00A   31.642    5.1992
 nFnu 9.48002m   29.426    0.0316      Ca B 3835.40A   29.078    0.0142      recombination...................
 nInu 9.48002m   33.418  310.2677      Ca B 3797.92A   28.941    0.0103      O  1 1357.00A   28.059    0.0014
 nFnu 9.32488m   29.430    0.0319      Ca B 3770.65A   28.818    0.0078      C  2 799.800A   28.380    0.0028
 nInu 9.32488m   33.438  324.4292      Ca B 3750.17A   28.708    0.0061      level2 lines....................
 nFnu 8.21035m   29.489    0.0365      Ca B 3734.39A   28.610    0.0048      C  1 943.939A   28.080    0.0014
 nInu 8.21035m   33.605  477.4116      Ca B 3721.96A   28.521    0.0039      C  1 1247.50A   28.000    0.0012
 nFnu 7.58000m   29.508    0.0382      Ca B 3711.99A   28.441    0.0033      C  2 892.833A   31.614    4.8753
 nInu 7.58000m   33.708  605.3677      Ca B 3703.87A   28.370    0.0028      C  2 688.791A   30.936    1.0221
 nFnu 7.05026m   29.561    0.0431      Ca B 3697.17A   28.306    0.0024      C  2 1020.18A   32.346   26.2774
 nInu 7.05026m   33.799  745.0540      Ca B 3691.57A   28.249    0.0021      C  2 596.559A   30.139    0.1631
 nFnu 4.11370m   29.784    0.0720      Ca B 3686.85A   28.198    0.0019      C  2 561.959A   29.720    0.0621
 nInu 4.11370m   34.492 3675.2759      Ca B 3682.83A   28.153    0.0017      C  2 530.721A   29.376    0.0282
 nFnu 2.32440m   29.909    0.0962      Ca B 3679.37A   28.112    0.0015      C  2 544.909A   29.381    0.0285
 nInu 2.32440m   35.218 19565.732      Ca B 3676.38A   28.076    0.0014      C  2 535.300A   29.208    0.0191
 nFnu 1.64313m   30.053    0.1339      Ca B 3673.78A   28.042    0.0013      C  2 550.361A   29.135    0.0161
 nInu 1.64313m   35.652 53126.383      Ca B 3671.49A   28.010    0.0012      C  2 858.178A   29.982    0.1137
 nFnu 1.48022m   30.018    0.1236      Ca B 1.87511m   29.839    0.0818      C  2 637.979A   29.078    0.0142
 nInu 1.48022m   35.784 71985.836      Ca B 1.28181m   29.494    0.0370      C  2 524.659A   28.285    0.0023
 nFnu 1.43649m   30.410    0.3046      Ca B 1.09381m   29.224    0.0199      C  2 521.831A   28.276    0.0022
 nInu 1.43649m   35.816 77608.031      Ca B 1.00494m   29.005    0.0120      C  2 578.690A   28.408    0.0030
 nFnu 1.11867m   30.281    0.2261      Ca B 9545.99A   28.821    0.0078      N  1 942.258A   28.537    0.0041
 nInu 1.11867m   36.126 158498.36      Ca B 9229.03A   28.662    0.0054      N  1 952.118A   28.506    0.0038
 nFnu 8329.68A   30.111    0.1530      Ca B 9014.92A   28.522    0.0039      N  1 1131.12A   28.416    0.0031
 nInu 8329.68A   36.470 349561.34      Ca B 8862.79A   28.397    0.0030      N  2 532.161A   29.855    0.0847
 nFnu 8078.61A   30.873    0.8839      Ca B 8750.48A   28.285    0.0023      N  2 634.441A   30.175    0.1772
 nInu 8078.61A   36.506 379471.97      Ca B 8665.03A   28.183    0.0018      N  2 907.079A   30.763    0.6857
 nFnu 6209.66A   30.573    0.4433      Ca B 8598.40A   28.091    0.0015      N  2 528.139A   29.331    0.0254
 nInu 6209.66A   36.819 780896.75      Ca B 8545.39A   28.007    0.0012      N  2 508.099A   28.050    0.0013
 nFnu 4885.36A   30.401    0.2981      Ca B 8502.49A   27.931    0.0010      N  3 678.210A   28.464    0.0034
 nInu 4885.36A   37.097 1480803.0      Ca B 4.05116m   29.242    0.0207      N  3 752.112A   28.013    0.0012
 nFnu 3704.34A   30.510    0.3829      Ca B 2.62515m   28.975    0.0112      O  1 867.303A   28.538    0.0041
 nInu 3704.34A   37.314 2443014.8      Ca B 2.16553m   28.749    0.0067      O  1 787.470A   28.278    0.0022
 nFnu 3587.67A   31.638    5.1491      Ca B 1.94456m   28.560    0.0043      O  1 976.791A   28.998    0.0118
 nInu 3587.67A   37.349 2646780.8      Ca B 1.81741m   28.396    0.0029      O  1 969.049A   29.209    0.0192
 nFnu 2430.05A   30.954    1.0664      Ca B 1.73621m   28.253    0.0021      O  1 946.387A   28.616    0.0049
 nInu 2430.05A   37.737 6460774.5      Ca B 1.68065m   28.125    0.0016      O  1 934.501A   28.470    0.0035
 nFnu 2392.03A   30.956    1.0699      Ca B 1.64072m   28.009    0.0012      O  1 973.577A   28.177    0.0018
 nInu 2392.03A   37.745 6583112.5      Ca B 7.45781m   28.760    0.0068      O  1 927.472A   27.993    0.0012
 nFnu 2071.34A   31.032    1.2749      Ca B 4.65250m   28.548    0.0042      O  1 948.506A   28.011    0.0012
 nInu 2071.34A   37.872 8830075.0      Ca B 3.73953m   28.357    0.0027      O  2 425.190A   28.532    0.0040
 nFnu 2052.68A   31.039    1.2945      Ca B 3.29609m   28.190    0.0018      O  2 530.819A   30.250    0.2106
 nInu 2052.68A   37.860 8584969.0      Ca B 3.03837m   28.044    0.0013      Ne 1 688.591A   28.586    0.0046
 nFnu 1793.44A   31.135    1.6173      Ca B 12.3685m   28.350    0.0027      Mg 2 959.306A   28.615    0.0049
 nInu 1793.44A   37.982 *********      Ca B 7.50043m   28.179    0.0018      Al 2 929.014A   28.415    0.0031
 nFnu 1585.12A   31.203    1.8904      Ca B 5.90659m   28.015    0.0012      Si 2 1179.59A   32.004   11.9589
 nInu 1585.12A   38.033 *********      Ca B 19.0566m   27.994    0.0012      Si 2 993.354A   31.082    1.4295
 nFnu 1458.33A   31.224    1.9855      H  1       0    31.034    1.2810      Si 2 893.551A   29.394    0.0293
 nInu 1458.33A   38.123 *********      H  1 1215.68A   33.399  296.8430      Si 2 847.623A   28.873    0.0088
 nFnu 1356.96A   31.200    1.8782      H  1 1025.73A   32.839   81.7478      Si 2 1024.03A   30.234    0.2030
 nInu 1356.96A   38.204 *********      H  1 972.543A   32.291   23.1555      Si 2 822.443A   28.535    0.0041
 nFnu 1297.29A   31.123    1.5719      H  1 949.749A   32.130   15.9705      Si 2 903.081A   28.520    0.0039
 nInu 1297.29A   38.211 *********      H  1 937.809A   31.855    8.4790      Si 2 807.057A   28.242    0.0021
 nFnu 1262.79A   30.984    1.1429      H  1 930.754A   31.488    3.6434      Si 2 796.940A   28.006    0.0012
 nInu 1262.79A   38.211 *********      H  1 926.231A   31.124    1.5778      Si 2 851.883A   28.115    0.0015
 nFnu 1218.08A   31.313    2.4361      H  1 923.156A   30.967    1.0974      Si 3 564.611A   28.150    0.0017
 nInu 1218.08A   38.022 *********      H  1 920.969A   30.623    0.4978      S  2 750.323A   30.483    0.3601
 nFnu 1196.33A   30.543    0.4137      H  1 6562.85A   31.441    3.2730      S  2 632.711A   29.431    0.0319
 nInu 1196.33A   38.205 *********      H  1 4861.36A   30.926    1.0000      S  2 888.439A   30.003    0.1193
 nFnu 1175.06A   30.487    0.3632      H  1 4340.49A   30.729    0.6343      S  2 587.599A   28.739    0.0065
 nInu 1175.06A   37.944 *********      H  1 4101.76A   30.453    0.3361      S  2 566.130A   28.267    0.0022
 nFnu 1143.64A   30.548    0.4186      H  1 3970.09A   30.105    0.1510      S  2 654.712A   28.569    0.0044
 nInu 1143.64A   38.247 *********      H  1 3889.07A   29.774    0.0704      S  3 667.049A   30.321    0.2483
 nFnu 1113.22A   30.574    0.4445      H  1 3835.40A   29.620    0.0493      S  3 691.219A   30.085    0.1442
 nInu 1113.22A   38.302 *********      H  1 3797.92A   29.343    0.0261      S  3 704.220A   29.801    0.0749
 nFnu 1103.23A   30.594    0.4649      H  1 1.87511m   30.141    0.1639      S  3 671.510A   28.958    0.0107
 nInu 1103.23A   38.310 *********      H  1 1.28181m   29.950    0.1056      Ar 2 548.610A   28.452    0.0034
 nFnu 1073.86A   30.605    0.4772      H  1 1.09381m   29.699    0.0592      Ar 2 541.829A   28.143    0.0016
 nInu 1073.86A   38.317 *********      H  1 1.00494m   29.394    0.0293      Ar 2 677.401A   28.601    0.0047
 nFnu 1064.34A   30.603    0.4748      H  1 9545.99A   29.112    0.0153      Ar 2 633.858A   28.034    0.0013
 nInu 1064.34A   38.276 *********      H  1 9229.03A   28.965    0.0109      Ar 2 616.899A   27.987    0.0011
 nFnu 1035.92A   30.618    0.4915      H  1 9014.92A   28.750    0.0067      Ar 2 899.111A   28.049    0.0013
 nInu 1035.92A   38.284 *********      H  1 4.05116m   29.443    0.0329      Ar 3 894.879A   28.206    0.0019
 nFnu 1000.00A   30.643    0.5202      H  1 2.62515m   29.226    0.0199      Fe 3 911.104A   30.117    0.1553
 nInu 1000.00A   38.309 *********      H  1 2.16553m   28.964    0.0109      Fe 3 859.623A   29.792    0.0734
 nFnu 925.144A   30.637    0.5137      H  1 1.94456m   28.722    0.0062      Fe 3 896.877A   29.814    0.0773
 nInu 925.144A   37.743 6551843.5      H  1 1.81741m   28.575    0.0044      Fe 3 579.421A   28.852    0.0084
 nFnu 897.800A   32.873   88.3968      H  1 1.73621m   28.393    0.0029      Fe 3 762.643A   29.362    0.0272
 nInu 897.800A   37.011 1216329.1      H  1 7.45781m   28.884    0.0091      Fe 3 513.260A   28.304    0.0024
 nFnu 760.023A   30.785    0.7227      H  1 4.65250m   28.667    0.0055      Fe 3 871.422A   29.189    0.0183
 nInu 760.023A   36.795 738236.62      H  1 3.73953m   28.452    0.0034      Fe 3 768.409A   28.902    0.0094
 nFnu 701.514A   30.644    0.5224      H  1 3.29609m   28.302    0.0024      Fe 3 530.980A   27.957    0.0011
 nInu 701.514A   36.649 528481.69      H  1 3.03837m   28.136    0.0016      Fe 3 635.300A   28.292    0.0023
 nFnu 608.160A   28.932    0.0101      H  1 12.3685m   28.425    0.0032      Fe 3 852.057A   28.243    0.0021
 nInu 608.160A   36.366 275096.94      H  1 7.50043m   28.241    0.0021      P  2 1539.20A   27.995    0.0012
 nFnu 575.146A   29.060    0.0136      H  1 5.90659m   28.089    0.0015      P  2 1307.68A   28.510    0.0038
 nInu 575.146A   36.255 213188.55      H  1 5.12725m   27.930    0.0010      P  2 1154.42A   29.642    0.0519
 nFnu 511.948A   28.654    0.0053      H  1 19.0566m   28.047    0.0013      P  2 967.202A   29.974    0.1116
 nInu 511.948A   36.013 121965.27      He-like iso-sequence............      P  2 963.828A   30.322    0.2484
 nFnu 496.874A   32.003   11.9342      Hlin 506.000A   28.647    0.0053      P  3 1341.17A   28.499    0.0037
 nInu 496.874A   34.784 7199.3916      He 1       0    30.562    0.4320      P  3 1001.73A   29.115    0.0155
 nInu 399.153A   33.640  517.3907      He 1 584.334A   31.983   11.3834      P  3 918.147A   29.054    0.0134
 RRC.............................      He 1 537.030A   31.509    3.8287      Cl 2 1071.32A   28.323    0.0025
 H  1 911.759A   31.569    4.3950      He 1 522.213A   31.282    2.2700      Cl 3 1011.29A   28.498    0.0037
 H  1 3646.00A   30.166    0.1736      He 1 515.617A   31.081    1.4286      Ti 3 1298.50A   28.846    0.0083
 H  1 3646.00A   30.562    0.4316      He 1 512.099A   30.832    0.8041      Ti 3 1288.59A   28.974    0.0112
 H  1 8203.58A   29.397    0.0296      He 1 625.563A   30.198    0.1869      V  3 1151.20A   28.081    0.0014
 H  1 8203.58A   29.845    0.0829      TOTL 1.08303m   29.883    0.0905      Cr 2 2060.44A   28.303    0.0024
 H  1 8203.58A   29.822    0.0787      He 1 1.08303m   29.883    0.0905      Cr 3 1033.06A   29.620    0.0494
 H  1 1.45842m   28.871    0.0088      He 1 3888.63A   29.377    0.0282      Cr 3 1035.74A   29.737    0.0647
 H  1 1.45842m   29.328    0.0252      He 1 3187.74A   28.976    0.0112      Cr 3 924.009A   28.929    0.0101
 H  1 1.45842m   29.417    0.0309      He 1 2945.10A   28.655    0.0053      Mn 2 2589.74A   29.147    0.0166
 H  1 1.45842m   29.164    0.0173      He 1 2829.08A   28.392    0.0029      Mn 2 1198.85A   28.978    0.0112
 H  1 2.27878m   28.483    0.0036      He 1 5015.68A   28.912    0.0097      Co 3 942.738A   28.787    0.0073
 H  1 2.27878m   28.940    0.0103      He 1 3964.73A   28.857    0.0085      Co 3 937.418A   28.340    0.0026
 H  1 2.27878m   29.064    0.0137      He 1 3613.64A   28.716    0.0062      Ni 2 1751.83A   28.783    0.0072
 H  1 2.27878m   28.962    0.0108      He 1 3447.59A   28.495    0.0037      Ni 2 1744.24A   28.991    0.0116
 H  1 2.27878m   28.547    0.0042      He 1 7065.22A   28.538    0.0041      Ni 2 1484.97A   28.257    0.0021
 H  1 3.28144m   28.179    0.0018      He 1 5875.64A   29.391    0.0292      Ni 2 1472.74A   28.652    0.0053
 H  1 3.28144m   28.635    0.0051      He 1 4471.49A   28.855    0.0085      Ni 2 1400.37A   28.417    0.0031
 H  1 3.28144m   28.773    0.0070      He 1 4026.20A   28.493    0.0037      Ni 2 1375.73A   29.027    0.0126
 H  1 3.28144m   28.728    0.0063      He 1 3819.61A   28.214    0.0019      Ni 2 1324.11A   29.115    0.0154
 H  1 3.28144m   28.490    0.0037      He 1 7281.35A   28.370    0.0028      Zn 2 2038.17A   29.131    0.0160
 H  1 3.28144m   27.957    0.0011      He 1 6678.15A   28.860    0.0086      hyperfine structure.............
 H  1 4.46640m   27.931    0.0010      He 1 4921.93A   28.319    0.0025      inner shell.....................
 H  1 4.46640m   28.386    0.0029      He 1 4387.93A   27.947    0.0010      molecules.......................
 H  1 4.46640m   28.529    0.0040      He 1 1.86854m   28.608    0.0048      blends..........................
 H  1 4.46640m   28.512    0.0038      He 1 1.27849m   28.152    0.0017      Blnd 2798.00A   31.366    2.7489
 H  1 4.46640m   28.348    0.0026      He 1 1.86972m   28.129    0.0016      Blnd 6720.00A   28.710    0.0061
 H  1 4.46640m   28.010    0.0012      He 1 4.04791m   28.018    0.0012      Blnd 1256.00A   30.275    0.2229
 H  1 5.83367m   28.175    0.0018      Ca B 2945.10A   28.306    0.0024      Blnd 1198.00A   30.415    0.3078
 H  1 5.83367m   28.321    0.0025      Ca B 3187.74A   28.626    0.0050      Blnd 1860.00A   30.480    0.3577
 H  1 5.83367m   28.318    0.0025      Ca B 3888.63A   29.036    0.0129      Blnd 1888.00A   28.065    0.0014
 H  1 5.83367m   28.192    0.0018      Ca B 3964.73A   28.048    0.0013

                                                    Emergent line intensities
 Caution: emergent intensities are not reliable on the first iteration.
 general properties..............      Ca A 913.486A   28.589    0.0046      S  2 912.736A   29.419    0.0311
 TOTL 4861.36A   30.926    1.0000      Ca A 913.345A   28.582    0.0045      S  2 910.485A   29.594    0.0465
 TOTL 1215.68A   33.399  296.8429      Ca A 6562.85A   30.550    0.4203      S  3 33.4704m   28.850    0.0084
 continua........................      Ca A 4861.36A   30.068    0.1384      S  3 18.7078m   29.611    0.0484
 Bac  3646.00A   31.648    5.2637      Ca A 4340.49A   29.730    0.0635      S  3 9068.62A   29.105    0.0151
 nFnu 3645.00A   31.683    5.7059      Ca A 4101.76A   29.470    0.0350      S  3 9530.62A   29.505    0.0379
 nFnu 3647.00A   30.572    0.4423      Ca A 3970.09A   29.259    0.0215      S  3 1190.20A   29.685    0.0574
 cout 3646.00A   31.347    2.6318      Ca A 3889.07A   29.081    0.0143      S  3 1194.45A   29.504    0.0378
 cref 3646.00A   31.347    2.6318      Ca A 3835.40A   28.925    0.0100      S  3 1202.12A   28.215    0.0019
 thin 3646.00A   31.648    5.2637      Ca A 3797.92A   28.788    0.0073      S  3 1194.06A   29.920    0.0986
 Inci 4860.00A   37.041 1302937.6      Ca A 3770.65A   28.665    0.0055      S  3 1201.73A   29.329    0.0253
 Inci 1215.00A   38.024 *********      Ca A 3750.17A   28.554    0.0042      S  3 1200.97A   29.865    0.0867
 FIR  83.0000m   31.071    1.3949      Ca A 3734.39A   28.454    0.0034      S  3 1015.50A   29.868    0.0875
 TIR  1800.00m   28.178    0.0018      Ca A 3721.96A   28.362    0.0027      S  3 1012.50A   29.771    0.0698
 NIRa 2.85000m   36.240 205810.67      Ca A 3711.99A   28.280    0.0023      S  3 1015.57A   29.665    0.0548
 NIRb 3.00000m   35.806 75698.344      Ca A 3703.87A   28.206    0.0019      S  3 1021.11A   29.868    0.0874
 MIRa 15.0000m   33.766  690.7841      Ca A 3697.17A   28.140    0.0016      S  3 1015.78A   29.681    0.0568
 MIRb 22.5000m   33.768  695.1303      Ca A 3691.57A   28.082    0.0014      S  3 1021.32A   30.180    0.1795
 NMIR 21.7500m   36.240 205810.67      Ca A 3686.85A   28.032    0.0013      Sc 3 3.93446m   30.754    0.6720
 TFIR 611.250m   29.636    0.0513      Ca A 3682.83A   27.987    0.0011      Sc 3 4.23041m   30.597    0.4688
 TALL 10000.0A   38.163 *********      Ca A 3679.37A   27.947    0.0010      Si 2 1190.42A   31.052    1.3350
 F12  12.0000m   32.997  117.5379      Ca A 1.87511m   29.798    0.0745      Si 2 1193.29A   31.403    2.9935
 F25  25.0000m   31.915    9.7466      Ca A 1.28181m   29.445    0.0330      Si 2 1194.50A   31.773    7.0293
 F60  60.0000m   31.012    1.2188      Ca A 1.09381m   29.171    0.0176      Si 2 1197.39A   31.117    1.5526
 F100 100.000m   29.945    0.1044      Ca A 1.00494m   28.950    0.0106      Si 2 1260.42A   31.758    6.7855
 MIPS 24.0000m   31.620    4.9432      Ca A 9545.99A   28.765    0.0069      Si 2 1264.74A   31.955   10.6836
 MIPS 70.0000m   30.265    0.2182      Ca A 9229.03A   28.604    0.0048      Si 2 1265.00A   31.021    1.2443
 MIPS 160.000m   29.134    0.0161      Ca A 9014.92A   28.463    0.0034      Si 2 1304.37A   30.635    0.5109
 IRAC 3.60000m   34.031 1272.5248      Ca A 8862.79A   28.337    0.0026      Si 2 1309.28A   30.867    0.8712
 IRAC 4.50000m   33.746  660.6701      Ca A 8750.48A   28.223    0.0020      Si 2 1526.71A   30.648    0.5266
 IRAC 5.80000m   33.485  361.5522      Ca A 8665.03A   28.120    0.0016      Si 2 1533.43A   30.941    1.0348
 IRAC 8.00000m   33.248  209.6896      Ca A 8598.40A   28.025    0.0013      Si 2 1808.01A   28.991    0.0116
 SPR1 250.000m   28.708    0.0061      Ca A 8545.39A   27.938    0.0010      Si 2 1816.93A   29.106    0.0151
 SPR2 350.000m   28.320    0.0025      Ca A 4.05116m   29.219    0.0196      Si 2 1817.45A   28.093    0.0015
 SPR3 500.000m   28.021    0.0012      Ca A 2.62515m   28.949    0.0105      Si 2 34.8046m   28.832    0.0080
 PAC1 70.0000m   30.325    0.2505      Ca A 2.16553m   28.722    0.0062      Si 3 1892.03A   28.065    0.0014
 PAC2 100.000m   29.934    0.1017      Ca A 1.94456m   28.530    0.0040      Si 3 1206.50A   32.323   24.9118
 PAC3 160.000m   29.403    0.0300      Ca A 1.81741m   28.366    0.0028      Al 2 1670.79A   31.516    3.8853
 PAH  3.30000m   33.254  212.8072      Ca A 1.73621m   28.221    0.0020      Mg 2 2802.71A   30.894    0.9278
 PAHC 3.23000m   32.992  116.3139      Ca A 1.68065m   28.092    0.0015      Mg 2 2795.53A   31.187    1.8212
 PAHC 3.37000m   32.915   97.3634      Ca A 1.64072m   27.976    0.0011      Mg 2 2936.51A   28.082    0.0014
 PAH  6.20000m   32.888   91.4566      Ca A 7.45781m   28.741    0.0065      level 1 lines...................
 PAHC 5.65000m   33.034  128.0387      Ca A 4.65250m   28.529    0.0040      C  1 1656.00A   28.161    0.0017
 PAH  7.90000m   32.762   68.4503      Ca A 3.73953m   28.337    0.0026      C  2 1335.00A   32.416   30.8649
 PAHC 6.90000m   32.996  117.3163      Ca A 3.29609m   28.170    0.0018      REC  1335.00A   28.181    0.0018
 PAH  11.3000m   31.740    6.5073      Ca A 3.03837m   28.023    0.0012      C  3 977.000A   31.303    2.3824
 PAHC 10.9000m   31.802    7.5141      Ca A 12.3685m   28.332    0.0025      N  1 953.900A   28.522    0.0039
 PAH  11.8000m   31.887    9.1291      Ca A 7.50043m   28.163    0.0017      N  1 1200.00A   29.546    0.0417
 PAHC 12.6500m   31.795    7.3949      Ca A 5.90659m   27.999    0.0012      N  2 6584.00A   29.442    0.0327
 PAH  13.3000m   31.760    6.8140      Ca A 19.0566m   27.976    0.0011      N  2 6548.00A   28.972    0.0111
 PAHC 14.1000m   31.659    5.3982      Ca B 6562.85A   30.709    0.6061      N  2 1085.00A   32.354   26.7831
 Bcon 3640.00A   38.124 *********      Ca B 4861.36A   30.226    0.1995      N  3 991.000A   29.580    0.0450
 Pcon 5000.00A   36.941 1033195.0      Ca B 4340.49A   29.887    0.0914      TOTL 3727.00A   28.567    0.0044
 nFnu 122.400m   28.472    0.0035      Ca B 4101.76A   29.626    0.0501      O II 3729.00A   28.022    0.0012
 nInu 122.400m   30.079    0.1422      Ca B 3970.09A   29.413    0.0307      O II 3726.00A   28.389    0.0029
 nFnu 60.8322m   28.714    0.0061      Ca B 3889.07A   29.234    0.0203      O  2 833.802A   31.484    3.6107
 nInu 60.8322m   30.997    1.1763      Ca B 3835.40A   29.078    0.0142      Fe 2 4300.00A   28.172    0.0018
 nFnu 41.2152m   28.877    0.0089      Ca B 3797.92A   28.941    0.0103      Fe 2 2400.00A   31.053    1.3383
 nInu 41.2152m   31.507    3.8076      Ca B 3770.65A   28.818    0.0078      Fe 2 1080.00A   29.017    0.0123
 nFnu 30.8695m   28.984    0.0114      Ca B 3750.17A   28.708    0.0061      Fe 2 1500.00A   28.272    0.0022
 nInu 30.8695m   31.886    9.1056      Ca B 3734.39A   28.610    0.0048      Fe 2 2500.00A   28.648    0.0053
 nFnu 24.7829m   29.066    0.0138      Ca B 3721.96A   28.521    0.0039      Fe 2 2300.00A   28.386    0.0029
 nInu 24.7829m   32.173   17.6240      Ca B 3711.99A   28.441    0.0033      Fe 2 8900.00A   28.096    0.0015
 nFnu 24.2998m   29.072    0.0140      Ca B 3703.87A   28.370    0.0028      Fe 2 25.9812m   28.686    0.0057
 nInu 24.2998m   32.199   18.7137      Ca B 3697.17A   28.306    0.0024      Fe 2 5.33871m   28.061    0.0014
 nFnu 22.8302m   29.098    0.0148      Ca B 3691.57A   28.249    0.0021      Fe 2 1.25668m   28.924    0.0099
 nInu 22.8302m   32.277   22.4019      Ca B 3686.85A   28.198    0.0019      Fe 2 35.3390m   28.187    0.0018
 nFnu 21.4199m   29.119    0.0156      Ca B 3682.83A   28.153    0.0017      Fe 2 1.32055m   28.347    0.0026
 nInu 21.4199m   32.361   27.2205      Ca B 3679.37A   28.112    0.0015      Fe 2 1.37181m   28.123    0.0016
 nFnu 21.1235m   29.124    0.0158      Ca B 3676.38A   28.076    0.0014      Fe 2 1.29427m   28.122    0.0016
 nInu 21.1235m   32.381   28.4718      Ca B 3673.78A   28.042    0.0013      Fe 2 1.27877m   27.948    0.0011
 nFnu 19.6199m   29.154    0.0169      Ca B 3671.49A   28.010    0.0012      Fe 2 17.9310m   28.910    0.0096
 nInu 19.6199m   32.472   35.1127      Ca B 1.87511m   29.839    0.0818      Fe 2 1.64355m   28.851    0.0084
 nFnu 17.6534m   29.198    0.0187      Ca B 1.28181m   29.494    0.0370      Fe 2 1.53347m   28.177    0.0018
 nInu 17.6534m   32.615   48.8022      Ca B 1.09381m   29.224    0.0199      Fe 2 24.5126m   28.320    0.0025
 nFnu 17.3700m   29.203    0.0189      Ca B 1.00494m   29.005    0.0120      Fe 2 1.80940m   28.148    0.0017
 nInu 17.3700m   32.634   51.0422      Ca B 9545.99A   28.821    0.0078      Fe 2 1.67688m   28.038    0.0013
 nFnu 15.6901m   29.234    0.0203      Ca B 9229.03A   28.662    0.0054      Fe 2 1.59948m   28.009    0.0012
 nInu 15.6901m   32.764   68.8313      Ca B 9014.92A   28.522    0.0039      Fe2b 10000.0A   29.507    0.0381
 nFnu 14.6036m   29.267    0.0219      Ca B 8862.79A   28.397    0.0030      Fe2b 8625.00A   28.157    0.0017
 nInu 14.6036m   32.855   84.8410      Ca B 8750.48A   28.285    0.0023      Fe2b 1.88900m   28.502    0.0038
 nFnu 12.4300m   29.331    0.0254      Ca B 8665.03A   28.183    0.0018      Fe 2 1786.00A   31.642    5.1992
 nInu 12.4300m   33.069  138.8289      Ca B 8598.40A   28.091    0.0015      recombination...................
 nFnu 11.4000m   29.355    0.0269      Ca B 8545.39A   28.007    0.0012      O  1 1357.00A   28.059    0.0014
 nInu 11.4000m   33.179  178.8665      Ca B 8502.49A   27.931    0.0010      C  2 799.800A   28.380    0.0028
 nFnu 10.4600m   29.399    0.0297      Ca B 4.05116m   29.242    0.0207      level2 lines....................
 nInu 10.4600m   33.289  230.3964      Ca B 2.62515m   28.975    0.0112      C  1 943.939A   28.080    0.0014
 nFnu 9.48002m   29.426    0.0316      Ca B 2.16553m   28.749    0.0067      C  1 1247.50A   28.000    0.0012
 nInu 9.48002m   33.418  310.2677      Ca B 1.94456m   28.560    0.0043      C  2 892.833A   31.614    4.8753
 nFnu 9.32488m   29.430    0.0319      Ca B 1.81741m   28.396    0.0029      C  2 688.791A   30.936    1.0221
 nInu 9.32488m   33.438  324.4292      Ca B 1.73621m   28.253    0.0021      C  2 1020.18A   32.346   26.2774
 nFnu 8.21035m   29.489    0.0365      Ca B 1.68065m   28.125    0.0016      C  2 596.559A   30.139    0.1631
 nInu 8.21035m   33.605  477.4116      Ca B 1.64072m   28.009    0.0012      C  2 561.959A   29.720    0.0621
 nFnu 7.58000m   29.508    0.0382      Ca B 7.45781m   28.760    0.0068      C  2 530.721A   29.376    0.0282
 nInu 7.58000m   33.708  605.3677      Ca B 4.65250m   28.548    0.0042      C  2 544.909A   29.381    0.0285
 nFnu 7.05026m   29.561    0.0431      Ca B 3.73953m   28.357    0.0027      C  2 535.300A   29.208    0.0191
 nInu 7.05026m   33.799  745.0540      Ca B 3.29609m   28.190    0.0018      C  2 550.361A   29.135    0.0161
 nFnu 4.11370m   29.784    0.0720      Ca B 3.03837m   28.044    0.0013      C  2 858.178A   29.982    0.1137
 nInu 4.11370m   34.492 3675.2759      Ca B 12.3685m   28.350    0.0027      C  2 637.979A   29.078    0.0142
 nFnu 2.32440m   29.909    0.0962      Ca B 7.50043m   28.179    0.0018      C  2 524.659A   28.285    0.0023
 nInu 2.32440m   35.218 19565.732      Ca B 5.90659m   28.015    0.0012      C  2 521.831A   28.276    0.0022
 nFnu 1.64313m   30.053    0.1339      Ca B 19.0566m   27.994    0.0012      C  2 578.690A   28.408    0.0030
 nInu 1.64313m   35.652 53126.383      H  1 1215.68A   33.399  296.8429      N  1 942.258A   28.537    0.0041
 nFnu 1.48022m   30.018    0.1236      H  1 1025.73A   32.839   81.7478      N  1 952.118A   28.506    0.0038
 nInu 1.48022m   35.784 71985.836      H  1 972.543A   32.291   23.1555      N  1 1131.12A   28.416    0.0031
 nFnu 1.43649m   30.410    0.3046      H  1 949.749A   32.130   15.9705      N  2 532.161A   29.855    0.0847
 nInu 1.43649m   35.816 77608.031      H  1 937.809A   31.855    8.4790      N  2 634.441A   30.175    0.1772
 nFnu 1.11867m   30.281    0.2261      H  1 930.754A   31.488    3.6434      N  2 907.079A   30.763    0.6857
 nInu 1.11867m   36.126 158498.36      H  1 926.231A   31.124    1.5778      N  2 528.139A   29.331    0.0254
 nFnu 8329.68A   30.111    0.1530      H  1 923.156A   30.967    1.0974      N  2 508.099A   28.050    0.0013
 nInu 8329.68A   36.470 349561.34      H  1 920.969A   30.623    0.4978      N  3 678.210A   28.464    0.0034
 nFnu 8078.61A   30.873    0.8839      H  1 6562.85A   31.441    3.2730      N  3 752.112A   28.013    0.0012
 nInu 8078.61A   36.506 379471.97      H  1 4861.36A   30.926    1.0000      O  1 867.303A   28.538    0.0041
 nFnu 6209.66A   30.573    0.4433      H  1 4340.49A   30.729    0.6343      O  1 787.470A   28.278    0.0022
 nInu 6209.66A   36.819 780896.75      H  1 4101.76A   30.453    0.3361      O  1 976.791A   28.998    0.0118
 nFnu 4885.36A   30.401    0.2981      H  1 3970.09A   30.105    0.1510      O  1 969.049A   29.209    0.0192
 nInu 4885.36A   37.097 1480803.0      H  1 3889.07A   29.774    0.0704      O  1 946.387A   28.616    0.0049
 nFnu 3704.34A   30.510    0.3829      H  1 3835.40A   29.620    0.0493      O  1 934.501A   28.470    0.0035
 nInu 3704.34A   37.314 2443014.8      H  1 3797.92A   29.343    0.0261      O  1 973.577A   28.177    0.0018
 nFnu 3587.67A   31.638    5.1491      H  1 1.87511m   30.141    0.1639      O  1 927.472A   27.993    0.0012
 nInu 3587.67A   37.349 2646780.8      H  1 1.28181m   29.950    0.1056      O  1 948.506A   28.011    0.0012
 nFnu 2430.05A   30.954    1.0664      H  1 1.09381m   29.699    0.0592      O  2 425.190A   28.532    0.0040
 nInu 2430.05A   37.737 6460774.5      H  1 1.00494m   29.394    0.0293      O  2 530.819A   30.250    0.2106
 nFnu 2392.03A   30.956    1.0699      H  1 9545.99A   29.112    0.0153      Ne 1 688.591A   28.586    0.0046
 nInu 2392.03A   37.745 6583112.5      H  1 9229.03A   28.965    0.0109      Mg 2 959.306A   28.615    0.0049
 nFnu 2071.34A   31.032    1.2749      H  1 9014.92A   28.750    0.0067      Al 2 929.014A   28.415    0.0031
 nInu 2071.34A   37.872 8830075.0      H  1 4.05116m   29.443    0.0329      Si 2 1179.59A   32.004   11.9589
 nFnu 2052.68A   31.039    1.2945      H  1 2.62515m   29.226    0.0199      Si 2 993.354A   31.082    1.4295
 nInu 2052.68A   37.860 8584969.0      H  1 2.16553m   28.964    0.0109      Si 2 893.551A   29.394    0.0293
 nFnu 1793.44A   31.135    1.6173      H  1 1.94456m   28.722    0.0062      Si 2 847.623A   28.873    0.0088
 nInu 1793.44A   37.982 *********      H  1 1.81741m   28.575    0.0044      Si 2 1024.03A   30.234    0.2030
 nFnu 1585.12A   31.203    1.8904      H  1 1.73621m   28.393    0.0029      Si 2 822.443A   28.535    0.0041
 nInu 1585.12A   38.033 *********      H  1 7.45781m   28.884    0.0091      Si 2 903.081A   28.520    0.0039
 nFnu 1458.33A   31.224    1.9855      H  1 4.65250m   28.667    0.0055      Si 2 807.057A   28.242    0.0021
 nInu 1458.33A   38.123 *********      H  1 3.73953m   28.452    0.0034      Si 2 796.940A   28.006    0.0012
 nFnu 1356.96A   31.200    1.8782      H  1 3.29609m   28.302    0.0024      Si 2 851.883A   28.115    0.0015
 nInu 1356.96A   38.204 *********      H  1 3.03837m   28.136    0.0016      Si 3 564.611A   28.150    0.0017
 nFnu 1297.29A   31.123    1.5719      H  1 12.3685m   28.425    0.0032      S  2 750.323A   30.483    0.3601
 nInu 1297.29A   38.211 *********      H  1 7.50043m   28.241    0.0021      S  2 632.711A   29.431    0.0319
 nFnu 1262.79A   30.984    1.1429      H  1 5.90659m   28.089    0.0015      S  2 888.439A   30.003    0.1193
 nInu 1262.79A   38.211 *********      H  1 5.12725m   27.930    0.0010      S  2 587.599A   28.739    0.0065
 nFnu 1218.08A   31.313    2.4361      H  1 19.0566m   28.047    0.0013      S  2 566.130A   28.267    0.0022
 nInu 1218.08A   38.022 *********      He-like iso-sequence............      S  2 654.712A   28.569    0.0044
 nFnu 1196.33A   30.543    0.4137      Hlin 506.000A   28.647    0.0053      S  3 667.049A   30.321    0.2483
 nInu 1196.33A   38.205 *********      He 1 584.334A   31.983   11.3834      S  3 691.219A   30.085    0.1442
 nFnu 1175.06A   30.487    0.3632      He 1 537.030A   31.509    3.8287      S  3 704.220A   29.801    0.0749
 nInu 1175.06A   37.944 *********      He 1 522.213A   31.282    2.2700      S  3 671.510A   28.958    0.0107
 nFnu 1143.64A   30.548    0.4186      He 1 515.617A   31.081    1.4286      Ar 2 548.610A   28.452    0.0034
 nInu 1143.64A   38.247 *********      He 1 512.099A   30.832    0.8041      Ar 2 541.829A   28.143    0.0016
 nFnu 1113.22A   30.574    0.4445      He 1 625.563A   30.198    0.1869      Ar 2 677.401A   28.601    0.0047
 nInu 1113.22A   38.302 *********      TOTL 1.08303m   29.883    0.0905      Ar 2 633.858A   28.034    0.0013
 nFnu 1103.23A   30.594    0.4649      He 1 1.08303m   29.883    0.0905      Ar 2 616.899A   27.987    0.0011
 nInu 1103.23A   38.310 *********      He 1 3888.63A   29.377    0.0282      Ar 2 899.111A   28.049    0.0013
 nFnu 1073.86A   30.605    0.4772      He 1 3187.74A   28.976    0.0112      Ar 3 894.879A   28.206    0.0019
 nInu 1073.86A   38.317 *********      He 1 2945.10A   28.655    0.0053      Fe 3 911.104A   30.117    0.1553
 nFnu 1064.34A   30.603    0.4748      He 1 2829.08A   28.392    0.0029      Fe 3 859.623A   29.792    0.0734
 nInu 1064.34A   38.276 *********      He 1 5015.68A   28.912    0.0097      Fe 3 896.877A   29.814    0.0773
 nFnu 1035.92A   30.618    0.4915      He 1 3964.73A   28.857    0.0085      Fe 3 579.421A   28.852    0.0084
 nInu 1035.92A   38.284 *********      He 1 3613.64A   28.716    0.0062      Fe 3 762.643A   29.362    0.0272
 nFnu 1000.00A   30.643    0.5202      He 1 3447.59A   28.495    0.0037      Fe 3 513.260A   28.304    0.0024
 nInu 1000.00A   38.309 *********      He 1 7065.22A   28.538    0.0041      Fe 3 871.422A   29.189    0.0183
 nFnu 925.144A   30.637    0.5137      He 1 5875.64A   29.391    0.0292      Fe 3 768.409A   28.902    0.0094
 nInu 925.144A   37.743 6551843.5      He 1 4471.49A   28.855    0.0085      Fe 3 530.980A   27.957    0.0011
 nFnu 897.800A   32.873   88.3968      He 1 4026.20A   28.493    0.0037      Fe 3 635.300A   28.292    0.0023
 nInu 897.800A   37.011 1216329.1      He 1 3819.61A   28.214    0.0019      Fe 3 852.057A   28.243    0.0021
 nFnu 760.023A   30.785    0.7227      He 1 7281.35A   28.370    0.0028      P  2 1539.20A   27.995    0.0012
 nInu 760.023A   36.795 738236.62      He 1 6678.15A   28.860    0.0086      P  2 1307.68A   28.510    0.0038
 nFnu 701.514A   30.644    0.5224      He 1 4921.93A   28.319    0.0025      P  2 1154.42A   29.642    0.0519
 nInu 701.514A   36.649 528481.69      He 1 4387.93A   27.947    0.0010      P  2 967.202A   29.974    0.1116
 nFnu 608.160A   28.932    0.0101      He 1 1.86854m   28.608    0.0048      P  2 963.828A   30.322    0.2484
 nInu 608.160A   36.366 275096.94      He 1 1.27849m   28.152    0.0017      P  3 1341.17A   28.499    0.0037
 nFnu 575.146A   29.060    0.0136      He 1 1.86972m   28.129    0.0016      P  3 1001.73A   29.115    0.0155
 nInu 575.146A   36.255 213188.55      He 1 4.04791m   28.018    0.0012      P  3 918.147A   29.054    0.0134
 nFnu 511.948A   28.654    0.0053      Ca B 2945.10A   28.306    0.0024      Cl 2 1071.32A   28.323    0.0025
 nInu 511.948A   36.013 121965.27      Ca B 3187.74A   28.626    0.0050      Cl 3 1011.29A   28.498    0.0037
 nFnu 496.874A   32.003   11.9342      Ca B 3888.63A   29.036    0.0129      Ti 3 1298.50A   28.846    0.0083
 nInu 496.874A   34.784 7199.3916      Ca B 3964.73A   28.048    0.0013      Ti 3 1288.59A   28.974    0.0112
 nInu 399.153A   33.640  517.3907      Ca B 4026.20A   28.411    0.0030      V  3 1151.20A   28.081    0.0014
 RRC.............................      Ca B 4471.49A   28.746    0.0066      Cr 2 2060.44A   28.303    0.0024
 grains..........................      Ca B 4921.93A   28.183    0.0018      Cr 3 1033.06A   29.620    0.0494
 H-like iso-sequence.............      Ca B 5015.68A   28.457    0.0034      Cr 3 1035.74A   29.737    0.0647
 Ca B 1215.68A   31.747    6.6152      Ca B 5875.64A   29.219    0.0196      Cr 3 924.009A   28.929    0.0101
 Q(H) 4861.36A   34.703 5976.1709      Ca B 6678.15A   28.675    0.0056      Mn 2 2589.74A   29.147    0.0166
 Q(H) 1215.68A   36.222 197431.06      Ca B 7065.22A   28.346    0.0026      Mn 2 1198.85A   28.978    0.0112
 CaBo 4861.36A   30.220    0.1964      Ca B 1.08303m   29.824    0.0790      Co 3 942.738A   28.787    0.0073
 Ca A 1215.68A   31.628    5.0342      Ca B 1.27849m   27.986    0.0011      Co 3 937.418A   28.340    0.0026
 Ca A 1025.73A   30.889    0.9181      Ca B 1.86854m   28.374    0.0028      Ni 2 1751.83A   28.783    0.0072
 Ca A 972.543A   30.466    0.3465      Ca B 2.05813m   28.624    0.0050      Ni 2 1744.24A   28.991    0.0116
 Ca A 949.749A   30.159    0.1708      Pho+ 3889.00A   29.993    0.1166      Ni 2 1484.97A   28.257    0.0021
 Ca A 937.809A   29.917    0.0978      database lines..................      Ni 2 1472.74A   28.652    0.0053
 Ca A 930.754A   29.716    0.0616      Al 3 1854.72A   30.302    0.2377      Ni 2 1400.37A   28.417    0.0031
 Ca A 926.231A   29.544    0.0415      Al 3 1862.79A   30.006    0.1200      Ni 2 1375.73A   29.027    0.0126
 Ca A 923.156A   29.396    0.0295      Ar 2 6.98337m   29.165    0.0173      Ni 2 1324.11A   29.115    0.0154
 Ca A 920.969A   29.265    0.0218      Ar 3 7135.79A   28.048    0.0013      Zn 2 2038.17A   29.131    0.0160
 Ca A 919.357A   29.151    0.0168      Ar 3 8.98898m   28.988    0.0115      hyperfine structure.............
 Ca A 918.135A   29.050    0.0133      Fe 3 22.9190m   29.612    0.0485      inner shell.....................
 Ca A 917.186A   28.963    0.0109      Fe 3 33.0270m   29.038    0.0129      molecules.......................
 Ca A 916.435A   28.887    0.0091      Fe 3 5270.40A   27.971    0.0011      blends..........................
 Ca A 915.829A   28.822    0.0079      Fe 3 51.6655m   28.285    0.0023      Blnd 2798.00A   31.366    2.7489
 Ca A 915.335A   28.765    0.0069      Mg 1 2852.13A   28.185    0.0018      Blnd 6720.00A   28.710    0.0061
 Ca A 914.925A   28.717    0.0062      Ne 2 12.8101m   29.880    0.0898      Blnd 1256.00A   30.275    0.2229
 Ca A 914.582A   28.678    0.0056      S  2 6730.82A   28.512    0.0039      Blnd 1198.00A   30.415    0.3078
 Ca A 914.292A   28.647    0.0053      S  2 6716.44A   28.274    0.0022      Blnd 1860.00A   30.480    0.3577
 Ca A 914.044A   28.624    0.0050      S  2 1259.52A   29.981    0.1133      Blnd 1888.00A   28.065    0.0014
 Ca A 913.831A   28.607    0.0048      S  2 1253.81A   29.793    0.0736
 Ca A 913.647A   28.596    0.0047      S  2 1250.58A   29.483    0.0360



  Spectrum of Orion star HR1887 using Tlusty  
 Cooling:  HFBc       0 :0.147  
 Heating:  BFH1       0 :0.947  

 These are some of the most important databases used by Cloudy:
 Many recombination coefficients were taken from http://amdpp.phys.strath.ac.uk/tamoc/RR/ and http://amdpp.phys.strath.ac.uk/tamoc/DR/
      and are based on the following papers:
        Badnell N. R., et al., A&A 406, 1151 (2003) [http://adsabs.harvard.edu/abs/2003A%26A...406.1151B]
        Badnell N. R., ApJS 167, 334 (2006) [http://adsabs.harvard.edu/abs/2006ApJS..167..334B]
 Much of the molecular emission data is from LAMDA as accessed on Dec. 18, 2010. This database is described in:
        Schoeier F.L., et al., A&A 432, 369 (2005) [http://adsabs.harvard.edu/abs/2005A%26A...432..369S]
      This database is in part based on the work of the following groups:
        JPL: Pickett H. M. et al., JQSRT, 60, 883 (1998). [http://adsabs.harvard.edu/abs/1998JQSRT..60..883P]
        CDMS: Mueller H. S. et al., A&A 370, L49 (2001). [http://adsabs.harvard.edu/abs/2001A%26A...370L..49M]
              Mueller H. S. et al., J. Mol. Struct. 742, 215 (2005). [http://adsabs.harvard.edu/abs/2005JMoSt.742..215M]
 Much of the ionic emission data is from version 7.1 of CHIANTI. CHIANTI is a collaborative project involving the NRL (USA), the
      Universities of Florence (Italy) and Cambridge (UK), and George Mason University (USA). These papers describe Chianti:
        Dere K. P., et al., A&AS, 125, 149 (1997) [http://adsabs.harvard.edu/abs/1997A%26AS..125..149D]
        Landi E., et al., ApJ, 744, 99 (2012) [http://adsabs.harvard.edu/abs/2012ApJ...744...99L]
 Much of the H_2 data is from this web site: http://molat.obspm.fr/index.php?page=pages/Molecules/H2/H2can94.php. These data are
      described in:
        Abgrall H. et al., Can. J. Phys., 72, 856 (1994) [http://adsabs.harvard.edu/abs/1994CaJPh..72..856A]
        Wrathmall S. A. & Flower D. R., J. Phys. B, 40, 3221 (2007) [http://adsabs.harvard.edu/abs/2007JPhB...40.3221W]
 Please cite those papers that played a significant role in this calculation.

 IONIZE PARMET:  U(1-) -2.5675  U(4-):-13.8184  U(sp): -2.57  Q(ion):   47.009  L(ion) 36.424    Q(low): 49.127    L(low) 38.155
 ENERGY BUDGET:  Heat:  31.218  Coolg:  31.218  Error:  0.0%  Rec Lin:  31.572  F-F  H  0.000    P(rad/tot)max     2.23E-04    R(F Con):1.737e+05

     Col(Heff):      0.000E+00  snd travl time  6.90E+05 sec  Te-low: 4.35E+03  Te-hi: 4.35E+03  G0TH85: 5.39E+05  G0DB96:6.43E+05
  Emiss Measure    n(e)n(p) dl       5.396E+19  n(e)n(He+)dl         3.281E+18  En(e)n(He++) dl         5.883E+08  ne nC+:1.23E+16
 He/Ha:2.15E-02  =   0.22*true  Lthin:3.24E+04  itr/zn:15.00  H2 itr/zn:  0.00  File Opacity: F  MassTot 1.52e+27  (gm)
   Temps(21 cm)   T(21cm/Ly a)  7.79E+03        T(<nH/Tkin>)  4.35E+03          T(<nH/Tspin>)    4.25E+03          TB21cm:0.00E+00
                   N(H0/Tspin)  2.73E+09        N(OH/Tkin)    3.20E-06          B(21cm)          0.00E+00
   <a>:1.46E-04  erdeFe0.0E+00  Tcompt1.32E+06  Tthr7.56E+07  <Tden>: 4.35E+03  <dens>:2.37E-20  <MolWgt>6.60E-01
     Mean Jeans  l(cm)3.30E+19  M(sun)2.24E+05  smallest:     len(cm):3.30E+19  M(sun):2.24E+05  a_ox tran:  0.00
 Rion:1.000E+17  Dist:0.00E+00  Diam:0.000E+00
 Hatom level 70  HatomType: add  HInducImp  F  He tot level: 63  He2 level:   70  ExecTime     9.7
 ConvrgError(%)  <eden>  0.008  MaxEden  0.008  <H-C>   0.00  Max(H-C)    0.00  <Press>   0.000  MaxPrs er  0.000
  Continuity(%)  chng Te   0.0  elec den   0.0  n(H2)    0.0  n(CO)        0.0

                                                        Averaged Quantities
             Te      Te(Ne)   Te(NeNp)  Te(NeHe+)Te(NeHe2+) Te(NeO+)  Te(NeO2+)  Te(H2)     N(H)     Ne(O2+)   Ne(Np)
 Radius:  4.35e+03  4.35e+03  4.35e+03  4.35e+03  4.35e+03  4.35e+03  4.35e+03  4.35e+03  1.00e+04  1.06e+04  1.06e+04
 
 Peimbert T(OIIIr)4.38E+03 T(Bac)0.00E+00 T(Hth)4.32E+03 t2(Hstrc) 0.00e+00 T(O3-BAC)4.33E+03 t2(O3-BC) 1.23e-03 t2(O3str) 0.00e+00

 Contin Optical Depths: COMP: 3.60e-09    H-: 5.91e-12 R(1300): 7.81e-11  H2+: 1.94e-13  Pfa:3.60E-09
                          Pa: 3.60e-09    Ba: 3.60e-09      Hb: 3.60e-09   La: 1.77e-07     1r:7.354E-05  1.8:1.51E-03 4.:8.629E-04

 Old, new H  1 continuum optical depths:
     1 9.97e+07     2 1.00e-20     3 1.00e-20     4 1.00e-20     5 1.00e-20     6 1.00e-20     7 1.00e-20     8 1.00e-20
     9 1.00e-20    10 1.00e-20    11 1.00e-20    12 1.00e-20    13 1.00e-20    14 1.00e-20    15 1.00e-20    16 1.00e-20
    17 1.00e-20    18 1.00e-20    19 1.00e-20    20 1.00e-20    21 1.00e-20    22 1.00e-20    23 1.00e-20    24 1.00e-20
    25 1.00e-20    26 1.00e-20    27 1.00e-20    28 1.00e-20    29 1.00e-20    30 1.00e-20    31 1.00e-20    32 1.00e-20
    33 1.00e-20    34 1.00e-20    35 1.00e-20    36 1.00e-20    37 1.00e-20    38 1.00e-20    39 1.00e-20    40 1.00e-20
    41 1.00e-20    42 1.00e-20    43 1.00e-20    44 1.00e-20    45 1.00e-20    46 1.00e-20    47 1.00e-20    48 1.00e-20
    49 1.00e-20    50 1.00e-20    51 1.00e-20    52 1.00e-20    53 1.00e-20    54 1.00e-20
     1 7.35e-05     2 1.24e-11     3 5.93e-12     4 5.93e-12     5 5.93e-12     6 1.48e-12     7 1.48e-12     8 1.48e-12
     9 1.48e-12    10 5.36e-16    11 5.36e-16    12 5.36e-16    13 5.36e-16    14 5.36e-16    15 1.10e-15    16 1.10e-15
    17 1.10e-15    18 1.10e-15    19 1.10e-15    20 1.10e-15    21 2.20e-15    22 2.20e-15    23 2.20e-15    24 2.20e-15
    25 2.20e-15    26 2.20e-15    27 2.20e-15    28 4.10e-15    29 4.10e-15    30 4.10e-15    31 4.10e-15    32 4.10e-15
    33 4.10e-15    34 4.10e-15    35 4.10e-15    36 7.39e-15    37 7.39e-15    38 7.39e-15    39 7.39e-15    40 7.39e-15
    41 7.39e-15    42 7.39e-15    43 7.39e-15    44 7.39e-15    45 1.26e-14    46 1.26e-14    47 1.26e-14    48 1.26e-14
    49 1.26e-14    50 1.26e-14    51 1.26e-14    52 1.26e-14    53 1.26e-14    54 1.26e-14

 Old, new H  1 mean line optical depths:
  2- 1 1.61e+20  3- 2 3.25e-01  4- 3 1.77e-20  5- 4 1.77e-20  6- 5 1.77e-20  7- 6 1.77e-20  8- 7 1.77e-20
  9- 8 1.77e-20 10- 9 1.77e-20
  2- 1 3.62e+00  3- 2 5.72e-07  4- 3 1.17e-11  5- 4 1.04e-11  6- 5 2.50e-11  7- 6 3.96e-11  8- 7 4.34e-11
  9- 8 4.23e-11 10- 9 6.25e-11

 Old, new He 2 continuum optical depths:
     1 3.44e+06     2 9.86e+07     3 1.00e-20     4 1.00e-20     5 1.00e-20     6 1.00e-20     7 1.00e-20     8 1.00e-20
     9 1.00e-20    10 1.00e-20    11 1.00e-20    12 1.00e-20    13 1.00e-20    14 1.00e-20    15 1.00e-20    16 1.00e-20
    17 1.00e-20    18 1.00e-20    19 1.00e-20    20 1.00e-20    21 1.00e-20    22 1.00e-20    23 1.00e-20    24 1.00e-20
    25 1.00e-20    26 1.00e-20    27 1.00e-20    28 1.00e-20    29 1.00e-20    30 1.00e-20    31 1.00e-20    32 1.00e-20
    33 1.00e-20    34 1.00e-20    35 1.00e-20    36 1.00e-20    37 1.00e-20    38 1.00e-20    39 1.00e-20    40 1.00e-20
    41 1.00e-20    42 1.00e-20    43 1.00e-20    44 1.00e-20    45 1.00e-20    46 1.00e-20    47 1.00e-20    48 1.00e-20
    49 1.00e-20    50 1.00e-20    51 1.00e-20    52 1.00e-20    53 1.00e-20    54 1.00e-20
     1 8.63e-04     2 7.26e-05     3 1.32e-08     4 1.32e-08     5 1.32e-08     6 1.24e-11     7 1.24e-11     8 1.24e-11
     9 1.24e-11    10 4.81e-12    11 4.81e-12    12 4.81e-12    13 4.81e-12    14 4.81e-12    15 5.93e-12    16 5.93e-12
    17 5.93e-12    18 5.93e-12    19 5.93e-12    20 5.93e-12    21 5.01e-12    22 5.01e-12    23 5.01e-12    24 5.01e-12
    25 5.01e-12    26 5.01e-12    27 5.01e-12    28 1.48e-12    29 1.48e-12    30 1.48e-12    31 1.48e-12    32 1.48e-12
    33 1.48e-12    34 1.48e-12    35 1.48e-12    36 3.08e-16    37 3.08e-16    38 3.08e-16    39 3.08e-16    40 3.08e-16
    41 3.08e-16    42 3.08e-16    43 3.08e-16    44 3.08e-16    45 5.36e-16    46 5.36e-16    47 5.36e-16    48 5.36e-16
    49 5.36e-16    50 5.36e-16    51 5.36e-16    52 5.36e-16    53 5.36e-16    54 5.36e-16

 Old, new He 2 mean line optical depths:
  2- 1 1.61e+19  3- 2 3.25e-02  4- 3 1.77e-20  5- 4 1.77e-20  6- 5 1.77e-20  7- 6 1.77e-20  8- 7 1.77e-20
  9- 8 1.77e-20 10- 9 1.77e-20
  2- 1 2.61e+01  3- 2 1.53e-16  4- 3 9.75e-21  5- 4 9.35e-21  6- 5 9.33e-21  7- 6 9.37e-21  8- 7 9.59e-21
  9- 8 9.85e-21 10- 9 1.02e-20

 Old He Is optical depths:    1 2.38e+07    2 1.00e-20    3 1.00e-20    4 1.00e-20    5 1.00e-20
 New He Is optical depths:    1 1.51e-03    2 1.71e-08    3 9.44e-12    4 1.11e-11    5 1.11e-11
          Old He Is Lines:  584 3.54e-20 3889 3.54e-20 5016 3.54e-20 5876 3.54e-20
          New He Is Lines:  584 2.02e+01 3889 4.87e-04 5016 8.11e-09 5876 5.99e-13

==== H      compounds ====           Log10 column densities [cm^-2]
   H2        : -1.311   H2*       :  1.353   H2+       :  4.444   H3+       : -9.718
==== D      compounds ====
   HD        : -2.656   HD*       : -3.099   HD+       : -0.290   H2D+      : -9.802   D2        : -7.104   D2+       : -5.572   HD2+      :-15.616   D3+       :-20.776
==== He     compounds ====
   HeH+      :  5.525   HeD+      :  0.135
==== Li     compounds ====
   LiH       : -8.355   LiH+      : -4.445   LiD       :-13.199   LiD+      : -9.228
==== C      compounds ====
   CH        : -4.306   CH+       : -0.124   CH2       :-17.587   CH2+      :-14.278   CH3       :-28.975   CH3+      :-30.323   CH4       :-35.930   CH4+      :-35.930
   CH5+      :-35.930   CD        : -9.095   CD+       : -4.907   CHD       :-20.572   CHD+      :-15.777   CH2D      :-32.607   CH2D+     :-33.989   CH3D      :-35.930
   CH3D+     :-35.930   CH4D+     :-35.930   C2        : -9.159   C2+       : -6.065   C2H       :-20.614   C2H+      :-21.730   C2H2      :-34.078   C2H2+     :-33.472
   C2H3+     :-35.930   C2D       :-25.412   C2D+      :-25.348   C2HD      :-35.930   C2HD+     :-35.930   C2H2D+    :-35.930   C3        :-35.930   C3+       :-26.104
   C3H       :-35.930   C3H+      :-35.930   C3D       :-35.930   C3D+      :-35.930
==== N      compounds ====
   NH        : -2.996   NH+       : -3.122   NH2       :-15.851   NH2+      :-16.191   NH3       :-28.106   NH3+      :-29.199   NH4+      :-35.930   ND        : -7.810
   ND+       : -7.502   NHD       :-20.580   NHD+      :-20.816   NH2D      :-32.830   NH2D+     :-34.168   NH3D+     :-35.930   CN        : -8.747   CN+       : -8.572
   HCN       :-21.972   HCN+      :-21.065   HNC       :-26.819   HCNH+     :-35.930   DCN       :-26.798   DCN+      :-25.006   DNC       :-30.082   DCNH+     :-35.930
   HCND+     :-35.930   HC3N      :-35.930   DC3N      :-35.930   N2        : -8.960   N2+       : -4.518   N2H+      :-35.302   N2D+      :-35.647
==== O      compounds ====
   OH        : -1.857   OH+       : -2.024   H2O       :-14.818   H2O+      :-15.158   H3O+      :-27.634   OD        : -6.688   OD+       : -6.381   HDO       :-19.608
   HDO+      :-19.729   H2DO+     :-32.395   CO        : -6.269   CO+       : -3.945   HCO+      :-13.014   H2CO      :-35.930   CH3OH     :-35.930   DCO+      :-17.804
   HDCO      :-35.930   CH2DOH    :-35.930   CH3OD     :-35.930   ^13CO     : -7.746   NO        :-11.120   NO+       : -8.976   HNO       :-23.023   HNO+      :-24.092
   DNO       :-27.545   DNO+      :-28.771   OCN       :-27.302   OCN+      :-27.289   N2O       :-30.980   O2        : -6.020   O2+       : -6.717   NO2       :-32.769
   NO2+      :-27.837
==== Ne     compounds ====
   NeH+      : -1.549   NeD+      : -6.916
==== Si     compounds ====
   SiH       :-17.161   SiH2+     :-16.830   SiD       :-18.635   SiHD+     :-18.288   SiC2      :-35.930   SiN       :-25.265   SiN+      : -9.593   SiO       : -8.501
   SiO+      : -4.806   SiOH+     :-22.224   SiOD+     :-25.500
==== S      compounds ====
   HS        :-13.789   HS+       : -8.127   DS        :-15.249   DS+       : -9.490   CS        :-13.039   CS+       : -9.077   HCS+      :-24.892   DCS+      :-26.489
   NS        :-14.901   NS+       :-10.127   SO        :-15.196   SO+       : -9.002   OCS       :-27.959   OCS+      :-28.683   SO2       :-35.930   S2        :-28.030
   S2+       :-29.299
==== Cl     compounds ====
   HCl       :-29.735   HCl+      :-10.186   H2Cl+     :-28.976   DCl       :-31.182   DCl+      :-11.550   HDCl+     :-30.107   CCl       :-35.930   CCl+      :-35.244
   H2CCl+    :-35.930   HDCCl+    :-35.930   ClO       :-35.930   ClO+      :-35.930
==== Ar     compounds ====
   ArH+      : -2.561   ArD+      : -6.818
==== Ti     compounds ====
   TiH       :-35.930   TiH+      :-35.930   TiH2      :-35.930   TiH2+     :-35.930   TiD       :-35.930   TiD+      :-35.930   TiHD      :-35.930   TiHD+     :-35.930
   TiC       :-35.930   TiC+      :-35.930   HCTi      :-35.930   HCTi+     :-35.930   DCTi      :-35.930   DCTi+     :-35.930   TiC2      :-35.930   TiC2+     :-35.930
   TiN       :-35.930   TiN+      :-35.930   HNTi      :-35.930   HNTi+     :-35.930   DNTi      :-35.930   DNTi+     :-35.930   TiNC      :-35.930   TiNC+     :-35.930
   TiO       :-35.930   TiO+      :-35.930   TiOH+     :-35.930   TiOD+     :-35.930   TiO2      :-35.930   TiF+      :-35.930   TiS       :-35.930   TiS+      :-35.930
   HTiS      :-35.930   DTiS      :-35.930


               1      2      3      4      5      6      7      8      9     10     11     12     13     14     15     16     17

 Hydrogen   13.066 15.707  1.354 (H2)                Log10 Column density (cm^-2)
 Helium     14.303 14.491  4.744
 Lithium     2.769  7.018-30.000-30.000
 Beryllium   0.632  4.232  5.069-30.000-30.000
 Boron       1.879  6.481  5.085-30.000-30.000-30.000
 Carbon      7.711 12.065 10.956-30.000-30.000-30.000-30.000
 Nitrogen    8.804 11.634  9.493-30.000-30.000-30.000-30.000-30.000
 Oxygen      9.791 12.397  8.809-30.000-30.000-30.000-30.000-30.000-30.000
 Fluorine    5.778  8.186  4.719-30.000-30.000-30.000-30.000-30.000-30.000-30.000
 Neon        9.975 11.700  7.057-30.000-30.000-30.000-30.000-30.000-30.000-30.000-30.000
 Sodium      6.878 10.038  3.896-30.000-30.000-30.000-30.000-30.000-30.000-30.000-30.000-30.000
 Magnesium   6.949 10.428 11.177-30.000-30.000-30.000-30.000-30.000-30.000-30.000-30.000-30.000-30.000
 Aluminium   5.221 10.093  9.425  6.354-30.000-30.000-30.000-30.000-30.000-30.000-30.000-30.000-30.000-30.000
 Silicon     6.135 10.856 11.023  5.967-30.000-30.000-30.000-30.000-30.000-30.000-30.000-30.000-30.000-30.000-30.000
 Phosphorus  4.529  8.993  8.812  4.257-30.000-30.000-30.000-30.000-30.000-30.000-30.000-30.000-30.000-30.000-30.000-30.000
 Sulphur     5.697 10.523 10.782  5.275-30.000-30.000-30.000-30.000-30.000-30.000-30.000-30.000-30.000-30.000-30.000-30.000-30.000
 Chlorine    4.496  8.735  8.635-30.000-30.000-30.000-30.000-30.000-30.000-30.000-30.000-30.000-30.000-30.000-30.000-30.000-30.000
-30.000
 Argon       6.786  9.873  9.728-30.000-30.000-30.000-30.000-30.000-30.000-30.000-30.000-30.000-30.000-30.000-30.000-30.000-30.000
-30.000-30.000
 Potassium   4.869  8.827  6.209-30.000-30.000-30.000-30.000-30.000-30.000-30.000-30.000-30.000-30.000-30.000-30.000-30.000-30.000
-30.000-30.000-30.000
 Calcium     3.447  7.893 10.065-30.000-30.000-30.000-30.000-30.000-30.000-30.000-30.000-30.000-30.000-30.000-30.000-30.000-30.000
-30.000-30.000-30.000-30.000
 Scandium    0.124  4.645  6.847  5.683-30.000-30.000-30.000-30.000-30.000-30.000-30.000-30.000-30.000-30.000-30.000-30.000-30.000
-30.000-30.000-30.000-30.000-30.000
 Titanium    2.916  7.387  8.702  6.915-30.000-30.000-30.000-30.000-30.000-30.000-30.000-30.000-30.000-30.000-30.000-30.000-30.000
-30.000-30.000-30.000-30.000-30.000-30.000
 Vanadium    1.940  5.835  7.701  5.008-30.000-30.000-30.000-30.000-30.000-30.000-30.000-30.000-30.000-30.000-30.000-30.000-30.000
-30.000-30.000-30.000-30.000-30.000-30.000-30.000
 Chromium    2.923  7.693  9.369  6.282-30.000-30.000-30.000-30.000-30.000-30.000-30.000-30.000-30.000-30.000-30.000-30.000-30.000
-30.000-30.000-30.000-30.000-30.000-30.000-30.000-30.000
 Manganese   4.272  8.202  9.117  5.436-30.000-30.000-30.000-30.000-30.000-30.000-30.000-30.000-30.000-30.000-30.000-30.000-30.000
-30.000-30.000-30.000-30.000-30.000-30.000-30.000-30.000-30.000
 Iron        5.797 10.284 11.095  8.292-30.000-30.000-30.000-30.000-30.000-30.000-30.000-30.000-30.000-30.000-30.000-30.000-30.000
-30.000-30.000-30.000-30.000-30.000-30.000-30.000-30.000-30.000-30.000
 Cobalt      3.565  6.969  8.618  5.348-30.000-30.000-30.000-30.000-30.000-30.000-30.000-30.000-30.000-30.000-30.000-30.000-30.000
-30.000-30.000-30.000-30.000-30.000-30.000-30.000-30.000-30.000-30.000-30.000
 Nickel      4.807  8.639  9.937  5.915-30.000-30.000-30.000-30.000-30.000-30.000-30.000-30.000-30.000-30.000-30.000-30.000-30.000
-30.000-30.000-30.000-30.000-30.000-30.000-30.000-30.000-30.000-30.000-30.000-30.000
 Copper      2.291  6.381  7.905  3.633-30.000-30.000-30.000-30.000-30.000-30.000-30.000-30.000-30.000-30.000-30.000-30.000-30.000
-30.000-30.000-30.000-30.000-30.000-30.000-30.000-30.000-30.000-30.000-30.000-30.000-30.000
 Zinc        4.858  8.144  7.805  3.306-30.000-30.000-30.000-30.000-30.000-30.000-30.000-30.000-30.000-30.000-30.000-30.000-30.000
-30.000-30.000-30.000-30.000-30.000-30.000-30.000-30.000-30.000-30.000-30.000-30.000-30.000-30.000
 Exc state    He1*  9.493   CII* 11.885   C11*  6.761   C12*  7.236   C13*  7.454   O11*  9.652   O12*  9.058   O13*  8.742
              Si2*-35.930   C30*  2.337   C31* -0.774   C32*  2.606


 Hydrogen   -2.642 -0.001-14.053 (H2)                 Log10 Mean Ionisation (over radius)
 Helium     -0.405 -0.217 -9.963
 Lithium    -4.248 -0.000
 Beryllium  -4.495 -0.896 -0.059
 Boron      -4.619 -0.017 -1.413
 Carbon     -4.386 -0.033 -1.141
 Nitrogen   -2.834 -0.004 -2.145
 Oxygen     -2.607 -0.001 -3.589
 Fluorine   -2.410 -0.002 -3.469
 Neon       -1.733 -0.008 -4.650
 Sodium     -3.161 -0.000 -6.143
 Magnesium  -4.299 -0.821 -0.071
 Aluminium  -4.957 -0.084 -0.753 -3.823
 Silicon    -5.113 -0.392 -0.226 -5.281
 Phosphorus -4.684 -0.220 -0.401 -4.956
 Sulphur    -5.276 -0.450 -0.190 -5.698
 Chlorine   -4.493 -0.254 -0.354
 Argon      -3.322 -0.235 -0.380
 Potassium  -3.959 -0.001 -2.619
 Calcium    -6.621 -2.175 -0.003
 Scandium   -6.754 -2.233 -0.031 -1.195
 Titanium   -5.813 -1.342 -0.027 -1.814
 Vanadium   -5.768 -1.873 -0.007 -2.700
 Chromium   -6.456 -1.685 -0.009 -3.097
 Manganese  -4.895 -0.966 -0.050 -3.732
 Iron       -5.361 -0.875 -0.063 -2.866
 Cobalt     -5.063 -1.659 -0.010 -3.280
 Nickel     -5.151 -1.319 -0.021 -4.044
 Copper     -5.626 -1.536 -0.013 -4.285
 Zinc       -3.450 -0.164 -0.502 -5.002

               1      2      3      4      5      6      7      8      9     10     11     12     13     14     15     16     17

 Hydrogen   -2.642 -0.001-14.053 (H2)         Log10 Mean Ionisation (over radius*electron density)
 Helium     -0.405 -0.217 -9.963
 Lithium    -4.248 -0.000
 Beryllium  -4.495 -0.896 -0.059
 Boron      -4.619 -0.017 -1.413
 Carbon     -4.386 -0.033 -1.141
 Nitrogen   -2.834 -0.004 -2.145
 Oxygen     -2.607 -0.001 -3.589
 Fluorine   -2.410 -0.002 -3.469
 Neon       -1.733 -0.008 -4.650
 Sodium     -3.161 -0.000 -6.143
 Magnesium  -4.299 -0.821 -0.071
 Aluminium  -4.957 -0.084 -0.753 -3.823
 Silicon    -5.113 -0.392 -0.226 -5.281
 Phosphorus -4.684 -0.220 -0.401 -4.956
 Sulphur    -5.276 -0.450 -0.190 -5.698
 Chlorine   -4.493 -0.254 -0.354
 Argon      -3.322 -0.235 -0.380
 Potassium  -3.959 -0.001 -2.619
 Calcium    -6.621 -2.175 -0.003
 Scandium   -6.754 -2.233 -0.031 -1.195
 Titanium   -5.813 -1.342 -0.027 -1.814
 Vanadium   -5.768 -1.873 -0.007 -2.700
 Chromium   -6.456 -1.685 -0.009 -3.097
 Manganese  -4.895 -0.966 -0.050 -3.732
 Iron       -5.361 -0.875 -0.063 -2.866
 Cobalt     -5.063 -1.659 -0.010 -3.280
 Nickel     -5.151 -1.319 -0.021 -4.044
 Copper     -5.626 -1.536 -0.013 -4.285
 Zinc       -3.450 -0.164 -0.502 -5.002

               1      2      3      4      5      6      7      8      9     10     11     12     13     14     15     16     17

 Hydrogen    3.639  3.639  3.639 (H2)                  Log10 Mean Temperature (over radius)
 Helium      3.639  3.639  3.639
 Lithium     3.639  3.639
 Beryllium   3.639  3.639  3.639
 Boron       3.639  3.639  3.639
 Carbon      3.639  3.639  3.639
 Nitrogen    3.639  3.639  3.639
 Oxygen      3.639  3.639  3.639
 Fluorine    3.639  3.639  3.639
 Neon        3.639  3.639  3.639
 Sodium      3.639  3.639  3.639
 Magnesium   3.639  3.639  3.639
 Aluminium   3.639  3.639  3.639  3.639
 Silicon     3.639  3.639  3.639  3.639
 Phosphorus  3.639  3.639  3.639  3.639
 Sulphur     3.639  3.639  3.639  3.639
 Chlorine    3.639  3.639  3.639
 Argon       3.639  3.639  3.639
 Potassium   3.639  3.639  3.639
 Calcium     3.639  3.639  3.639
 Scandium    3.639  3.639  3.639  3.639
 Titanium    3.639  3.639  3.639  3.639
 Vanadium    3.639  3.639  3.639  3.639
 Chromium    3.639  3.639  3.639  3.639
 Manganese   3.639  3.639  3.639  3.639
 Iron        3.639  3.639  3.639  3.639
 Cobalt      3.639  3.639  3.639  3.639
 Nickel      3.639  3.639  3.639  3.639
 Copper      3.639  3.639  3.639  3.639
 Zinc        3.639  3.639  3.639  3.639

               1      2      3      4      5      6      7      8      9     10     11     12     13     14     15     16     17

 Hydrogen    3.639  3.639  3.639 (H2)          Log10 Mean Temperature (over radius*electron density)
 Helium      3.639  3.639  3.639
 Lithium     3.639  3.639
 Beryllium   3.639  3.639  3.639
 Boron       3.639  3.639  3.639
 Carbon      3.639  3.639  3.639
 Nitrogen    3.639  3.639  3.639
 Oxygen      3.639  3.639  3.639
 Fluorine    3.639  3.639  3.639
 Neon        3.639  3.639  3.639
 Sodium      3.639  3.639  3.639
 Magnesium   3.639  3.639  3.639
 Aluminium   3.639  3.639  3.639  3.639
 Silicon     3.639  3.639  3.639  3.639
 Phosphorus  3.639  3.639  3.639  3.639
 Sulphur     3.639  3.639  3.639  3.639
 Chlorine    3.639  3.639  3.639
 Argon       3.639  3.639  3.639
 Potassium   3.639  3.639  3.639
 Calcium     3.639  3.639  3.639
 Scandium    3.639  3.639  3.639  3.639
 Titanium    3.639  3.639  3.639  3.639
 Vanadium    3.639  3.639  3.639  3.639
 Chromium    3.639  3.639  3.639  3.639
 Manganese   3.639  3.639  3.639  3.639
 Iron        3.639  3.639  3.639  3.639
 Cobalt      3.639  3.639  3.639  3.639
 Nickel      3.639  3.639  3.639  3.639
 Copper      3.639  3.639  3.639  3.639
 Zinc        3.639  3.639  3.639  3.639

               1      2      3      4      5      6      7      8      9     10     11     12     13     14     15     16     17
 Spectrum of Orion star HR1887 using Tlusty  

---------------Convergence statistics---------------
      1.62 mean iterations/state convergence
      1.86 mean cx acceleration loops/iteration
         1 mean iso convergence loops/ion solve
         1 mean steps/chemistry solve
         1 mean step length searches/chemistry step
----------------------------------------------------

 Cloudy ends: 1 zone, 1 iteration, 4 cautions. (single thread) ExecTime(s) 9.71
 [Stop in cdMain at maincl.cpp:516, Cloudy exited OK]
