                                                         Cloudy 13.01.01
                                                         www.nublado.org

                       **************************************13Jan01**************************************
                       *                                                                                 *
                       * title Spectrum of Orion star HR1886 using Tlusty                                *
                       * table star tlusty OBstar 3-dim 25400 g=3.62 z=-0.1                              *
                       * c<< 3-dim OBstar model  547 read.    Teff=  25000 log(g)= 3.50 log(Z)=-0.30 >>> *
                       * c<< 3-dim OBstar model  556 read.    Teff=  26000 log(g)= 3.50 log(Z)=-0.30 >>> *
                       * c<< 3-dim OBstar model  548 read.    Teff=  25000 log(g)= 3.75 log(Z)=-0.30 >>> *
                       * c<< 3-dim OBstar model  557 read.    Teff=  26000 log(g)= 3.75 log(Z)=-0.30 >>> *
                       * c<< 3-dim OBstar model  331 read.    Teff=  25000 log(g)= 3.50 log(Z)= 0.00 >>> *
                       * c<< 3-dim OBstar model  340 read.    Teff=  26000 log(g)= 3.50 log(Z)= 0.00 >>> *
                       * c<< 3-dim OBstar model  332 read.    Teff=  25000 log(g)= 3.75 log(Z)= 0.00 >>> *
                       * c<< 3-dim OBstar model  341 read.    Teff=  26000 log(g)= 3.75 log(Z)= 0.00 >>> *
                       * c<< FINAL:    Teff =   25400   log(g) =  3.62   log(Z) = -0.10              >>> *
                       * luminosity total solar 4.57                                                     *
                       * hden 4                                                                          *
                       * radius 17                                                                       *
                       * stop zone 1                                                                     *
                       * save continuum file="HR1886.cont"                                               *
                       *                                                                                 *
                       ***********************************************************************************



Warning: duplicate species HD - using first one
Warning: duplicate species HD+ - using first one
Warning: duplicate species H2D+ - using first one
Warning: duplicate species HeD+ - using first one
Warning: duplicate reaction CH,O=>H,CO -- using new version
Warning: duplicate reaction e-,CH2+=>H,CH -- using new version
Warning: duplicate reaction e-,CH2+=>H2,C -- using new version
Warning: duplicate reaction e-,CH3+=>H,H2,C -- using new version
Warning: duplicate reaction e-,CH3+=>H,CH2 -- using new version
Warning: duplicate reaction e-,CH3+=>H2,CH -- using new version
Warning: duplicate reaction e-,CO+=>C,O -- using new version
Warning: duplicate reaction H,CH=>H2,C -- using new version
Warning: duplicate reaction H2,CO+=>H,HCO+ -- using new version
Warning: duplicate reaction H2,CH2+=>H,CH3+ -- using new version
Warning: duplicate reaction H2,C+=>PHOTON,CH2+ -- using new version
Warning: duplicate reaction C2,N=>C,CN -- using new version
Warning: duplicate reaction C+,CH=>H,C2+ -- using new version
Warning: duplicate reaction C+,CH=>C,CH+ -- using new version
Warning: duplicate reaction CH3+,O=>H2,HCO+ -- using new version
Warning: duplicate reaction CH,N=>H,CN -- using new version
Warning: duplicate reaction C+,NH=>H,CN+ -- using new version
Warning: duplicate reaction e-,HCO+=>H,CO -- using new version
Warning: duplicate reaction CRPHOT,C=>e-,C+ -- using new version
Warning: duplicate reaction C+,OH=>H,CO+ -- using new version
Warning: duplicate reaction C+,OH=>H+,CO -- using new version
Warning: duplicate reaction e-,D+=>PHOTON,D -- using new version
Warning: duplicate reaction H+,D=>H,D+ -- using new version
Warning: duplicate reaction H,D+=>H+,D -- using new version
Warning: duplicate reaction H,D+=>PHOTON,HD+ -- using new version
Warning: duplicate reaction H+,D=>PHOTON,HD+ -- using new version
Warning: duplicate reaction e-,HD+=>H,D -- using new version
Warning: duplicate reaction H,HD+=>H+,HD -- using new version
Warning: duplicate reaction H,D=>PHOTON,HD -- using new version
Warning: duplicate reaction H,D=>PHOTON,HD -- using new version
Warning: duplicate reaction H2,D+=>H+,HD -- using new version
Warning: duplicate reaction H+,HD=>H2,D+ -- using new version
Warning: duplicate reaction H2,D=>H,HD -- using new version
Warning: duplicate reaction D+,He=>PHOTON,HeD+ -- using new version
Warning: duplicate reaction H2+,D=>H2,D+ -- using new version
Warning: duplicate reaction H-,Li+=>H,Li -- using new version
           3962CellPeak1.00E+00   Lo 1.00e-08=910.79cm   Hi-Con:4.01E+00 Ryd   E(hi):7.35E+06Ryd     E(hi):     100.01 MeV
           L(nu>1ryd):  35.9381   Average nu:1.165E+00   L( X-ray):   0.0000   L(BalC):  38.1129     Q(Balmer C):  49.0213
           Q(1.0-1.8):  46.5329   Q(1.8-4.0):  43.4425   Q(4.0-20):  34.3426   Q(20--):   0.0000     Ion pht flx:2.716E+11
           L(gam ray):   0.0000   Q(gam ray):   0.0000   L(Infred):  37.0636   Alf(ox):   0.0000     Total lumin:  38.1527
           log L/Lsun:   4.5699   Abs bol mg:  -6.6747   Abs V mag:  -4.0993   Bol cor:  -2.5754     nuFnu(Bbet):  37.1111
           U(1.0----):9.061E-04   U(4.0----):5.843E-16   T(En-Den):4.726E+01   T(Comp):2.379E+04     nuJnu(912A):3.396E+01
           Occ(FarIR):1.333E-04   Occ(H n=6):4.609E-11   Occ(1Ryd):1.561E-15   Occ(4R):6.055E-28     Occ (Nu-hi):6.055E-28
           Tbr(FarIR):2.112E-07   Tbr(H n=6):2.020E-07   Tbr(1Ryd):2.467E-10   Tbr(4R):3.826E-22     Tbr (Nu-hi):3.826E-22
  
                                                  Gas Phase Chemical Composition
        H :  0.0000  He: -1.0000  Li: -8.6904  Be:-10.5800  B : -9.2097  C : -3.6108  N : -4.0701  O : -3.3098  F : -7.5200
        Ne: -4.0000  Na: -5.6696  Mg: -4.4597  Al: -5.5302  Si: -4.4597  P : -6.4949  S : -4.7352  Cl: -6.7190  Ar: -5.6003
        K : -6.8794  Ca: -5.6402  Sc: -8.8297  Ti: -6.9788  V : -8.0000  Cr: -6.3298  Mn: -6.5406  Fe: -4.5498  Co: -7.0799
                                               Ni: -5.7496  Cu: -7.7905  Zn: -7.4001
 
 ####  1  Te:3.613E+03 Hden:1.000E+04 Ne:1.013E+04 R:1.000E+17 R-R0:1.235E+11 dR:2.471E+11 NTR: 15 Htot:2.359E-16 T912: 1.09e-04###
 Hydrogen      7.00e-03 9.93e-01 H+o/Hden 1.00e+00 7.46e-11 H-    H2 5.59e-14 1.38e-11 H2+ HeH+ 9.77e-11 Ho+ ColD 1.73e+13 2.45e+15
 Deuterium     7.00e-03 9.93e-01 D+o/Dden 1.00e+00 7.68e-11 D-    HD 3.87e-13 1.45e-11 HD+ HeD+ 1.66e-11 Do+ ColD 2.85e+08 4.05e+10
 Helium        8.08e-01 1.92e-01 0.00e+00 HeI 2s3S 2.25e-06 Comp H,C 1.22e-22 1.86e-23 Fill Fac 1.00e+00 Gam1/tot 1.00e+00
 He singlet n  8.08e-01 1.01e-11 1.07e-17 2.35e-18 8.53e-18 2.01e-18 He tripl 2.25e-06 2.12e-16 2.49e-18 2.95e-17 5.45e-18
 Pressure      NgasTgas 7.64e+07 P(total) 1.05e-08 P( gas ) 1.05e-08 P(Radtn) 1.83e-12 Rad accl 2.99e-04 ForceMul 2.79e+04
 Texc(La)      4.12e+03 T(I con) 4.73e+01 T(D con) 2.65e+00 T(U tot) 4.73e+01 nT (c+d) 1.21e+07 Prad/Gas 1.73e-04 Pmag/Gas 0.00e+00
 Molecules     CH/Ctot: 1.45e-16 CH+/Ctot 1.92e-12 CO/Ctot: 4.73e-18 CO+/Ctot 3.22e-16 H2O/Otot 1.45e-26 OH/Ototl 5.08e-14
 Lithium       6.45e-05 1.00e+00 0.00e+00 0.00e+00 Berylliu 1.14e-04 3.98e-01 6.02e-01 0.00e+00 0.00e+00 sec ion: 0.00e+00
 Boron         2.81e-05 9.95e-01 5.44e-03 0.00e+00 0.00e+00 0.00e+00
 Carbon        5.25e-05 9.89e-01 1.13e-02 0.00e+00 0.00e+00 0.00e+00 0.00e+00 H2O+/O   6.16e-27 OH+/Otot 3.46e-14 Hex(tot) 0.00e+00
 Nitrogen      3.82e-03 9.96e-01 4.70e-04 0.00e+00 0.00e+00 0.00e+00 0.00e+00 0.00e+00 O2/Ototl 3.55e-18 O2+/Otot 6.42e-19
 Oxygen        8.54e-03 9.91e-01 1.44e-05 0.00e+00 0.00e+00 0.00e+00 0.00e+00 0.00e+00 0.00e+00
 Fluorine      1.74e-02 9.83e-01 2.72e-05 0.00e+00 0.00e+00 0.00e+00 0.00e+00 0.00e+00 0.00e+00 0.00e+00
 Neon          1.03e-01 8.97e-01 1.23e-06 0.00e+00 0.00e+00 0.00e+00 0.00e+00 0.00e+00 0.00e+00 0.00e+00 0.00e+00
 Sodium        8.64e-04 9.99e-01 3.10e-08 0.00e+00 0.00e+00 0.00e+00 0.00e+00 0.00e+00 0.00e+00 0.00e+00 0.00e+00 0.00e+00
 Magnesium     1.39e-04 3.98e-01 6.01e-01 0.00e+00 0.00e+00 0.00e+00 0.00e+00 0.00e+00 0.00e+00 0.00e+00 0.00e+00 0.00e+00 0.00e+00
 Aluminium  0  1.24e-05 9.58e-01 4.15e-02 3.88e-06 0.00e+00 0.00e+00 0.00e+00 0.00e+00 0.00e+00 0.00e+00 0.00e+00 0.00e+00 0.00e+00
 Silicon    0  1.82e-05 8.11e-01 1.89e-01 0.00e+00 0.00e+00 0.00e+00 0.00e+00 0.00e+00 0.00e+00 0.00e+00 0.00e+00 0.00e+00 0.00e+00
 Phosphorus 0  3.47e-05 8.81e-01 1.19e-01 0.00e+00 0.00e+00 0.00e+00 0.00e+00 0.00e+00 0.00e+00 0.00e+00 0.00e+00 0.00e+00 0.00e+00
 Sulphur    0  1.38e-05 7.82e-01 2.18e-01 0.00e+00 0.00e+00 0.00e+00 0.00e+00 0.00e+00 0.00e+00 0.00e+00 0.00e+00 0.00e+00 0.00e+00
 Chlorine   0  7.59e-05 8.95e-01 1.05e-01 0.00e+00 0.00e+00 0.00e+00 0.00e+00 0.00e+00 0.00e+00 0.00e+00 0.00e+00 0.00e+00 0.00e+00
 Argon      0  2.62e-03 8.78e-01 1.19e-01 0.00e+00 0.00e+00 0.00e+00 0.00e+00 0.00e+00 0.00e+00 0.00e+00 0.00e+00 0.00e+00 0.00e+00
 Potassium  0  1.27e-04 1.00e+00 2.51e-04 0.00e+00 0.00e+00 0.00e+00 0.00e+00 0.00e+00 0.00e+00 0.00e+00 0.00e+00 0.00e+00 0.00e+00
 Calcium    0  3.50e-07 9.00e-03 9.91e-01 0.00e+00 0.00e+00 0.00e+00 0.00e+00 0.00e+00 0.00e+00 0.00e+00 0.00e+00 0.00e+00 0.00e+00
 Scandium   0  5.64e-07 1.64e-02 9.75e-01 9.00e-03 0.00e+00 0.00e+00 0.00e+00 0.00e+00 0.00e+00 0.00e+00 0.00e+00 0.00e+00 0.00e+00
 Titanium   0  6.07e-06 1.55e-01 8.44e-01 1.31e-03 0.00e+00 0.00e+00 0.00e+00 0.00e+00 0.00e+00 0.00e+00 0.00e+00 0.00e+00 0.00e+00
 Vanadium   0  7.56e-06 4.51e-02 9.55e-01 1.42e-04 0.00e+00 0.00e+00 0.00e+00 0.00e+00 0.00e+00 0.00e+00 0.00e+00 0.00e+00 0.00e+00
 Chromium   0  1.67e-06 8.50e-02 9.15e-01 4.12e-05 0.00e+00 0.00e+00 0.00e+00 0.00e+00 0.00e+00 0.00e+00 0.00e+00 0.00e+00 0.00e+00
 Manganese  0  5.52e-05 4.14e-01 5.86e-01 5.79e-06 0.00e+00 0.00e+00 0.00e+00 0.00e+00 0.00e+00 0.00e+00 0.00e+00 0.00e+00 0.00e+00
 Iron       0  2.05e-05 5.58e-01 4.42e-01 4.96e-05 0.00e+00 0.00e+00 0.00e+00 0.00e+00 0.00e+00 0.00e+00 0.00e+00 0.00e+00 0.00e+00
 Cobalt     0  6.72e-05 1.45e-01 8.55e-01 2.80e-05 0.00e+00 0.00e+00 0.00e+00 0.00e+00 0.00e+00 0.00e+00 0.00e+00 0.00e+00 0.00e+00
 Nickel     0  4.63e-05 2.88e-01 7.12e-01 2.43e-06 0.00e+00 0.00e+00 0.00e+00 0.00e+00 0.00e+00 0.00e+00 0.00e+00 0.00e+00 0.00e+00
 Copper     0  1.27e-05 1.31e-01 8.69e-01 1.61e-06 0.00e+00 0.00e+00 0.00e+00 0.00e+00 0.00e+00 0.00e+00 0.00e+00 0.00e+00 0.00e+00
 Zinc       0  5.43e-04 9.14e-01 8.51e-02 0.00e+00 0.00e+00 0.00e+00 0.00e+00 0.00e+00 0.00e+00 0.00e+00 0.00e+00 0.00e+00 0.00e+00
    Spectrum of Orion star HR1886 using Tlusty  
   Calculation stopped because lowest Te reached. Iteration 1 of 1
   The geometry is plane-parallel.
 C-I must iterate when save continuum output is done.
 C-The H Lyman continuum is thin, and I assumed that it was thick.  Use the ITERATE command to do more iterations.
 C-The He I continuum is thin and I assumed that it was thick.  Use the ITERATE command to do more iterations.
  !The code needs to be fixed - search for fixit().
  !Continuum fluorescent production of H-beta was very important.
  !Test code is in place.
  !Destruction of He 2TriS reached 23.0% of the total He0 dest rate at zone 1, 23.0% of that was photoionization.
  !AGE: Cloud age was not set.  Longest timescale was 1.87e+08 s = 5.92e+00 years.
  !The excitation temp of Lya exceeded the electron temp, largest value was 4.12e+03K (gas temp there was 3.61e+03K, zone   1)
  !The CMB was not included.  This is added with the CMB command.
   Charge transfer ionization of H reached 0.58% of the local H ionization rate.
   Photoionization of upper levels of [O III] reached 3.0% of the total O++ photo rate.
   The density is too low to l-mix the lowest H  I collapsed level.  More resolved levels are needed for accurate line ratios.
   The density is too low to l-mix the lowest He I collapsed level.  More resolved levels are needed for accurate line ratios.
   Grains were not present but might survive in this environment (energy density temperature was 4.73e+01K)

                       ********************************> Cloudy 13.01.01 <********************************
                       * title Spectrum of Orion star HR1886 using Tlusty                                *
                       * table star tlusty OBstar 3-dim 25400 g=3.62 z=-0.1                              *
                       * luminosity total solar 4.57                                                     *
                       * hden 4                                                                          *
                       * radius 17                                                                       *
                       * stop zone 1                                                                     *
                       * save continuum file="HR1886.cont"                                               *
                       *********************************> Log(U): -3.04 <*********************************
                       >>>>>>>>>> Cautions are present.
                       >>>>>>>>>> Another iteration is needed.  Use the ITERATE command.

                     Emission Line Spectrum.   Constant  Density Model.    Open geometry.  Iteration 1 of 1.
                                    Luminosity (erg/s) emitted by a shell with full coverage.


                                                   Intrinsic line intensities
 general properties..............      nInu 511.948A   35.189 18745.939      He 1 3964.73A   28.064    0.0014
 TOTL 4861.36A   30.916    1.0000      nFnu 496.874A   31.205    1.9468      He 1 5875.64A   28.607    0.0049
 TOTL 1215.68A   33.471  359.4743      nInu 496.874A   34.010 1243.2789      He 1 4471.49A   28.073    0.0014
 Inci       0    38.153 *********      nInu 399.153A   32.705   61.5987      He 1 6678.15A   28.073    0.0014
 TotH       0    30.865    0.8895      RRC.............................      Ca B 3888.63A   28.282    0.0023
 TotC       0    30.865    0.8895      H  1 911.759A   31.272    2.2713      Ca B 4471.49A   27.992    0.0012
 BFH1       0    30.854    0.8679      H  1 3646.00A   29.863    0.0886      Ca B 5875.64A   28.465    0.0035
 BFHx       0    28.634    0.0052      H  1 3646.00A   30.265    0.2238      Ca B 6678.15A   27.921    0.0010
 BFHe       0    28.876    0.0091      H  1 8203.58A   29.089    0.0149      Ca B 1.08303m   29.067    0.0142
 TotM       0    28.276    0.0023      H  1 8203.58A   29.544    0.0425      Pho+ 3889.00A   29.651    0.0544
 H FB       0    30.027    0.1293      H  1 8203.58A   29.534    0.0416      database lines..................
 HFBc       0    30.027    0.1293      H  1 1.45842m   28.556    0.0044      Al 3 1854.72A   29.354    0.0274
 Ar 2       0    28.999    0.0121      H  1 1.45842m   29.020    0.0127      Al 3 1862.79A   29.060    0.0139
 Ar 3       0    28.164    0.0018      H  1 1.45842m   29.122    0.0161      Ar 2 6.98337m   28.999    0.0121
 Fe 3       0    29.132    0.0165      H  1 1.45842m   28.885    0.0093      Ar 3 8.98898m   28.121    0.0016
 Ne 2       0    29.516    0.0398      H  1 2.27878m   28.160    0.0018      Fe 3 22.9190m   29.007    0.0123
 S  2       0    28.359    0.0028      H  1 2.27878m   28.625    0.0051      Fe 3 33.0270m   28.426    0.0032
 S  3       0    29.055    0.0138      H  1 2.27878m   28.763    0.0070      Mg 1 2852.13A   28.345    0.0027
 Sc 3       0    30.622    0.5084      H  1 2.27878m   28.678    0.0058      Ne 2 12.8101m   29.516    0.0398
 Si 2       0    28.650    0.0054      H  1 2.27878m   28.280    0.0023      S  2 6730.82A   28.116    0.0016
 Ni 2       0    28.308    0.0025      H  1 3.28144m   28.315    0.0025      S  2 1259.52A   30.008    0.1237
 continua........................      H  1 3.28144m   28.467    0.0036      S  2 1253.81A   29.821    0.0805
 Bac  3646.00A   31.430    3.2659      H  1 3.28144m   28.440    0.0033      S  2 1250.58A   29.513    0.0396
 nFnu 3645.00A   31.480    3.6704      H  1 3.28144m   28.219    0.0020      S  2 912.736A   29.127    0.0163
 nFnu 3647.00A   30.522    0.4044      H  1 4.46640m   28.061    0.0014      S  2 910.485A   29.230    0.0206
 cout 3646.00A   31.129    1.6330      H  1 4.46640m   28.220    0.0020      S  3 33.4704m   28.066    0.0014
 cref 3646.00A   31.129    1.6330      H  1 4.46640m   28.220    0.0020      S  3 18.7078m   28.818    0.0080
 thin 3646.00A   31.430    3.2659      H  1 4.46640m   28.074    0.0014      S  3 9068.62A   28.025    0.0013
 Inci 4860.00A   37.111 1569080.9      H  1 5.83367m   28.008    0.0012      S  3 9530.62A   28.425    0.0032
 Inci 1215.00A   37.977 *********      H  1 5.83367m   28.023    0.0013      S  3 1190.20A   28.899    0.0096
 Ba C       0    30.379    0.2909      H  1 11.0293m   28.249    0.0022      S  3 1194.45A   28.718    0.0063
 PA C       0    29.997    0.1205      H  1 13.1258m   28.137    0.0017      S  3 1194.06A   29.127    0.0163
 FIR  83.0000m   31.169    1.7931      H  1 15.4045m   28.034    0.0013      S  3 1201.73A   28.536    0.0042
 TIR  1800.00m   28.067    0.0014      H  1 17.8656m   27.938    0.0011      S  3 1200.97A   29.069    0.0142
 NIRa 2.85000m   36.324 255942.91      H  1 56.9694m   28.439    0.0033      S  3 1015.50A   29.052    0.0137
 NIRb 3.00000m   35.894 95209.938      He 1 504.259A   29.895    0.0954      S  3 1012.50A   28.955    0.0109
 MIRa 15.0000m   33.861  881.2006      He 1 2599.69A   28.075    0.0014      S  3 1015.57A   28.849    0.0086
 MIRb 22.5000m   33.863  886.7732      He 1 3420.88A   28.132    0.0016      S  3 1021.11A   29.052    0.0137
 NMIR 21.7500m   36.324 255942.91      He 1 3420.88A   28.354    0.0027      S  3 1015.78A   28.842    0.0084
 TFIR 611.250m   29.718    0.0634      He 1 3678.70A   27.940    0.0011      S  3 1021.32A   29.342    0.0267
 TALL 10000.0A   38.153 *********      N  1 853.401A   27.981    0.0012      Sc 3 3.93446m   30.392    0.2998
 F12  12.0000m   33.092  150.1511      grains..........................      Sc 3 4.23041m   30.236    0.2091
 F25  25.0000m   32.011   12.4696      H-like iso-sequence.............      Si 2 1190.42A   31.028    1.2951
 F60  60.0000m   31.111    1.5691      Ca B 1215.68A   31.472    3.6043      Si 2 1193.29A   31.384    2.9390
 F100 100.000m   30.043    0.1342      Q(H) 4861.36A   34.229 2058.5613      Si 2 1194.50A   31.749    6.8189
 MIPS 24.0000m   31.715    6.3050      Q(H) 1215.68A   35.746 67742.617      Si 2 1197.39A   31.099    1.5244
 MIPS 70.0000m   30.365    0.2812      CaBo 4861.36A   29.972    0.1138      Si 2 1260.42A   31.742    6.7100
 MIPS 160.000m   29.222    0.0202      Ca A 1215.68A   31.357    2.7655      Si 2 1264.74A   31.932   10.3835
 IRAC 3.60000m   34.125 1619.5363      Ca A 1025.73A   30.609    0.4941      Si 2 1265.00A   31.006    1.2305
 IRAC 4.50000m   33.840  841.0784      Ca A 972.543A   30.183    0.1853      Si 2 1304.37A   30.614    0.4989
 IRAC 5.80000m   33.579  460.9263      Ca A 949.749A   29.875    0.0912      Si 2 1309.28A   30.845    0.8507
 IRAC 8.00000m   33.343  267.5648      Ca A 937.809A   29.633    0.0522      Si 2 1526.71A   30.613    0.4978
 SPR1 250.000m   28.784    0.0074      Ca A 930.754A   29.432    0.0329      Si 2 1533.43A   30.906    0.9783
 SPR2 350.000m   28.366    0.0028      Ca A 926.231A   29.262    0.0222      Si 2 1808.01A   28.990    0.0119
 SPR3 500.000m   28.018    0.0013      Ca A 923.156A   29.113    0.0158      Si 2 1816.93A   29.089    0.0149
 PAC1 70.0000m   30.425    0.3229      Ca A 920.969A   28.983    0.0117      Si 2 1817.45A   28.092    0.0015
 PAC2 100.000m   30.031    0.1305      Ca A 919.357A   28.869    0.0090      Si 2 34.8046m   28.816    0.0079
 PAC3 160.000m   29.492    0.0377      Ca A 918.135A   28.769    0.0071      Si 3 1206.50A   31.431    3.2799
 PAH  3.30000m   33.348  270.7866      Ca A 917.186A   28.682    0.0058      Al 2 1670.79A   31.274    2.2798
 PAHC 3.23000m   33.086  147.9542      Ca A 916.435A   28.607    0.0049      Mg 2 2802.71A   31.032    1.3071
 PAHC 3.37000m   33.009  123.9180      Ca A 915.829A   28.543    0.0042      Mg 2 2795.53A   31.323    2.5542
 PAH  6.20000m   32.982  116.6320      Ca A 915.335A   28.487    0.0037      Mg 2 2936.51A   28.186    0.0019
 PAHC 5.65000m   33.128  163.2318      Ca A 914.925A   28.441    0.0034      Ni 2 6.63416m   28.126    0.0016
 PAH  7.90000m   32.857   87.3490      Ca A 914.582A   28.404    0.0031      level 1 lines...................
 PAHC 6.90000m   33.091  149.6557      Ca A 914.292A   28.375    0.0029      C  1 1656.00A   27.952    0.0011
 PAH  11.3000m   31.836    8.3198      Ca A 914.044A   28.356    0.0028      C  2 1335.00A   32.127   16.2835
 PAHC 10.9000m   31.898    9.6076      Ca A 913.831A   28.344    0.0027      C  3 977.000A   30.011    0.1245
 PAH  11.8000m   31.983   11.6765      Ca A 913.647A   28.337    0.0026      N  1 953.900A   28.539    0.0042
 PAHC 12.6500m   31.888    9.3927      Ca A 913.486A   28.334    0.0026      N  1 1200.00A   29.645    0.0536
 PAH  13.3000m   31.856    8.7208      Ca A 913.345A   28.331    0.0026      N  2 6584.00A   28.699    0.0061
 PAHC 14.1000m   31.755    6.9109      Ca A 6562.85A   30.290    0.2369      N  2 6548.00A   28.229    0.0021
 Bcon 3640.00A   38.113 *********      Ca A 4861.36A   29.798    0.0764      N  2 1085.00A   32.018   12.6456
 Pcon 5000.00A   37.009 1240398.5      Ca A 4340.49A   29.457    0.0348      N  3 991.000A   28.019    0.0013
 HFFc       0    29.509    0.0392      Ca A 4101.76A   29.196    0.0191      O  2 833.802A   30.767    0.7096
 H FF       0    29.500    0.0384      Ca A 3970.09A   28.984    0.0117      Fe2c       0    29.947    0.1076
 ToFF       0    29.509    0.0392      Ca A 3889.07A   28.806    0.0078      Fe 2 4300.00A   28.245    0.0021
 nFnu 122.400m   28.134    0.0017      Ca A 3835.40A   28.651    0.0054      Fe 2 2400.00A   31.375    2.8810
 nInu 122.400m   30.183    0.1852      Ca A 3797.92A   28.514    0.0040      Fe 2 1080.00A   29.302    0.0243
 nFnu 60.8322m   28.376    0.0029      Ca A 3770.65A   28.391    0.0030      Fe 2 1500.00A   28.556    0.0044
 nInu 60.8322m   31.098    1.5231      Ca A 3750.17A   28.280    0.0023      Fe 2 1.15000m   27.971    0.0011
 nFnu 41.2152m   28.547    0.0043      Ca A 3734.39A   28.180    0.0018      Fe 2 2500.00A   28.932    0.0104
 nInu 41.2152m   31.607    4.9152      Ca A 3721.96A   28.089    0.0015      Fe 2 2300.00A   28.670    0.0057
 nFnu 30.8695m   28.655    0.0055      Ca A 3711.99A   28.008    0.0012      Fe 2 8900.00A   28.381    0.0029
 nInu 30.8695m   31.985   11.7278      Ca A 3703.87A   27.935    0.0010      Fe 2 25.9812m   29.017    0.0126
 nFnu 24.7829m   28.739    0.0067      Ca A 1.87511m   29.548    0.0429      Fe 2 5.33871m   28.324    0.0026
 nInu 24.7829m   32.271   22.6609      Ca A 1.28181m   29.187    0.0187      Fe 2 1.25668m   29.053    0.0137
 nFnu 24.2998m   28.745    0.0068      Ca A 1.09381m   28.909    0.0098      Fe 2 35.3390m   28.512    0.0039
 nInu 24.2998m   32.297   24.0582      Ca A 1.00494m   28.686    0.0059      Fe 2 1.32055m   28.475    0.0036
 nFnu 22.8302m   28.772    0.0072      Ca A 9545.99A   28.499    0.0038      Fe 2 1.37181m   28.251    0.0022
 nInu 22.8302m   32.375   28.7864      Ca A 9229.03A   28.338    0.0026      Fe 2 1.29427m   28.245    0.0021
 nFnu 21.4199m   28.793    0.0075      Ca A 9014.92A   28.197    0.0019      Fe 2 1.32777m   27.999    0.0012
 nInu 21.4199m   32.459   34.9609      Ca A 8862.79A   28.071    0.0014      Fe 2 1.27877m   28.064    0.0014
 nFnu 21.1235m   28.798    0.0076      Ca A 8750.48A   27.957    0.0011      Fe 2 17.9310m   29.163    0.0177
 nInu 21.1235m   32.479   36.5636      Ca A 4.05116m   28.975    0.0115      Fe 2 1.64355m   28.980    0.0116
 nFnu 19.6199m   28.829    0.0082      Ca A 2.62515m   28.698    0.0061      Fe 2 1.53347m   28.300    0.0024
 nInu 19.6199m   32.569   45.0680      Ca A 2.16553m   28.467    0.0036      Fe 2 24.5126m   28.565    0.0045
 nFnu 17.6534m   28.874    0.0091      Ca A 1.94456m   28.274    0.0023      Fe 2 1.80940m   28.277    0.0023
 nInu 17.6534m   32.712   62.5885      Ca A 1.81741m   28.108    0.0016      Fe 2 1.67688m   28.160    0.0018
 nFnu 17.3700m   28.878    0.0092      Ca A 1.73621m   27.963    0.0011      Fe 2 1.59948m   28.125    0.0016
 nInu 17.3700m   32.732   65.4539      Ca A 7.45781m   28.501    0.0039      Fe 2 1.80002m   27.989    0.0012
 nFnu 15.6901m   28.909    0.0098      Ca A 4.65250m   28.284    0.0023      Fe2b 10000.0A   29.626    0.0513
 nInu 15.6901m   32.861   88.2042      Ca A 3.73953m   28.089    0.0015      Fe2b 8625.00A   28.104    0.0015
 nFnu 14.6036m   28.943    0.0107      Ca A 3.29609m   27.920    0.0010      Fe2b 1.88900m   28.623    0.0051
 nInu 14.6036m   32.952  108.6686      Ca A 12.3685m   28.095    0.0015      Fe 2 1786.00A   31.940   10.5664
 nFnu 12.4300m   29.008    0.0124      Ca A 7.50043m   27.921    0.0010      recombination...................
 nInu 12.4300m   33.165  177.6294      Ca B 6562.85A   30.444    0.3372      level2 lines....................
 nFnu 11.4000m   29.031    0.0131      Ca B 4861.36A   29.954    0.1091      C  2 892.833A   30.949    1.0794
 nInu 11.4000m   33.275  228.7431      Ca B 4340.49A   29.612    0.0497      C  2 688.791A   30.123    0.1611
 nFnu 10.4600m   29.077    0.0145      Ca B 4101.76A   29.349    0.0272      C  2 1020.18A   32.004   12.2582
 nInu 10.4600m   33.385  294.5020      Ca B 3970.09A   29.136    0.0166      C  2 596.559A   29.224    0.0203
 nFnu 9.48002m   29.102    0.0154      Ca B 3889.07A   28.957    0.0110      C  2 561.959A   28.726    0.0065
 nInu 9.48002m   33.514  396.3829      Ca B 3835.40A   28.801    0.0077      C  2 530.721A   28.326    0.0026
 nFnu 9.32488m   29.106    0.0155      Ca B 3797.92A   28.664    0.0056      C  2 544.909A   28.368    0.0028
 nInu 9.32488m   33.533  414.4564      Ca B 3770.65A   28.542    0.0042      C  2 535.300A   28.177    0.0018
 nFnu 8.21035m   29.168    0.0179      Ca B 3750.17A   28.433    0.0033      C  2 550.361A   28.138    0.0017
 nInu 8.21035m   33.701  609.5154      Ca B 3734.39A   28.335    0.0026      C  2 858.178A   29.273    0.0228
 nFnu 7.58000m   29.185    0.0186      Ca B 3721.96A   28.246    0.0021      C  2 637.979A   28.198    0.0019
 nInu 7.58000m   33.804  772.5668      Ca B 3711.99A   28.168    0.0018      N  1 942.258A   28.575    0.0046
 nFnu 7.05026m   29.243    0.0213      Ca B 3703.87A   28.097    0.0015      N  1 952.118A   28.524    0.0041
 nInu 7.05026m   33.894  950.6279      Ca B 3697.17A   28.035    0.0013      N  1 1131.12A   28.492    0.0038
 nFnu 4.11370m   29.472    0.0360      Ca B 3691.57A   27.981    0.0012      N  2 532.161A   28.782    0.0074
 nInu 4.11370m   34.586 4680.5356      Ca B 3686.85A   27.932    0.0010      N  2 634.441A   29.277    0.0230
 nFnu 2.32440m   29.589    0.0471      Ca B 1.87511m   29.587    0.0470      N  2 907.079A   30.055    0.1379
 nInu 2.32440m   35.311 24842.514      Ca B 1.28181m   29.234    0.0208      N  2 528.139A   28.260    0.0022
 nFnu 1.64313m   29.746    0.0677      Ca B 1.09381m   28.960    0.0111      O  1 867.303A   28.342    0.0027
 nInu 1.64313m   35.743 67153.961      Ca B 1.00494m   28.739    0.0067      O  1 787.470A   28.042    0.0013
 nFnu 1.48022m   29.711    0.0624      Ca B 9545.99A   28.554    0.0044      O  1 976.791A   29.042    0.0134
 nInu 1.48022m   35.874 90863.250      Ca B 9229.03A   28.395    0.0030      O  1 969.049A   29.364    0.0281
 nFnu 1.43649m   30.150    0.1717      Ca B 9014.92A   28.254    0.0022      O  1 946.387A   28.725    0.0065
 nInu 1.43649m   35.906 97708.078      Ca B 8862.79A   28.129    0.0016      O  1 934.501A   28.590    0.0047
 nFnu 1.11867m   29.999    0.1213      Ca B 8750.48A   28.017    0.0013      O  1 973.577A   28.252    0.0022
 nInu 1.11867m   36.213 198541.06      Ca B 8665.03A   27.916    0.0010      O  1 927.472A   28.052    0.0014
 nFnu 8329.68A   29.889    0.0940      Ca B 4.05116m   28.997    0.0121      O  1 948.506A   28.121    0.0016
 nInu 8329.68A   36.551 431670.38      Ca B 2.62515m   28.723    0.0064      O  1 935.672A   27.969    0.0011
 nFnu 8078.61A   30.646    0.5372      Ca B 2.16553m   28.494    0.0038      O  2 530.819A   29.180    0.0184
 nInu 8078.61A   36.586 467934.03      Ca B 1.94456m   28.302    0.0024      Ne 1 688.591A   28.477    0.0036
 nFnu 6209.66A   30.333    0.2614      Ca B 1.81741m   28.137    0.0017      Mg 2 959.306A   28.659    0.0055
 nInu 6209.66A   36.894 952369.75      Ca B 1.73621m   27.993    0.0012      Al 2 929.014A   28.002    0.0012
 nFnu 4885.36A   30.290    0.2369      Ca B 7.45781m   28.519    0.0040      Si 2 1179.59A   31.977   11.5296
 nInu 4885.36A   37.167 1784031.6      Ca B 4.65250m   28.302    0.0024      Si 2 993.354A   31.005    1.2274
 nFnu 3704.34A   30.499    0.3835      Ca B 3.73953m   28.108    0.0016      Si 2 893.551A   28.977    0.0115
 nInu 3704.34A   37.367 2825373.5      Ca B 3.29609m   27.939    0.0011      Si 2 847.623A   28.430    0.0033
 nFnu 3587.67A   31.428    3.2528      Ca B 12.3685m   28.113    0.0016      Si 2 1024.03A   30.158    0.1746
 nInu 3587.67A   37.396 3024257.0      Ca B 7.50043m   27.937    0.0011      Si 2 822.443A   28.080    0.0015
 nFnu 2430.05A   30.903    0.9714      H  1       0    31.066    1.4138      Si 2 903.081A   28.106    0.0015
 nInu 2430.05A   37.760 6991964.0      H  1 1215.68A   33.471  359.4743      S  2 750.323A   30.020    0.1271
 nFnu 2392.03A   30.913    0.9934      H  1 1025.73A   32.900   96.4632      S  2 632.711A   28.866    0.0089
 nInu 2392.03A   37.771 7166733.0      H  1 972.543A   32.305   24.4972      S  2 888.439A   29.624    0.0511
 nFnu 2071.34A   31.023    1.2819      H  1 949.749A   32.182   18.4752      S  2 587.599A   28.119    0.0016
 nInu 2071.34A   37.884 9308566.0      H  1 937.809A   31.890    9.4211      S  2 654.712A   28.021    0.0013
 nFnu 2052.68A   31.031    1.3041      H  1 930.754A   31.491    3.7617      S  3 667.049A   28.990    0.0119
 nInu 2052.68A   37.868 8967882.0      H  1 926.231A   31.081    1.4643      S  3 691.219A   28.776    0.0072
 nFnu 1793.44A   31.129    1.6341      H  1 923.156A   30.923    1.0177      S  3 704.220A   28.496    0.0038
 nInu 1793.44A   37.989 *********      H  1 920.969A   30.537    0.4181      Ar 1 1095.69A   28.014    0.0013
 nFnu 1585.12A   31.193    1.8941      H  1 6562.85A   31.469    3.5776      Fe 3 911.104A   29.118    0.0159
 nInu 1585.12A   38.023 *********      H  1 4861.36A   30.916    1.0000      Fe 3 859.623A   28.764    0.0071
 nFnu 1458.33A   31.208    1.9589      H  1 4340.49A   30.758    0.6960      Fe 3 896.877A   28.807    0.0078
 nInu 1458.33A   38.117 *********      H  1 4101.76A   30.465    0.3547      Fe 3 762.643A   28.275    0.0023
 nFnu 1356.96A   31.171    1.8015      H  1 3970.09A   30.081    0.1462      Fe 3 871.422A   28.166    0.0018
 nInu 1356.96A   38.199 *********      H  1 3889.07A   29.697    0.0605      P  2 1307.68A   28.351    0.0027
 nFnu 1297.29A   31.074    1.4402      H  1 3835.40A   29.541    0.0422      P  2 1154.42A   29.477    0.0364
 nInu 1297.29A   38.205 *********      H  1 3797.92A   29.213    0.0198      P  2 967.202A   29.755    0.0691
 nFnu 1262.79A   30.894    0.9523      H  1 1.87511m   30.060    0.1394      P  2 963.828A   30.112    0.1572
 nInu 1262.79A   38.207 *********      H  1 1.28181m   29.927    0.1027      P  3 1001.73A   28.241    0.0021
 nFnu 1218.08A   31.381    2.9200      H  1 1.09381m   29.666    0.0563      P  3 918.147A   27.966    0.0011
 nInu 1218.08A   37.975 *********      H  1 1.00494m   29.321    0.0255      Cl 2 1071.32A   28.187    0.0019
 nFnu 1196.33A   30.037    0.1323      H  1 9545.99A   28.988    0.0118      Ti 2 3365.71A   28.089    0.0015
 nInu 1196.33A   38.203 *********      H  1 9229.03A   28.841    0.0084      Ti 2 3238.08A   27.949    0.0011
 nFnu 1175.06A   29.757    0.0694      H  1 9014.92A   28.580    0.0046      Ti 3 1298.50A   28.477    0.0036
 nInu 1175.06A   37.911 9884734.0      H  1 4.05116m   29.342    0.0267      Ti 3 1288.59A   28.609    0.0049
 nFnu 1143.64A   29.856    0.0872      H  1 2.62515m   29.135    0.0166      Cr 2 2060.44A   28.609    0.0049
 nInu 1143.64A   38.224 *********      H  1 2.16553m   28.843    0.0085      Cr 3 1033.06A   29.234    0.0208
 nFnu 1113.22A   29.887    0.0937      H  1 1.94456m   28.560    0.0044      Cr 3 1035.74A   29.339    0.0265
 nInu 1113.22A   38.287 *********      H  1 1.81741m   28.416    0.0032      Cr 3 924.009A   28.375    0.0029
 nFnu 1103.23A   29.929    0.1032      H  1 1.73621m   28.201    0.0019      Mn 2 2589.74A   29.443    0.0337
 nInu 1103.23A   38.294 *********      H  1 7.45781m   28.739    0.0067      Mn 2 1198.85A   29.243    0.0212
 nFnu 1073.86A   29.917    0.1004      H  1 4.65250m   28.509    0.0039      Mn 2 1162.97A   28.072    0.0014
 nInu 1073.86A   38.291 *********      H  1 3.73953m   28.268    0.0022      Co 3 942.738A   28.351    0.0027
 nFnu 1064.34A   29.900    0.0964      H  1 3.29609m   28.122    0.0016      Ni 2 1751.83A   29.257    0.0219
 nInu 1064.34A   38.247 *********      H  1 3.03837m   27.934    0.0010      Ni 2 1744.24A   29.457    0.0348
 nFnu 1035.92A   29.898    0.0960      H  1 12.3685m   28.246    0.0021      Ni 2 1484.97A   28.708    0.0062
 nInu 1035.92A   38.230 *********      H  1 7.50043m   28.046    0.0013      Ni 2 1472.74A   29.096    0.0151
 nFnu 1000.00A   29.927    0.1026      He-like iso-sequence............      Ni 2 1400.37A   28.860    0.0088
 nInu 1000.00A   38.273 *********      Hlin 506.000A   28.534    0.0042      Ni 2 1375.73A   29.482    0.0368
 nFnu 925.144A   29.816    0.0795      He 1       0    29.721    0.0639      Ni 2 1324.11A   29.567    0.0448
 nInu 925.144A   37.533 4147324.8      He 1 584.334A   31.310    2.4781      Zn 2 2038.17A   28.946    0.0107
 nFnu 897.800A   32.601   48.4370      He 1 537.030A   30.744    0.6736      hyperfine structure.............
 nInu 897.800A   36.610 494792.72      He 1 522.213A   30.489    0.3743      inner shell.....................
 nFnu 760.023A   29.942    0.1063      He 1 515.617A   30.251    0.2162      molecules.......................
 nInu 760.023A   36.314 250192.64      He 1 512.099A   30.000    0.1216      blends..........................
 nFnu 701.514A   29.802    0.0769      He 1 625.563A   29.451    0.0343      Blnd 2798.00A   31.502    3.8614
 nInu 701.514A   36.120 160023.05      TOTL 1.08303m   29.092    0.0150      Blnd 6720.00A   28.313    0.0025
 nFnu 608.160A   28.081    0.0015      He 1 1.08303m   29.092    0.0150      Blnd 1256.00A   30.302    0.2437
 nInu 608.160A   35.746 67716.477      He 1 3888.63A   28.646    0.0054      Blnd 1198.00A   29.623    0.0510
 nFnu 575.146A   28.786    0.0074      He 1 3187.74A   28.235    0.0021      Blnd 1860.00A   29.532    0.0414
 nInu 575.146A   35.577 45855.480      He 1 5015.68A   28.147    0.0017

                                                    Emergent line intensities
 Caution: emergent intensities are not reliable on the first iteration.
 general properties..............      nInu 496.874A   34.010 1243.2789      S  2 6730.82A   28.116    0.0016
 TOTL 4861.36A   30.916    1.0000      nInu 399.153A   32.705   61.5987      S  2 1259.52A   30.008    0.1237
 TOTL 1215.68A   33.471  359.4743      RRC.............................      S  2 1253.81A   29.821    0.0805
 continua........................      grains..........................      S  2 1250.58A   29.513    0.0396
 Bac  3646.00A   31.430    3.2659      H-like iso-sequence.............      S  2 912.736A   29.127    0.0163
 nFnu 3645.00A   31.480    3.6704      Ca B 1215.68A   31.472    3.6043      S  2 910.485A   29.230    0.0206
 nFnu 3647.00A   30.522    0.4044      Q(H) 4861.36A   34.229 2058.5613      S  3 33.4704m   28.066    0.0014
 cout 3646.00A   31.129    1.6330      Q(H) 1215.68A   35.746 67742.617      S  3 18.7078m   28.818    0.0080
 cref 3646.00A   31.129    1.6330      CaBo 4861.36A   29.958    0.1102      S  3 9068.62A   28.025    0.0013
 thin 3646.00A   31.430    3.2659      Ca A 1215.68A   31.357    2.7655      S  3 9530.62A   28.425    0.0032
 Inci 4860.00A   37.111 1569080.9      Ca A 1025.73A   30.609    0.4941      S  3 1190.20A   28.899    0.0096
 Inci 1215.00A   37.977 *********      Ca A 972.543A   30.183    0.1853      S  3 1194.45A   28.718    0.0063
 FIR  83.0000m   31.169    1.7931      Ca A 949.749A   29.875    0.0912      S  3 1194.06A   29.127    0.0163
 TIR  1800.00m   28.067    0.0014      Ca A 937.809A   29.633    0.0522      S  3 1201.73A   28.536    0.0042
 NIRa 2.85000m   36.324 255942.91      Ca A 930.754A   29.432    0.0329      S  3 1200.97A   29.069    0.0142
 NIRb 3.00000m   35.894 95209.938      Ca A 926.231A   29.262    0.0222      S  3 1015.50A   29.052    0.0137
 MIRa 15.0000m   33.861  881.2006      Ca A 923.156A   29.113    0.0158      S  3 1012.50A   28.955    0.0109
 MIRb 22.5000m   33.863  886.7732      Ca A 920.969A   28.983    0.0117      S  3 1015.57A   28.849    0.0086
 NMIR 21.7500m   36.324 255942.91      Ca A 919.357A   28.869    0.0090      S  3 1021.11A   29.052    0.0137
 TFIR 611.250m   29.718    0.0634      Ca A 918.135A   28.769    0.0071      S  3 1015.78A   28.842    0.0084
 TALL 10000.0A   38.153 *********      Ca A 917.186A   28.682    0.0058      S  3 1021.32A   29.342    0.0267
 F12  12.0000m   33.092  150.1511      Ca A 916.435A   28.607    0.0049      Sc 3 3.93446m   30.392    0.2998
 F25  25.0000m   32.011   12.4696      Ca A 915.829A   28.543    0.0042      Sc 3 4.23041m   30.236    0.2091
 F60  60.0000m   31.111    1.5691      Ca A 915.335A   28.487    0.0037      Si 2 1190.42A   31.028    1.2951
 F100 100.000m   30.043    0.1342      Ca A 914.925A   28.441    0.0034      Si 2 1193.29A   31.384    2.9390
 MIPS 24.0000m   31.715    6.3050      Ca A 914.582A   28.404    0.0031      Si 2 1194.50A   31.749    6.8189
 MIPS 70.0000m   30.365    0.2812      Ca A 914.292A   28.375    0.0029      Si 2 1197.39A   31.099    1.5244
 MIPS 160.000m   29.222    0.0202      Ca A 914.044A   28.356    0.0028      Si 2 1260.42A   31.742    6.7100
 IRAC 3.60000m   34.125 1619.5363      Ca A 913.831A   28.344    0.0027      Si 2 1264.74A   31.932   10.3835
 IRAC 4.50000m   33.840  841.0784      Ca A 913.647A   28.337    0.0026      Si 2 1265.00A   31.006    1.2305
 IRAC 5.80000m   33.579  460.9263      Ca A 913.486A   28.334    0.0026      Si 2 1304.37A   30.614    0.4989
 IRAC 8.00000m   33.343  267.5648      Ca A 913.345A   28.331    0.0026      Si 2 1309.28A   30.845    0.8507
 SPR1 250.000m   28.784    0.0074      Ca A 6562.85A   30.290    0.2369      Si 2 1526.71A   30.613    0.4978
 SPR2 350.000m   28.366    0.0028      Ca A 4861.36A   29.798    0.0764      Si 2 1533.43A   30.906    0.9783
 SPR3 500.000m   28.018    0.0013      Ca A 4340.49A   29.457    0.0348      Si 2 1808.01A   28.990    0.0119
 PAC1 70.0000m   30.425    0.3229      Ca A 4101.76A   29.196    0.0191      Si 2 1816.93A   29.089    0.0149
 PAC2 100.000m   30.031    0.1305      Ca A 3970.09A   28.984    0.0117      Si 2 1817.45A   28.092    0.0015
 PAC3 160.000m   29.492    0.0377      Ca A 3889.07A   28.806    0.0078      Si 2 34.8046m   28.816    0.0079
 PAH  3.30000m   33.348  270.7866      Ca A 3835.40A   28.651    0.0054      Si 3 1206.50A   31.431    3.2799
 PAHC 3.23000m   33.086  147.9542      Ca A 3797.92A   28.514    0.0040      Al 2 1670.79A   31.274    2.2798
 PAHC 3.37000m   33.009  123.9180      Ca A 3770.65A   28.391    0.0030      Mg 2 2802.71A   31.032    1.3071
 PAH  6.20000m   32.982  116.6320      Ca A 3750.17A   28.280    0.0023      Mg 2 2795.53A   31.323    2.5542
 PAHC 5.65000m   33.128  163.2318      Ca A 3734.39A   28.180    0.0018      Mg 2 2936.51A   28.186    0.0019
 PAH  7.90000m   32.857   87.3490      Ca A 3721.96A   28.089    0.0015      Ni 2 6.63416m   28.126    0.0016
 PAHC 6.90000m   33.091  149.6557      Ca A 3711.99A   28.008    0.0012      level 1 lines...................
 PAH  11.3000m   31.836    8.3198      Ca A 3703.87A   27.935    0.0010      C  1 1656.00A   27.952    0.0011
 PAHC 10.9000m   31.898    9.6076      Ca A 1.87511m   29.548    0.0429      C  2 1335.00A   32.127   16.2835
 PAH  11.8000m   31.983   11.6765      Ca A 1.28181m   29.187    0.0187      C  3 977.000A   30.011    0.1245
 PAHC 12.6500m   31.888    9.3927      Ca A 1.09381m   28.909    0.0098      N  1 953.900A   28.539    0.0042
 PAH  13.3000m   31.856    8.7208      Ca A 1.00494m   28.686    0.0059      N  1 1200.00A   29.645    0.0536
 PAHC 14.1000m   31.755    6.9109      Ca A 9545.99A   28.499    0.0038      N  2 6584.00A   28.699    0.0061
 Bcon 3640.00A   38.113 *********      Ca A 9229.03A   28.338    0.0026      N  2 6548.00A   28.229    0.0021
 Pcon 5000.00A   37.009 1240398.5      Ca A 9014.92A   28.197    0.0019      N  2 1085.00A   32.018   12.6456
 nFnu 122.400m   28.134    0.0017      Ca A 8862.79A   28.071    0.0014      N  3 991.000A   28.019    0.0013
 nInu 122.400m   30.183    0.1852      Ca A 8750.48A   27.957    0.0011      O  2 833.802A   30.767    0.7096
 nFnu 60.8322m   28.376    0.0029      Ca A 4.05116m   28.975    0.0115      Fe 2 4300.00A   28.245    0.0021
 nInu 60.8322m   31.098    1.5231      Ca A 2.62515m   28.698    0.0061      Fe 2 2400.00A   31.375    2.8810
 nFnu 41.2152m   28.547    0.0043      Ca A 2.16553m   28.467    0.0036      Fe 2 1080.00A   29.302    0.0243
 nInu 41.2152m   31.607    4.9152      Ca A 1.94456m   28.274    0.0023      Fe 2 1500.00A   28.556    0.0044
 nFnu 30.8695m   28.655    0.0055      Ca A 1.81741m   28.108    0.0016      Fe 2 1.15000m   27.971    0.0011
 nInu 30.8695m   31.985   11.7278      Ca A 1.73621m   27.963    0.0011      Fe 2 2500.00A   28.932    0.0104
 nFnu 24.7829m   28.739    0.0067      Ca A 7.45781m   28.501    0.0039      Fe 2 2300.00A   28.670    0.0057
 nInu 24.7829m   32.271   22.6609      Ca A 4.65250m   28.284    0.0023      Fe 2 8900.00A   28.381    0.0029
 nFnu 24.2998m   28.745    0.0068      Ca A 3.73953m   28.089    0.0015      Fe 2 25.9812m   29.017    0.0126
 nInu 24.2998m   32.297   24.0582      Ca A 3.29609m   27.920    0.0010      Fe 2 5.33871m   28.324    0.0026
 nFnu 22.8302m   28.772    0.0072      Ca A 12.3685m   28.095    0.0015      Fe 2 1.25668m   29.053    0.0137
 nInu 22.8302m   32.375   28.7864      Ca A 7.50043m   27.921    0.0010      Fe 2 35.3390m   28.512    0.0039
 nFnu 21.4199m   28.793    0.0075      Ca B 6562.85A   30.444    0.3372      Fe 2 1.32055m   28.475    0.0036
 nInu 21.4199m   32.459   34.9609      Ca B 4861.36A   29.954    0.1091      Fe 2 1.37181m   28.251    0.0022
 nFnu 21.1235m   28.798    0.0076      Ca B 4340.49A   29.612    0.0497      Fe 2 1.29427m   28.245    0.0021
 nInu 21.1235m   32.479   36.5636      Ca B 4101.76A   29.349    0.0272      Fe 2 1.32777m   27.999    0.0012
 nFnu 19.6199m   28.829    0.0082      Ca B 3970.09A   29.136    0.0166      Fe 2 1.27877m   28.064    0.0014
 nInu 19.6199m   32.569   45.0680      Ca B 3889.07A   28.957    0.0110      Fe 2 17.9310m   29.163    0.0177
 nFnu 17.6534m   28.874    0.0091      Ca B 3835.40A   28.801    0.0077      Fe 2 1.64355m   28.980    0.0116
 nInu 17.6534m   32.712   62.5885      Ca B 3797.92A   28.664    0.0056      Fe 2 1.53347m   28.300    0.0024
 nFnu 17.3700m   28.878    0.0092      Ca B 3770.65A   28.542    0.0042      Fe 2 24.5126m   28.565    0.0045
 nInu 17.3700m   32.732   65.4539      Ca B 3750.17A   28.433    0.0033      Fe 2 1.80940m   28.277    0.0023
 nFnu 15.6901m   28.909    0.0098      Ca B 3734.39A   28.335    0.0026      Fe 2 1.67688m   28.160    0.0018
 nInu 15.6901m   32.861   88.2042      Ca B 3721.96A   28.246    0.0021      Fe 2 1.59948m   28.125    0.0016
 nFnu 14.6036m   28.943    0.0107      Ca B 3711.99A   28.168    0.0018      Fe 2 1.80002m   27.989    0.0012
 nInu 14.6036m   32.952  108.6686      Ca B 3703.87A   28.097    0.0015      Fe2b 10000.0A   29.626    0.0513
 nFnu 12.4300m   29.008    0.0124      Ca B 3697.17A   28.035    0.0013      Fe2b 8625.00A   28.104    0.0015
 nInu 12.4300m   33.165  177.6294      Ca B 3691.57A   27.981    0.0012      Fe2b 1.88900m   28.623    0.0051
 nFnu 11.4000m   29.031    0.0131      Ca B 3686.85A   27.932    0.0010      Fe 2 1786.00A   31.940   10.5664
 nInu 11.4000m   33.275  228.7431      Ca B 1.87511m   29.587    0.0470      recombination...................
 nFnu 10.4600m   29.077    0.0145      Ca B 1.28181m   29.234    0.0208      level2 lines....................
 nInu 10.4600m   33.385  294.5020      Ca B 1.09381m   28.960    0.0111      C  2 892.833A   30.949    1.0794
 nFnu 9.48002m   29.102    0.0154      Ca B 1.00494m   28.739    0.0067      C  2 688.791A   30.123    0.1611
 nInu 9.48002m   33.514  396.3829      Ca B 9545.99A   28.554    0.0044      C  2 1020.18A   32.004   12.2582
 nFnu 9.32488m   29.106    0.0155      Ca B 9229.03A   28.395    0.0030      C  2 596.559A   29.224    0.0203
 nInu 9.32488m   33.533  414.4564      Ca B 9014.92A   28.254    0.0022      C  2 561.959A   28.726    0.0065
 nFnu 8.21035m   29.168    0.0179      Ca B 8862.79A   28.129    0.0016      C  2 530.721A   28.326    0.0026
 nInu 8.21035m   33.701  609.5154      Ca B 8750.48A   28.017    0.0013      C  2 544.909A   28.368    0.0028
 nFnu 7.58000m   29.185    0.0186      Ca B 8665.03A   27.916    0.0010      C  2 535.300A   28.177    0.0018
 nInu 7.58000m   33.804  772.5668      Ca B 4.05116m   28.997    0.0121      C  2 550.361A   28.138    0.0017
 nFnu 7.05026m   29.243    0.0213      Ca B 2.62515m   28.723    0.0064      C  2 858.178A   29.273    0.0228
 nInu 7.05026m   33.894  950.6279      Ca B 2.16553m   28.494    0.0038      C  2 637.979A   28.198    0.0019
 nFnu 4.11370m   29.472    0.0360      Ca B 1.94456m   28.302    0.0024      N  1 942.258A   28.575    0.0046
 nInu 4.11370m   34.586 4680.5356      Ca B 1.81741m   28.137    0.0017      N  1 952.118A   28.524    0.0041
 nFnu 2.32440m   29.589    0.0471      Ca B 1.73621m   27.993    0.0012      N  1 1131.12A   28.492    0.0038
 nInu 2.32440m   35.311 24842.514      Ca B 7.45781m   28.519    0.0040      N  2 532.161A   28.782    0.0074
 nFnu 1.64313m   29.746    0.0677      Ca B 4.65250m   28.302    0.0024      N  2 634.441A   29.277    0.0230
 nInu 1.64313m   35.743 67153.961      Ca B 3.73953m   28.108    0.0016      N  2 907.079A   30.055    0.1379
 nFnu 1.48022m   29.711    0.0624      Ca B 3.29609m   27.939    0.0011      N  2 528.139A   28.260    0.0022
 nInu 1.48022m   35.874 90863.250      Ca B 12.3685m   28.113    0.0016      O  1 867.303A   28.342    0.0027
 nFnu 1.43649m   30.150    0.1717      Ca B 7.50043m   27.937    0.0011      O  1 787.470A   28.042    0.0013
 nInu 1.43649m   35.906 97708.078      H  1 1215.68A   33.471  359.4743      O  1 976.791A   29.042    0.0134
 nFnu 1.11867m   29.999    0.1213      H  1 1025.73A   32.900   96.4632      O  1 969.049A   29.364    0.0281
 nInu 1.11867m   36.213 198541.06      H  1 972.543A   32.305   24.4972      O  1 946.387A   28.725    0.0065
 nFnu 8329.68A   29.889    0.0940      H  1 949.749A   32.182   18.4752      O  1 934.501A   28.590    0.0047
 nInu 8329.68A   36.551 431670.38      H  1 937.809A   31.890    9.4211      O  1 973.577A   28.252    0.0022
 nFnu 8078.61A   30.646    0.5372      H  1 930.754A   31.491    3.7617      O  1 927.472A   28.052    0.0014
 nInu 8078.61A   36.586 467934.03      H  1 926.231A   31.081    1.4643      O  1 948.506A   28.121    0.0016
 nFnu 6209.66A   30.333    0.2614      H  1 923.156A   30.923    1.0177      O  1 935.672A   27.969    0.0011
 nInu 6209.66A   36.894 952369.75      H  1 920.969A   30.537    0.4181      O  2 530.819A   29.180    0.0184
 nFnu 4885.36A   30.290    0.2369      H  1 6562.85A   31.469    3.5776      Ne 1 688.591A   28.477    0.0036
 nInu 4885.36A   37.167 1784031.6      H  1 4861.36A   30.916    1.0000      Mg 2 959.306A   28.659    0.0055
 nFnu 3704.34A   30.499    0.3835      H  1 4340.49A   30.758    0.6960      Al 2 929.014A   28.002    0.0012
 nInu 3704.34A   37.367 2825373.5      H  1 4101.76A   30.465    0.3547      Si 2 1179.59A   31.977   11.5296
 nFnu 3587.67A   31.428    3.2528      H  1 3970.09A   30.081    0.1462      Si 2 993.354A   31.005    1.2274
 nInu 3587.67A   37.396 3024257.0      H  1 3889.07A   29.697    0.0605      Si 2 893.551A   28.977    0.0115
 nFnu 2430.05A   30.903    0.9714      H  1 3835.40A   29.541    0.0422      Si 2 847.623A   28.430    0.0033
 nInu 2430.05A   37.760 6991964.0      H  1 3797.92A   29.213    0.0198      Si 2 1024.03A   30.158    0.1746
 nFnu 2392.03A   30.913    0.9934      H  1 1.87511m   30.060    0.1394      Si 2 822.443A   28.080    0.0015
 nInu 2392.03A   37.771 7166733.0      H  1 1.28181m   29.927    0.1027      Si 2 903.081A   28.106    0.0015
 nFnu 2071.34A   31.023    1.2819      H  1 1.09381m   29.666    0.0563      S  2 750.323A   30.020    0.1271
 nInu 2071.34A   37.884 9308566.0      H  1 1.00494m   29.321    0.0255      S  2 632.711A   28.866    0.0089
 nFnu 2052.68A   31.031    1.3041      H  1 9545.99A   28.988    0.0118      S  2 888.439A   29.624    0.0511
 nInu 2052.68A   37.868 8967882.0      H  1 9229.03A   28.841    0.0084      S  2 587.599A   28.119    0.0016
 nFnu 1793.44A   31.129    1.6341      H  1 9014.92A   28.580    0.0046      S  2 654.712A   28.021    0.0013
 nInu 1793.44A   37.989 *********      H  1 4.05116m   29.342    0.0267      S  3 667.049A   28.990    0.0119
 nFnu 1585.12A   31.193    1.8941      H  1 2.62515m   29.135    0.0166      S  3 691.219A   28.776    0.0072
 nInu 1585.12A   38.023 *********      H  1 2.16553m   28.843    0.0085      S  3 704.220A   28.496    0.0038
 nFnu 1458.33A   31.208    1.9589      H  1 1.94456m   28.560    0.0044      Ar 1 1095.69A   28.014    0.0013
 nInu 1458.33A   38.117 *********      H  1 1.81741m   28.416    0.0032      Fe 3 911.104A   29.118    0.0159
 nFnu 1356.96A   31.171    1.8015      H  1 1.73621m   28.201    0.0019      Fe 3 859.623A   28.764    0.0071
 nInu 1356.96A   38.199 *********      H  1 7.45781m   28.739    0.0067      Fe 3 896.877A   28.807    0.0078
 nFnu 1297.29A   31.074    1.4402      H  1 4.65250m   28.509    0.0039      Fe 3 762.643A   28.275    0.0023
 nInu 1297.29A   38.205 *********      H  1 3.73953m   28.268    0.0022      Fe 3 871.422A   28.166    0.0018
 nFnu 1262.79A   30.894    0.9523      H  1 3.29609m   28.122    0.0016      P  2 1307.68A   28.351    0.0027
 nInu 1262.79A   38.207 *********      H  1 3.03837m   27.934    0.0010      P  2 1154.42A   29.477    0.0364
 nFnu 1218.08A   31.381    2.9200      H  1 12.3685m   28.246    0.0021      P  2 967.202A   29.755    0.0691
 nInu 1218.08A   37.975 *********      H  1 7.50043m   28.046    0.0013      P  2 963.828A   30.112    0.1572
 nFnu 1196.33A   30.037    0.1323      He-like iso-sequence............      P  3 1001.73A   28.241    0.0021
 nInu 1196.33A   38.203 *********      Hlin 506.000A   28.534    0.0042      P  3 918.147A   27.966    0.0011
 nFnu 1175.06A   29.757    0.0694      He 1 584.334A   31.310    2.4781      Cl 2 1071.32A   28.187    0.0019
 nInu 1175.06A   37.911 9884734.0      He 1 537.030A   30.744    0.6736      Ti 2 3365.71A   28.089    0.0015
 nFnu 1143.64A   29.856    0.0872      He 1 522.213A   30.489    0.3743      Ti 2 3238.08A   27.949    0.0011
 nInu 1143.64A   38.224 *********      He 1 515.617A   30.251    0.2162      Ti 3 1298.50A   28.477    0.0036
 nFnu 1113.22A   29.887    0.0937      He 1 512.099A   30.000    0.1216      Ti 3 1288.59A   28.609    0.0049
 nInu 1113.22A   38.287 *********      He 1 625.563A   29.451    0.0343      Cr 2 2060.44A   28.609    0.0049
 nFnu 1103.23A   29.929    0.1032      TOTL 1.08303m   29.092    0.0150      Cr 3 1033.06A   29.234    0.0208
 nInu 1103.23A   38.294 *********      He 1 1.08303m   29.092    0.0150      Cr 3 1035.74A   29.339    0.0265
 nFnu 1073.86A   29.917    0.1004      He 1 3888.63A   28.646    0.0054      Cr 3 924.009A   28.375    0.0029
 nInu 1073.86A   38.291 *********      He 1 3187.74A   28.235    0.0021      Mn 2 2589.74A   29.443    0.0337
 nFnu 1064.34A   29.900    0.0964      He 1 5015.68A   28.147    0.0017      Mn 2 1198.85A   29.243    0.0212
 nInu 1064.34A   38.247 *********      He 1 3964.73A   28.064    0.0014      Mn 2 1162.97A   28.072    0.0014
 nFnu 1035.92A   29.898    0.0960      He 1 5875.64A   28.607    0.0049      Co 3 942.738A   28.351    0.0027
 nInu 1035.92A   38.230 *********      He 1 4471.49A   28.073    0.0014      Ni 2 1751.83A   29.257    0.0219
 nFnu 1000.00A   29.927    0.1026      He 1 6678.15A   28.073    0.0014      Ni 2 1744.24A   29.457    0.0348
 nInu 1000.00A   38.273 *********      Ca B 3888.63A   28.282    0.0023      Ni 2 1484.97A   28.708    0.0062
 nFnu 925.144A   29.816    0.0795      Ca B 4471.49A   27.992    0.0012      Ni 2 1472.74A   29.096    0.0151
 nInu 925.144A   37.533 4147324.8      Ca B 5875.64A   28.465    0.0035      Ni 2 1400.37A   28.860    0.0088
 nFnu 897.800A   32.601   48.4370      Ca B 6678.15A   27.921    0.0010      Ni 2 1375.73A   29.482    0.0368
 nInu 897.800A   36.610 494792.72      Ca B 1.08303m   29.067    0.0142      Ni 2 1324.11A   29.567    0.0448
 nFnu 760.023A   29.942    0.1063      Pho+ 3889.00A   29.651    0.0544      Zn 2 2038.17A   28.946    0.0107
 nInu 760.023A   36.314 250192.64      database lines..................      hyperfine structure.............
 nFnu 701.514A   29.802    0.0769      Al 3 1854.72A   29.354    0.0274      inner shell.....................
 nInu 701.514A   36.120 160023.05      Al 3 1862.79A   29.060    0.0139      molecules.......................
 nFnu 608.160A   28.081    0.0015      Ar 2 6.98337m   28.999    0.0121      blends..........................
 nInu 608.160A   35.746 67716.477      Ar 3 8.98898m   28.121    0.0016      Blnd 2798.00A   31.502    3.8614
 nFnu 575.146A   28.786    0.0074      Fe 3 22.9190m   29.007    0.0123      Blnd 6720.00A   28.313    0.0025
 nInu 575.146A   35.577 45855.480      Fe 3 33.0270m   28.426    0.0032      Blnd 1256.00A   30.302    0.2437
 nInu 511.948A   35.189 18745.939      Mg 1 2852.13A   28.345    0.0027      Blnd 1198.00A   29.623    0.0510
 nFnu 496.874A   31.205    1.9468      Ne 2 12.8101m   29.516    0.0398      Blnd 1860.00A   29.532    0.0414



  Spectrum of Orion star HR1886 using Tlusty  
 Cooling:  HFBc       0 :0.145 Fe2c       0 :0.121  
 Heating:  BFH1       0 :0.976  

 These are some of the most important databases used by Cloudy:
 Many recombination coefficients were taken from http://amdpp.phys.strath.ac.uk/tamoc/RR/ and http://amdpp.phys.strath.ac.uk/tamoc/DR/
      and are based on the following papers:
        Badnell N. R., et al., A&A 406, 1151 (2003) [http://adsabs.harvard.edu/abs/2003A%26A...406.1151B]
        Badnell N. R., ApJS 167, 334 (2006) [http://adsabs.harvard.edu/abs/2006ApJS..167..334B]
 Much of the molecular emission data is from LAMDA as accessed on Dec. 18, 2010. This database is described in:
        Schoeier F.L., et al., A&A 432, 369 (2005) [http://adsabs.harvard.edu/abs/2005A%26A...432..369S]
      This database is in part based on the work of the following groups:
        JPL: Pickett H. M. et al., JQSRT, 60, 883 (1998). [http://adsabs.harvard.edu/abs/1998JQSRT..60..883P]
        CDMS: Mueller H. S. et al., A&A 370, L49 (2001). [http://adsabs.harvard.edu/abs/2001A%26A...370L..49M]
              Mueller H. S. et al., J. Mol. Struct. 742, 215 (2005). [http://adsabs.harvard.edu/abs/2005JMoSt.742..215M]
 Much of the ionic emission data is from version 7.1 of CHIANTI. CHIANTI is a collaborative project involving the NRL (USA), the
      Universities of Florence (Italy) and Cambridge (UK), and George Mason University (USA). These papers describe Chianti:
        Dere K. P., et al., A&AS, 125, 149 (1997) [http://adsabs.harvard.edu/abs/1997A%26AS..125..149D]
        Landi E., et al., ApJ, 744, 99 (2012) [http://adsabs.harvard.edu/abs/2012ApJ...744...99L]
 Much of the H_2 data is from this web site: http://molat.obspm.fr/index.php?page=pages/Molecules/H2/H2can94.php. These data are
      described in:
        Abgrall H. et al., Can. J. Phys., 72, 856 (1994) [http://adsabs.harvard.edu/abs/1994CaJPh..72..856A]
        Wrathmall S. A. & Flower D. R., J. Phys. B, 40, 3221 (2007) [http://adsabs.harvard.edu/abs/2007JPhB...40.3221W]
 Please cite those papers that played a significant role in this calculation.

 IONIZE PARMET:  U(1-) -3.0428  U(4-):-15.2334  U(sp): -3.04  Q(ion):   46.533  L(ion) 35.938    Q(low): 49.143    L(low) 38.150
 ENERGY BUDGET:  Heat:  30.865  Coolg:  30.865  Error:  0.0%  Rec Lin:  31.554  F-F  H  0.000    P(rad/tot)max     2.17E-04    R(F Con):1.737e+05

     Col(Heff):      0.000E+00  snd travl time  3.70E+05 sec  Te-low: 3.61E+03  Te-hi: 3.61E+03  G0TH85: 5.15E+05  G0DB96:5.75E+05
  Emiss Measure    n(e)n(p) dl       2.486E+19  n(e)n(He+)dl         4.804E+17  En(e)n(He++) dl         0.000E+00  ne nC+:6.07E+15
 He/Ha:3.63E-03  =   0.04*true  Lthin:3.32E+04  itr/zn:15.00  H2 itr/zn:  0.00  File Opacity: F  MassTot 7.36e+26  (gm)
   Temps(21 cm)   T(21cm/Ly a)  5.69E+03        T(<nH/Tkin>)  3.61E+03          T(<nH/Tspin>)    3.84E+03          TB21cm:0.00E+00
                   N(H0/Tspin)  4.50E+09        N(OH/Tkin)    1.70E-05          B(21cm)          0.00E+00
   <a>:2.99E-04  erdeFe0.0E+00  Tcompt1.34E+06  Tthr6.71E+07  <Tden>: 3.61E+03  <dens>:2.37E-20  <MolWgt>6.75E-01
     Mean Jeans  l(cm)2.97E+19  M(sun)1.64E+05  smallest:     len(cm):2.97E+19  M(sun):1.64E+05  a_ox tran:  0.00
 Rion:1.000E+17  Dist:0.00E+00  Diam:0.000E+00
 Hatom level 70  HatomType: add  HInducImp  F  He tot level: 63  He2 level:   70  ExecTime    10.6
 ConvrgError(%)  <eden>  0.007  MaxEden  0.007  <H-C>   0.02  Max(H-C)    0.02  <Press>   0.000  MaxPrs er  0.000
  Continuity(%)  chng Te   0.0  elec den   0.0  n(H2)    0.0  n(CO)        0.0

                                                        Averaged Quantities
             Te      Te(Ne)   Te(NeNp)  Te(NeHe+)Te(NeHe2+) Te(NeO+)  Te(NeO2+)  Te(H2)     N(H)     Ne(O2+)   Ne(Np)
 Radius:  3.61e+03  3.61e+03  3.61e+03  3.61e+03  0.00e+00  3.61e+03  3.61e+03  3.61e+03  1.00e+04  1.01e+04  1.01e+04
 
 Peimbert T(OIIIr)3.64E+03 T(Bac)0.00E+00 T(Hth)3.59E+03 t2(Hstrc) 0.00e+00 T(O3-BAC)3.60E+03 t2(O3-BC) 9.56e-04 t2(O3str) 0.00e+00

 Contin Optical Depths: COMP: 1.67e-09    H-: 7.19e-12 R(1300): 1.16e-10  H2+: 2.39e-13  Pfa:1.67E-09
                          Pa: 1.67e-09    Ba: 1.67e-09      Hb: 1.67e-09   La: 2.52e-07     1r:1.093E-04  1.8:1.50E-03 4.:4.339E-04

 Old, new H  1 continuum optical depths:
     1 9.97e+07     2 1.00e-20     3 1.00e-20     4 1.00e-20     5 1.00e-20     6 1.00e-20     7 1.00e-20     8 1.00e-20
     9 1.00e-20    10 1.00e-20    11 1.00e-20    12 1.00e-20    13 1.00e-20    14 1.00e-20    15 1.00e-20    16 1.00e-20
    17 1.00e-20    18 1.00e-20    19 1.00e-20    20 1.00e-20    21 1.00e-20    22 1.00e-20    23 1.00e-20    24 1.00e-20
    25 1.00e-20    26 1.00e-20    27 1.00e-20    28 1.00e-20    29 1.00e-20    30 1.00e-20    31 1.00e-20    32 1.00e-20
    33 1.00e-20    34 1.00e-20    35 1.00e-20    36 1.00e-20    37 1.00e-20    38 1.00e-20    39 1.00e-20    40 1.00e-20
    41 1.00e-20    42 1.00e-20    43 1.00e-20    44 1.00e-20    45 1.00e-20    46 1.00e-20    47 1.00e-20    48 1.00e-20
    49 1.00e-20    50 1.00e-20    51 1.00e-20    52 1.00e-20    53 1.00e-20    54 1.00e-20
     1 1.09e-04     2 1.38e-11     3 7.21e-12     4 7.21e-12     5 7.21e-12     6 1.79e-12     7 1.79e-12     8 1.79e-12
     9 1.79e-12    10 3.87e-16    11 3.87e-16    12 3.87e-16    13 3.87e-16    14 3.87e-16    15 6.86e-16    16 6.86e-16
    17 6.86e-16    18 6.86e-16    19 6.86e-16    20 6.86e-16    21 1.26e-15    22 1.26e-15    23 1.26e-15    24 1.26e-15
    25 1.26e-15    26 1.26e-15    27 1.26e-15    28 2.33e-15    29 2.33e-15    30 2.33e-15    31 2.33e-15    32 2.33e-15
    33 2.33e-15    34 2.33e-15    35 2.33e-15    36 4.19e-15    37 4.19e-15    38 4.19e-15    39 4.19e-15    40 4.19e-15
    41 4.19e-15    42 4.19e-15    43 4.19e-15    44 4.19e-15    45 7.15e-15    46 7.15e-15    47 7.15e-15    48 7.15e-15
    49 7.15e-15    50 7.15e-15    51 7.15e-15    52 7.15e-15    53 7.15e-15    54 7.15e-15

 Old, new H  1 mean line optical depths:
  2- 1 1.61e+20  3- 2 1.09e-01  4- 3 1.77e-20  5- 4 1.77e-20  6- 5 1.77e-20  7- 6 1.77e-20  8- 7 1.77e-20
  9- 8 1.77e-20 10- 9 1.77e-20
  2- 1 4.78e+00  3- 2 6.75e-07  4- 3 1.45e-11  5- 4 1.15e-11  6- 5 3.17e-11  7- 6 4.81e-11  8- 7 4.92e-11
  9- 8 4.34e-11 10- 9 6.95e-11

 Old, new He 2 continuum optical depths:
     1 3.44e+06     2 9.86e+07     3 1.00e-20     4 1.00e-20     5 1.00e-20     6 1.00e-20     7 1.00e-20     8 1.00e-20
     9 1.00e-20    10 1.00e-20    11 1.00e-20    12 1.00e-20    13 1.00e-20    14 1.00e-20    15 1.00e-20    16 1.00e-20
    17 1.00e-20    18 1.00e-20    19 1.00e-20    20 1.00e-20    21 1.00e-20    22 1.00e-20    23 1.00e-20    24 1.00e-20
    25 1.00e-20    26 1.00e-20    27 1.00e-20    28 1.00e-20    29 1.00e-20    30 1.00e-20    31 1.00e-20    32 1.00e-20
    33 1.00e-20    34 1.00e-20    35 1.00e-20    36 1.00e-20    37 1.00e-20    38 1.00e-20    39 1.00e-20    40 1.00e-20
    41 1.00e-20    42 1.00e-20    43 1.00e-20    44 1.00e-20    45 1.00e-20    46 1.00e-20    47 1.00e-20    48 1.00e-20
    49 1.00e-20    50 1.00e-20    51 1.00e-20    52 1.00e-20    53 1.00e-20    54 1.00e-20
     1 4.34e-04     2 1.08e-04     3 2.37e-09     4 2.37e-09     5 2.37e-09     6 1.38e-11     7 1.38e-11     8 1.38e-11
     9 1.38e-11    10 5.85e-12    11 5.85e-12    12 5.85e-12    13 5.85e-12    14 5.85e-12    15 7.21e-12    16 7.21e-12
    17 7.21e-12    18 7.21e-12    19 7.21e-12    20 7.21e-12    21 6.09e-12    22 6.09e-12    23 6.09e-12    24 6.09e-12
    25 6.09e-12    26 6.09e-12    27 6.09e-12    28 1.79e-12    29 1.79e-12    30 1.79e-12    31 1.79e-12    32 1.79e-12
    33 1.79e-12    34 1.79e-12    35 1.79e-12    36 2.27e-16    37 2.27e-16    38 2.27e-16    39 2.27e-16    40 2.27e-16
    41 2.27e-16    42 2.27e-16    43 2.27e-16    44 2.27e-16    45 3.87e-16    46 3.87e-16    47 3.87e-16    48 3.87e-16
    49 3.87e-16    50 3.87e-16    51 3.87e-16    52 3.87e-16    53 3.87e-16    54 3.87e-16

 Old, new He 2 mean line optical depths:
  2- 1 1.61e+19  3- 2 1.09e-02  4- 3 1.77e-20  5- 4 1.77e-20  6- 5 1.77e-20  7- 6 1.77e-20  8- 7 1.77e-20
  9- 8 1.77e-20 10- 9 1.77e-20
  2- 1 1.77e+00  3- 2 1.77e-20  4- 3 8.86e-21  5- 4 8.86e-21  6- 5 8.86e-21  7- 6 8.86e-21  8- 7 8.86e-21
  9- 8 8.86e-21 10- 9 8.86e-21

 Old He Is optical depths:    1 2.38e+07    2 1.00e-20    3 1.00e-20    4 1.00e-20    5 1.00e-20
 New He Is optical depths:    1 1.50e-03    2 3.06e-09    3 1.04e-11    4 1.24e-11    5 1.24e-11
          Old He Is Lines:  584 3.54e-20 3889 3.54e-20 5016 3.54e-20 5876 3.54e-20
          New He Is Lines:  584 2.20e+01 3889 9.56e-05 5016 1.28e-09 5876 1.05e-13

==== H      compounds ====           Log10 column densities [cm^-2]
   H2        : -0.505   H2*       :  2.139   H2+       :  4.534   H3+       : -8.926
==== D      compounds ====
   HD        : -2.049   HD*       : -2.165   HD+       : -0.229   H2D+      : -9.368   D2        : -6.551   D2+       : -5.511   HD2+      :-15.232   D3+       :-20.418
==== He     compounds ====
   HeH+      :  5.383   HeD+      : -0.171
==== Li     compounds ====
   LiH       : -8.180   LiH+      : -4.667   LiD       :-13.025   LiD+      : -9.449
==== C      compounds ====
   CH        : -4.055   CH+       :  0.066   CH2       :-16.904   CH2+      :-13.458   CH3       :-27.626   CH3+      :-29.023   CH4       :-35.930   CH4+      :-35.930
   CH5+      :-35.930   CD        : -8.847   CD+       : -4.717   CHD       :-19.842   CHD+      :-15.152   CH2D      :-31.396   CH2D+     :-32.692   CH3D      :-35.930
   CH3D+     :-35.930   CH4D+     :-35.930   C2        : -9.276   C2+       : -6.283   C2H       :-20.311   C2H+      :-21.451   C2H2      :-33.354   C2H2+     :-32.684
   C2H3+     :-35.930   C2D       :-25.111   C2D+      :-24.670   C2HD      :-35.930   C2HD+     :-35.930   C2H2D+    :-35.930   C3        :-35.930   C3+       :-25.784
   C3H       :-35.930   C3H+      :-35.930   C3D       :-35.930   C3D+      :-35.930
==== N      compounds ====
   NH        : -2.475   NH+       : -2.634   NH2       :-14.911   NH2+      :-15.286   NH3       :-26.747   NH3+      :-27.879   NH4+      :-35.930   ND        : -7.293
   ND+       : -6.972   NHD       :-19.643   NHD+      :-19.924   NH2D      :-31.473   NH2D+     :-32.847   NH3D+     :-35.930   CN        : -8.519   CN+       : -8.039
   HCN       :-21.327   HCN+      :-20.183   HNC       :-25.728   HCNH+     :-35.930   DCN       :-26.155   DCN+      :-24.007   DNC       :-28.931   DCNH+     :-35.930
   HCND+     :-35.930   HC3N      :-35.930   DC3N      :-35.930   N2        : -8.379   N2+       : -4.449   N2H+      :-33.764   N2D+      :-34.340
==== O      compounds ====
   OH        : -1.211   OH+       : -1.378   H2O       :-13.756   H2O+      :-14.127   H3O+      :-26.189   OD        : -6.046   OD+       : -5.723   HDO       :-18.548
   HDO+      :-18.711   H2DO+     :-30.966   CO        : -5.543   CO+       : -3.711   HCO+      :-12.297   H2CO      :-35.930   CH3OH     :-35.930   DCO+      :-17.088
   HDCO      :-35.930   CH2DOH    :-35.930   CH3OD     :-35.930   ^13CO     : -7.020   NO        :-10.041   NO+       : -8.462   HNO       :-21.526   HNO+      :-22.641
   DNO       :-26.051   DNO+      :-27.345   OCN       :-25.905   OCN+      :-25.781   N2O       :-28.534   O2        : -5.366   O2+       : -6.109   NO2       :-30.764
   NO2+      :-26.415
==== Ne     compounds ====
   NeH+      : -0.960   NeD+      : -6.460
==== Si     compounds ====
   SiH       :-16.039   SiH2+     :-15.743   SiD       :-17.707   SiHD+     :-17.401   SiC2      :-35.930   SiN       :-23.758   SiN+      : -8.793   SiO       : -7.916
   SiO+      : -4.302   SiOH+     :-20.878   SiOD+     :-24.098
==== S      compounds ====
   HS        :-12.873   HS+       : -7.802   DS        :-14.566   DS+       : -9.359   CS        :-12.832   CS+       : -8.974   HCS+      :-23.734   DCS+      :-25.489
   NS        :-13.994   NS+       : -9.285   SO        :-14.118   SO+       : -8.035   OCS       :-26.677   OCS+      :-27.440   SO2       :-35.930   S2        :-26.797
   S2+       :-28.089
==== Cl     compounds ====
   HCl       :-27.574   HCl+      : -9.202   H2Cl+     :-26.905   DCl       :-29.193   DCl+      :-10.759   HDCl+     :-28.219   CCl       :-35.930   CCl+      :-33.081
   H2CCl+    :-35.930   HDCCl+    :-35.930   ClO       :-35.930   ClO+      :-35.930
==== Ar     compounds ====
   ArH+      : -1.752   ArD+      : -6.049
==== Ti     compounds ====
   TiH       :-35.930   TiH+      :-35.930   TiH2      :-35.930   TiH2+     :-35.930   TiD       :-35.930   TiD+      :-35.930   TiHD      :-35.930   TiHD+     :-35.930
   TiC       :-35.930   TiC+      :-35.930   HCTi      :-35.930   HCTi+     :-35.930   DCTi      :-35.930   DCTi+     :-35.930   TiC2      :-35.930   TiC2+     :-35.930
   TiN       :-35.930   TiN+      :-35.930   HNTi      :-35.930   HNTi+     :-35.930   DNTi      :-35.930   DNTi+     :-35.930   TiNC      :-35.930   TiNC+     :-35.930
   TiO       :-35.930   TiO+      :-35.930   TiOH+     :-35.930   TiOD+     :-35.930   TiO2      :-35.930   TiF+      :-35.930   TiS       :-35.930   TiS+      :-35.930
   HTiS      :-35.930   DTiS      :-35.930


               1      2      3      4      5      6      7      8      9     10     11     12     13     14     15     16     17

 Hydrogen   13.238 15.390  2.140 (H2)                Log10 Column density (cm^-2)
 Helium     14.300 13.676-30.000
 Lithium     2.512  6.702-30.000-30.000
 Beryllium   0.870  4.412  4.593-30.000-30.000
 Boron       1.631  6.181  3.918-30.000-30.000-30.000
 Carbon      7.502 11.777  9.833-30.000-30.000-30.000-30.000
 Nitrogen    8.905 11.321  7.995-30.000-30.000-30.000-30.000-30.000
 Oxygen     10.015 12.079  7.241-30.000-30.000-30.000-30.000-30.000-30.000
 Fluorine    6.114  7.865  3.307-30.000-30.000-30.000-30.000-30.000-30.000-30.000
 Neon       10.407 11.345  5.484-30.000-30.000-30.000-30.000-30.000-30.000-30.000-30.000
 Sodium      6.660  9.723  2.215-30.000-30.000-30.000-30.000-30.000-30.000-30.000-30.000-30.000
 Magnesium   7.075 10.534 10.712-30.000-30.000-30.000-30.000-30.000-30.000-30.000-30.000-30.000-30.000
 Aluminium   4.958  9.844  8.481  4.451-30.000-30.000-30.000-30.000-30.000-30.000-30.000-30.000-30.000-30.000
 Silicon     6.193 10.842 10.210-30.000-30.000-30.000-30.000-30.000-30.000-30.000-30.000-30.000-30.000-30.000-30.000
 Phosphorus  4.439  8.843  7.973-30.000-30.000-30.000-30.000-30.000-30.000-30.000-30.000-30.000-30.000-30.000-30.000-30.000
 Sulphur     5.797 10.551  9.997-30.000-30.000-30.000-30.000-30.000-30.000-30.000-30.000-30.000-30.000-30.000-30.000-30.000-30.000
 Chlorine    4.554  8.626  7.693-30.000-30.000-30.000-30.000-30.000-30.000-30.000-30.000-30.000-30.000-30.000-30.000-30.000-30.000
-30.000
 Argon       7.210  9.736  8.870-30.000-30.000-30.000-30.000-30.000-30.000-30.000-30.000-30.000-30.000-30.000-30.000-30.000-30.000
-30.000-30.000
 Potassium   4.619  8.513  4.914-30.000-30.000-30.000-30.000-30.000-30.000-30.000-30.000-30.000-30.000-30.000-30.000-30.000-30.000
-30.000-30.000-30.000
 Calcium     3.296  7.707  9.749-30.000-30.000-30.000-30.000-30.000-30.000-30.000-30.000-30.000-30.000-30.000-30.000-30.000-30.000
-30.000-30.000-30.000-30.000
 Scandium    0.314  4.777  6.552  4.518-30.000-30.000-30.000-30.000-30.000-30.000-30.000-30.000-30.000-30.000-30.000-30.000-30.000
-30.000-30.000-30.000-30.000-30.000
 Titanium    3.198  7.605  8.340  5.530-30.000-30.000-30.000-30.000-30.000-30.000-30.000-30.000-30.000-30.000-30.000-30.000-30.000
-30.000-30.000-30.000-30.000-30.000-30.000
 Vanadium    2.272  6.047  7.373  3.545-30.000-30.000-30.000-30.000-30.000-30.000-30.000-30.000-30.000-30.000-30.000-30.000-30.000
-30.000-30.000-30.000-30.000-30.000-30.000-30.000
 Chromium    3.287  7.993  9.024  4.678-30.000-30.000-30.000-30.000-30.000-30.000-30.000-30.000-30.000-30.000-30.000-30.000-30.000
-30.000-30.000-30.000-30.000-30.000-30.000-30.000-30.000
 Manganese   4.594  8.469  8.620  3.615-30.000-30.000-30.000-30.000-30.000-30.000-30.000-30.000-30.000-30.000-30.000-30.000-30.000
-30.000-30.000-30.000-30.000-30.000-30.000-30.000-30.000-30.000
 Iron        6.155 10.590 10.488  6.538-30.000-30.000-30.000-30.000-30.000-30.000-30.000-30.000-30.000-30.000-30.000-30.000-30.000
-30.000-30.000-30.000-30.000-30.000-30.000-30.000-30.000-30.000-30.000
 Cobalt      4.141  7.473  8.245  3.761-30.000-30.000-30.000-30.000-30.000-30.000-30.000-30.000-30.000-30.000-30.000-30.000-30.000
-30.000-30.000-30.000-30.000-30.000-30.000-30.000-30.000-30.000-30.000-30.000
 Nickel      5.309  9.103  9.496  4.029-30.000-30.000-30.000-30.000-30.000-30.000-30.000-30.000-30.000-30.000-30.000-30.000-30.000
-30.000-30.000-30.000-30.000-30.000-30.000-30.000-30.000-30.000-30.000-30.000-30.000
 Copper      2.708  6.719  7.541  1.808-30.000-30.000-30.000-30.000-30.000-30.000-30.000-30.000-30.000-30.000-30.000-30.000-30.000
-30.000-30.000-30.000-30.000-30.000-30.000-30.000-30.000-30.000-30.000-30.000-30.000-30.000
 Zinc        4.727  7.954  6.922-30.000-30.000-30.000-30.000-30.000-30.000-30.000-30.000-30.000-30.000-30.000-30.000-30.000-30.000
-30.000-30.000-30.000-30.000-30.000-30.000-30.000-30.000-30.000-30.000-30.000-30.000-30.000-30.000
 Exc state    He1*  8.745   CII* 11.597   C11*  6.553   C12*  7.027   C13*  7.244   O11*  9.883   O12*  9.262   O13*  8.944
              Si2*-35.930   C30* -0.314   C31* -1.947   C32* -0.031


 Hydrogen   -2.155 -0.003-12.951 (H2)                 Log10 Mean Ionisation (over radius)
 Helium     -0.093 -0.717
 Lithium    -4.191 -0.000
 Beryllium  -3.943 -0.400 -0.220
 Boron      -4.552 -0.002 -2.265
 Carbon     -4.280 -0.005 -1.949
 Nitrogen   -2.418 -0.002 -3.328
 Oxygen     -2.068 -0.004 -4.842
 Fluorine   -1.759 -0.008 -4.566
 Neon       -0.986 -0.047 -5.909
 Sodium     -3.063 -0.000 -7.508
 Magnesium  -3.858 -0.400 -0.221
 Aluminium  -4.905 -0.018 -1.382 -5.411
 Silicon    -4.741 -0.091 -0.723
 Phosphorus -4.459 -0.055 -0.925
 Sulphur    -4.861 -0.107 -0.661
 Chlorine   -4.120 -0.048 -0.981
 Argon      -2.582 -0.057 -0.923
 Potassium  -3.895 -0.000 -3.600
 Calcium    -6.456 -2.046 -0.004
 Scandium   -6.249 -1.786 -0.011 -2.046
 Titanium   -5.217 -0.809 -0.074 -2.884
 Vanadium   -5.121 -1.345 -0.020 -3.848
 Chromium   -5.776 -1.070 -0.039 -4.385
 Manganese  -4.258 -0.383 -0.232 -5.237
 Iron       -4.688 -0.253 -0.355 -4.305
 Cobalt     -4.172 -0.840 -0.068 -4.552
 Nickel     -4.335 -0.541 -0.148 -5.615
 Copper     -4.895 -0.883 -0.061 -5.794
 Zinc       -3.265 -0.039 -1.070

               1      2      3      4      5      6      7      8      9     10     11     12     13     14     15     16     17

 Hydrogen   -2.155 -0.003-12.951 (H2)         Log10 Mean Ionisation (over radius*electron density)
 Helium     -0.093 -0.717
 Lithium    -4.191 -0.000
 Beryllium  -3.943 -0.400 -0.220
 Boron      -4.552 -0.002 -2.265
 Carbon     -4.280 -0.005 -1.949
 Nitrogen   -2.418 -0.002 -3.328
 Oxygen     -2.068 -0.004 -4.842
 Fluorine   -1.759 -0.008 -4.566
 Neon       -0.986 -0.047 -5.909
 Sodium     -3.063 -0.000 -7.508
 Magnesium  -3.858 -0.400 -0.221
 Aluminium  -4.905 -0.018 -1.382 -5.411
 Silicon    -4.741 -0.091 -0.723
 Phosphorus -4.459 -0.055 -0.925
 Sulphur    -4.861 -0.107 -0.661
 Chlorine   -4.120 -0.048 -0.981
 Argon      -2.582 -0.057 -0.923
 Potassium  -3.895 -0.000 -3.600
 Calcium    -6.456 -2.046 -0.004
 Scandium   -6.249 -1.786 -0.011 -2.046
 Titanium   -5.217 -0.809 -0.074 -2.884
 Vanadium   -5.121 -1.345 -0.020 -3.848
 Chromium   -5.776 -1.070 -0.039 -4.385
 Manganese  -4.258 -0.383 -0.232 -5.237
 Iron       -4.688 -0.253 -0.355 -4.305
 Cobalt     -4.172 -0.840 -0.068 -4.552
 Nickel     -4.335 -0.541 -0.148 -5.615
 Copper     -4.895 -0.883 -0.061 -5.794
 Zinc       -3.265 -0.039 -1.070

               1      2      3      4      5      6      7      8      9     10     11     12     13     14     15     16     17

 Hydrogen    3.558  3.558  3.558 (H2)                  Log10 Mean Temperature (over radius)
 Helium      3.558  3.558
 Lithium     3.558  3.558
 Beryllium   3.558  3.558  3.558
 Boron       3.558  3.558  3.558
 Carbon      3.558  3.558  3.558
 Nitrogen    3.558  3.558  3.558
 Oxygen      3.558  3.558  3.558
 Fluorine    3.558  3.558  3.558
 Neon        3.558  3.558  3.558
 Sodium      3.558  3.558  3.558
 Magnesium   3.558  3.558  3.558
 Aluminium   3.558  3.558  3.558  3.558
 Silicon     3.558  3.558  3.558
 Phosphorus  3.558  3.558  3.558
 Sulphur     3.558  3.558  3.558
 Chlorine    3.558  3.558  3.558
 Argon       3.558  3.558  3.558
 Potassium   3.558  3.558  3.558
 Calcium     3.558  3.558  3.558
 Scandium    3.558  3.558  3.558  3.558
 Titanium    3.558  3.558  3.558  3.558
 Vanadium    3.558  3.558  3.558  3.558
 Chromium    3.558  3.558  3.558  3.558
 Manganese   3.558  3.558  3.558  3.558
 Iron        3.558  3.558  3.558  3.558
 Cobalt      3.558  3.558  3.558  3.558
 Nickel      3.558  3.558  3.558  3.558
 Copper      3.558  3.558  3.558  3.558
 Zinc        3.558  3.558  3.558

               1      2      3      4      5      6      7      8      9     10     11     12     13     14     15     16     17

 Hydrogen    3.558  3.558  3.558 (H2)          Log10 Mean Temperature (over radius*electron density)
 Helium      3.558  3.558
 Lithium     3.558  3.558
 Beryllium   3.558  3.558  3.558
 Boron       3.558  3.558  3.558
 Carbon      3.558  3.558  3.558
 Nitrogen    3.558  3.558  3.558
 Oxygen      3.558  3.558  3.558
 Fluorine    3.558  3.558  3.558
 Neon        3.558  3.558  3.558
 Sodium      3.558  3.558  3.558
 Magnesium   3.558  3.558  3.558
 Aluminium   3.558  3.558  3.558  3.558
 Silicon     3.558  3.558  3.558
 Phosphorus  3.558  3.558  3.558
 Sulphur     3.558  3.558  3.558
 Chlorine    3.558  3.558  3.558
 Argon       3.558  3.558  3.558
 Potassium   3.558  3.558  3.558
 Calcium     3.558  3.558  3.558
 Scandium    3.558  3.558  3.558  3.558
 Titanium    3.558  3.558  3.558  3.558
 Vanadium    3.558  3.558  3.558  3.558
 Chromium    3.558  3.558  3.558  3.558
 Manganese   3.558  3.558  3.558  3.558
 Iron        3.558  3.558  3.558  3.558
 Cobalt      3.558  3.558  3.558  3.558
 Nickel      3.558  3.558  3.558  3.558
 Copper      3.558  3.558  3.558  3.558
 Zinc        3.558  3.558  3.558

               1      2      3      4      5      6      7      8      9     10     11     12     13     14     15     16     17
 Spectrum of Orion star HR1886 using Tlusty  

---------------Convergence statistics---------------
      1.63 mean iterations/state convergence
      1.81 mean cx acceleration loops/iteration
         1 mean iso convergence loops/ion solve
         1 mean steps/chemistry solve
         1 mean step length searches/chemistry step
----------------------------------------------------

 Cloudy ends: 1 zone, 1 iteration, 3 cautions. (single thread) ExecTime(s) 10.63
 [Stop in cdMain at maincl.cpp:516, Cloudy exited OK]
