                                                         Cloudy 13.01.01
                                                         www.nublado.org

                       **************************************13Jan01**************************************
                       *                                                                                 *
                       * title Spectrum of Orion star iotaB using Tlusty                                 *
                       * table star tlusty OBstar 3-dim 21000 g=3.87 z=-0.1                              *
                       * c<< 3-dim OBstar model  509 read.    Teff=  21000 log(g)= 3.75 log(Z)=-0.30 >>> *
                       * c<< 3-dim OBstar model  510 read.    Teff=  21000 log(g)= 4.00 log(Z)=-0.30 >>> *
                       * c<< 3-dim OBstar model  293 read.    Teff=  21000 log(g)= 3.75 log(Z)= 0.00 >>> *
                       * c<< 3-dim OBstar model  294 read.    Teff=  21000 log(g)= 4.00 log(Z)= 0.00 >>> *
                       * c<< FINAL:    Teff =   21000   log(g) =  3.87   log(Z) = -0.10              >>> *
                       * luminosity total solar 4.09                                                     *
                       * hden 4                                                                          *
                       * radius 17                                                                       *
                       * stop zone 1                                                                     *
                       * save continuum file="iotaB.cont"                                                *
                       *                                                                                 *
                       ***********************************************************************************



Warning: duplicate species HD - using first one
Warning: duplicate species HD+ - using first one
Warning: duplicate species H2D+ - using first one
Warning: duplicate species HeD+ - using first one
Warning: duplicate reaction CH,O=>H,CO -- using new version
Warning: duplicate reaction e-,CH2+=>H,CH -- using new version
Warning: duplicate reaction e-,CH2+=>H2,C -- using new version
Warning: duplicate reaction e-,CH3+=>H,H2,C -- using new version
Warning: duplicate reaction e-,CH3+=>H,CH2 -- using new version
Warning: duplicate reaction e-,CH3+=>H2,CH -- using new version
Warning: duplicate reaction e-,CO+=>C,O -- using new version
Warning: duplicate reaction H,CH=>H2,C -- using new version
Warning: duplicate reaction H2,CO+=>H,HCO+ -- using new version
Warning: duplicate reaction H2,CH2+=>H,CH3+ -- using new version
Warning: duplicate reaction H2,C+=>PHOTON,CH2+ -- using new version
Warning: duplicate reaction C2,N=>C,CN -- using new version
Warning: duplicate reaction C+,CH=>H,C2+ -- using new version
Warning: duplicate reaction C+,CH=>C,CH+ -- using new version
Warning: duplicate reaction CH3+,O=>H2,HCO+ -- using new version
Warning: duplicate reaction CH,N=>H,CN -- using new version
Warning: duplicate reaction C+,NH=>H,CN+ -- using new version
Warning: duplicate reaction e-,HCO+=>H,CO -- using new version
Warning: duplicate reaction CRPHOT,C=>e-,C+ -- using new version
Warning: duplicate reaction C+,OH=>H,CO+ -- using new version
Warning: duplicate reaction C+,OH=>H+,CO -- using new version
Warning: duplicate reaction e-,D+=>PHOTON,D -- using new version
Warning: duplicate reaction H+,D=>H,D+ -- using new version
Warning: duplicate reaction H,D+=>H+,D -- using new version
Warning: duplicate reaction H,D+=>PHOTON,HD+ -- using new version
Warning: duplicate reaction H+,D=>PHOTON,HD+ -- using new version
Warning: duplicate reaction e-,HD+=>H,D -- using new version
Warning: duplicate reaction H,HD+=>H+,HD -- using new version
Warning: duplicate reaction H,D=>PHOTON,HD -- using new version
Warning: duplicate reaction H,D=>PHOTON,HD -- using new version
Warning: duplicate reaction H2,D+=>H+,HD -- using new version
Warning: duplicate reaction H+,HD=>H2,D+ -- using new version
Warning: duplicate reaction H2,D=>H,HD -- using new version
Warning: duplicate reaction D+,He=>PHOTON,HeD+ -- using new version
Warning: duplicate reaction H2+,D=>H2,D+ -- using new version
Warning: duplicate reaction H-,Li+=>H,Li -- using new version
           3937CellPeak1.00E+00   Lo 1.00e-08=910.79cm   Hi-Con:3.53E+00 Ryd   E(hi):7.35E+06Ryd     E(hi):     100.01 MeV
           L(nu>1ryd):  34.2349   Average nu:1.118E+00   L( X-ray):   0.0000   L(BalC):  37.6177     Q(Balmer C):  48.5447
           Q(1.0-1.8):  44.8478   Q(1.8-4.0):  41.2107   Q(4.0-20):   0.0000   Q(20--):   0.0000     Ion pht flx:5.607E+09
           L(gam ray):   0.0000   Q(gam ray):   0.0000   L(Infred):  36.7465   Alf(ox):   0.0000     Total lumin:  37.6727
           log L/Lsun:   4.0899   Abs bol mg:  -5.4747   Abs V mag:  -3.3264   Bol cor:  -2.1483     nuFnu(Bbet):  36.7668
           U(1.0----):1.870E-05   U(4.0----):0.000E+00   T(En-Den):3.585E+01   T(Comp):2.209E+04     nuJnu(912A):9.946E-01
           Occ(FarIR):7.907E-05   Occ(H n=6):2.530E-11   Occ(1Ryd):4.572E-17   Occ(4R):1.703E-31     Occ (Nu-hi):2.774E-29
           Tbr(FarIR):1.253E-07   Tbr(H n=6):1.109E-07   Tbr(1Ryd):7.227E-12   Tbr(4R):1.076E-25     Tbr (Nu-hi):1.544E-23
  
                                                  Gas Phase Chemical Composition
        H :  0.0000  He: -1.0000  Li: -8.6904  Be:-10.5800  B : -9.2097  C : -3.6108  N : -4.0701  O : -3.3098  F : -7.5200
        Ne: -4.0000  Na: -5.6696  Mg: -4.4597  Al: -5.5302  Si: -4.4597  P : -6.4949  S : -4.7352  Cl: -6.7190  Ar: -5.6003
        K : -6.8794  Ca: -5.6402  Sc: -8.8297  Ti: -6.9788  V : -8.0000  Cr: -6.3298  Mn: -6.5406  Fe: -4.5498  Co: -7.0799
                                               Ni: -5.7496  Cu: -7.7905  Zn: -7.4001
 
 ####  1  Te:2.715E+03 Hden:1.000E+04 Ne:7.769E+03 R:1.000E+17 R-R0:5.259E+10 dR:1.052E+11 NTR: 18 Htot:1.269E-16 T912: 1.50e-03###
 Hydrogen      2.26e-01 7.74e-01 H+o/Hden 1.00e+00 2.89e-09 H-    H2 3.36e-10 4.57e-10 H2+ HeH+ 4.02e-11 Ho+ ColD 2.38e+14 8.14e+14
 Deuterium     2.26e-01 7.74e-01 D+o/Dden 1.00e+00 2.95e-09 D-    HD 1.70e-09 7.22e-10 HD+ HeD+ 5.76e-12 Do+ ColD 3.92e+09 1.34e+10
 Helium        9.99e-01 1.35e-03 0.00e+00 HeI 2s3S 2.83e-08 Comp H,C 2.88e-23 3.54e-24 Fill Fac 1.00e+00 Gam1/tot 1.00e+00
 He singlet n  9.99e-01 6.37e-14 2.00e-19 1.29e-20 7.13e-20 1.47e-20 He tripl 2.83e-08 1.30e-18 1.51e-20 1.79e-19 4.00e-20
 Pressure      NgasTgas 5.10e+07 P(total) 7.04e-09 P( gas ) 7.04e-09 P(Radtn) 2.12e-13 Rad accl 1.04e-03 ForceMul 3.83e+05
 Texc(La)      3.71e+03 T(I con) 3.58e+01 T(D con) 2.38e+00 T(U tot) 3.58e+01 nT (c+d) 9.24e+06 Prad/Gas 3.02e-05 Pmag/Gas 0.00e+00
 Molecules     CH/Ctot: 6.06e-14 CH+/Ctot 7.95e-11 CO/Ctot: 5.55e-14 CO+/Ctot 1.57e-14 H2O/Otot 4.62e-21 OH/Ototl 1.69e-10
 Lithium       1.93e-04 1.00e+00 0.00e+00 0.00e+00 Berylliu 9.25e-04 9.85e-01 1.42e-02 0.00e+00 0.00e+00 sec ion: 0.00e+00
 Boron         8.42e-05 1.00e+00 1.37e-05 0.00e+00 0.00e+00 0.00e+00
 Carbon        1.91e-04 1.00e+00 8.30e-05 0.00e+00 0.00e+00 0.00e+00 0.00e+00 H2O+/O   9.14e-22 OH+/Otot 9.09e-11 Hex(tot) 0.00e+00
 Nitrogen      1.18e-01 8.82e-01 8.72e-08 0.00e+00 0.00e+00 0.00e+00 0.00e+00 0.00e+00 O2/Ototl 6.97e-15 O2+/Otot 1.38e-15
 Oxygen        2.77e-01 7.23e-01 2.59e-09 0.00e+00 0.00e+00 0.00e+00 0.00e+00 0.00e+00 0.00e+00
 Fluorine      6.41e-01 3.59e-01 1.99e-08 0.00e+00 0.00e+00 0.00e+00 0.00e+00 0.00e+00 0.00e+00 0.00e+00
 Neon          9.58e-01 4.23e-02 5.45e-11 0.00e+00 0.00e+00 0.00e+00 0.00e+00 0.00e+00 0.00e+00 0.00e+00 0.00e+00
 Sodium        2.82e-03 9.97e-01 6.75e-12 0.00e+00 0.00e+00 0.00e+00 0.00e+00 0.00e+00 0.00e+00 0.00e+00 0.00e+00 0.00e+00
 Magnesium     9.59e-04 9.75e-01 2.36e-02 0.00e+00 0.00e+00 0.00e+00 0.00e+00 0.00e+00 0.00e+00 0.00e+00 0.00e+00 0.00e+00 0.00e+00
 Aluminium  0  2.86e-05 1.00e+00 3.49e-04 0.00e+00 0.00e+00 0.00e+00 0.00e+00 0.00e+00 0.00e+00 0.00e+00 0.00e+00 0.00e+00 0.00e+00
 Silicon    0  7.10e-05 1.00e+00 1.86e-04 0.00e+00 0.00e+00 0.00e+00 0.00e+00 0.00e+00 0.00e+00 0.00e+00 0.00e+00 0.00e+00 0.00e+00
 Phosphorus 0  1.20e-04 9.99e-01 1.03e-03 0.00e+00 0.00e+00 0.00e+00 0.00e+00 0.00e+00 0.00e+00 0.00e+00 0.00e+00 0.00e+00 0.00e+00
 Sulphur    0  5.80e-05 9.99e-01 1.31e-03 0.00e+00 0.00e+00 0.00e+00 0.00e+00 0.00e+00 0.00e+00 0.00e+00 0.00e+00 0.00e+00 0.00e+00
 Chlorine   0  5.69e-04 9.99e-01 5.60e-04 0.00e+00 0.00e+00 0.00e+00 0.00e+00 0.00e+00 0.00e+00 0.00e+00 0.00e+00 0.00e+00 0.00e+00
 Argon      0  1.60e-01 8.39e-01 6.96e-04 0.00e+00 0.00e+00 0.00e+00 0.00e+00 0.00e+00 0.00e+00 0.00e+00 0.00e+00 0.00e+00 0.00e+00
 Potassium  0  3.90e-04 1.00e+00 6.27e-07 0.00e+00 0.00e+00 0.00e+00 0.00e+00 0.00e+00 0.00e+00 0.00e+00 0.00e+00 0.00e+00 0.00e+00
 Calcium    0  4.33e-06 3.99e-02 9.60e-01 0.00e+00 0.00e+00 0.00e+00 0.00e+00 0.00e+00 0.00e+00 0.00e+00 0.00e+00 0.00e+00 0.00e+00
 Scandium   0  2.23e-05 2.12e-01 7.88e-01 3.02e-05 0.00e+00 0.00e+00 0.00e+00 0.00e+00 0.00e+00 0.00e+00 0.00e+00 0.00e+00 0.00e+00
 Titanium   0  8.37e-05 9.25e-01 7.48e-02 0.00e+00 0.00e+00 0.00e+00 0.00e+00 0.00e+00 0.00e+00 0.00e+00 0.00e+00 0.00e+00 0.00e+00
 Vanadium   0  5.04e-04 7.18e-01 2.82e-01 0.00e+00 0.00e+00 0.00e+00 0.00e+00 0.00e+00 0.00e+00 0.00e+00 0.00e+00 0.00e+00 0.00e+00
 Chromium   0  6.10e-05 9.73e-01 2.72e-02 0.00e+00 0.00e+00 0.00e+00 0.00e+00 0.00e+00 0.00e+00 0.00e+00 0.00e+00 0.00e+00 0.00e+00
 Manganese  0  1.87e-04 9.98e-01 2.28e-03 0.00e+00 0.00e+00 0.00e+00 0.00e+00 0.00e+00 0.00e+00 0.00e+00 0.00e+00 0.00e+00 0.00e+00
 Iron       0  7.23e-05 9.99e-01 4.37e-04 0.00e+00 0.00e+00 0.00e+00 0.00e+00 0.00e+00 0.00e+00 0.00e+00 0.00e+00 0.00e+00 0.00e+00
 Cobalt     0  1.34e-03 9.95e-01 3.16e-03 0.00e+00 0.00e+00 0.00e+00 0.00e+00 0.00e+00 0.00e+00 0.00e+00 0.00e+00 0.00e+00 0.00e+00
 Nickel     0  2.63e-04 9.99e-01 1.14e-03 0.00e+00 0.00e+00 0.00e+00 0.00e+00 0.00e+00 0.00e+00 0.00e+00 0.00e+00 0.00e+00 0.00e+00
 Copper     0  3.14e-04 9.56e-01 4.41e-02 0.00e+00 0.00e+00 0.00e+00 0.00e+00 0.00e+00 0.00e+00 0.00e+00 0.00e+00 0.00e+00 0.00e+00
 Zinc       0  1.76e-03 9.97e-01 8.24e-04 0.00e+00 0.00e+00 0.00e+00 0.00e+00 0.00e+00 0.00e+00 0.00e+00 0.00e+00 0.00e+00 0.00e+00
    Spectrum of Orion star iotaB using Tlusty  
   Calculation stopped because lowest Te reached. Iteration 1 of 1
   The geometry is plane-parallel.
 C-I must iterate when save continuum output is done.
 C-The H Lyman continuum is thin, and I assumed that it was thick.  Use the ITERATE command to do more iterations.
 C-The He I continuum is thin and I assumed that it was thick.  Use the ITERATE command to do more iterations.
  !The code needs to be fixed - search for fixit().
  !Continuum fluorescent production of H-beta was very important.
  !Test code is in place.
  !Charge transfer ionization of H reached 15.9% of the local H ionization rate.
  !Destruction of He 2TriS reached 16.0% of the total He0 dest rate at zone 1, 16.0% of that was photoionization.
  !AGE: Cloud age was not set.  Longest timescale was 1.96e+08 s = 6.20e+00 years.
  !The excitation temp of Lya exceeded the electron temp, largest value was 3.71e+03K (gas temp there was 2.72e+03K, zone   1)
  !The CMB was not included.  This is added with the CMB command.
   The density is too low to l-mix the lowest H  I collapsed level.  More resolved levels are needed for accurate line ratios.
   The density is too low to l-mix the lowest He I collapsed level.  More resolved levels are needed for accurate line ratios.
   Grains were not present but might survive in this environment (energy density temperature was 3.58e+01K)

                       ********************************> Cloudy 13.01.01 <********************************
                       * title Spectrum of Orion star iotaB using Tlusty                                 *
                       * table star tlusty OBstar 3-dim 21000 g=3.87 z=-0.1                              *
                       * luminosity total solar 4.09                                                     *
                       * hden 4                                                                          *
                       * radius 17                                                                       *
                       * stop zone 1                                                                     *
                       * save continuum file="iotaB.cont"                                                *
                       *********************************> Log(U): -4.73 <*********************************
                       >>>>>>>>>> Cautions are present.
                       >>>>>>>>>> Another iteration is needed.  Use the ITERATE command.

                     Emission Line Spectrum.   Constant  Density Model.    Open geometry.  Iteration 1 of 1.
                                    Luminosity (erg/s) emitted by a shell with full coverage.


                                                   Intrinsic line intensities
 general properties..............      nFnu 2052.68A   30.902    1.4520      H  1       0    30.947    1.6092
 TOTL 4861.36A   30.740    1.0000      nInu 2052.68A   37.412 4700866.0      H  1 1215.68A   33.217  299.4197
 TOTL 1215.68A   33.217  299.4197      nFnu 1793.44A   31.000    1.8189      H  1 1025.73A   32.704   91.8895
 Inci       0    37.673 8558337.0      nInu 1793.44A   37.520 6017667.0      H  1 972.543A   32.137   24.9220
 TotH       0    30.225    0.3050      nFnu 1585.12A   31.064    2.1070      H  1 949.749A   32.136   24.8558
 TotC       0    30.225    0.3049      nInu 1585.12A   37.552 6484801.5      H  1 937.809A   31.790   11.2047
 BFH1       0    30.223    0.3039      nFnu 1458.33A   31.077    2.1706      H  1 930.754A   31.213    2.9673
 H FB       0    29.396    0.0452      nInu 1458.33A   37.635 7844588.5      H  1 926.231A   30.710    0.9323
 HFBc       0    29.396    0.0452      nFnu 1356.96A   31.038    1.9836      H  1 923.156A   30.561    0.6618
 Ar 2       0    28.467    0.0053      nInu 1356.96A   37.705 9220563.0      H  1 920.969A   30.182    0.2764
 Sc 3       0    29.942    0.1592      nFnu 1297.29A   30.938    1.5768      H  1 6562.85A   31.270    3.3835
 Si 2       0    28.460    0.0052      nInu 1297.29A   37.721 9558158.0      H  1 4861.36A   30.740    1.0000
 Ni 2       0    28.214    0.0030      nFnu 1262.79A   30.761    1.0489      H  1 4340.49A   30.694    0.8979
 continua........................      nInu 1262.79A   37.723 9620183.0      H  1 4101.76A   30.348    0.4055
 Bac  3646.00A   31.016    1.8863      nFnu 1218.08A   31.674    8.5759      H  1 3970.09A   29.788    0.1117
 nFnu 3645.00A   31.107    2.3276      nInu 1218.08A   37.139 2501527.2      H  1 3889.07A   29.313    0.0374
 nFnu 3647.00A   30.385    0.4413      nFnu 1196.33A   30.303    0.3655      H  1 3835.40A   29.164    0.0265
 cout 3646.00A   30.715    0.9432      nInu 1196.33A   37.721 9574565.0      H  1 3797.92A   28.830    0.0123
 cref 3646.00A   30.715    0.9432      nFnu 1175.06A   29.327    0.0386      H  1 1.87511m   29.830    0.1229
 thin 3646.00A   31.016    1.8863      nInu 1175.06A   37.500 5748668.0      H  1 1.28181m   29.820    0.1201
 Inci 4860.00A   36.767 1063020.0      nFnu 1143.64A   29.066    0.0212      H  1 1.09381m   29.514    0.0593
 Inci 1215.00A   37.140 2511415.0      nInu 1143.64A   37.721 9566025.0      H  1 1.00494m   29.002    0.0183
 Ba C       0    29.854    0.1298      nFnu 1113.22A   28.922    0.0152      H  1 9545.99A   28.584    0.0070
 PA C       0    29.478    0.0546      nInu 1113.22A   37.781 *********      H  1 9229.03A   28.442    0.0050
 FIR  83.0000m   30.929    1.5453      nFnu 1103.23A   29.042    0.0200      H  1 9014.92A   28.171    0.0027
 TIR  1800.00m   27.741    0.0010      nInu 1103.23A   37.795 *********      H  1 4.05116m   29.144    0.0253
 NIRa 2.85000m   36.037 198028.69      nFnu 1073.86A   28.838    0.0125      H  1 2.62515m   28.924    0.0153
 NIRb 3.00000m   35.620 75736.133      nInu 1073.86A   37.776 *********      H  1 2.16553m   28.492    0.0056
 MIRa 15.0000m   33.605  732.2113      nFnu 1064.34A   28.753    0.0103      H  1 1.94456m   28.141    0.0025
 MIRb 22.5000m   33.608  736.9470      nInu 1064.34A   37.737 9922388.0      H  1 1.81741m   28.001    0.0018
 NMIR 21.7500m   36.037 198028.69      nFnu 1035.92A   28.482    0.0055      H  1 1.73621m   27.777    0.0011
 TFIR 611.250m   29.481    0.0550      nInu 1035.92A   37.535 6233236.0      H  1 7.45781m   28.447    0.0051
 TALL 10000.0A   37.673 8558802.0      nFnu 1000.00A   28.644    0.0080      H  1 4.65250m   28.130    0.0025
 F12  12.0000m   32.838  125.3198      nInu 1000.00A   37.733 9826617.0      H  1 3.73953m   27.842    0.0013
 F25  25.0000m   31.763   10.5246      nInu 925.144A   36.055 206184.62      H  1 12.3685m   27.849    0.0013
 F60  60.0000m   30.871    1.3505      nFnu 897.800A   32.083   22.0096      He-like iso-sequence............
 F100 100.000m   29.808    0.1168      nInu 897.800A   35.057 20721.406      He 1 584.334A   29.208    0.0293
 MIPS 24.0000m   31.466    5.3205      nFnu 760.023A   27.769    0.0011      He 1 537.030A   28.295    0.0036
 MIPS 70.0000m   30.129    0.2447      nInu 760.023A   34.557 6562.6719      He 1 522.213A   27.869    0.0013
 MIPS 160.000m   28.988    0.0177      nInu 701.514A   34.255 3268.4326      Pho+ 3889.00A   29.165    0.0266
 IRAC 3.60000m   33.865 1332.4918      nInu 608.160A   33.636  787.2720      database lines..................
 IRAC 4.50000m   33.582  694.6953      nInu 575.146A   33.360  416.8413      Ar 2 6.98337m   28.467    0.0053
 IRAC 5.80000m   33.322  382.1089      nInu 511.948A   32.706   92.5035      Mg 1 2852.13A   28.394    0.0045
 IRAC 8.00000m   33.088  222.5141      nFnu 496.874A   28.588    0.0070      S  2 1259.52A   29.262    0.0332
 SPR1 250.000m   28.546    0.0064      nInu 496.874A   31.770   10.7096      S  2 1253.81A   29.090    0.0224
 SPR2 350.000m   28.119    0.0024      nInu 399.153A   30.085    0.2210      S  2 1250.58A   28.778    0.0109
 SPR3 500.000m   27.750    0.0010      RRC.............................      Sc 3 3.93446m   29.713    0.0938
 PAC1 70.0000m   30.189    0.2807      H  1 911.759A   30.737    0.9926      Sc 3 4.23041m   29.556    0.0655
 PAC2 100.000m   29.795    0.1135      H  1 3646.00A   29.321    0.0381      Si 2 1190.42A   30.246    0.3206
 PAC3 160.000m   29.258    0.0329      H  1 3646.00A   29.732    0.0982      Si 2 1193.29A   30.620    0.7586
 PAH  3.30000m   33.088  222.5668      H  1 8203.58A   28.542    0.0063      Si 2 1194.50A   30.968    1.6880
 PAHC 3.23000m   32.825  121.4819      H  1 8203.58A   29.006    0.0184      Si 2 1197.39A   30.335    0.3935
 PAHC 3.37000m   32.749  101.9292      H  1 8203.58A   29.013    0.0187      Si 2 1260.42A   30.994    1.7953
 PAH  6.20000m   32.726   96.8137      H  1 1.45842m   27.998    0.0018      Si 2 1264.74A   31.155    2.5980
 PAHC 5.65000m   32.872  135.3400      H  1 1.45842m   28.471    0.0054      Si 2 1265.00A   30.258    0.3292
 PAH  7.90000m   32.601   72.6191      H  1 1.45842m   28.591    0.0071      Si 2 1304.37A   29.843    0.1267
 PAHC 6.90000m   32.835  124.3743      H  1 1.45842m   28.376    0.0043      Si 2 1309.28A   30.075    0.2160
 PAH  11.3000m   31.582    6.9524      H  1 2.27878m   28.067    0.0021      Si 2 1526.71A   29.860    0.1317
 PAHC 10.9000m   31.645    8.0253      H  1 2.27878m   28.224    0.0030      Si 2 1533.43A   30.153    0.2589
 PAH  11.8000m   31.730    9.7641      H  1 2.27878m   28.161    0.0026      Si 2 1808.01A   28.263    0.0033
 PAHC 12.6500m   31.633    7.8061      H  1 2.27878m   27.786    0.0011      Si 2 1816.93A   28.332    0.0039
 PAH  13.3000m   31.604    7.3024      H  1 3.28144m   27.749    0.0010      Si 2 34.8046m   28.525    0.0061
 PAHC 14.1000m   31.503    5.7912      H  1 3.28144m   27.920    0.0015      Al 2 1670.79A   30.456    0.5196
 Bcon 3640.00A   37.618 7540843.0      H  1 3.28144m   27.917    0.0015      Mg 2 2802.71A   30.627    0.7700
 Pcon 5000.00A   36.687 884220.25      H  1 56.9694m   27.915    0.0015      Mg 2 2795.53A   30.916    1.4974
 HFFc       0    28.840    0.0126      grains..........................      Ni 2 6.63416m   28.155    0.0026
 H FF       0    28.838    0.0125      H-like iso-sequence.............      level 1 lines...................
 ToFF       0    28.839    0.0125      Ca B 1215.68A   30.972    1.7033      C  2 1335.00A   31.239    3.1494
 nInu 122.400m   29.951    0.1624      Q(H) 4861.36A   32.546   63.9082      N  1 953.900A   28.760    0.0105
 nFnu 60.8322m   27.799    0.0011      Q(H) 1215.68A   34.061 2093.4863      N  1 954.100A   27.843    0.0013
 nInu 60.8322m   30.860    1.3171      CaBo 4861.36A   29.477    0.0546      N  1 1200.00A   30.283    0.3488
 nFnu 41.2152m   27.987    0.0018      Ca A 1215.68A   30.860    1.3168      N  2 1085.00A   31.064    2.1052
 nInu 41.2152m   31.365    4.2102      Ca A 1025.73A   30.100    0.2291      O  1 63.1700m   27.855    0.0013
 nFnu 30.8695m   28.098    0.0023      Ca A 972.543A   29.670    0.0851      O  2 833.802A   28.679    0.0087
 nInu 30.8695m   31.739    9.9752      Ca A 949.749A   29.361    0.0417      Fe2c       0    29.587    0.0702
 nFnu 24.7829m   28.183    0.0028      Ca A 937.809A   29.118    0.0239      Fe 2 2400.00A   30.806    1.1645
 nInu 24.7829m   32.023   19.1797      Ca A 930.754A   28.918    0.0151      Fe 2 1080.00A   28.668    0.0085
 nFnu 24.2998m   28.189    0.0028      Ca A 926.231A   28.748    0.0102      Fe 2 1500.00A   27.923    0.0015
 nInu 24.2998m   32.049   20.3535      Ca A 923.156A   28.601    0.0072      Fe 2 2500.00A   28.299    0.0036
 nFnu 22.8302m   28.218    0.0030      Ca A 920.969A   28.471    0.0054      Fe 2 2300.00A   28.037    0.0020
 nInu 22.8302m   32.126   24.3240      Ca A 919.357A   28.358    0.0041      Fe 2 8900.00A   27.747    0.0010
 nFnu 21.4199m   28.238    0.0031      Ca A 918.135A   28.258    0.0033      Fe 2 25.9812m   28.908    0.0147
 nInu 21.4199m   32.210   29.5033      Ca A 917.186A   28.172    0.0027      Fe 2 5.33871m   28.133    0.0025
 nFnu 21.1235m   28.242    0.0032      Ca A 916.435A   28.097    0.0023      Fe 2 1.25668m   28.510    0.0059
 nInu 21.1235m   32.230   30.8463      Ca A 915.829A   28.032    0.0020      Fe 2 35.3390m   28.380    0.0044
 nFnu 19.6199m   28.275    0.0034      Ca A 915.335A   27.977    0.0017      Fe 2 1.32055m   27.932    0.0016
 nInu 19.6199m   32.320   37.9717      Ca A 914.925A   27.932    0.0016      Fe 2 17.9310m   28.885    0.0140
 nFnu 17.6534m   28.322    0.0038      Ca A 914.582A   27.896    0.0014      Fe 2 1.64355m   28.437    0.0050
 nInu 17.6534m   32.462   52.6324      Ca A 914.292A   27.870    0.0013      Fe 2 24.5126m   28.259    0.0033
 nFnu 17.3700m   28.327    0.0039      Ca A 914.044A   27.853    0.0013      Fe2b 10000.0A   29.057    0.0207
 nInu 17.3700m   32.481   55.0275      Ca A 913.831A   27.844    0.0013      Fe2b 1.88900m   28.044    0.0020
 nFnu 15.6901m   28.355    0.0041      Ca A 913.647A   27.839    0.0013      Fe 2 1786.00A   31.356    4.1235
 nInu 15.6901m   32.610   74.0350      Ca A 913.486A   27.838    0.0013      recombination...................
 nFnu 14.6036m   28.393    0.0045      Ca A 913.345A   27.837    0.0012      level2 lines....................
 nInu 14.6036m   32.700   91.1192      Ca A 6562.85A   29.812    0.1178      C  2 892.833A   29.039    0.0199
 nFnu 12.4300m   28.459    0.0052      Ca A 4861.36A   29.305    0.0367      C  2 688.791A   27.866    0.0013
 nInu 12.4300m   32.912  148.6141      Ca A 4340.49A   28.957    0.0165      C  2 1020.18A   30.831    1.2333
 nFnu 11.4000m   28.479    0.0055      Ca A 4101.76A   28.694    0.0090      N  1 942.258A   28.905    0.0146
 nInu 11.4000m   33.022  191.1807      Ca A 3970.09A   28.482    0.0055      N  1 952.118A   28.745    0.0101
 nFnu 10.4600m   28.531    0.0062      Ca A 3889.07A   28.303    0.0036      N  1 1131.12A   29.096    0.0227
 nInu 10.4600m   33.131  245.8992      Ca A 3835.40A   28.148    0.0026      N  2 907.079A   28.085    0.0022
 nFnu 9.48002m   28.551    0.0065      Ca A 3797.92A   28.011    0.0019      O  1 867.303A   27.895    0.0014
 nInu 9.48002m   33.260  330.6093      Ca A 3770.65A   27.889    0.0014      O  1 976.791A   29.600    0.0723
 nFnu 9.32488m   28.554    0.0065      Ca A 3750.17A   27.779    0.0011      O  1 969.049A   29.791    0.1123
 nInu 9.32488m   33.279  345.6188      Ca A 1.87511m   29.084    0.0221      O  1 946.387A   28.792    0.0113
 nFnu 8.21035m   28.621    0.0076      Ca A 1.28181m   28.709    0.0093      O  1 934.501A   28.602    0.0073
 nInu 8.21035m   33.446  507.5771      Ca A 1.09381m   28.425    0.0048      O  1 973.577A   28.275    0.0034
 nFnu 7.58000m   28.634    0.0078      Ca A 1.00494m   28.198    0.0029      O  1 927.472A   27.821    0.0012
 nInu 7.58000m   33.548  642.9147      Ca A 9545.99A   28.010    0.0019      O  1 948.506A   28.187    0.0028
 nFnu 7.05026m   28.704    0.0092      Ca A 9229.03A   27.848    0.0013      O  1 935.672A   27.981    0.0017
 nInu 7.05026m   33.638  790.3532      Ca A 4.05116m   28.521    0.0060      Mg 2 959.306A   28.018    0.0019
 nFnu 4.11370m   28.944    0.0160      Ca A 2.62515m   28.232    0.0031      Si 2 1179.59A   31.241    3.1654
 nInu 4.11370m   34.327 3862.4949      Ca A 2.16553m   27.995    0.0018      Si 2 993.354A   30.198    0.2870
 nFnu 2.32440m   29.059    0.0208      Ca A 1.94456m   27.798    0.0011      Si 2 1024.03A   29.066    0.0212
 nInu 2.32440m   35.047 20251.211      Ca A 7.45781m   28.053    0.0021      S  2 750.323A   27.988    0.0018
 nFnu 1.64313m   29.256    0.0328      Ca A 4.65250m   27.826    0.0012      S  2 888.439A   27.792    0.0011
 nInu 1.64313m   35.473 54079.836      Ca B 6562.85A   29.957    0.1646      Ar 1 1095.69A   28.921    0.0152
 nFnu 1.48022m   29.239    0.0315      Ca B 4861.36A   29.455    0.0518      P  2 1154.42A   28.657    0.0083
 nInu 1.48022m   35.603 72900.227      Ca B 4340.49A   29.108    0.0233      P  2 967.202A   28.725    0.0097
 nFnu 1.43649m   29.715    0.0944      Ca B 4101.76A   28.845    0.0127      P  2 963.828A   29.154    0.0259
 nInu 1.43649m   35.632 77857.828      Ca B 3970.09A   28.631    0.0078      Ti 2 3365.71A   28.095    0.0023
 nFnu 1.11867m   29.561    0.0662      Ca B 3889.07A   28.451    0.0051      Ti 2 3238.08A   27.950    0.0016
 nInu 1.11867m   35.935 156390.22      Ca B 3835.40A   28.296    0.0036      Ti 2 1907.36A   27.798    0.0011
 nFnu 8329.68A   29.599    0.0722      Ca B 3797.92A   28.160    0.0026      Cr 2 2060.44A   28.838    0.0125
 nInu 8329.68A   36.256 327809.22      Ca B 3770.65A   28.038    0.0020      Mn 2 2589.74A   29.016    0.0189
 nFnu 8078.61A   30.253    0.3258      Ca B 3750.17A   27.930    0.0015      Mn 2 1198.85A   28.772    0.0108
 nInu 8078.61A   36.290 354385.91      Ca B 3734.39A   27.832    0.0012      Co 2 1470.18A   27.823    0.0012
 nFnu 6209.66A   29.987    0.1765      Ca B 3721.96A   27.745    0.0010      Ni 2 1751.83A   28.959    0.0166
 nInu 6209.66A   36.589 706327.38      Ca B 1.87511m   29.120    0.0240      Ni 2 1744.24A   29.149    0.0256
 nFnu 4885.36A   30.108    0.2332      Ca B 1.28181m   28.753    0.0103      Ni 2 1484.97A   28.388    0.0044
 nInu 4885.36A   36.848 1280927.0      Ca B 1.09381m   28.473    0.0054      Ni 2 1472.74A   28.774    0.0108
 nFnu 3704.34A   30.369    0.4251      Ca B 1.00494m   28.250    0.0032      Ni 2 1400.37A   28.602    0.0073
 nInu 3704.34A   36.985 1756519.1      Ca B 9545.99A   28.063    0.0021      Ni 2 1375.73A   29.150    0.0257
 nFnu 3587.67A   31.043    2.0071      Ca B 9229.03A   27.903    0.0015      Ni 2 1324.11A   29.239    0.0316
 nInu 3587.67A   37.007 1848994.5      Ca B 9014.92A   27.762    0.0011      Zn 2 2038.17A   28.158    0.0026
 nFnu 2430.05A   30.762    1.0510      Ca B 4.05116m   28.542    0.0063      hyperfine structure.............
 nInu 2430.05A   37.310 3716443.2      Ca B 2.62515m   28.255    0.0033      inner shell.....................
 nFnu 2392.03A   30.774    1.0819      Ca B 2.16553m   28.020    0.0019      molecules.......................
 nInu 2392.03A   37.324 3831593.2      Ca B 1.94456m   27.825    0.0012      blends..........................
 nFnu 2071.34A   30.894    1.4260      Ca B 7.45781m   28.071    0.0021      Blnd 2798.00A   31.096    2.2674
 nInu 2071.34A   37.425 4841012.0      Ca B 4.65250m   27.844    0.0013      Blnd 1256.00A   29.563    0.0665

                                                    Emergent line intensities
 Caution: emergent intensities are not reliable on the first iteration.
 general properties..............      nFnu 1585.12A   31.064    2.1070      H  1 4340.49A   30.694    0.8979
 TOTL 4861.36A   30.740    1.0000      nInu 1585.12A   37.552 6484801.5      H  1 4101.76A   30.348    0.4055
 TOTL 1215.68A   33.217  299.4197      nFnu 1458.33A   31.077    2.1706      H  1 3970.09A   29.788    0.1117
 continua........................      nInu 1458.33A   37.635 7844588.5      H  1 3889.07A   29.313    0.0374
 Bac  3646.00A   31.016    1.8863      nFnu 1356.96A   31.038    1.9836      H  1 3835.40A   29.164    0.0265
 nFnu 3645.00A   31.107    2.3276      nInu 1356.96A   37.705 9220563.0      H  1 3797.92A   28.830    0.0123
 nFnu 3647.00A   30.385    0.4413      nFnu 1297.29A   30.938    1.5768      H  1 1.87511m   29.830    0.1229
 cout 3646.00A   30.715    0.9432      nInu 1297.29A   37.721 9558158.0      H  1 1.28181m   29.820    0.1201
 cref 3646.00A   30.715    0.9432      nFnu 1262.79A   30.761    1.0489      H  1 1.09381m   29.514    0.0593
 thin 3646.00A   31.016    1.8863      nInu 1262.79A   37.723 9620183.0      H  1 1.00494m   29.002    0.0183
 Inci 4860.00A   36.767 1063020.0      nFnu 1218.08A   31.674    8.5759      H  1 9545.99A   28.584    0.0070
 Inci 1215.00A   37.140 2511415.0      nInu 1218.08A   37.139 2501527.2      H  1 9229.03A   28.442    0.0050
 FIR  83.0000m   30.929    1.5453      nFnu 1196.33A   30.303    0.3655      H  1 9014.92A   28.171    0.0027
 TIR  1800.00m   27.741    0.0010      nInu 1196.33A   37.721 9574565.0      H  1 4.05116m   29.144    0.0253
 NIRa 2.85000m   36.037 198028.69      nFnu 1175.06A   29.327    0.0386      H  1 2.62515m   28.924    0.0153
 NIRb 3.00000m   35.620 75736.133      nInu 1175.06A   37.500 5748668.0      H  1 2.16553m   28.492    0.0056
 MIRa 15.0000m   33.605  732.2113      nFnu 1143.64A   29.066    0.0212      H  1 1.94456m   28.141    0.0025
 MIRb 22.5000m   33.608  736.9470      nInu 1143.64A   37.721 9566025.0      H  1 1.81741m   28.001    0.0018
 NMIR 21.7500m   36.037 198028.69      nFnu 1113.22A   28.922    0.0152      H  1 1.73621m   27.777    0.0011
 TFIR 611.250m   29.481    0.0550      nInu 1113.22A   37.781 *********      H  1 7.45781m   28.447    0.0051
 TALL 10000.0A   37.673 8558802.0      nFnu 1103.23A   29.042    0.0200      H  1 4.65250m   28.130    0.0025
 F12  12.0000m   32.838  125.3198      nInu 1103.23A   37.795 *********      H  1 3.73953m   27.842    0.0013
 F25  25.0000m   31.763   10.5246      nFnu 1073.86A   28.838    0.0125      H  1 12.3685m   27.849    0.0013
 F60  60.0000m   30.871    1.3505      nInu 1073.86A   37.776 *********      He-like iso-sequence............
 F100 100.000m   29.808    0.1168      nFnu 1064.34A   28.753    0.0103      He 1 584.334A   29.208    0.0293
 MIPS 24.0000m   31.466    5.3205      nInu 1064.34A   37.737 9922388.0      He 1 537.030A   28.295    0.0036
 MIPS 70.0000m   30.129    0.2447      nFnu 1035.92A   28.482    0.0055      He 1 522.213A   27.869    0.0013
 MIPS 160.000m   28.988    0.0177      nInu 1035.92A   37.535 6233236.0      Pho+ 3889.00A   29.165    0.0266
 IRAC 3.60000m   33.865 1332.4918      nFnu 1000.00A   28.644    0.0080      database lines..................
 IRAC 4.50000m   33.582  694.6953      nInu 1000.00A   37.733 9826617.0      Ar 2 6.98337m   28.467    0.0053
 IRAC 5.80000m   33.322  382.1089      nInu 925.144A   36.055 206184.62      Mg 1 2852.13A   28.394    0.0045
 IRAC 8.00000m   33.088  222.5141      nFnu 897.800A   32.083   22.0096      S  2 1259.52A   29.262    0.0332
 SPR1 250.000m   28.546    0.0064      nInu 897.800A   35.057 20721.406      S  2 1253.81A   29.090    0.0224
 SPR2 350.000m   28.119    0.0024      nFnu 760.023A   27.769    0.0011      S  2 1250.58A   28.778    0.0109
 SPR3 500.000m   27.750    0.0010      nInu 760.023A   34.557 6562.6719      Sc 3 3.93446m   29.713    0.0938
 PAC1 70.0000m   30.189    0.2807      nInu 701.514A   34.255 3268.4326      Sc 3 4.23041m   29.556    0.0655
 PAC2 100.000m   29.795    0.1135      nInu 608.160A   33.636  787.2720      Si 2 1190.42A   30.246    0.3206
 PAC3 160.000m   29.258    0.0329      nInu 575.146A   33.360  416.8413      Si 2 1193.29A   30.620    0.7586
 PAH  3.30000m   33.088  222.5668      nInu 511.948A   32.706   92.5035      Si 2 1194.50A   30.968    1.6880
 PAHC 3.23000m   32.825  121.4819      nFnu 496.874A   28.588    0.0070      Si 2 1197.39A   30.335    0.3935
 PAHC 3.37000m   32.749  101.9292      nInu 496.874A   31.770   10.7096      Si 2 1260.42A   30.994    1.7953
 PAH  6.20000m   32.726   96.8137      nInu 399.153A   30.085    0.2210      Si 2 1264.74A   31.155    2.5980
 PAHC 5.65000m   32.872  135.3400      RRC.............................      Si 2 1265.00A   30.258    0.3292
 PAH  7.90000m   32.601   72.6191      grains..........................      Si 2 1304.37A   29.843    0.1267
 PAHC 6.90000m   32.835  124.3743      H-like iso-sequence.............      Si 2 1309.28A   30.075    0.2160
 PAH  11.3000m   31.582    6.9524      Ca B 1215.68A   30.972    1.7033      Si 2 1526.71A   29.860    0.1317
 PAHC 10.9000m   31.645    8.0253      Q(H) 4861.36A   32.546   63.9082      Si 2 1533.43A   30.153    0.2589
 PAH  11.8000m   31.730    9.7641      Q(H) 1215.68A   34.061 2093.4863      Si 2 1808.01A   28.263    0.0033
 PAHC 12.6500m   31.633    7.8061      CaBo 4861.36A   29.471    0.0538      Si 2 1816.93A   28.332    0.0039
 PAH  13.3000m   31.604    7.3024      Ca A 1215.68A   30.860    1.3168      Si 2 34.8046m   28.525    0.0061
 PAHC 14.1000m   31.503    5.7912      Ca A 1025.73A   30.100    0.2291      Al 2 1670.79A   30.456    0.5196
 Bcon 3640.00A   37.618 7540843.0      Ca A 972.543A   29.670    0.0851      Mg 2 2802.71A   30.627    0.7700
 Pcon 5000.00A   36.687 884220.25      Ca A 949.749A   29.361    0.0417      Mg 2 2795.53A   30.916    1.4974
 nInu 122.400m   29.951    0.1624      Ca A 937.809A   29.118    0.0239      Ni 2 6.63416m   28.155    0.0026
 nFnu 60.8322m   27.799    0.0011      Ca A 930.754A   28.918    0.0151      level 1 lines...................
 nInu 60.8322m   30.860    1.3171      Ca A 926.231A   28.748    0.0102      C  2 1335.00A   31.239    3.1494
 nFnu 41.2152m   27.987    0.0018      Ca A 923.156A   28.601    0.0072      N  1 953.900A   28.760    0.0105
 nInu 41.2152m   31.365    4.2102      Ca A 920.969A   28.471    0.0054      N  1 954.100A   27.843    0.0013
 nFnu 30.8695m   28.098    0.0023      Ca A 919.357A   28.358    0.0041      N  1 1200.00A   30.283    0.3488
 nInu 30.8695m   31.739    9.9752      Ca A 918.135A   28.258    0.0033      N  2 1085.00A   31.064    2.1052
 nFnu 24.7829m   28.183    0.0028      Ca A 917.186A   28.172    0.0027      O  1 63.1700m   27.855    0.0013
 nInu 24.7829m   32.023   19.1797      Ca A 916.435A   28.097    0.0023      O  2 833.802A   28.679    0.0087
 nFnu 24.2998m   28.189    0.0028      Ca A 915.829A   28.032    0.0020      Fe 2 2400.00A   30.806    1.1645
 nInu 24.2998m   32.049   20.3535      Ca A 915.335A   27.977    0.0017      Fe 2 1080.00A   28.668    0.0085
 nFnu 22.8302m   28.218    0.0030      Ca A 914.925A   27.932    0.0016      Fe 2 1500.00A   27.923    0.0015
 nInu 22.8302m   32.126   24.3240      Ca A 914.582A   27.896    0.0014      Fe 2 2500.00A   28.299    0.0036
 nFnu 21.4199m   28.238    0.0031      Ca A 914.292A   27.870    0.0013      Fe 2 2300.00A   28.037    0.0020
 nInu 21.4199m   32.210   29.5033      Ca A 914.044A   27.853    0.0013      Fe 2 8900.00A   27.747    0.0010
 nFnu 21.1235m   28.242    0.0032      Ca A 913.831A   27.844    0.0013      Fe 2 25.9812m   28.908    0.0147
 nInu 21.1235m   32.230   30.8463      Ca A 913.647A   27.839    0.0013      Fe 2 5.33871m   28.133    0.0025
 nFnu 19.6199m   28.275    0.0034      Ca A 913.486A   27.838    0.0013      Fe 2 1.25668m   28.510    0.0059
 nInu 19.6199m   32.320   37.9717      Ca A 913.345A   27.837    0.0012      Fe 2 35.3390m   28.380    0.0044
 nFnu 17.6534m   28.322    0.0038      Ca A 6562.85A   29.812    0.1178      Fe 2 1.32055m   27.932    0.0016
 nInu 17.6534m   32.462   52.6324      Ca A 4861.36A   29.305    0.0367      Fe 2 17.9310m   28.885    0.0140
 nFnu 17.3700m   28.327    0.0039      Ca A 4340.49A   28.957    0.0165      Fe 2 1.64355m   28.437    0.0050
 nInu 17.3700m   32.481   55.0275      Ca A 4101.76A   28.694    0.0090      Fe 2 24.5126m   28.259    0.0033
 nFnu 15.6901m   28.355    0.0041      Ca A 3970.09A   28.482    0.0055      Fe2b 10000.0A   29.057    0.0207
 nInu 15.6901m   32.610   74.0350      Ca A 3889.07A   28.303    0.0036      Fe2b 1.88900m   28.044    0.0020
 nFnu 14.6036m   28.393    0.0045      Ca A 3835.40A   28.148    0.0026      Fe 2 1786.00A   31.356    4.1235
 nInu 14.6036m   32.700   91.1192      Ca A 3797.92A   28.011    0.0019      recombination...................
 nFnu 12.4300m   28.459    0.0052      Ca A 3770.65A   27.889    0.0014      level2 lines....................
 nInu 12.4300m   32.912  148.6141      Ca A 3750.17A   27.779    0.0011      C  2 892.833A   29.039    0.0199
 nFnu 11.4000m   28.479    0.0055      Ca A 1.87511m   29.084    0.0221      C  2 688.791A   27.866    0.0013
 nInu 11.4000m   33.022  191.1807      Ca A 1.28181m   28.709    0.0093      C  2 1020.18A   30.831    1.2333
 nFnu 10.4600m   28.531    0.0062      Ca A 1.09381m   28.425    0.0048      N  1 942.258A   28.905    0.0146
 nInu 10.4600m   33.131  245.8992      Ca A 1.00494m   28.198    0.0029      N  1 952.118A   28.745    0.0101
 nFnu 9.48002m   28.551    0.0065      Ca A 9545.99A   28.010    0.0019      N  1 1131.12A   29.096    0.0227
 nInu 9.48002m   33.260  330.6093      Ca A 9229.03A   27.848    0.0013      N  2 907.079A   28.085    0.0022
 nFnu 9.32488m   28.554    0.0065      Ca A 4.05116m   28.521    0.0060      O  1 867.303A   27.895    0.0014
 nInu 9.32488m   33.279  345.6188      Ca A 2.62515m   28.232    0.0031      O  1 976.791A   29.600    0.0723
 nFnu 8.21035m   28.621    0.0076      Ca A 2.16553m   27.995    0.0018      O  1 969.049A   29.791    0.1123
 nInu 8.21035m   33.446  507.5771      Ca A 1.94456m   27.798    0.0011      O  1 946.387A   28.792    0.0113
 nFnu 7.58000m   28.634    0.0078      Ca A 7.45781m   28.053    0.0021      O  1 934.501A   28.602    0.0073
 nInu 7.58000m   33.548  642.9147      Ca A 4.65250m   27.826    0.0012      O  1 973.577A   28.275    0.0034
 nFnu 7.05026m   28.704    0.0092      Ca B 6562.85A   29.957    0.1646      O  1 927.472A   27.821    0.0012
 nInu 7.05026m   33.638  790.3532      Ca B 4861.36A   29.455    0.0518      O  1 948.506A   28.187    0.0028
 nFnu 4.11370m   28.944    0.0160      Ca B 4340.49A   29.108    0.0233      O  1 935.672A   27.981    0.0017
 nInu 4.11370m   34.327 3862.4949      Ca B 4101.76A   28.845    0.0127      Mg 2 959.306A   28.018    0.0019
 nFnu 2.32440m   29.059    0.0208      Ca B 3970.09A   28.631    0.0078      Si 2 1179.59A   31.241    3.1654
 nInu 2.32440m   35.047 20251.211      Ca B 3889.07A   28.451    0.0051      Si 2 993.354A   30.198    0.2870
 nFnu 1.64313m   29.256    0.0328      Ca B 3835.40A   28.296    0.0036      Si 2 1024.03A   29.066    0.0212
 nInu 1.64313m   35.473 54079.836      Ca B 3797.92A   28.160    0.0026      S  2 750.323A   27.988    0.0018
 nFnu 1.48022m   29.239    0.0315      Ca B 3770.65A   28.038    0.0020      S  2 888.439A   27.792    0.0011
 nInu 1.48022m   35.603 72900.227      Ca B 3750.17A   27.930    0.0015      Ar 1 1095.69A   28.921    0.0152
 nFnu 1.43649m   29.715    0.0944      Ca B 3734.39A   27.832    0.0012      P  2 1154.42A   28.657    0.0083
 nInu 1.43649m   35.632 77857.828      Ca B 3721.96A   27.745    0.0010      P  2 967.202A   28.725    0.0097
 nFnu 1.11867m   29.561    0.0662      Ca B 1.87511m   29.120    0.0240      P  2 963.828A   29.154    0.0259
 nInu 1.11867m   35.935 156390.22      Ca B 1.28181m   28.753    0.0103      Ti 2 3365.71A   28.095    0.0023
 nFnu 8329.68A   29.599    0.0722      Ca B 1.09381m   28.473    0.0054      Ti 2 3238.08A   27.950    0.0016
 nInu 8329.68A   36.256 327809.22      Ca B 1.00494m   28.250    0.0032      Ti 2 1907.36A   27.798    0.0011
 nFnu 8078.61A   30.253    0.3258      Ca B 9545.99A   28.063    0.0021      Cr 2 2060.44A   28.838    0.0125
 nInu 8078.61A   36.290 354385.91      Ca B 9229.03A   27.903    0.0015      Mn 2 2589.74A   29.016    0.0189
 nFnu 6209.66A   29.987    0.1765      Ca B 9014.92A   27.762    0.0011      Mn 2 1198.85A   28.772    0.0108
 nInu 6209.66A   36.589 706327.38      Ca B 4.05116m   28.542    0.0063      Co 2 1470.18A   27.823    0.0012
 nFnu 4885.36A   30.108    0.2332      Ca B 2.62515m   28.255    0.0033      Ni 2 1751.83A   28.959    0.0166
 nInu 4885.36A   36.848 1280927.0      Ca B 2.16553m   28.020    0.0019      Ni 2 1744.24A   29.149    0.0256
 nFnu 3704.34A   30.369    0.4251      Ca B 1.94456m   27.825    0.0012      Ni 2 1484.97A   28.388    0.0044
 nInu 3704.34A   36.985 1756519.1      Ca B 7.45781m   28.071    0.0021      Ni 2 1472.74A   28.774    0.0108
 nFnu 3587.67A   31.043    2.0071      Ca B 4.65250m   27.844    0.0013      Ni 2 1400.37A   28.602    0.0073
 nInu 3587.67A   37.007 1848994.5      H  1 1215.68A   33.217  299.4197      Ni 2 1375.73A   29.150    0.0257
 nFnu 2430.05A   30.762    1.0510      H  1 1025.73A   32.704   91.8895      Ni 2 1324.11A   29.239    0.0316
 nInu 2430.05A   37.310 3716443.2      H  1 972.543A   32.137   24.9220      Zn 2 2038.17A   28.158    0.0026
 nFnu 2392.03A   30.774    1.0819      H  1 949.749A   32.136   24.8558      hyperfine structure.............
 nInu 2392.03A   37.324 3831593.2      H  1 937.809A   31.790   11.2047      inner shell.....................
 nFnu 2071.34A   30.894    1.4260      H  1 930.754A   31.213    2.9673      molecules.......................
 nInu 2071.34A   37.425 4841012.0      H  1 926.231A   30.710    0.9323      blends..........................
 nFnu 2052.68A   30.902    1.4520      H  1 923.156A   30.561    0.6618      Blnd 2798.00A   31.096    2.2674
 nInu 2052.68A   37.412 4700866.0      H  1 920.969A   30.182    0.2764      Blnd 1256.00A   29.563    0.0665
 nFnu 1793.44A   31.000    1.8189      H  1 6562.85A   31.270    3.3835
 nInu 1793.44A   37.520 6017667.0      H  1 4861.36A   30.740    1.0000



  Spectrum of Orion star iotaB using Tlusty  
 Cooling:  HFBc       0 :0.148 Fe2c       0 :0.230  
 Heating:  BFH1       0 :0.996  

 These are some of the most important databases used by Cloudy:
 Many recombination coefficients were taken from http://amdpp.phys.strath.ac.uk/tamoc/RR/ and http://amdpp.phys.strath.ac.uk/tamoc/DR/
      and are based on the following papers:
        Badnell N. R., et al., A&A 406, 1151 (2003) [http://adsabs.harvard.edu/abs/2003A%26A...406.1151B]
        Badnell N. R., ApJS 167, 334 (2006) [http://adsabs.harvard.edu/abs/2006ApJS..167..334B]
 Much of the molecular emission data is from LAMDA as accessed on Dec. 18, 2010. This database is described in:
        Schoeier F.L., et al., A&A 432, 369 (2005) [http://adsabs.harvard.edu/abs/2005A%26A...432..369S]
      This database is in part based on the work of the following groups:
        JPL: Pickett H. M. et al., JQSRT, 60, 883 (1998). [http://adsabs.harvard.edu/abs/1998JQSRT..60..883P]
        CDMS: Mueller H. S. et al., A&A 370, L49 (2001). [http://adsabs.harvard.edu/abs/2001A%26A...370L..49M]
              Mueller H. S. et al., J. Mol. Struct. 742, 215 (2005). [http://adsabs.harvard.edu/abs/2005JMoSt.742..215M]
 Much of the ionic emission data is from version 7.1 of CHIANTI. CHIANTI is a collaborative project involving the NRL (USA), the
      Universities of Florence (Italy) and Cambridge (UK), and George Mason University (USA). These papers describe Chianti:
        Dere K. P., et al., A&AS, 125, 149 (1997) [http://adsabs.harvard.edu/abs/1997A%26AS..125..149D]
        Landi E., et al., ApJ, 744, 99 (2012) [http://adsabs.harvard.edu/abs/2012ApJ...744...99L]
 Much of the H_2 data is from this web site: http://molat.obspm.fr/index.php?page=pages/Molecules/H2/H2can94.php. These data are
      described in:
        Abgrall H. et al., Can. J. Phys., 72, 856 (1994) [http://adsabs.harvard.edu/abs/1994CaJPh..72..856A]
        Wrathmall S. A. & Flower D. R., J. Phys. B, 40, 3221 (2007) [http://adsabs.harvard.edu/abs/2007JPhB...40.3221W]
 Please cite those papers that played a significant role in this calculation.

 IONIZE PARMET:  U(1-) -4.7281  U(4-):-37.0000  U(sp): -4.73  Q(ion):   44.847  L(ion) 34.234    Q(low): 48.715    L(low) 37.673
 ENERGY BUDGET:  Heat:  30.225  Coolg:  30.225  Error:  0.0%  Rec Lin:  31.398  F-F  H  0.000    P(rad/tot)max     3.82E-05    R(F Con):1.737e+05

     Col(Heff):      0.000E+00  snd travl time  1.93E+05 sec  Te-low: 2.72E+03  Te-hi: 2.72E+03  G0TH85: 1.58E+05  G0DB96:1.47E+05
  Emiss Measure    n(e)n(p) dl       6.324E+18  n(e)n(He+)dl         1.106E+15  En(e)n(He++) dl         0.000E+00  ne nC+:2.00E+15
 He/Ha:1.70E-05  =   0.00*true  Lthin:3.79E+04  itr/zn:18.00  H2 itr/zn:  0.00  File Opacity: F  MassTot 3.13e+26  (gm)
   Temps(21 cm)   T(21cm/Ly a)  2.66E+03        T(<nH/Tkin>)  2.72E+03          T(<nH/Tspin>)    2.75E+03          TB21cm:0.00E+00
                   N(H0/Tspin)  8.64E+10        N(OH/Tkin)    3.20E-02          B(21cm)          0.00E+00
   <a>:1.04E-03  erdeFe0.0E+00  Tcompt4.70E+06  Tthr8.36E+07  <Tden>: 2.72E+03  <dens>:2.37E-20  <MolWgt>7.60E-01
     Mean Jeans  l(cm)2.43E+19  M(sun)8.96E+04  smallest:     len(cm):2.43E+19  M(sun):8.96E+04  a_ox tran:  0.00
 Rion:1.000E+17  Dist:0.00E+00  Diam:0.000E+00
 Hatom level 70  HatomType: add  HInducImp  F  He tot level: 63  He2 level:   70  ExecTime    10.7
 ConvrgError(%)  <eden>  0.258  MaxEden  0.258  <H-C>   0.46  Max(H-C)    0.46  <Press>   0.000  MaxPrs er  0.000
  Continuity(%)  chng Te   0.0  elec den   0.0  n(H2)    0.0  n(CO)        0.0

                                                        Averaged Quantities
             Te      Te(Ne)   Te(NeNp)  Te(NeHe+)Te(NeHe2+) Te(NeO+)  Te(NeO2+)  Te(H2)     N(H)     Ne(O2+)   Ne(Np)
 Radius:  2.72e+03  2.72e+03  2.72e+03  2.72e+03  0.00e+00  2.72e+03  2.72e+03  2.72e+03  1.00e+04  7.77e+03  7.77e+03
 
 Peimbert T(OIIIr)2.73E+03 T(Bac)0.00E+00 T(Hth)2.71E+03 t2(Hstrc) 0.00e+00 T(O3-BAC)2.71E+03 t2(O3-BC) 4.30e-04 t2(O3str) 0.00e+00

 Contin Optical Depths: COMP: 5.43e-10    H-: 1.19e-10 R(1300): 1.60e-09  H2+: 3.37e-12  Pfa:5.44E-10
                          Pa: 5.44e-10    Ba: 6.51e-10      Hb: 6.27e-10   La: 3.43e-06     1r:1.503E-03  1.8:1.08E-03 4.:1.000E-20

 Old, new H  1 continuum optical depths:
     1 9.97e+07     2 1.00e-20     3 1.00e-20     4 1.00e-20     5 1.00e-20     6 1.00e-20     7 1.00e-20     8 1.00e-20
     9 1.00e-20    10 1.00e-20    11 1.00e-20    12 1.00e-20    13 1.00e-20    14 1.00e-20    15 1.00e-20    16 1.00e-20
    17 1.00e-20    18 1.00e-20    19 1.00e-20    20 1.00e-20    21 1.00e-20    22 1.00e-20    23 1.00e-20    24 1.00e-20
    25 1.00e-20    26 1.00e-20    27 1.00e-20    28 1.00e-20    29 1.00e-20    30 1.00e-20    31 1.00e-20    32 1.00e-20
    33 1.00e-20    34 1.00e-20    35 1.00e-20    36 1.00e-20    37 1.00e-20    38 1.00e-20    39 1.00e-20    40 1.00e-20
    41 1.00e-20    42 1.00e-20    43 1.00e-20    44 1.00e-20    45 1.00e-20    46 1.00e-20    47 1.00e-20    48 1.00e-20
    49 1.00e-20    50 1.00e-20    51 1.00e-20    52 1.00e-20    53 1.00e-20    54 1.00e-20
     1 1.50e-03     2 6.82e-11     3 1.19e-10     4 1.19e-10     5 1.19e-10     6 2.96e-11     7 2.96e-11     8 2.96e-11
     9 2.96e-11    10 2.55e-16    11 2.55e-16    12 2.55e-16    13 2.55e-16    14 2.55e-16    15 3.16e-16    16 3.16e-16
    17 3.16e-16    18 3.16e-16    19 3.16e-16    20 3.16e-16    21 4.70e-16    22 4.70e-16    23 4.70e-16    24 4.70e-16
    25 4.70e-16    26 4.70e-16    27 4.70e-16    28 8.42e-16    29 8.42e-16    30 8.42e-16    31 8.42e-16    32 8.42e-16
    33 8.42e-16    34 8.42e-16    35 8.42e-16    36 1.51e-15    37 1.51e-15    38 1.51e-15    39 1.51e-15    40 1.51e-15
    41 1.51e-15    42 1.51e-15    43 1.51e-15    44 1.51e-15    45 2.59e-15    46 2.59e-15    47 2.59e-15    48 2.59e-15
    49 2.59e-15    50 2.59e-15    51 2.59e-15    52 2.59e-15    53 2.59e-15    54 2.59e-15

 Old, new H  1 mean line optical depths:
  2- 1 1.61e+20  3- 2 2.24e-03  4- 3 1.77e-20  5- 4 1.77e-20  6- 5 1.77e-20  7- 6 1.77e-20  8- 7 1.77e-20
  9- 8 1.77e-20 10- 9 1.77e-20
  2- 1 4.95e+01  3- 2 5.92e-07  4- 3 1.11e-11  5- 4 9.14e-12  6- 5 3.35e-11  7- 6 4.48e-11  8- 7 3.03e-11
  9- 8 2.16e-11 10- 9 3.37e-11

 Old, new He 2 continuum optical depths:
     1 3.44e+06     2 9.86e+07     3 1.00e-20     4 1.00e-20     5 1.00e-20     6 1.00e-20     7 1.00e-20     8 1.00e-20
     9 1.00e-20    10 1.00e-20    11 1.00e-20    12 1.00e-20    13 1.00e-20    14 1.00e-20    15 1.00e-20    16 1.00e-20
    17 1.00e-20    18 1.00e-20    19 1.00e-20    20 1.00e-20    21 1.00e-20    22 1.00e-20    23 1.00e-20    24 1.00e-20
    25 1.00e-20    26 1.00e-20    27 1.00e-20    28 1.00e-20    29 1.00e-20    30 1.00e-20    31 1.00e-20    32 1.00e-20
    33 1.00e-20    34 1.00e-20    35 1.00e-20    36 1.00e-20    37 1.00e-20    38 1.00e-20    39 1.00e-20    40 1.00e-20
    41 1.00e-20    42 1.00e-20    43 1.00e-20    44 1.00e-20    45 1.00e-20    46 1.00e-20    47 1.00e-20    48 1.00e-20
    49 1.00e-20    50 1.00e-20    51 1.00e-20    52 1.00e-20    53 1.00e-20    54 1.00e-20
     1 1.00e-20     2 1.48e-03     3 4.78e-11     4 4.78e-11     5 4.78e-11     6 6.82e-11     7 6.82e-11     8 6.82e-11
     9 6.82e-11    10 9.65e-11    11 9.65e-11    12 9.65e-11    13 9.65e-11    14 9.65e-11    15 1.19e-10    16 1.19e-10
    17 1.19e-10    18 1.19e-10    19 1.19e-10    20 1.19e-10    21 1.01e-10    22 1.01e-10    23 1.01e-10    24 1.01e-10
    25 1.01e-10    26 1.01e-10    27 1.01e-10    28 2.96e-11    29 2.96e-11    30 2.96e-11    31 2.96e-11    32 2.96e-11
    33 2.96e-11    34 2.96e-11    35 2.96e-11    36 1.54e-16    37 1.54e-16    38 1.54e-16    39 1.54e-16    40 1.54e-16
    41 1.54e-16    42 1.54e-16    43 1.54e-16    44 1.54e-16    45 2.55e-16    46 2.55e-16    47 2.55e-16    48 2.55e-16
    49 2.55e-16    50 2.55e-16    51 2.55e-16    52 2.55e-16    53 2.55e-16    54 2.55e-16

 Old, new He 2 mean line optical depths:
  2- 1 1.61e+19  3- 2 2.24e-04  4- 3 1.77e-20  5- 4 1.77e-20  6- 5 1.77e-20  7- 6 1.77e-20  8- 7 1.77e-20
  9- 8 1.77e-20 10- 9 1.77e-20
  2- 1 1.77e+00  3- 2 1.77e-20  4- 3 8.86e-21  5- 4 8.86e-21  6- 5 8.86e-21  7- 6 8.86e-21  8- 7 8.86e-21
  9- 8 8.86e-21 10- 9 8.86e-21

 Old He Is optical depths:    1 2.38e+07    2 1.00e-20    3 1.00e-20    4 1.00e-20    5 1.00e-20
 New He Is optical depths:    1 1.08e-03    2 5.97e-11    3 5.56e-11    4 6.31e-11    5 6.31e-11
          Old He Is Lines:  584 3.54e-20 3889 3.54e-20 5016 3.54e-20 5876 3.54e-20
          New He Is Lines:  584 1.34e+01 3889 5.91e-07 5016 3.99e-12 5876 3.08e-16

==== H      compounds ====           Log10 column densities [cm^-2]
   H2        :  3.339   H2*       :  5.546   H2+       :  5.682   H3+       : -5.130
==== D      compounds ====
   HD        :  0.993   HD*       :  1.293   HD+       :  1.098   H2D+      : -6.684   D2        : -3.701   D2+       : -4.193   HD2+      :-12.541   D3+       :-17.770
==== He     compounds ====
   HeH+      :  4.627   HeD+      : -1.000
==== Li     compounds ====
   LiH       : -6.195   LiH+      : -4.412   LiD       :-11.067   LiD+      : -9.194
==== C      compounds ====
   CH        : -1.806   CH+       :  1.312   CH2       :-12.344   CH2+      : -9.487   CH3       :-21.081   CH3+      :-22.492   CH4       :-30.835   CH4+      :-32.726
   CH5+      :-35.930   CD        : -6.579   CD+       : -3.461   CHD       :-15.742   CHD+      :-11.945   CH2D      :-25.151   CH2D+     :-25.558   CH3D      :-35.154
   CH3D+     :-35.930   CH4D+     :-35.930   C2        : -8.269   C2+       : -6.039   C2H       :-17.289   C2H+      :-18.065   C2H2      :-28.235   C2H2+     :-26.650
   C2H3+     :-35.930   C2D       :-22.123   C2D+      :-20.854   C2HD      :-33.025   C2HD+     :-30.935   C2H2D+    :-35.930   C3        :-33.401   C3+       :-22.753
   C3H       :-35.930   C3H+      :-33.388   C3D       :-35.930   C3D+      :-35.930
==== N      compounds ====
   NH        :  0.675   NH+       :  0.198   NH2       : -9.745   NH2+      :-10.519   NH3       :-19.493   NH3+      :-20.987   NH4+      :-35.230   ND        : -4.196
   ND+       : -3.969   NHD       :-14.513   NHD+      :-15.005   NH2D      :-24.240   NH2D+     :-25.902   NH3D+     :-35.930   CN        : -6.272   CN+       : -4.876
   HCN       :-17.054   HCN+      :-15.018   HNC       :-19.323   HCNH+     :-28.714   DCN       :-21.772   DCN+      :-19.172   DNC       :-22.902   DCNH+     :-31.230
   HCND+     :-31.230   HC3N      :-35.930   DC3N      :-35.930   N2        : -5.169   N2+       : -3.338   N2H+      :-26.456   N2D+      :-28.023
==== O      compounds ====
   OH        :  1.940   OH+       :  1.670   H2O       : -8.623   H2O+      : -9.327   H3O+      :-19.483   OD        : -2.941   OD+       : -2.597   HDO       :-13.394
   HDO+      :-13.739   H2DO+     :-24.143   CO        : -1.844   CO+       : -2.392   HCO+      : -8.561   H2CO      :-35.930   CH3OH     :-35.930   DCO+      :-13.334
   HDCO      :-35.930   CH2DOH    :-35.930   CH3OD     :-35.930   ^13CO     : -3.321   NO        : -4.939   NO+       : -5.138   HNO       :-14.560   HNO+      :-16.045
   DNO       :-19.135   DNO+      :-20.598   OCN       :-19.494   OCN+      :-18.826   N2O       :-17.950   O2        : -2.445   O2+       : -3.147   NO2       :-21.843
   NO2+      :-19.879
==== Ne     compounds ====
   NeH+      : -0.217   NeD+      : -4.953
==== Si     compounds ====
   SiH       :-11.612   SiH2+     :-11.755   SiD       :-14.073   SiHD+     :-14.214   SiC2      :-35.930   SiN       :-17.796   SiN+      : -5.498   SiO       : -5.945
   SiO+      : -3.001   SiOH+     :-15.592   SiOD+     :-19.306
==== S      compounds ====
   HS        : -8.582   HS+       : -5.533   DS        :-11.070   DS+       : -7.881   CS        :-11.604   CS+       : -8.244   HCS+      :-19.111   DCS+      :-21.628
   NS        :-10.153   NS+       : -5.975   SO        : -9.851   SO+       : -4.724   OCS       :-21.676   OCS+      :-22.815   SO2       :-35.930   S2        :-22.312
   S2+       :-23.659
==== Cl     compounds ====
   HCl       :-19.213   HCl+      : -5.268   H2Cl+     :-18.723   DCl       :-21.599   DCl+      : -7.615   HDCl+     :-20.813   CCl       :-35.930   CCl+      :-24.670
   H2CCl+    :-35.930   HDCCl+    :-35.930   ClO       :-35.930   ClO+      :-35.930
==== Ar     compounds ====
   ArH+      :  1.241   ArD+      : -2.940
==== Ti     compounds ====
   TiH       :-35.930   TiH+      :-35.930   TiH2      :-35.930   TiH2+     :-35.930   TiD       :-35.930   TiD+      :-35.930   TiHD      :-35.930   TiHD+     :-35.930
   TiC       :-35.930   TiC+      :-35.930   HCTi      :-35.930   HCTi+     :-35.930   DCTi      :-35.930   DCTi+     :-35.930   TiC2      :-35.930   TiC2+     :-35.930
   TiN       :-35.930   TiN+      :-35.930   HNTi      :-35.930   HNTi+     :-35.930   DNTi      :-35.930   DNTi+     :-35.930   TiNC      :-35.930   TiNC+     :-35.930
   TiO       :-35.930   TiO+      :-35.930   TiOH+     :-35.930   TiOD+     :-35.930   TiO2      :-35.930   TiF+      :-35.930   TiS       :-35.930   TiS+      :-35.930
   HTiS      :-35.930   DTiS      :-35.930


               1      2      3      4      5      6      7      8      9     10     11     12     13     14     15     16     17

 Hydrogen   14.376 14.911  5.549 (H2)                Log10 Column density (cm^-2)
 Helium     14.021 11.153-30.000
 Lithium     2.616  6.332-30.000-30.000
 Beryllium   1.408  4.435  2.595-30.000-30.000
 Boron       1.738  5.812  0.948-30.000-30.000-30.000
 Carbon      7.692 11.411  7.330-30.000-30.000-30.000-30.000
 Nitrogen   10.025 10.897  3.892-30.000-30.000-30.000-30.000-30.000
 Oxygen     11.155 11.571  3.125-30.000-30.000-30.000-30.000-30.000-30.000
 Fluorine    7.309  7.058 -0.199-30.000-30.000-30.000-30.000-30.000-30.000-30.000
 Neon       11.003  9.648  0.758-30.000-30.000-30.000-30.000-30.000-30.000-30.000-30.000
 Sodium      6.803  9.351 -1.818-30.000-30.000-30.000-30.000-30.000-30.000-30.000-30.000-30.000
 Magnesium   7.544 10.551  8.935-30.000-30.000-30.000-30.000-30.000-30.000-30.000-30.000-30.000-30.000
 Aluminium   4.948  9.492  6.035-30.000-30.000-30.000-30.000-30.000-30.000-30.000-30.000-30.000-30.000-30.000
 Silicon     6.413 10.562  6.833-30.000-30.000-30.000-30.000-30.000-30.000-30.000-30.000-30.000-30.000-30.000-30.000
 Phosphorus  4.605  8.527  5.542-30.000-30.000-30.000-30.000-30.000-30.000-30.000-30.000-30.000-30.000-30.000-30.000-30.000
 Sulphur     6.050 10.286  7.405-30.000-30.000-30.000-30.000-30.000-30.000-30.000-30.000-30.000-30.000-30.000-30.000-30.000-30.000
 Chlorine    5.058  8.302  5.051-30.000-30.000-30.000-30.000-30.000-30.000-30.000-30.000-30.000-30.000-30.000-30.000-30.000-30.000
-30.000
 Argon       8.627  9.345  6.264-30.000-30.000-30.000-30.000-30.000-30.000-30.000-30.000-30.000-30.000-30.000-30.000-30.000-30.000
-30.000-30.000
 Potassium   4.733  8.142  1.940-30.000-30.000-30.000-30.000-30.000-30.000-30.000-30.000-30.000-30.000-30.000-30.000-30.000-30.000
-30.000-30.000-30.000
 Calcium     4.018  7.983  9.364-30.000-30.000-30.000-30.000-30.000-30.000-30.000-30.000-30.000-30.000-30.000-30.000-30.000-30.000
-30.000-30.000-30.000-30.000
 Scandium    1.541  5.518  6.089  1.672-30.000-30.000-30.000-30.000-30.000-30.000-30.000-30.000-30.000-30.000-30.000-30.000-30.000
-30.000-30.000-30.000-30.000-30.000
 Titanium    3.966  8.009  6.917-30.000-30.000-30.000-30.000-30.000-30.000-30.000-30.000-30.000-30.000-30.000-30.000-30.000-30.000
-30.000-30.000-30.000-30.000-30.000-30.000
 Vanadium    3.724  6.878  6.472-30.000-30.000-30.000-30.000-30.000-30.000-30.000-30.000-30.000-30.000-30.000-30.000-30.000-30.000
-30.000-30.000-30.000-30.000-30.000-30.000-30.000
 Chromium    4.477  8.680  7.127-30.000-30.000-30.000-30.000-30.000-30.000-30.000-30.000-30.000-30.000-30.000-30.000-30.000-30.000
-30.000-30.000-30.000-30.000-30.000-30.000-30.000-30.000
 Manganese   4.753  8.480  5.839-30.000-30.000-30.000-30.000-30.000-30.000-30.000-30.000-30.000-30.000-30.000-30.000-30.000-30.000
-30.000-30.000-30.000-30.000-30.000-30.000-30.000-30.000-30.000
 Iron        6.331 10.472  7.112-30.000-30.000-30.000-30.000-30.000-30.000-30.000-30.000-30.000-30.000-30.000-30.000-30.000-30.000
-30.000-30.000-30.000-30.000-30.000-30.000-30.000-30.000-30.000-30.000
 Cobalt      5.071  7.940  5.442-30.000-30.000-30.000-30.000-30.000-30.000-30.000-30.000-30.000-30.000-30.000-30.000-30.000-30.000
-30.000-30.000-30.000-30.000-30.000-30.000-30.000-30.000-30.000-30.000-30.000
 Nickel      5.693  9.272  6.330-30.000-30.000-30.000-30.000-30.000-30.000-30.000-30.000-30.000-30.000-30.000-30.000-30.000-30.000
-30.000-30.000-30.000-30.000-30.000-30.000-30.000-30.000-30.000-30.000-30.000-30.000
 Copper      3.729  7.212  5.876-30.000-30.000-30.000-30.000-30.000-30.000-30.000-30.000-30.000-30.000-30.000-30.000-30.000-30.000
-30.000-30.000-30.000-30.000-30.000-30.000-30.000-30.000-30.000-30.000-30.000-30.000-30.000
 Zinc        4.868  7.621  4.538-30.000-30.000-30.000-30.000-30.000-30.000-30.000-30.000-30.000-30.000-30.000-30.000-30.000-30.000
-30.000-30.000-30.000-30.000-30.000-30.000-30.000-30.000-30.000-30.000-30.000-30.000-30.000-30.000
 Exc state    He1*  6.475   CII* 11.229   C11*  6.744   C12*  7.218   C13*  7.433   O11* 11.050   O12* 10.308   O13* 10.022
              Si2*-35.930   C30* -5.410   C31* -4.914   C32* -5.268


 Hydrogen   -0.646 -0.111 -9.172 (H2)                 Log10 Mean Ionisation (over radius)
 Helium     -0.001 -2.869
 Lithium    -3.715 -0.000
 Beryllium  -3.034 -0.007 -1.847
 Boron      -4.074 -0.000 -4.864
 Carbon     -3.719 -0.000 -4.081
 Nitrogen   -0.927 -0.055 -7.060
 Oxygen     -0.557 -0.141 -8.587
 Fluorine   -0.193 -0.444 -7.701
 Neon       -0.019 -1.374-10.264
 Sodium     -2.549 -0.001-11.170
 Magnesium  -3.018 -0.011 -1.627
 Aluminium  -4.544 -0.000 -3.457
 Silicon    -4.149 -0.000 -3.729
 Phosphorus -3.922 -0.001 -2.985
 Sulphur    -4.237 -0.001 -2.882
 Chlorine   -3.245 -0.000 -3.252
 Argon      -0.795 -0.076 -3.157
 Potassium  -3.409 -0.000 -6.203
 Calcium    -5.363 -1.399 -0.018
 Scandium   -4.652 -0.675 -0.103 -4.520
 Titanium   -4.077 -0.034 -1.126
 Vanadium   -3.298 -0.144 -0.550
 Chromium   -4.215 -0.012 -1.565
 Manganese  -3.728 -0.001 -2.642
 Iron       -4.141 -0.000 -3.360
 Cobalt     -2.871 -0.002 -2.500
 Nickel     -3.579 -0.001 -2.942
 Copper     -3.503 -0.020 -1.355
 Zinc       -2.754 -0.001 -3.084

               1      2      3      4      5      6      7      8      9     10     11     12     13     14     15     16     17

 Hydrogen   -0.646 -0.111 -9.172 (H2)         Log10 Mean Ionisation (over radius*electron density)
 Helium     -0.001 -2.869
 Lithium    -3.715 -0.000
 Beryllium  -3.034 -0.007 -1.847
 Boron      -4.074 -0.000 -4.864
 Carbon     -3.719 -0.000 -4.081
 Nitrogen   -0.927 -0.055 -7.060
 Oxygen     -0.557 -0.141 -8.587
 Fluorine   -0.193 -0.444 -7.701
 Neon       -0.019 -1.374-10.264
 Sodium     -2.549 -0.001-11.170
 Magnesium  -3.018 -0.011 -1.627
 Aluminium  -4.544 -0.000 -3.457
 Silicon    -4.149 -0.000 -3.729
 Phosphorus -3.922 -0.001 -2.985
 Sulphur    -4.237 -0.001 -2.882
 Chlorine   -3.245 -0.000 -3.252
 Argon      -0.795 -0.076 -3.157
 Potassium  -3.409 -0.000 -6.203
 Calcium    -5.363 -1.399 -0.018
 Scandium   -4.652 -0.675 -0.103 -4.520
 Titanium   -4.077 -0.034 -1.126
 Vanadium   -3.298 -0.144 -0.550
 Chromium   -4.215 -0.012 -1.565
 Manganese  -3.728 -0.001 -2.642
 Iron       -4.141 -0.000 -3.360
 Cobalt     -2.871 -0.002 -2.500
 Nickel     -3.579 -0.001 -2.942
 Copper     -3.503 -0.020 -1.355
 Zinc       -2.754 -0.001 -3.084

               1      2      3      4      5      6      7      8      9     10     11     12     13     14     15     16     17

 Hydrogen    3.434  3.434  3.434 (H2)                  Log10 Mean Temperature (over radius)
 Helium      3.434  3.434
 Lithium     3.434  3.434
 Beryllium   3.434  3.434  3.434
 Boron       3.434  3.434  3.434
 Carbon      3.434  3.434  3.434
 Nitrogen    3.434  3.434  3.434
 Oxygen      3.434  3.434  3.434
 Fluorine    3.434  3.434  3.434
 Neon        3.434  3.434  3.434
 Sodium      3.434  3.434  3.434
 Magnesium   3.434  3.434  3.434
 Aluminium   3.434  3.434  3.434
 Silicon     3.434  3.434  3.434
 Phosphorus  3.434  3.434  3.434
 Sulphur     3.434  3.434  3.434
 Chlorine    3.434  3.434  3.434
 Argon       3.434  3.434  3.434
 Potassium   3.434  3.434  3.434
 Calcium     3.434  3.434  3.434
 Scandium    3.434  3.434  3.434  3.434
 Titanium    3.434  3.434  3.434
 Vanadium    3.434  3.434  3.434
 Chromium    3.434  3.434  3.434
 Manganese   3.434  3.434  3.434
 Iron        3.434  3.434  3.434
 Cobalt      3.434  3.434  3.434
 Nickel      3.434  3.434  3.434
 Copper      3.434  3.434  3.434
 Zinc        3.434  3.434  3.434

               1      2      3      4      5      6      7      8      9     10     11     12     13     14     15     16     17

 Hydrogen    3.434  3.434  3.434 (H2)          Log10 Mean Temperature (over radius*electron density)
 Helium      3.434  3.434
 Lithium     3.434  3.434
 Beryllium   3.434  3.434  3.434
 Boron       3.434  3.434  3.434
 Carbon      3.434  3.434  3.434
 Nitrogen    3.434  3.434  3.434
 Oxygen      3.434  3.434  3.434
 Fluorine    3.434  3.434  3.434
 Neon        3.434  3.434  3.434
 Sodium      3.434  3.434  3.434
 Magnesium   3.434  3.434  3.434
 Aluminium   3.434  3.434  3.434
 Silicon     3.434  3.434  3.434
 Phosphorus  3.434  3.434  3.434
 Sulphur     3.434  3.434  3.434
 Chlorine    3.434  3.434  3.434
 Argon       3.434  3.434  3.434
 Potassium   3.434  3.434  3.434
 Calcium     3.434  3.434  3.434
 Scandium    3.434  3.434  3.434  3.434
 Titanium    3.434  3.434  3.434
 Vanadium    3.434  3.434  3.434
 Chromium    3.434  3.434  3.434
 Manganese   3.434  3.434  3.434
 Iron        3.434  3.434  3.434
 Cobalt      3.434  3.434  3.434
 Nickel      3.434  3.434  3.434
 Copper      3.434  3.434  3.434
 Zinc        3.434  3.434  3.434

               1      2      3      4      5      6      7      8      9     10     11     12     13     14     15     16     17
 Spectrum of Orion star iotaB using Tlusty  

---------------Convergence statistics---------------
      1.44 mean iterations/state convergence
      2.29 mean cx acceleration loops/iteration
         1 mean iso convergence loops/ion solve
         1 mean steps/chemistry solve
         1 mean step length searches/chemistry step
----------------------------------------------------

 Cloudy ends: 1 zone, 1 iteration, 3 cautions. (single thread) ExecTime(s) 10.68
 [Stop in cdMain at maincl.cpp:516, Cloudy exited OK]
