                                                         Cloudy 13.01.01
                                                         www.nublado.org

                       **************************************13Jan01**************************************
                       *                                                                                 *
                       * title Spectrum of Orion star th1A using Tlusty                                  *
                       * table star tlusty OBstar 3-dim 30000 g=4.00 z=-0.1                              *
                       * c<< 3-dim OBstar model  592 read.    Teff=  30000 log(g)= 4.00 log(Z)=-0.30 >>> *
                       * c<< 3-dim OBstar model  376 read.    Teff=  30000 log(g)= 4.00 log(Z)= 0.00 >>> *
                       * c<< FINAL:    Teff =   30000   log(g) =  4.00   log(Z) = -0.10              >>> *
                       * luminosity total solar 4.45                                                     *
                       * hden 4                                                                          *
                       * radius 17                                                                       *
                       * stop zone 1                                                                     *
                       * save continuum file="th1A.cont"                                                 *
                       *                                                                                 *
                       ***********************************************************************************



Warning: duplicate species HD - using first one
Warning: duplicate species HD+ - using first one
Warning: duplicate species H2D+ - using first one
Warning: duplicate species HeD+ - using first one
Warning: duplicate reaction CH,O=>H,CO -- using new version
Warning: duplicate reaction e-,CH2+=>H,CH -- using new version
Warning: duplicate reaction e-,CH2+=>H2,C -- using new version
Warning: duplicate reaction e-,CH3+=>H,H2,C -- using new version
Warning: duplicate reaction e-,CH3+=>H,CH2 -- using new version
Warning: duplicate reaction e-,CH3+=>H2,CH -- using new version
Warning: duplicate reaction e-,CO+=>C,O -- using new version
Warning: duplicate reaction H,CH=>H2,C -- using new version
Warning: duplicate reaction H2,CO+=>H,HCO+ -- using new version
Warning: duplicate reaction H2,CH2+=>H,CH3+ -- using new version
Warning: duplicate reaction H2,C+=>PHOTON,CH2+ -- using new version
Warning: duplicate reaction C2,N=>C,CN -- using new version
Warning: duplicate reaction C+,CH=>H,C2+ -- using new version
Warning: duplicate reaction C+,CH=>C,CH+ -- using new version
Warning: duplicate reaction CH3+,O=>H2,HCO+ -- using new version
Warning: duplicate reaction CH,N=>H,CN -- using new version
Warning: duplicate reaction C+,NH=>H,CN+ -- using new version
Warning: duplicate reaction e-,HCO+=>H,CO -- using new version
Warning: duplicate reaction CRPHOT,C=>e-,C+ -- using new version
Warning: duplicate reaction C+,OH=>H,CO+ -- using new version
Warning: duplicate reaction C+,OH=>H+,CO -- using new version
Warning: duplicate reaction e-,D+=>PHOTON,D -- using new version
Warning: duplicate reaction H+,D=>H,D+ -- using new version
Warning: duplicate reaction H,D+=>H+,D -- using new version
Warning: duplicate reaction H,D+=>PHOTON,HD+ -- using new version
Warning: duplicate reaction H+,D=>PHOTON,HD+ -- using new version
Warning: duplicate reaction e-,HD+=>H,D -- using new version
Warning: duplicate reaction H,HD+=>H+,HD -- using new version
Warning: duplicate reaction H,D=>PHOTON,HD -- using new version
Warning: duplicate reaction H,D=>PHOTON,HD -- using new version
Warning: duplicate reaction H2,D+=>H+,HD -- using new version
Warning: duplicate reaction H+,HD=>H2,D+ -- using new version
Warning: duplicate reaction H2,D=>H,HD -- using new version
Warning: duplicate reaction D+,He=>PHOTON,HeD+ -- using new version
Warning: duplicate reaction H2+,D=>H2,D+ -- using new version
Warning: duplicate reaction H-,Li+=>H,Li -- using new version
           3975CellPeak1.00E+00   Lo 1.00e-08=910.79cm   Hi-Con:4.27E+00 Ryd   E(hi):7.35E+06Ryd     E(hi):     100.01 MeV
           L(nu>1ryd):  36.6831   Average nu:1.227E+00   L( X-ray):   0.0000   L(BalC):  37.9862     Q(Balmer C):  48.8770
           Q(1.0-1.8):  47.2544   Q(1.8-4.0):  44.7977   Q(4.0-20):  36.9237   Q(20--):   0.0000     Ion pht flx:1.434E+12
           L(gam ray):   0.0000   Q(gam ray):   0.0000   L(Infred):  36.7874   Alf(ox):   0.0000     Total lumin:  38.0327
           log L/Lsun:   4.4499   Abs bol mg:  -6.3747   Abs V mag:  -3.3984   Bol cor:  -2.9764     nuFnu(Bbet):  36.8344
           U(1.0----):4.785E-03   U(4.0----):2.227E-13   T(En-Den):4.410E+01   T(Comp):2.601E+04     nuJnu(912A):1.241E+02
           Occ(FarIR):5.984E-05   Occ(H n=6):2.210E-11   Occ(1Ryd):5.706E-15   Occ(4R):1.427E-25     Occ (Nu-hi):1.575E-27
           Tbr(FarIR):9.481E-08   Tbr(H n=6):9.686E-08   Tbr(1Ryd):9.019E-10   Tbr(4R):9.017E-20     Tbr (Nu-hi):1.060E-21
  
                                                  Gas Phase Chemical Composition
        H :  0.0000  He: -1.0000  Li: -8.6904  Be:-10.5800  B : -9.2097  C : -3.6108  N : -4.0701  O : -3.3098  F : -7.5200
        Ne: -4.0000  Na: -5.6696  Mg: -4.4597  Al: -5.5302  Si: -4.4597  P : -6.4949  S : -4.7352  Cl: -6.7190  Ar: -5.6003
        K : -6.8794  Ca: -5.6402  Sc: -8.8297  Ti: -6.9788  V : -8.0000  Cr: -6.3298  Mn: -6.5406  Fe: -4.5498  Co: -7.0799
                                               Ni: -5.7496  Cu: -7.7905  Zn: -7.4001
 
 ####  1  Te:5.192E+03 Hden:1.000E+04 Ne:1.085E+04 R:1.000E+17 R-R0:4.533E+11 dR:9.067E+11 NTR: 13 Htot:2.687E-16 T912: 7.08e-05###
 Hydrogen      1.23e-03 9.99e-01 H+o/Hden 1.00e+00 2.35e-11 H-    H2 9.84e-16 4.04e-12 H2+ HeH+ 3.66e-11 Ho+ ColD 1.12e+13 9.06e+15
 Deuterium     1.23e-03 9.99e-01 D+o/Dden 1.00e+00 2.40e-11 D-    HD 1.29e-14 5.76e-12 HD+ HeD+ 1.19e-11 Do+ ColD 1.85e+08 1.49e+11
 Helium        1.52e-01 8.48e-01 2.39e-09 HeI 2s3S 8.16e-06 Comp H,C 1.09e-22 2.17e-23 Fill Fac 1.00e+00 Gam1/tot 1.00e+00
 He singlet n  1.52e-01 5.19e-11 3.10e-17 9.76e-18 3.28e-17 7.76e-18 He tripl 8.16e-06 8.74e-16 8.16e-18 8.19e-17 2.08e-17
 Pressure      NgasTgas 1.13e+08 P(total) 1.57e-08 P( gas ) 1.57e-08 P(Radtn) 2.00e-12 Rad accl 8.17e-05 ForceMul 9.37e+03
 Texc(La)      4.12e+03 T(I con) 4.41e+01 T(D con) 2.69e+00 T(U tot) 4.41e+01 nT (c+d) 1.13e+07 Prad/Gas 1.28e-04 Pmag/Gas 0.00e+00
 Molecules     CH/Ctot: 3.41e-17 CH+/Ctot 2.89e-13 CO/Ctot: 2.06e-19 CO+/Ctot 3.76e-17 H2O/Otot 2.83e-28 OH/Ototl 2.64e-15
 Lithium       6.83e-05 1.00e+00 0.00e+00 0.00e+00 Berylliu 1.87e-05 5.37e-02 9.46e-01 0.00e+00 0.00e+00 sec ion: 0.00e+00
 Boron         2.63e-05 8.57e-01 1.43e-01 9.38e-06 0.00e+00 0.00e+00
 Carbon        3.91e-05 7.60e-01 2.40e-01 0.00e+00 0.00e+00 0.00e+00 0.00e+00 H2O+/O   1.10e-28 OH+/Otot 1.48e-15 Hex(tot) 0.00e+00
 Nitrogen      8.02e-04 9.49e-01 4.99e-02 0.00e+00 0.00e+00 0.00e+00 0.00e+00 0.00e+00 O2/Ototl 1.50e-19 O2+/Otot 3.37e-20
 Oxygen        1.18e-03 9.96e-01 2.56e-03 7.43e-13 0.00e+00 0.00e+00 0.00e+00 0.00e+00 0.00e+00
 Fluorine      1.51e-03 9.96e-01 2.58e-03 0.00e+00 0.00e+00 0.00e+00 0.00e+00 0.00e+00 0.00e+00 0.00e+00
 Neon          5.75e-03 9.94e-01 2.10e-04 0.00e+00 0.00e+00 0.00e+00 0.00e+00 0.00e+00 0.00e+00 0.00e+00 0.00e+00
 Sodium        7.15e-04 9.99e-01 8.53e-06 0.00e+00 0.00e+00 0.00e+00 0.00e+00 0.00e+00 0.00e+00 0.00e+00 0.00e+00 0.00e+00
 Magnesium     3.99e-05 7.53e-02 9.25e-01 0.00e+00 0.00e+00 0.00e+00 0.00e+00 0.00e+00 0.00e+00 0.00e+00 0.00e+00 0.00e+00 0.00e+00
 Aluminium  0  1.17e-05 6.26e-01 3.73e-01 1.67e-03 0.00e+00 0.00e+00 0.00e+00 0.00e+00 0.00e+00 0.00e+00 0.00e+00 0.00e+00 0.00e+00
 Silicon    0  4.55e-06 2.02e-01 7.98e-01 6.79e-05 0.00e+00 0.00e+00 0.00e+00 0.00e+00 0.00e+00 0.00e+00 0.00e+00 0.00e+00 0.00e+00
 Phosphorus 0  1.49e-05 3.61e-01 6.39e-01 1.01e-04 0.00e+00 0.00e+00 0.00e+00 0.00e+00 0.00e+00 0.00e+00 0.00e+00 0.00e+00 0.00e+00
 Sulphur    0  2.43e-06 1.40e-01 8.60e-01 3.04e-05 0.00e+00 0.00e+00 0.00e+00 0.00e+00 0.00e+00 0.00e+00 0.00e+00 0.00e+00 0.00e+00
 Chlorine   0  1.46e-05 2.64e-01 7.36e-01 6.09e-06 0.00e+00 0.00e+00 0.00e+00 0.00e+00 0.00e+00 0.00e+00 0.00e+00 0.00e+00 0.00e+00
 Argon      0  1.33e-04 3.44e-01 6.56e-01 4.49e-06 0.00e+00 0.00e+00 0.00e+00 0.00e+00 0.00e+00 0.00e+00 0.00e+00 0.00e+00 0.00e+00
 Potassium  0  1.29e-04 9.86e-01 1.38e-02 0.00e+00 0.00e+00 0.00e+00 0.00e+00 0.00e+00 0.00e+00 0.00e+00 0.00e+00 0.00e+00 0.00e+00
 Calcium    0  3.12e-07 6.79e-03 9.93e-01 0.00e+00 0.00e+00 0.00e+00 0.00e+00 0.00e+00 0.00e+00 0.00e+00 0.00e+00 0.00e+00 0.00e+00
 Scandium   0  9.98e-08 2.73e-03 7.69e-01 2.28e-01 0.00e+00 0.00e+00 0.00e+00 0.00e+00 0.00e+00 0.00e+00 0.00e+00 0.00e+00 0.00e+00
 Titanium   0  7.35e-07 1.98e-02 9.07e-01 7.33e-02 0.00e+00 0.00e+00 0.00e+00 0.00e+00 0.00e+00 0.00e+00 0.00e+00 0.00e+00 0.00e+00
 Vanadium   0  8.50e-07 6.51e-03 9.82e-01 1.20e-02 0.00e+00 0.00e+00 0.00e+00 0.00e+00 0.00e+00 0.00e+00 0.00e+00 0.00e+00 0.00e+00
 Chromium   0  1.78e-07 8.83e-03 9.85e-01 5.82e-03 0.00e+00 0.00e+00 0.00e+00 0.00e+00 0.00e+00 0.00e+00 0.00e+00 0.00e+00 0.00e+00
 Manganese  0  4.29e-06 3.93e-02 9.59e-01 1.69e-03 0.00e+00 0.00e+00 0.00e+00 0.00e+00 0.00e+00 0.00e+00 0.00e+00 0.00e+00 0.00e+00
 Iron       0  1.61e-06 4.52e-02 9.45e-01 9.66e-03 5.38e-12 0.00e+00 0.00e+00 0.00e+00 0.00e+00 0.00e+00 0.00e+00 0.00e+00 0.00e+00
 Cobalt     0  3.35e-06 7.75e-03 9.88e-01 3.92e-03 0.00e+00 0.00e+00 0.00e+00 0.00e+00 0.00e+00 0.00e+00 0.00e+00 0.00e+00 0.00e+00
 Nickel     0  2.50e-06 1.62e-02 9.83e-01 9.60e-04 1.01e-12 0.00e+00 0.00e+00 0.00e+00 0.00e+00 0.00e+00 0.00e+00 0.00e+00 0.00e+00
 Copper     0  1.00e-06 1.09e-02 9.89e-01 5.63e-04 4.58e-14 0.00e+00 0.00e+00 0.00e+00 0.00e+00 0.00e+00 0.00e+00 0.00e+00 0.00e+00
 Zinc       0  2.51e-04 4.23e-01 5.77e-01 1.53e-04 0.00e+00 0.00e+00 0.00e+00 0.00e+00 0.00e+00 0.00e+00 0.00e+00 0.00e+00 0.00e+00
    Spectrum of Orion star th1A using Tlusty  
   Calculation stopped because NZONE reached. Iteration 1 of 1
   The geometry is plane-parallel.
 C-I must iterate when save continuum output is done.
 C-The H Lyman continuum is thin, and I assumed that it was thick.  Use the ITERATE command to do more iterations.
 C-The He II continuum is thin and I assumed that it was thick.  Use the ITERATE command to do more iterations.
 C-The He I continuum is thin and I assumed that it was thick.  Use the ITERATE command to do more iterations.
  !The code needs to be fixed - search for fixit().
  !Continuum fluorescent production of H-beta was very important.
  !Test code is in place.
  !Destruction of He 2TriS reached 17.9% of the total He0 dest rate at zone 1, 17.9% of that was photoionization.
  !AGE: Cloud age was not set.  Longest timescale was 2.31e+08 s = 7.31e+00 years.
  !The CMB was not included.  This is added with the CMB command.
   The density is too low to l-mix the lowest H  I collapsed level.  More resolved levels are needed for accurate line ratios.
   The density is too low to l-mix the lowest He I collapsed level.  More resolved levels are needed for accurate line ratios.
   Grains were not present but might survive in this environment (energy density temperature was 4.41e+01K)

                       ********************************> Cloudy 13.01.01 <********************************
                       * title Spectrum of Orion star th1A using Tlusty                                  *
                       * table star tlusty OBstar 3-dim 30000 g=4.00 z=-0.1                              *
                       * luminosity total solar 4.45                                                     *
                       * hden 4                                                                          *
                       * radius 17                                                                       *
                       * stop zone 1                                                                     *
                       * save continuum file="th1A.cont"                                                 *
                       *********************************> Log(U): -2.32 <*********************************
                       >>>>>>>>>> Cautions are present.
                       >>>>>>>>>> Another iteration is needed.  Use the ITERATE command.

                     Emission Line Spectrum.   Constant  Density Model.    Open geometry.  Iteration 1 of 1.
                                    Luminosity (erg/s) emitted by a shell with full coverage.


                                                   Intrinsic line intensities
 general properties..............      He 1 7843.44A   28.993    0.0120      Ca B 1.70027m   27.926    0.0010
 TOTL 4861.36A   30.914    1.0000      He 1 8188.36A   28.849    0.0086      Ca B 1.86854m   28.700    0.0061
 TOTL 1215.68A   33.285  234.4661      He 1 8190.64A   28.360    0.0028      Ca B 1.86972m   28.222    0.0020
 Inci       0    38.033 *********      He 1 8261.30A   28.399    0.0030      Ca B 2.05813m   28.961    0.0111
 TotH       0    31.486    3.7273      He 1 1.40934m   28.460    0.0035      Pho+ 3889.00A   30.215    0.1996
 TotC       0    31.486    3.7274      He 1 1.45602m   28.454    0.0035      database lines..................
 BFH1       0    31.458    3.4934      He 1 1.45643m   27.963    0.0011      Al 3 1854.72A   30.730    0.6536
 BFHx       0    29.406    0.0310      He 1 1.45759m   28.174    0.0018      Al 3 1862.79A   30.431    0.3285
 Line       0    27.990    0.0012      He 1 2.21672m   28.067    0.0014      Ar 2 6.98337m   29.200    0.0193
 BFHe       0    30.189    0.1883      He 1 2.27546m   28.111    0.0016      Ar 3 7135.79A   28.789    0.0075
 TotM       0    29.007    0.0124      He 1 2.27752m   27.976    0.0012      Ar 3 7751.11A   28.176    0.0018
 H FB       0    30.668    0.5674      He 1 4.46460m   28.280    0.0023      Ar 3 8.98898m   29.432    0.0329
 HFBc       0    30.668    0.5674      He 1 5.83132m   28.109    0.0016      Ar 3 21.8253m   28.126    0.0016
 Ar 2       0    29.200    0.0193      He 1 7.38026m   27.957    0.0011      Fe 3 22.9190m   29.891    0.0948
 Ar 3       0    29.557    0.0439      C  2 508.611A   28.295    0.0024      Fe 3 4881.12A   28.522    0.0041
 Fe 3       0    30.090    0.1497      N  1 853.401A   28.477    0.0037      Fe 3 4658.01A   28.670    0.0057
 Ne 2       0    30.128    0.1637      O  1 910.420A   28.025    0.0013      Fe 3 33.0270m   29.322    0.0256
 P  3       0    28.117    0.0016      S  2 531.501A   28.160    0.0018      Fe 3 5270.40A   28.682    0.0059
 S  2       0    29.019    0.0127      grains..........................      Fe 3 4754.64A   27.932    0.0010
 S  3       0    30.463    0.3535      H-like iso-sequence.............      Fe 3 4701.62A   28.278    0.0023
 Sc 3       0    31.195    1.9062      Ca B 1215.68A   31.947   10.7857      Fe 3 51.6655m   28.577    0.0046
 Si 2       0    28.679    0.0058      Q(H) 4861.36A   34.949 10818.389      Fe 3 5011.16A   27.920    0.0010
 Cl 2       0    28.115    0.0016      Q(H) 1215.68A   36.469 358654.28      Mg 1 2852.13A   28.158    0.0018
 Mg 2       0    28.040    0.0013      CaBo 4861.36A   30.436    0.3326      Ne 2 12.8101m   30.128    0.1637
 continua........................      Ca A 1215.68A   31.826    8.1502      P  3 17.8797m   28.117    0.0016
 Bac  3646.00A   31.795    7.5907      Ca A 1025.73A   31.095    1.5154      S  2 6730.82A   28.688    0.0059
 nFnu 3645.00A   31.825    8.1328      Ca A 972.543A   30.675    0.5755      S  2 6716.44A   28.451    0.0034
 nFnu 3647.00A   30.649    0.5422      Ca A 949.749A   30.368    0.2841      S  2 4068.60A   28.082    0.0015
 cout 3646.00A   31.494    3.7953      Ca A 937.809A   30.126    0.1626      S  2 1259.52A   29.679    0.0582
 cref 3646.00A   31.494    3.7954      Ca A 930.754A   29.924    0.1023      S  2 1253.81A   29.491    0.0377
 thin 3646.00A   31.795    7.5906      Ca A 926.231A   29.753    0.0689      S  2 1250.58A   29.179    0.0184
 Inci 4860.00A   36.835 831807.62      Ca A 923.156A   29.604    0.0489      S  2 912.736A   29.370    0.0286
 Inci 1215.00A   37.906 9797024.0      Ca A 920.969A   29.472    0.0361      S  2 910.485A   29.602    0.0487
 Ba C       0    30.886    0.9370      Ca A 919.357A   29.357    0.0277      S  3 33.4704m   29.224    0.0204
 PA C       0    30.493    0.3791      Ca A 918.135A   29.256    0.0219      S  3 18.7078m   29.988    0.1185
 FIR  83.0000m   30.846    0.8544      Ca A 917.186A   29.168    0.0179      S  3 9068.62A   29.702    0.0613
 TIR  1800.00m   28.300    0.0024      Ca A 916.435A   29.091    0.0150      S  3 9530.62A   30.102    0.1540
 NIRa 2.85000m   36.023 128387.25      Ca A 915.829A   29.025    0.0129      S  3 1190.20A   29.917    0.1006
 NIRb 3.00000m   35.584 46758.570      Ca A 915.335A   28.967    0.0113      S  3 1194.45A   29.736    0.0663
 MIRa 15.0000m   33.539  421.3714      Ca A 914.925A   28.918    0.0101      S  3 1202.12A   28.446    0.0034
 MIRb 22.5000m   33.542  424.0354      Ca A 914.582A   28.876    0.0091      S  3 1194.06A   30.156    0.1742
 NMIR 21.7500m   36.023 128387.25      Ca A 914.292A   28.842    0.0085      S  3 1201.73A   29.564    0.0447
 TFIR 611.250m   29.465    0.0355      Ca A 914.044A   28.815    0.0080      S  3 1200.97A   30.100    0.1531
 TALL 10000.0A   38.033 *********      Ca A 913.831A   28.795    0.0076      S  3 1015.50A   30.125    0.1624
 F12  12.0000m   32.770   71.6204      Ca A 913.647A   28.780    0.0073      S  3 1012.50A   30.024    0.1288
 F25  25.0000m   31.690    5.9665      Ca A 913.486A   28.769    0.0071      S  3 1015.57A   29.919    0.1010
 F60  60.0000m   30.785    0.7421      Ca A 913.345A   28.759    0.0070      S  3 1021.11A   30.122    0.1612
 F100 100.000m   29.725    0.0646      Ca A 6562.85A   30.737    0.6640      S  3 1015.78A   29.947    0.1078
 MIPS 24.0000m   31.400    3.0585      Ca A 4861.36A   30.263    0.2231      S  3 1021.32A   30.447    0.3408
 MIPS 70.0000m   30.038    0.1328      Ca A 4340.49A   29.928    0.1032      S  3 1077.16A   28.067    0.0014
 MIPS 160.000m   28.944    0.0107      Ca A 4101.76A   29.670    0.0570      Sc 3 3.93446m   30.965    1.1233
 IRAC 3.60000m   33.806  778.1613      Ca A 3970.09A   29.460    0.0351      Sc 3 4.23041m   30.809    0.7835
 IRAC 4.50000m   33.521  404.1859      Ca A 3889.07A   29.281    0.0233      Si 2 1190.42A   30.863    0.8873
 IRAC 5.80000m   33.258  220.6316      Ca A 3835.40A   29.126    0.0163      Si 2 1193.29A   31.211    1.9795
 IRAC 8.00000m   33.021  127.8083      Ca A 3797.92A   28.989    0.0119      Si 2 1194.50A   31.584    4.6718
 SPR1 250.000m   28.556    0.0044      Ca A 3770.65A   28.866    0.0089      Si 2 1197.39A   30.926    1.0267
 SPR2 350.000m   28.233    0.0021      Ca A 3750.17A   28.754    0.0069      Si 2 1260.42A   31.566    4.4781
 SPR3 500.000m   28.021    0.0013      Ca A 3734.39A   28.653    0.0055      Si 2 1264.74A   31.764    7.0757
 PAC1 70.0000m   30.097    0.1524      Ca A 3721.96A   28.560    0.0044      Si 2 1265.00A   30.829    0.8212
 PAC2 100.000m   29.716    0.0633      Ca A 3711.99A   28.477    0.0036      Si 2 1304.37A   30.440    0.3352
 PAC3 160.000m   29.209    0.0197      Ca A 3703.87A   28.401    0.0031      Si 2 1309.28A   30.672    0.5716
 PAH  3.30000m   33.029  130.1632      Ca A 3697.17A   28.334    0.0026      Si 2 1526.71A   30.466    0.3564
 PAHC 3.23000m   32.767   71.1628      Ca A 3691.57A   28.274    0.0023      Si 2 1533.43A   30.760    0.7003
 PAHC 3.37000m   32.689   59.5404      Ca A 3686.85A   28.220    0.0020      Si 2 1808.01A   28.782    0.0074
 PAH  6.20000m   32.661   55.7852      Ca A 3682.83A   28.173    0.0018      Si 2 1816.93A   28.906    0.0098
 PAHC 5.65000m   32.807   78.1304      Ca A 3679.37A   28.130    0.0016      Si 2 34.8046m   28.780    0.0073
 PAH  7.90000m   32.535   41.7055      Ca A 3676.38A   28.092    0.0015      Si 3 1892.03A   28.321    0.0025
 PAHC 6.90000m   32.769   71.5280      Ca A 3673.78A   28.058    0.0014      Si 3 1206.50A   32.580   46.2797
 PAH  11.3000m   31.512    3.9566      Ca A 3671.49A   28.026    0.0013      Si 4 1393.75A   27.996    0.0012
 PAHC 10.9000m   31.574    4.5679      Ca A 1.87511m   29.976    0.1151      Al 2 1670.79A   31.492    3.7783
 PAH  11.8000m   31.659    5.5470      Ca A 1.28181m   29.630    0.0520      Mg 2 2802.71A   30.667    0.5651
 PAHC 12.6500m   31.578    4.6055      Ca A 1.09381m   29.360    0.0279      Mg 2 2795.53A   30.961    1.1123
 PAH  13.3000m   31.531    4.1376      Ca A 1.00494m   29.141    0.0168      level 1 lines...................
 PAHC 14.1000m   31.430    3.2770      Ca A 9545.99A   28.956    0.0110      C  1 1656.00A   28.240    0.0021
 Bcon 3640.00A   37.986 *********      Ca A 9229.03A   28.796    0.0076      C  2 1335.00A   32.429   32.7299
 Pcon 5000.00A   36.737 664239.94      Ca A 9014.92A   28.656    0.0055      REC  1335.00A   28.922    0.0102
 HFFc       0    30.219    0.2015      Ca A 8862.79A   28.529    0.0041      pump 3920.00A   28.376    0.0029
 H FF       0    30.183    0.1854      Ca A 8750.48A   28.415    0.0032      C  3 977.000A   32.083   14.7398
 HeFF       0    29.112    0.0157      Ca A 8665.03A   28.311    0.0025      N  1 953.900A   28.419    0.0032
 ToFF       0    30.219    0.2014      Ca A 8598.40A   28.216    0.0020      N  1 1200.00A   29.392    0.0300
 nFnu 122.400m   28.726    0.0065      Ca A 8545.39A   28.128    0.0016      N  2 6584.00A   30.004    0.1228
 nInu 122.400m   29.842    0.0846      Ca A 8502.49A   28.048    0.0014      N  2 6548.00A   29.534    0.0416
 nFnu 60.8322m   28.968    0.0113      Ca A 8467.26A   27.974    0.0011      N  2 1085.00A   32.452   34.4775
 nInu 60.8322m   30.762    0.7045      Ca A 4.05116m   29.391    0.0300      N  3 991.000A   30.585    0.4681
 nFnu 41.2152m   29.124    0.0162      Ca A 2.62515m   29.127    0.0163      TOTL 3727.00A   29.415    0.0316
 nInu 41.2152m   31.274    2.2887      Ca A 2.16553m   28.903    0.0097      TOTL 7325.00A   27.947    0.0011
 nFnu 30.8695m   29.229    0.0207      Ca A 1.94456m   28.713    0.0063      O II 3729.00A   28.888    0.0094
 nInu 30.8695m   31.654    5.4877      Ca A 1.81741m   28.550    0.0043      O II 3726.00A   29.252    0.0218
 nFnu 24.7829m   29.311    0.0249      Ca A 1.73621m   28.406    0.0031      O  2 833.802A   31.905    9.7750
 nInu 24.7829m   31.942   10.6423      Ca A 1.68065m   28.277    0.0023      O  3 835.000A   29.028    0.0130
 nFnu 24.2998m   29.317    0.0253      Ca A 1.64072m   28.161    0.0018      Ca 2 7306.00A   28.007    0.0012
 nInu 24.2998m   31.968   11.3022      Ca A 1.61093m   28.055    0.0014      Fe2c       0    29.644    0.0537
 nFnu 22.8302m   29.342    0.0268      Ca A 1.58805m   27.957    0.0011      Fe 2 4300.00A   28.252    0.0022
 nInu 22.8302m   32.046   13.5369      Ca A 7.45781m   28.909    0.0099      Fe 2 2400.00A   30.667    0.5659
 nFnu 21.4199m   29.364    0.0281      Ca A 4.65250m   28.702    0.0061      Fe 2 1080.00A   28.666    0.0056
 nInu 21.4199m   32.131   16.4576      Ca A 3.73953m   28.513    0.0040      Fe 2 1500.00A   27.920    0.0010
 nFnu 21.1235m   29.369    0.0285      Ca A 3.29609m   28.347    0.0027      Fe 2 2500.00A   28.296    0.0024
 nInu 21.1235m   32.150   17.2164      Ca A 3.03837m   28.201    0.0019      Fe 2 2300.00A   28.034    0.0013
 nFnu 19.6199m   29.397    0.0304      Ca A 2.87221m   28.071    0.0014      Fe 2 25.9812m   28.439    0.0033
 nInu 19.6199m   32.242   21.2444      Ca A 2.75751m   27.953    0.0011      Fe 2 1.25668m   28.829    0.0082
 nFnu 17.6534m   29.441    0.0336      Ca A 12.3685m   28.498    0.0038      Fe 2 35.3390m   27.944    0.0011
 nInu 17.6534m   32.385   29.5537      Ca A 7.50043m   28.332    0.0026      Fe 2 1.32055m   28.252    0.0022
 nFnu 17.3700m   29.445    0.0340      Ca A 5.90659m   28.170    0.0018      Fe 2 1.37181m   28.028    0.0013
 nInu 17.3700m   32.405   30.9141      Ca A 5.12725m   28.025    0.0013      Fe 2 1.29427m   28.028    0.0013
 nFnu 15.6901m   29.477    0.0366      Ca A 19.0566m   28.139    0.0017      Fe 2 17.9310m   28.726    0.0065
 nInu 15.6901m   32.535   41.7227      Ca A 11.3056m   28.004    0.0012      Fe 2 1.64355m   28.757    0.0070
 nFnu 14.6036m   29.509    0.0393      Ca B 6562.85A   30.901    0.9694      Fe 2 1.53347m   28.083    0.0015
 nInu 14.6036m   32.626   51.4552      Ca B 4861.36A   30.425    0.3242      Fe 2 8616.95A   27.915    0.0010
 nFnu 12.4300m   29.572    0.0455      Ca B 4340.49A   30.089    0.1493      Fe 2 24.5126m   28.140    0.0017
 nInu 12.4300m   32.840   84.3027      Ca B 4101.76A   29.828    0.0820      Fe 2 1.80940m   28.054    0.0014
 nFnu 11.4000m   29.598    0.0482      Ca B 3970.09A   29.616    0.0503      Fe 2 1.67688m   27.943    0.0011
 nInu 11.4000m   32.951  108.6856      Ca B 3889.07A   29.436    0.0332      Fe 2 1.59948m   27.917    0.0010
 nFnu 10.4600m   29.639    0.0530      Ca B 3835.40A   29.280    0.0232      Fe2b 10000.0A   29.422    0.0321
 nInu 10.4600m   33.061  140.0801      Ca B 3797.92A   29.143    0.0169      Fe2b 8625.00A   28.209    0.0020
 nFnu 9.48002m   29.667    0.0566      Ca B 3770.65A   29.020    0.0127      Fe2b 1.88900m   28.412    0.0031
 nInu 9.48002m   33.190  188.7644      Ca B 3750.17A   28.909    0.0099      Fe 2 1786.00A   31.271    2.2746
 nFnu 9.32488m   29.672    0.0572      Ca B 3734.39A   28.810    0.0079      recombination...................
 nInu 9.32488m   33.210  197.3957      Ca B 3721.96A   28.720    0.0064      O  1 1357.00A   28.253    0.0022
 nFnu 8.21035m   29.729    0.0652      Ca B 3711.99A   28.640    0.0053      C  2 1036.80A   28.055    0.0014
 nInu 8.21035m   33.378  290.7150      Ca B 3703.87A   28.567    0.0045      C  2 946.100A   28.101    0.0015
 nFnu 7.58000m   29.750    0.0684      Ca B 3697.17A   28.501    0.0039      C  2 799.800A   29.123    0.0162
 nInu 7.58000m   33.481  368.8286      Ca B 3691.57A   28.442    0.0034      N  1 980.700A   27.941    0.0011
 nFnu 7.05026m   29.798    0.0764      Ca B 3686.85A   28.389    0.0030      level2 lines....................
 nInu 7.05026m   33.572  454.0804      Ca B 3682.83A   28.341    0.0027      C  1 943.939A   28.204    0.0019
 nFnu 4.11370m   30.017    0.1266      Ca B 3679.37A   28.298    0.0024      C  1 1247.50A   28.083    0.0015
 nInu 4.11370m   34.266 2245.7815      Ca B 3676.38A   28.258    0.0022      C  2 892.833A   31.933   10.4374
 nFnu 2.32440m   30.156    0.1742      Ca B 3673.78A   28.222    0.0020      C  2 688.791A   31.376    2.8961
 nInu 2.32440m   34.993 11989.648      Ca B 3671.49A   28.187    0.0019      C  2 1020.18A   32.400   30.5813
 nFnu 1.64313m   30.295    0.2400      Ca B 1.87511m   30.019    0.1271      C  2 596.559A   30.670    0.5696
 nInu 1.64313m   35.429 32673.820      Ca B 1.28181m   29.681    0.0585      C  2 561.959A   30.306    0.2463
 nFnu 1.48022m   30.268    0.2256      Ca B 1.09381m   29.415    0.0317      C  2 530.721A   30.009    0.1243
 nInu 1.48022m   35.561 44326.441      Ca B 1.00494m   29.198    0.0192      C  2 544.909A   29.983    0.1170
 nFnu 1.43649m   30.606    0.4913      Ca B 9545.99A   29.014    0.0126      C  2 535.300A   29.837    0.0837
 nInu 1.43649m   35.595 47894.613      Ca B 9229.03A   28.856    0.0087      C  2 550.361A   29.724    0.0645
 nFnu 1.11867m   30.507    0.3917      Ca B 9014.92A   28.716    0.0063      C  2 858.178A   30.338    0.2652
 nInu 1.11867m   35.907 98240.836      Ca B 8862.79A   28.591    0.0047      C  2 637.979A   29.575    0.0458
 nFnu 8329.68A   30.342    0.2675      Ca B 8750.48A   28.478    0.0037      C  2 524.659A   28.919    0.0101
 nInu 8329.68A   36.256 219345.70      Ca B 8665.03A   28.376    0.0029      C  2 521.831A   28.922    0.0102
 nFnu 8078.61A   31.041    1.3369      Ca B 8598.40A   28.283    0.0023      C  2 578.690A   28.974    0.0115
 nInu 8078.61A   36.292 238444.33      Ca B 8545.39A   28.198    0.0019      C  2 553.410A   28.494    0.0038
 nFnu 6209.66A   30.787    0.7455      Ca B 8502.49A   28.121    0.0016      C  2 540.079A   28.168    0.0018
 nInu 6209.66A   36.610 495767.62      Ca B 8467.26A   28.051    0.0014      C  2 532.130A   27.989    0.0012
 nFnu 4885.36A   30.563    0.4450      Ca B 8437.96A   27.988    0.0012      N  1 942.258A   28.421    0.0032
 nInu 4885.36A   36.891 948400.44      Ca B 8413.33A   27.930    0.0010      N  1 952.118A   28.404    0.0031
 nFnu 3704.34A   30.548    0.4305      Ca B 4.05116m   29.415    0.0316      N  1 1131.12A   28.277    0.0023
 nInu 3704.34A   37.124 1620674.6      Ca B 2.62515m   29.153    0.0173      N  2 532.161A   30.550    0.4324
 nFnu 3587.67A   31.788    7.4699      Ca B 2.16553m   28.931    0.0104      N  2 634.441A   30.733    0.6584
 nInu 3587.67A   37.163 1772494.6      Ca B 1.94456m   28.744    0.0067      N  2 907.079A   31.157    1.7488
 nFnu 2430.05A   31.056    1.3839      Ca B 1.81741m   28.581    0.0046      N  2 475.141A   28.707    0.0062
 nInu 2430.05A   37.569 4509892.0      Ca B 1.73621m   28.438    0.0033      N  2 528.139A   30.030    0.1306
 nFnu 2392.03A   31.047    1.3553      Ca B 1.68065m   28.311    0.0025      N  2 452.970A   28.189    0.0019
 nInu 2392.03A   37.573 4557433.5      Ca B 1.64072m   28.195    0.0019      N  2 441.950A   27.957    0.0011
 nFnu 2071.34A   31.062    1.4049      Ca B 1.61093m   28.091    0.0015      N  2 474.291A   28.246    0.0021
 nInu 2071.34A   37.714 6304851.5      Ca B 1.58805m   27.995    0.0012      N  2 508.099A   28.850    0.0086
 nFnu 2052.68A   31.067    1.4208      Ca B 7.45781m   28.928    0.0103      N  3 678.210A   29.855    0.0872
 nInu 2052.68A   37.706 6190909.5      Ca B 4.65250m   28.721    0.0064      N  3 752.112A   29.349    0.0272
 nFnu 1793.44A   31.156    1.7426      Ca B 3.73953m   28.533    0.0042      O  1 867.303A   28.653    0.0055
 nInu 1793.44A   37.825 8142527.0      Ca B 3.29609m   28.368    0.0028      O  1 787.470A   28.423    0.0032
 nFnu 1585.12A   31.229    2.0645      Ca B 3.03837m   28.223    0.0020      O  1 976.791A   28.969    0.0113
 nInu 1585.12A   37.892 9502472.0      Ca B 2.87221m   28.094    0.0015      O  1 969.049A   29.042    0.0134
 nFnu 1458.33A   31.261    2.2207      Ca B 2.75751m   27.977    0.0012      O  1 946.387A   28.469    0.0036
 nInu 1458.33A   37.979 *********      Ca B 12.3685m   28.516    0.0040      O  1 934.501A   28.309    0.0025
 nFnu 1356.96A   31.255    2.1911      Ca B 7.50043m   28.349    0.0027      O  1 973.577A   28.066    0.0014
 nInu 1356.96A   38.058 *********      Ca B 5.90659m   28.187    0.0019      O  2 425.190A   29.396    0.0303
 nFnu 1297.29A   31.206    1.9588      Ca B 5.12725m   28.042    0.0013      O  2 388.410A   28.430    0.0033
 nInu 1297.29A   38.070 *********      Ca B 19.0566m   28.158    0.0018      O  2 530.819A   30.955    1.0968
 nFnu 1262.79A   31.119    1.5999      Ca B 11.3056m   28.020    0.0013      O  2 373.600A   27.932    0.0010
 nInu 1262.79A   38.070 *********      H  1       0    30.981    1.1650      O  2 414.619A   27.942    0.0011
 nFnu 1218.08A   31.309    2.4815      H  1 1215.68A   33.285  234.4661      O  3 698.231A   28.927    0.0103
 nInu 1218.08A   37.904 9758374.0      H  1 1025.73A   32.744   67.4865      Ne 1 688.591A   28.615    0.0050
 nFnu 1196.33A   30.909    0.9866      H  1 972.543A   32.243   21.3061      Ne 2 444.150A   28.462    0.0035
 nInu 1196.33A   38.063 *********      H  1 949.749A   32.044   13.4822      Ne 2 461.050A   28.509    0.0039
 nFnu 1175.06A   30.898    0.9631      H  1 937.809A   31.777    7.2917      Mg 2 959.306A   28.463    0.0035
 nInu 1175.06A   37.847 8556549.0      H  1 930.754A   31.431    3.2853      Al 2 929.014A   28.499    0.0038
 nFnu 1143.64A   30.942    1.0651      H  1 926.231A   31.101    1.5374      Si 2 1179.59A   31.821    8.0723
 nInu 1143.64A   38.120 *********      H  1 923.156A   30.944    1.0715      Si 2 993.354A   30.943    1.0668
 nFnu 1113.22A   30.965    1.1234      H  1 920.969A   30.641    0.5330      Si 2 893.551A   29.515    0.0399
 nInu 1113.22A   38.167 *********      H  1 6562.85A   31.395    3.0230      Si 2 847.623A   29.019    0.0127
 nFnu 1103.23A   30.979    1.1598      H  1 4861.36A   30.914    1.0000      Si 2 1024.03A   30.079    0.1460
 nInu 1103.23A   38.178 *********      H  1 4340.49A   30.679    0.5809      Si 2 822.443A   28.688    0.0059
 nFnu 1073.86A   30.996    1.2053      H  1 4101.76A   30.411    0.3134      Si 2 903.081A   28.639    0.0053
 nInu 1073.86A   38.190 *********      H  1 3970.09A   30.091    0.1501      Si 2 807.057A   28.404    0.0031
 nFnu 1064.34A   30.999    1.2147      H  1 3889.07A   29.800    0.0768      Si 2 796.940A   28.173    0.0018
 nInu 1064.34A   38.159 *********      H  1 3835.40A   29.647    0.0540      Si 2 851.883A   28.254    0.0022
 nFnu 1035.92A   31.017    1.2655      H  1 3797.92A   29.416    0.0317      Si 2 765.539A   28.041    0.0013
 nInu 1035.92A   38.173 *********      H  1 1.87511m   30.203    0.1945      Si 2 789.921A   27.988    0.0012
 nFnu 1000.00A   31.041    1.3397      H  1 1.28181m   29.965    0.1124      Si 2 824.722A   27.974    0.0011
 nInu 1000.00A   38.192 *********      H  1 1.09381m   29.715    0.0632      Si 3 564.611A   28.941    0.0106
 nFnu 925.144A   31.066    1.4189      H  1 1.00494m   29.438    0.0334      S  2 750.323A   30.580    0.4629
 nInu 925.144A   37.728 6503020.0      H  1 9545.99A   29.193    0.0190      S  2 632.711A   29.610    0.0496
 nFnu 897.800A   33.063  140.8270      H  1 9229.03A   29.044    0.0135      S  2 888.439A   30.025    0.1291
 nInu 897.800A   37.183 1856005.4      H  1 9014.92A   28.864    0.0089      S  2 587.599A   28.968    0.0113
 nFnu 760.023A   31.276    2.2967      H  1 4.05116m   29.526    0.0409      S  2 566.130A   28.512    0.0040
 nInu 760.023A   37.033 1315142.8      H  1 2.62515m   29.298    0.0242      S  2 654.712A   28.733    0.0066
 nFnu 701.514A   31.088    1.4927      H  1 2.16553m   29.053    0.0138      S  2 554.149A   28.158    0.0018
 nInu 701.514A   36.930 1037539.9      H  1 1.94456m   28.836    0.0083      S  2 546.771A   27.919    0.0010
 nFnu 608.160A   29.391    0.0299      H  1 1.81741m   28.686    0.0059      S  2 595.072A   27.951    0.0011
 nInu 608.160A   36.719 636953.00      H  1 1.73621m   28.526    0.0041      S  3 667.049A   30.986    1.1791
 nFnu 575.146A   29.263    0.0223      H  1 7.45781m   28.994    0.0120      S  3 691.219A   30.730    0.6544
 nInu 575.146A   36.660 556360.56      H  1 4.65250m   28.783    0.0074      S  3 704.220A   30.446    0.3402
 nFnu 511.948A   29.122    0.0161      H  1 3.73953m   28.582    0.0047      S  3 671.510A   29.637    0.0528
 nInu 511.948A   36.526 408479.50      H  1 3.29609m   28.429    0.0033      Ar 2 548.610A   28.901    0.0097
 nFnu 496.874A   32.362   28.0099      H  1 3.03837m   28.277    0.0023      Ar 2 541.829A   28.603    0.0049
 nInu 496.874A   35.313 25050.123      H  1 12.3685m   28.553    0.0044      Ar 2 677.401A   28.922    0.0102
 nInu 399.153A   34.333 2620.6919      H  1 7.50043m   28.377    0.0029      Ar 2 519.340A   28.166    0.0018
 RRC.............................      H  1 5.90659m   28.223    0.0020      Ar 2 633.858A   28.387    0.0030
 H  1 911.759A   31.792    7.5491      H  1 5.12725m   28.073    0.0014      Ar 2 616.899A   28.356    0.0028
 H  1 3646.00A   30.395    0.3025      H  1 19.0566m   28.183    0.0019      Ar 2 567.402A   28.031    0.0013
 H  1 3646.00A   30.783    0.7388      H  1 11.3056m   28.045    0.0013      Ar 2 899.111A   28.242    0.0021
 H  1 8203.58A   29.633    0.0523      He 2 303.808A   28.152    0.0017      Ar 3 458.140A   28.033    0.0013
 H  1 8203.58A   30.072    0.1437      He-like iso-sequence............      Ar 3 527.451A   28.439    0.0033
 H  1 8203.58A   30.036    0.1322      Clin 506.000A   29.509    0.0393      Ar 3 894.879A   28.826    0.0082
 H  1 1.45842m   29.114    0.0158      He 1       0    30.999    1.2134      Fe 3 911.104A   30.570    0.4524
 H  1 1.45842m   29.562    0.0444      He 1 584.334A   32.334   26.2811      Fe 3 859.623A   30.272    0.2276
 H  1 1.45842m   29.636    0.0527      He 1 537.030A   31.894    9.5444      Fe 3 896.877A   30.272    0.2280
 H  1 1.45842m   29.367    0.0284      He 1 522.213A   31.653    5.4758      Fe 3 579.421A   29.542    0.0424
 H  1 2.27878m   28.732    0.0066      He 1 515.617A   31.452    3.4503      Fe 3 762.643A   29.887    0.0940
 H  1 2.27878m   29.180    0.0184      He 1 512.099A   31.201    1.9346      Fe 3 513.260A   29.105    0.0155
 H  1 2.27878m   29.289    0.0237      He 1 625.563A   30.574    0.4570      Fe 3 871.422A   29.662    0.0559
 H  1 2.27878m   29.170    0.0180      TOTL 1.08303m   30.271    0.2273      Fe 3 768.409A   29.424    0.0323
 H  1 2.27878m   28.739    0.0067      He 1 1.08303m   30.271    0.2273      Fe 3 530.980A   28.715    0.0063
 H  1 3.28144m   28.434    0.0033      He 1 3888.63A   29.655    0.0550      Fe 3 635.300A   28.912    0.0099
 H  1 3.28144m   28.881    0.0092      He 1 3187.74A   29.256    0.0220      Fe 3 513.830A   28.374    0.0029
 H  1 3.28144m   29.003    0.0123      He 1 2945.10A   28.935    0.0105      Fe 3 523.311A   28.312    0.0025
 H  1 3.28144m   28.940    0.0106      He 1 2829.08A   28.674    0.0057      Fe 3 852.057A   28.722    0.0064
 H  1 3.28144m   28.685    0.0059      He 1 5015.68A   29.297    0.0241      Fe 3 905.428A   28.319    0.0025
 H  1 3.28144m   28.138    0.0017      He 1 3964.73A   29.228    0.0206      Fe 4 532.950A   28.239    0.0021
 H  1 4.46640m   28.190    0.0019      He 1 3613.64A   29.087    0.0149      P  2 1307.68A   28.394    0.0030
 H  1 4.46640m   28.635    0.0053      He 1 3447.59A   28.864    0.0089      P  2 1154.42A   29.534    0.0416
 H  1 4.46640m   28.763    0.0071      He 1 7065.22A   28.862    0.0089      P  2 967.202A   29.906    0.0981
 H  1 4.46640m   28.727    0.0065      He 1 5875.64A   29.752    0.0688      P  2 963.828A   30.250    0.2164
 H  1 4.46640m   28.545    0.0043      He 1 4713.03A   28.070    0.0014      P  3 1341.17A   28.812    0.0079
 H  1 4.46640m   28.193    0.0019      He 1 4471.49A   29.212    0.0199      P  3 1001.73A   29.454    0.0347
 H  1 5.83367m   27.985    0.0012      He 1 4026.20A   28.852    0.0087      P  3 918.147A   29.530    0.0413
 H  1 5.83367m   28.429    0.0033      He 1 3819.61A   28.575    0.0046      Cl 2 1071.32A   28.126    0.0016
 H  1 5.83367m   28.559    0.0044      He 1 7281.35A   28.744    0.0068      Cl 3 1011.29A   28.843    0.0085
 H  1 5.83367m   28.537    0.0042      He 1 6678.15A   29.224    0.0204      Ti 3 1298.50A   28.939    0.0106
 H  1 5.83367m   28.392    0.0030      He 1 5047.64A   28.052    0.0014      Ti 3 1288.59A   29.064    0.0141
 H  1 5.83367m   28.125    0.0016      He 1 4921.93A   28.682    0.0058      V  3 1151.20A   28.194    0.0019
 H  1 7.38323m   28.251    0.0022      He 1 4387.93A   28.309    0.0025      Cr 2 2060.44A   28.031    0.0013
 H  1 7.38323m   28.382    0.0029      He 1 4143.76A   28.008    0.0012      Cr 3 1033.06A   29.763    0.0705
 H  1 7.38323m   28.368    0.0028      He 1 1.50837m   27.953    0.0011      Cr 3 1035.74A   29.878    0.0920
 H  1 7.38323m   28.244    0.0021      He 1 1.10131m   27.989    0.0012      Cr 3 924.009A   29.166    0.0179
 H  1 7.38323m   28.023    0.0013      He 1 1.70027m   28.062    0.0014      Mn 2 2589.74A   28.785    0.0074
 H  1 9.11511m   28.095    0.0015      He 1 1.86854m   28.972    0.0114      Mn 2 1198.85A   28.645    0.0054
 H  1 9.11511m   28.226    0.0021      He 1 1.27849m   28.513    0.0040      Co 3 942.738A   28.938    0.0106
 H  1 9.11511m   28.217    0.0020      He 1 1.09130m   28.187    0.0019      Co 3 937.418A   28.529    0.0041
 H  1 9.11511m   28.107    0.0016      He 1 1.86972m   28.493    0.0038      Ni 2 1751.83A   28.404    0.0031
 H  1 11.0293m   28.770    0.0072      He 1 1.27905m   28.036    0.0013      Ni 2 1744.24A   28.619    0.0051
 H  1 13.1258m   28.658    0.0055      He 1 4.04791m   28.383    0.0029      Ni 2 1472.74A   28.293    0.0024
 H  1 15.4045m   28.555    0.0044      He 1 2.62338m   27.979    0.0012      Ni 2 1400.37A   28.076    0.0015
 H  1 17.8656m   28.459    0.0035      Ca B 2945.10A   28.641    0.0053      Ni 2 1375.73A   28.661    0.0056
 H  1 20.5090m   28.370    0.0029      Ca B 3187.74A   28.961    0.0111      Ni 2 1324.11A   28.752    0.0069
 H  1 23.3347m   28.286    0.0024      Ca B 3613.64A   28.072    0.0014      Zn 2 2038.17A   29.022    0.0128
 H  1 26.3427m   28.208    0.0020      Ca B 3888.63A   29.371    0.0286      hyperfine structure.............
 H  1 29.5329m   28.134    0.0017      Ca B 3964.73A   28.382    0.0029      inner shell.....................
 H  1 32.9055m   28.064    0.0014      Ca B 4026.20A   28.742    0.0067      molecules.......................
 H  1 36.4604m   27.998    0.0012      Ca B 4387.93A   28.170    0.0018      blends..........................
 H  1 40.1976m   27.934    0.0010      Ca B 4471.49A   29.077    0.0145      Blnd 2798.00A   31.139    1.6774
 H  1 56.9694m   28.948    0.0108      Ca B 4713.03A   27.970    0.0011      Blnd 6720.00A   28.887    0.0094
 He 1 504.259A   31.033    1.3125      Ca B 4921.93A   28.513    0.0040      Blnd 4074.00A   28.201    0.0019
 He 1 2599.69A   29.254    0.0219      Ca B 5015.68A   28.790    0.0075      Blnd 1.03300m   28.124    0.0016
 He 1 3120.85A   28.743    0.0067      Ca B 5875.64A   29.547    0.0429      Blnd 1256.00A   29.972    0.1143
 He 1 3421.00A   28.813    0.0079      Ca B 6678.15A   29.004    0.0123      Blnd 1198.00A   30.649    0.5422
 He 1 3420.88A   29.291    0.0238      Ca B 7065.22A   28.690    0.0060      Blnd 1860.00A   30.907    0.9821
 He 1 3420.88A   29.513    0.0396      Ca B 7281.35A   28.155    0.0017      Blnd 1888.00A   28.325    0.0026
 He 1 3678.70A   29.098    0.0152      Ca B 1.08303m   30.173    0.1812      Blnd 1397.00A   28.188    0.0019
 He 1 6632.16A   28.282    0.0023      Ca B 1.27849m   28.313    0.0025

                                                    Emergent line intensities
 Caution: emergent intensities are not reliable on the first iteration.
 general properties..............      Ca A 1.28181m   29.630    0.0520      S  3 9068.62A   29.702    0.0613
 TOTL 4861.36A   30.914    1.0000      Ca A 1.09381m   29.360    0.0279      S  3 9530.62A   30.102    0.1540
 TOTL 1215.68A   33.285  234.4661      Ca A 1.00494m   29.141    0.0168      S  3 1190.20A   29.917    0.1006
 continua........................      Ca A 9545.99A   28.956    0.0110      S  3 1194.45A   29.736    0.0663
 Bac  3646.00A   31.795    7.5907      Ca A 9229.03A   28.796    0.0076      S  3 1202.12A   28.446    0.0034
 nFnu 3645.00A   31.825    8.1328      Ca A 9014.92A   28.656    0.0055      S  3 1194.06A   30.156    0.1742
 nFnu 3647.00A   30.649    0.5422      Ca A 8862.79A   28.529    0.0041      S  3 1201.73A   29.564    0.0447
 cout 3646.00A   31.494    3.7953      Ca A 8750.48A   28.415    0.0032      S  3 1200.97A   30.100    0.1531
 cref 3646.00A   31.494    3.7954      Ca A 8665.03A   28.311    0.0025      S  3 1015.50A   30.125    0.1624
 thin 3646.00A   31.795    7.5906      Ca A 8598.40A   28.216    0.0020      S  3 1012.50A   30.024    0.1288
 Inci 4860.00A   36.835 831807.62      Ca A 8545.39A   28.128    0.0016      S  3 1015.57A   29.919    0.1010
 Inci 1215.00A   37.906 9797024.0      Ca A 8502.49A   28.048    0.0014      S  3 1021.11A   30.122    0.1612
 FIR  83.0000m   30.846    0.8544      Ca A 8467.26A   27.974    0.0011      S  3 1015.78A   29.947    0.1078
 TIR  1800.00m   28.300    0.0024      Ca A 4.05116m   29.391    0.0300      S  3 1021.32A   30.447    0.3408
 NIRa 2.85000m   36.023 128387.25      Ca A 2.62515m   29.127    0.0163      S  3 1077.16A   28.067    0.0014
 NIRb 3.00000m   35.584 46758.570      Ca A 2.16553m   28.903    0.0097      Sc 3 3.93446m   30.965    1.1233
 MIRa 15.0000m   33.539  421.3714      Ca A 1.94456m   28.713    0.0063      Sc 3 4.23041m   30.809    0.7835
 MIRb 22.5000m   33.542  424.0354      Ca A 1.81741m   28.550    0.0043      Si 2 1190.42A   30.863    0.8873
 NMIR 21.7500m   36.023 128387.25      Ca A 1.73621m   28.406    0.0031      Si 2 1193.29A   31.211    1.9795
 TFIR 611.250m   29.465    0.0355      Ca A 1.68065m   28.277    0.0023      Si 2 1194.50A   31.584    4.6718
 TALL 10000.0A   38.033 *********      Ca A 1.64072m   28.161    0.0018      Si 2 1197.39A   30.926    1.0267
 F12  12.0000m   32.770   71.6204      Ca A 1.61093m   28.055    0.0014      Si 2 1260.42A   31.566    4.4781
 F25  25.0000m   31.690    5.9665      Ca A 1.58805m   27.957    0.0011      Si 2 1264.74A   31.764    7.0757
 F60  60.0000m   30.785    0.7421      Ca A 7.45781m   28.909    0.0099      Si 2 1265.00A   30.829    0.8212
 F100 100.000m   29.725    0.0646      Ca A 4.65250m   28.702    0.0061      Si 2 1304.37A   30.440    0.3352
 MIPS 24.0000m   31.400    3.0585      Ca A 3.73953m   28.513    0.0040      Si 2 1309.28A   30.672    0.5716
 MIPS 70.0000m   30.038    0.1328      Ca A 3.29609m   28.347    0.0027      Si 2 1526.71A   30.466    0.3564
 MIPS 160.000m   28.944    0.0107      Ca A 3.03837m   28.201    0.0019      Si 2 1533.43A   30.760    0.7003
 IRAC 3.60000m   33.806  778.1613      Ca A 2.87221m   28.071    0.0014      Si 2 1808.01A   28.782    0.0074
 IRAC 4.50000m   33.521  404.1859      Ca A 2.75751m   27.953    0.0011      Si 2 1816.93A   28.906    0.0098
 IRAC 5.80000m   33.258  220.6316      Ca A 12.3685m   28.498    0.0038      Si 2 34.8046m   28.780    0.0073
 IRAC 8.00000m   33.021  127.8083      Ca A 7.50043m   28.332    0.0026      Si 3 1892.03A   28.321    0.0025
 SPR1 250.000m   28.556    0.0044      Ca A 5.90659m   28.170    0.0018      Si 3 1206.50A   32.580   46.2797
 SPR2 350.000m   28.233    0.0021      Ca A 5.12725m   28.025    0.0013      Si 4 1393.75A   27.996    0.0012
 SPR3 500.000m   28.021    0.0013      Ca A 19.0566m   28.139    0.0017      Al 2 1670.79A   31.492    3.7783
 PAC1 70.0000m   30.097    0.1524      Ca A 11.3056m   28.004    0.0012      Mg 2 2802.71A   30.667    0.5651
 PAC2 100.000m   29.716    0.0633      Ca B 6562.85A   30.901    0.9694      Mg 2 2795.53A   30.961    1.1123
 PAC3 160.000m   29.209    0.0197      Ca B 4861.36A   30.425    0.3242      level 1 lines...................
 PAH  3.30000m   33.029  130.1632      Ca B 4340.49A   30.089    0.1493      C  1 1656.00A   28.240    0.0021
 PAHC 3.23000m   32.767   71.1628      Ca B 4101.76A   29.828    0.0820      C  2 1335.00A   32.429   32.7299
 PAHC 3.37000m   32.689   59.5404      Ca B 3970.09A   29.616    0.0503      REC  1335.00A   28.922    0.0102
 PAH  6.20000m   32.661   55.7852      Ca B 3889.07A   29.436    0.0332      pump 3920.00A   28.376    0.0029
 PAHC 5.65000m   32.807   78.1304      Ca B 3835.40A   29.280    0.0232      C  3 977.000A   32.083   14.7398
 PAH  7.90000m   32.535   41.7055      Ca B 3797.92A   29.143    0.0169      N  1 953.900A   28.419    0.0032
 PAHC 6.90000m   32.769   71.5280      Ca B 3770.65A   29.020    0.0127      N  1 1200.00A   29.392    0.0300
 PAH  11.3000m   31.512    3.9566      Ca B 3750.17A   28.909    0.0099      N  2 6584.00A   30.004    0.1228
 PAHC 10.9000m   31.574    4.5679      Ca B 3734.39A   28.810    0.0079      N  2 6548.00A   29.534    0.0416
 PAH  11.8000m   31.659    5.5470      Ca B 3721.96A   28.720    0.0064      N  2 1085.00A   32.452   34.4775
 PAHC 12.6500m   31.578    4.6055      Ca B 3711.99A   28.640    0.0053      N  3 991.000A   30.585    0.4681
 PAH  13.3000m   31.531    4.1376      Ca B 3703.87A   28.567    0.0045      TOTL 3727.00A   29.415    0.0316
 PAHC 14.1000m   31.430    3.2770      Ca B 3697.17A   28.501    0.0039      TOTL 7325.00A   27.947    0.0011
 Bcon 3640.00A   37.986 *********      Ca B 3691.57A   28.442    0.0034      O II 3729.00A   28.888    0.0094
 Pcon 5000.00A   36.737 664239.94      Ca B 3686.85A   28.389    0.0030      O II 3726.00A   29.252    0.0218
 nFnu 122.400m   28.726    0.0065      Ca B 3682.83A   28.341    0.0027      O  2 833.802A   31.905    9.7750
 nInu 122.400m   29.842    0.0846      Ca B 3679.37A   28.298    0.0024      O  3 835.000A   29.028    0.0130
 nFnu 60.8322m   28.968    0.0113      Ca B 3676.38A   28.258    0.0022      Ca 2 7306.00A   28.007    0.0012
 nInu 60.8322m   30.762    0.7045      Ca B 3673.78A   28.222    0.0020      Fe 2 4300.00A   28.252    0.0022
 nFnu 41.2152m   29.124    0.0162      Ca B 3671.49A   28.187    0.0019      Fe 2 2400.00A   30.667    0.5659
 nInu 41.2152m   31.274    2.2887      Ca B 1.87511m   30.019    0.1271      Fe 2 1080.00A   28.666    0.0056
 nFnu 30.8695m   29.229    0.0207      Ca B 1.28181m   29.681    0.0585      Fe 2 1500.00A   27.920    0.0010
 nInu 30.8695m   31.654    5.4877      Ca B 1.09381m   29.415    0.0317      Fe 2 2500.00A   28.296    0.0024
 nFnu 24.7829m   29.311    0.0249      Ca B 1.00494m   29.198    0.0192      Fe 2 2300.00A   28.034    0.0013
 nInu 24.7829m   31.942   10.6423      Ca B 9545.99A   29.014    0.0126      Fe 2 25.9812m   28.439    0.0033
 nFnu 24.2998m   29.317    0.0253      Ca B 9229.03A   28.856    0.0087      Fe 2 1.25668m   28.829    0.0082
 nInu 24.2998m   31.968   11.3022      Ca B 9014.92A   28.716    0.0063      Fe 2 35.3390m   27.944    0.0011
 nFnu 22.8302m   29.342    0.0268      Ca B 8862.79A   28.591    0.0047      Fe 2 1.32055m   28.252    0.0022
 nInu 22.8302m   32.046   13.5369      Ca B 8750.48A   28.478    0.0037      Fe 2 1.37181m   28.028    0.0013
 nFnu 21.4199m   29.364    0.0281      Ca B 8665.03A   28.376    0.0029      Fe 2 1.29427m   28.028    0.0013
 nInu 21.4199m   32.131   16.4576      Ca B 8598.40A   28.283    0.0023      Fe 2 17.9310m   28.726    0.0065
 nFnu 21.1235m   29.369    0.0285      Ca B 8545.39A   28.198    0.0019      Fe 2 1.64355m   28.757    0.0070
 nInu 21.1235m   32.150   17.2164      Ca B 8502.49A   28.121    0.0016      Fe 2 1.53347m   28.083    0.0015
 nFnu 19.6199m   29.397    0.0304      Ca B 8467.26A   28.051    0.0014      Fe 2 8616.95A   27.915    0.0010
 nInu 19.6199m   32.242   21.2444      Ca B 8437.96A   27.988    0.0012      Fe 2 24.5126m   28.140    0.0017
 nFnu 17.6534m   29.441    0.0336      Ca B 8413.33A   27.930    0.0010      Fe 2 1.80940m   28.054    0.0014
 nInu 17.6534m   32.385   29.5537      Ca B 4.05116m   29.415    0.0316      Fe 2 1.67688m   27.943    0.0011
 nFnu 17.3700m   29.445    0.0340      Ca B 2.62515m   29.153    0.0173      Fe 2 1.59948m   27.917    0.0010
 nInu 17.3700m   32.405   30.9141      Ca B 2.16553m   28.931    0.0104      Fe2b 10000.0A   29.422    0.0321
 nFnu 15.6901m   29.477    0.0366      Ca B 1.94456m   28.744    0.0067      Fe2b 8625.00A   28.209    0.0020
 nInu 15.6901m   32.535   41.7227      Ca B 1.81741m   28.581    0.0046      Fe2b 1.88900m   28.412    0.0031
 nFnu 14.6036m   29.509    0.0393      Ca B 1.73621m   28.438    0.0033      Fe 2 1786.00A   31.271    2.2746
 nInu 14.6036m   32.626   51.4552      Ca B 1.68065m   28.311    0.0025      recombination...................
 nFnu 12.4300m   29.572    0.0455      Ca B 1.64072m   28.195    0.0019      O  1 1357.00A   28.253    0.0022
 nInu 12.4300m   32.840   84.3027      Ca B 1.61093m   28.091    0.0015      C  2 1036.80A   28.055    0.0014
 nFnu 11.4000m   29.598    0.0482      Ca B 1.58805m   27.995    0.0012      C  2 946.100A   28.101    0.0015
 nInu 11.4000m   32.951  108.6856      Ca B 7.45781m   28.928    0.0103      C  2 799.800A   29.123    0.0162
 nFnu 10.4600m   29.639    0.0530      Ca B 4.65250m   28.721    0.0064      N  1 980.700A   27.941    0.0011
 nInu 10.4600m   33.061  140.0801      Ca B 3.73953m   28.533    0.0042      level2 lines....................
 nFnu 9.48002m   29.667    0.0566      Ca B 3.29609m   28.368    0.0028      C  1 943.939A   28.204    0.0019
 nInu 9.48002m   33.190  188.7644      Ca B 3.03837m   28.223    0.0020      C  1 1247.50A   28.083    0.0015
 nFnu 9.32488m   29.672    0.0572      Ca B 2.87221m   28.094    0.0015      C  2 892.833A   31.933   10.4374
 nInu 9.32488m   33.210  197.3957      Ca B 2.75751m   27.977    0.0012      C  2 688.791A   31.376    2.8961
 nFnu 8.21035m   29.729    0.0652      Ca B 12.3685m   28.516    0.0040      C  2 1020.18A   32.400   30.5813
 nInu 8.21035m   33.378  290.7150      Ca B 7.50043m   28.349    0.0027      C  2 596.559A   30.670    0.5696
 nFnu 7.58000m   29.750    0.0684      Ca B 5.90659m   28.187    0.0019      C  2 561.959A   30.306    0.2463
 nInu 7.58000m   33.481  368.8286      Ca B 5.12725m   28.042    0.0013      C  2 530.721A   30.009    0.1243
 nFnu 7.05026m   29.798    0.0764      Ca B 19.0566m   28.158    0.0018      C  2 544.909A   29.983    0.1170
 nInu 7.05026m   33.572  454.0804      Ca B 11.3056m   28.020    0.0013      C  2 535.300A   29.837    0.0837
 nFnu 4.11370m   30.017    0.1266      H  1 1215.68A   33.285  234.4661      C  2 550.361A   29.724    0.0645
 nInu 4.11370m   34.266 2245.7815      H  1 1025.73A   32.744   67.4865      C  2 858.178A   30.338    0.2652
 nFnu 2.32440m   30.156    0.1742      H  1 972.543A   32.243   21.3061      C  2 637.979A   29.575    0.0458
 nInu 2.32440m   34.993 11989.648      H  1 949.749A   32.044   13.4822      C  2 524.659A   28.919    0.0101
 nFnu 1.64313m   30.295    0.2400      H  1 937.809A   31.777    7.2917      C  2 521.831A   28.922    0.0102
 nInu 1.64313m   35.429 32673.820      H  1 930.754A   31.431    3.2853      C  2 578.690A   28.974    0.0115
 nFnu 1.48022m   30.268    0.2256      H  1 926.231A   31.101    1.5374      C  2 553.410A   28.494    0.0038
 nInu 1.48022m   35.561 44326.441      H  1 923.156A   30.944    1.0715      C  2 540.079A   28.168    0.0018
 nFnu 1.43649m   30.606    0.4913      H  1 920.969A   30.641    0.5330      C  2 532.130A   27.989    0.0012
 nInu 1.43649m   35.595 47894.613      H  1 6562.85A   31.395    3.0230      N  1 942.258A   28.421    0.0032
 nFnu 1.11867m   30.507    0.3917      H  1 4861.36A   30.914    1.0000      N  1 952.118A   28.404    0.0031
 nInu 1.11867m   35.907 98240.836      H  1 4340.49A   30.679    0.5809      N  1 1131.12A   28.277    0.0023
 nFnu 8329.68A   30.342    0.2675      H  1 4101.76A   30.411    0.3134      N  2 532.161A   30.550    0.4324
 nInu 8329.68A   36.256 219345.70      H  1 3970.09A   30.091    0.1501      N  2 634.441A   30.733    0.6584
 nFnu 8078.61A   31.041    1.3369      H  1 3889.07A   29.800    0.0768      N  2 907.079A   31.157    1.7488
 nInu 8078.61A   36.292 238444.33      H  1 3835.40A   29.647    0.0540      N  2 475.141A   28.707    0.0062
 nFnu 6209.66A   30.787    0.7455      H  1 3797.92A   29.416    0.0317      N  2 528.139A   30.030    0.1306
 nInu 6209.66A   36.610 495767.62      H  1 1.87511m   30.203    0.1945      N  2 452.970A   28.189    0.0019
 nFnu 4885.36A   30.563    0.4450      H  1 1.28181m   29.965    0.1124      N  2 441.950A   27.957    0.0011
 nInu 4885.36A   36.891 948400.44      H  1 1.09381m   29.715    0.0632      N  2 474.291A   28.246    0.0021
 nFnu 3704.34A   30.548    0.4305      H  1 1.00494m   29.438    0.0334      N  2 508.099A   28.850    0.0086
 nInu 3704.34A   37.124 1620674.6      H  1 9545.99A   29.193    0.0190      N  3 678.210A   29.855    0.0872
 nFnu 3587.67A   31.788    7.4699      H  1 9229.03A   29.044    0.0135      N  3 752.112A   29.349    0.0272
 nInu 3587.67A   37.163 1772494.6      H  1 9014.92A   28.864    0.0089      O  1 867.303A   28.653    0.0055
 nFnu 2430.05A   31.056    1.3839      H  1 4.05116m   29.526    0.0409      O  1 787.470A   28.423    0.0032
 nInu 2430.05A   37.569 4509892.0      H  1 2.62515m   29.298    0.0242      O  1 976.791A   28.969    0.0113
 nFnu 2392.03A   31.047    1.3553      H  1 2.16553m   29.053    0.0138      O  1 969.049A   29.042    0.0134
 nInu 2392.03A   37.573 4557433.5      H  1 1.94456m   28.836    0.0083      O  1 946.387A   28.469    0.0036
 nFnu 2071.34A   31.062    1.4049      H  1 1.81741m   28.686    0.0059      O  1 934.501A   28.309    0.0025
 nInu 2071.34A   37.714 6304851.5      H  1 1.73621m   28.526    0.0041      O  1 973.577A   28.066    0.0014
 nFnu 2052.68A   31.067    1.4208      H  1 7.45781m   28.994    0.0120      O  2 425.190A   29.396    0.0303
 nInu 2052.68A   37.706 6190909.5      H  1 4.65250m   28.783    0.0074      O  2 388.410A   28.430    0.0033
 nFnu 1793.44A   31.156    1.7426      H  1 3.73953m   28.582    0.0047      O  2 530.819A   30.955    1.0968
 nInu 1793.44A   37.825 8142527.0      H  1 3.29609m   28.429    0.0033      O  2 373.600A   27.932    0.0010
 nFnu 1585.12A   31.229    2.0645      H  1 3.03837m   28.277    0.0023      O  2 414.619A   27.942    0.0011
 nInu 1585.12A   37.892 9502472.0      H  1 12.3685m   28.553    0.0044      O  3 698.231A   28.927    0.0103
 nFnu 1458.33A   31.261    2.2207      H  1 7.50043m   28.377    0.0029      Ne 1 688.591A   28.615    0.0050
 nInu 1458.33A   37.979 *********      H  1 5.90659m   28.223    0.0020      Ne 2 444.150A   28.462    0.0035
 nFnu 1356.96A   31.255    2.1911      H  1 5.12725m   28.073    0.0014      Ne 2 461.050A   28.509    0.0039
 nInu 1356.96A   38.058 *********      H  1 19.0566m   28.183    0.0019      Mg 2 959.306A   28.463    0.0035
 nFnu 1297.29A   31.206    1.9588      H  1 11.3056m   28.045    0.0013      Al 2 929.014A   28.499    0.0038
 nInu 1297.29A   38.070 *********      He 2 303.808A   28.152    0.0017      Si 2 1179.59A   31.821    8.0723
 nFnu 1262.79A   31.119    1.5999      He-like iso-sequence............      Si 2 993.354A   30.943    1.0668
 nInu 1262.79A   38.070 *********      Clin 506.000A   29.509    0.0393      Si 2 893.551A   29.515    0.0399
 nFnu 1218.08A   31.309    2.4815      He 1 584.334A   32.334   26.2811      Si 2 847.623A   29.019    0.0127
 nInu 1218.08A   37.904 9758374.0      He 1 537.030A   31.894    9.5444      Si 2 1024.03A   30.079    0.1460
 nFnu 1196.33A   30.909    0.9866      He 1 522.213A   31.653    5.4758      Si 2 822.443A   28.688    0.0059
 nInu 1196.33A   38.063 *********      He 1 515.617A   31.452    3.4503      Si 2 903.081A   28.639    0.0053
 nFnu 1175.06A   30.898    0.9631      He 1 512.099A   31.201    1.9346      Si 2 807.057A   28.404    0.0031
 nInu 1175.06A   37.847 8556549.0      He 1 625.563A   30.574    0.4570      Si 2 796.940A   28.173    0.0018
 nFnu 1143.64A   30.942    1.0651      TOTL 1.08303m   30.271    0.2273      Si 2 851.883A   28.254    0.0022
 nInu 1143.64A   38.120 *********      He 1 1.08303m   30.271    0.2273      Si 2 765.539A   28.041    0.0013
 nFnu 1113.22A   30.965    1.1234      He 1 3888.63A   29.655    0.0550      Si 2 789.921A   27.988    0.0012
 nInu 1113.22A   38.167 *********      He 1 3187.74A   29.256    0.0220      Si 2 824.722A   27.974    0.0011
 nFnu 1103.23A   30.979    1.1598      He 1 2945.10A   28.935    0.0105      Si 3 564.611A   28.941    0.0106
 nInu 1103.23A   38.178 *********      He 1 2829.08A   28.674    0.0057      S  2 750.323A   30.580    0.4629
 nFnu 1073.86A   30.996    1.2053      He 1 5015.68A   29.297    0.0241      S  2 632.711A   29.610    0.0496
 nInu 1073.86A   38.190 *********      He 1 3964.73A   29.228    0.0206      S  2 888.439A   30.025    0.1291
 nFnu 1064.34A   30.999    1.2147      He 1 3613.64A   29.087    0.0149      S  2 587.599A   28.968    0.0113
 nInu 1064.34A   38.159 *********      He 1 3447.59A   28.864    0.0089      S  2 566.130A   28.512    0.0040
 nFnu 1035.92A   31.017    1.2655      He 1 7065.22A   28.862    0.0089      S  2 654.712A   28.733    0.0066
 nInu 1035.92A   38.173 *********      He 1 5875.64A   29.752    0.0688      S  2 554.149A   28.158    0.0018
 nFnu 1000.00A   31.041    1.3397      He 1 4713.03A   28.070    0.0014      S  2 546.771A   27.919    0.0010
 nInu 1000.00A   38.192 *********      He 1 4471.49A   29.212    0.0199      S  2 595.072A   27.951    0.0011
 nFnu 925.144A   31.066    1.4189      He 1 4026.20A   28.852    0.0087      S  3 667.049A   30.986    1.1791
 nInu 925.144A   37.728 6503020.0      He 1 3819.61A   28.575    0.0046      S  3 691.219A   30.730    0.6544
 nFnu 897.800A   33.063  140.8270      He 1 7281.35A   28.744    0.0068      S  3 704.220A   30.446    0.3402
 nInu 897.800A   37.183 1856005.4      He 1 6678.15A   29.224    0.0204      S  3 671.510A   29.637    0.0528
 nFnu 760.023A   31.276    2.2967      He 1 5047.64A   28.052    0.0014      Ar 2 548.610A   28.901    0.0097
 nInu 760.023A   37.033 1315142.8      He 1 4921.93A   28.682    0.0058      Ar 2 541.829A   28.603    0.0049
 nFnu 701.514A   31.088    1.4927      He 1 4387.93A   28.309    0.0025      Ar 2 677.401A   28.922    0.0102
 nInu 701.514A   36.930 1037539.9      He 1 4143.76A   28.008    0.0012      Ar 2 519.340A   28.166    0.0018
 nFnu 608.160A   29.391    0.0299      He 1 1.50837m   27.953    0.0011      Ar 2 633.858A   28.387    0.0030
 nInu 608.160A   36.719 636953.00      He 1 1.10131m   27.989    0.0012      Ar 2 616.899A   28.356    0.0028
 nFnu 575.146A   29.263    0.0223      He 1 1.70027m   28.062    0.0014      Ar 2 567.402A   28.031    0.0013
 nInu 575.146A   36.660 556360.56      He 1 1.86854m   28.972    0.0114      Ar 2 899.111A   28.242    0.0021
 nFnu 511.948A   29.122    0.0161      He 1 1.27849m   28.513    0.0040      Ar 3 458.140A   28.033    0.0013
 nInu 511.948A   36.526 408479.50      He 1 1.09130m   28.187    0.0019      Ar 3 527.451A   28.439    0.0033
 nFnu 496.874A   32.362   28.0099      He 1 1.86972m   28.493    0.0038      Ar 3 894.879A   28.826    0.0082
 nInu 496.874A   35.313 25050.123      He 1 1.27905m   28.036    0.0013      Fe 3 911.104A   30.570    0.4524
 nInu 399.153A   34.333 2620.6919      He 1 4.04791m   28.383    0.0029      Fe 3 859.623A   30.272    0.2276
 RRC.............................      He 1 2.62338m   27.979    0.0012      Fe 3 896.877A   30.272    0.2280
 grains..........................      Ca B 2945.10A   28.641    0.0053      Fe 3 579.421A   29.542    0.0424
 H-like iso-sequence.............      Ca B 3187.74A   28.961    0.0111      Fe 3 762.643A   29.887    0.0940
 Ca B 1215.68A   31.947   10.7857      Ca B 3613.64A   28.072    0.0014      Fe 3 513.260A   29.105    0.0155
 Q(H) 4861.36A   34.949 10818.389      Ca B 3888.63A   29.371    0.0286      Fe 3 871.422A   29.662    0.0559
 Q(H) 1215.68A   36.469 358654.28      Ca B 3964.73A   28.382    0.0029      Fe 3 768.409A   29.424    0.0323
 CaBo 4861.36A   30.407    0.3111      Ca B 4026.20A   28.742    0.0067      Fe 3 530.980A   28.715    0.0063
 Ca A 1215.68A   31.826    8.1502      Ca B 4387.93A   28.170    0.0018      Fe 3 635.300A   28.912    0.0099
 Ca A 1025.73A   31.095    1.5154      Ca B 4471.49A   29.077    0.0145      Fe 3 513.830A   28.374    0.0029
 Ca A 972.543A   30.675    0.5755      Ca B 4713.03A   27.970    0.0011      Fe 3 523.311A   28.312    0.0025
 Ca A 949.749A   30.368    0.2841      Ca B 4921.93A   28.513    0.0040      Fe 3 852.057A   28.722    0.0064
 Ca A 937.809A   30.126    0.1626      Ca B 5015.68A   28.790    0.0075      Fe 3 905.428A   28.319    0.0025
 Ca A 930.754A   29.924    0.1023      Ca B 5875.64A   29.547    0.0429      Fe 4 532.950A   28.239    0.0021
 Ca A 926.231A   29.753    0.0689      Ca B 6678.15A   29.004    0.0123      P  2 1307.68A   28.394    0.0030
 Ca A 923.156A   29.604    0.0489      Ca B 7065.22A   28.690    0.0060      P  2 1154.42A   29.534    0.0416
 Ca A 920.969A   29.472    0.0361      Ca B 7281.35A   28.155    0.0017      P  2 967.202A   29.906    0.0981
 Ca A 919.357A   29.357    0.0277      Ca B 1.08303m   30.173    0.1812      P  2 963.828A   30.250    0.2164
 Ca A 918.135A   29.256    0.0219      Ca B 1.27849m   28.313    0.0025      P  3 1341.17A   28.812    0.0079
 Ca A 917.186A   29.168    0.0179      Ca B 1.70027m   27.926    0.0010      P  3 1001.73A   29.454    0.0347
 Ca A 916.435A   29.091    0.0150      Ca B 1.86854m   28.700    0.0061      P  3 918.147A   29.530    0.0413
 Ca A 915.829A   29.025    0.0129      Ca B 1.86972m   28.222    0.0020      Cl 2 1071.32A   28.126    0.0016
 Ca A 915.335A   28.967    0.0113      Ca B 2.05813m   28.961    0.0111      Cl 3 1011.29A   28.843    0.0085
 Ca A 914.925A   28.918    0.0101      Pho+ 3889.00A   30.215    0.1996      Ti 3 1298.50A   28.939    0.0106
 Ca A 914.582A   28.876    0.0091      database lines..................      Ti 3 1288.59A   29.064    0.0141
 Ca A 914.292A   28.842    0.0085      Al 3 1854.72A   30.730    0.6536      V  3 1151.20A   28.194    0.0019
 Ca A 914.044A   28.815    0.0080      Al 3 1862.79A   30.431    0.3285      Cr 2 2060.44A   28.031    0.0013
 Ca A 913.831A   28.795    0.0076      Ar 2 6.98337m   29.200    0.0193      Cr 3 1033.06A   29.763    0.0705
 Ca A 913.647A   28.780    0.0073      Ar 3 7135.79A   28.789    0.0075      Cr 3 1035.74A   29.878    0.0920
 Ca A 913.486A   28.769    0.0071      Ar 3 7751.11A   28.176    0.0018      Cr 3 924.009A   29.166    0.0179
 Ca A 913.345A   28.759    0.0070      Ar 3 8.98898m   29.432    0.0329      Mn 2 2589.74A   28.785    0.0074
 Ca A 6562.85A   30.737    0.6640      Ar 3 21.8253m   28.126    0.0016      Mn 2 1198.85A   28.645    0.0054
 Ca A 4861.36A   30.263    0.2231      Fe 3 22.9190m   29.891    0.0948      Co 3 942.738A   28.938    0.0106
 Ca A 4340.49A   29.928    0.1032      Fe 3 4881.12A   28.522    0.0041      Co 3 937.418A   28.529    0.0041
 Ca A 4101.76A   29.670    0.0570      Fe 3 4658.01A   28.670    0.0057      Ni 2 1751.83A   28.404    0.0031
 Ca A 3970.09A   29.460    0.0351      Fe 3 33.0270m   29.322    0.0256      Ni 2 1744.24A   28.619    0.0051
 Ca A 3889.07A   29.281    0.0233      Fe 3 5270.40A   28.682    0.0059      Ni 2 1472.74A   28.293    0.0024
 Ca A 3835.40A   29.126    0.0163      Fe 3 4754.64A   27.932    0.0010      Ni 2 1400.37A   28.076    0.0015
 Ca A 3797.92A   28.989    0.0119      Fe 3 4701.62A   28.278    0.0023      Ni 2 1375.73A   28.661    0.0056
 Ca A 3770.65A   28.866    0.0089      Fe 3 51.6655m   28.577    0.0046      Ni 2 1324.11A   28.752    0.0069
 Ca A 3750.17A   28.754    0.0069      Fe 3 5011.16A   27.920    0.0010      Zn 2 2038.17A   29.022    0.0128
 Ca A 3734.39A   28.653    0.0055      Mg 1 2852.13A   28.158    0.0018      hyperfine structure.............
 Ca A 3721.96A   28.560    0.0044      Ne 2 12.8101m   30.128    0.1637      inner shell.....................
 Ca A 3711.99A   28.477    0.0036      P  3 17.8797m   28.117    0.0016      molecules.......................
 Ca A 3703.87A   28.401    0.0031      S  2 6730.82A   28.688    0.0059      blends..........................
 Ca A 3697.17A   28.334    0.0026      S  2 6716.44A   28.451    0.0034      Blnd 2798.00A   31.139    1.6774
 Ca A 3691.57A   28.274    0.0023      S  2 4068.60A   28.082    0.0015      Blnd 6720.00A   28.887    0.0094
 Ca A 3686.85A   28.220    0.0020      S  2 1259.52A   29.679    0.0582      Blnd 4074.00A   28.201    0.0019
 Ca A 3682.83A   28.173    0.0018      S  2 1253.81A   29.491    0.0377      Blnd 1.03300m   28.124    0.0016
 Ca A 3679.37A   28.130    0.0016      S  2 1250.58A   29.179    0.0184      Blnd 1256.00A   29.972    0.1143
 Ca A 3676.38A   28.092    0.0015      S  2 912.736A   29.370    0.0286      Blnd 1198.00A   30.649    0.5422
 Ca A 3673.78A   28.058    0.0014      S  2 910.485A   29.602    0.0487      Blnd 1860.00A   30.907    0.9821
 Ca A 3671.49A   28.026    0.0013      S  3 33.4704m   29.224    0.0204      Blnd 1888.00A   28.325    0.0026
 Ca A 1.87511m   29.976    0.1151      S  3 18.7078m   29.988    0.1185      Blnd 1397.00A   28.188    0.0019



  Spectrum of Orion star th1A using Tlusty  
 Cooling:  HFBc       0 :0.152 HFFc       0 :0.054  
 Heating:  BFH1       0 :0.937 BFHe       0 :0.051  

 These are some of the most important databases used by Cloudy:
 Many recombination coefficients were taken from http://amdpp.phys.strath.ac.uk/tamoc/RR/ and http://amdpp.phys.strath.ac.uk/tamoc/DR/
      and are based on the following papers:
        Badnell N. R., et al., A&A 406, 1151 (2003) [http://adsabs.harvard.edu/abs/2003A%26A...406.1151B]
        Badnell N. R., ApJS 167, 334 (2006) [http://adsabs.harvard.edu/abs/2006ApJS..167..334B]
 Much of the molecular emission data is from LAMDA as accessed on Dec. 18, 2010. This database is described in:
        Schoeier F.L., et al., A&A 432, 369 (2005) [http://adsabs.harvard.edu/abs/2005A%26A...432..369S]
      This database is in part based on the work of the following groups:
        JPL: Pickett H. M. et al., JQSRT, 60, 883 (1998). [http://adsabs.harvard.edu/abs/1998JQSRT..60..883P]
        CDMS: Mueller H. S. et al., A&A 370, L49 (2001). [http://adsabs.harvard.edu/abs/2001A%26A...370L..49M]
              Mueller H. S. et al., J. Mol. Struct. 742, 215 (2005). [http://adsabs.harvard.edu/abs/2005JMoSt.742..215M]
 Much of the ionic emission data is from version 7.1 of CHIANTI. CHIANTI is a collaborative project involving the NRL (USA), the
      Universities of Florence (Italy) and Cambridge (UK), and George Mason University (USA). These papers describe Chianti:
        Dere K. P., et al., A&AS, 125, 149 (1997) [http://adsabs.harvard.edu/abs/1997A%26AS..125..149D]
        Landi E., et al., ApJ, 744, 99 (2012) [http://adsabs.harvard.edu/abs/2012ApJ...744...99L]
 Much of the H_2 data is from this web site: http://molat.obspm.fr/index.php?page=pages/Molecules/H2/H2can94.php. These data are
      described in:
        Abgrall H. et al., Can. J. Phys., 72, 856 (1994) [http://adsabs.harvard.edu/abs/1994CaJPh..72..856A]
        Wrathmall S. A. & Flower D. R., J. Phys. B, 40, 3221 (2007) [http://adsabs.harvard.edu/abs/2007JPhB...40.3221W]
 Please cite those papers that played a significant role in this calculation.

 IONIZE PARMET:  U(1-) -2.3201  U(4-):-12.6524  U(sp): -2.32  Q(ion):   47.256  L(ion) 36.683    Q(low): 48.969    L(low) 38.013
 ENERGY BUDGET:  Heat:  31.486  Coolg:  31.486  Error:  0.0%  Rec Lin:  31.601  F-F  H  0.000    P(rad/tot)max     1.60E-04    R(F Con):1.737e+05

     Col(Heff):      0.000E+00  snd travl time  1.11E+06 sec  Te-low: 5.19E+03  Te-hi: 5.19E+03  G0TH85: 4.00E+05  G0DB96:5.03E+05
  Emiss Measure    n(e)n(p) dl       9.824E+19  n(e)n(He+)dl         8.345E+18  En(e)n(He++) dl         2.352E+10  ne nC+:1.83E+16
 He/Ha:5.08E-02  =   0.51*true  Lthin:3.21E+04  itr/zn:13.00  H2 itr/zn:  0.00  File Opacity: F  MassTot 2.70e+27  (gm)
   Temps(21 cm)   T(21cm/Ly a)  9.10E+03        T(<nH/Tkin>)  5.19E+03          T(<nH/Tspin>)    4.66E+03          TB21cm:0.00E+00
                   N(H0/Tspin)  2.40E+09        N(OH/Tkin)    2.26E-06          B(21cm)          0.00E+00
   <a>:8.17E-05  erdeFe0.0E+00  Tcompt1.84E+06  Tthr8.75E+07  <Tden>: 5.19E+03  <dens>:2.37E-20  <MolWgt>6.53E-01
     Mean Jeans  l(cm)3.63E+19  M(sun)2.97E+05  smallest:     len(cm):3.63E+19  M(sun):2.97E+05  a_ox tran:  0.00
 Rion:1.000E+17  Dist:0.00E+00  Diam:0.000E+00
 Hatom level 70  HatomType: add  HInducImp  F  He tot level: 63  He2 level:   70  ExecTime    10.7
 ConvrgError(%)  <eden>  0.002  MaxEden  0.002  <H-C>   0.00  Max(H-C)    0.00  <Press>   0.000  MaxPrs er  0.000
  Continuity(%)  chng Te   0.0  elec den   0.0  n(H2)    0.0  n(CO)        0.0

                                                        Averaged Quantities
             Te      Te(Ne)   Te(NeNp)  Te(NeHe+)Te(NeHe2+) Te(NeO+)  Te(NeO2+)  Te(H2)     N(H)     Ne(O2+)   Ne(Np)
 Radius:  5.19e+03  5.19e+03  5.19e+03  5.19e+03  5.19e+03  5.19e+03  5.19e+03  5.19e+03  1.00e+04  1.08e+04  1.08e+04
 
 Peimbert T(OIIIr)5.23E+03 T(Bac)4.03E+04 T(Hth)5.17E+03 t2(Hstrc) 0.00e+00 T(O3-BAC)5.19E+03 t2(O3-BC) 1.29e-03 t2(O3str) 0.00e+00

 Contin Optical Depths: COMP: 6.54e-09    H-: 8.31e-12 R(1300): 7.51e-11  H2+: 2.57e-13  Pfa:6.54E-09
                          Pa: 6.54e-09    Ba: 6.55e-09      Hb: 6.55e-09   La: 1.83e-07     1r:7.078E-05  1.8:1.04E-03 4.:1.500E-03

 Old, new H  1 continuum optical depths:
     1 9.97e+07     2 1.00e-20     3 1.00e-20     4 1.00e-20     5 1.00e-20     6 1.00e-20     7 1.00e-20     8 1.00e-20
     9 1.00e-20    10 1.00e-20    11 1.00e-20    12 1.00e-20    13 1.00e-20    14 1.00e-20    15 1.00e-20    16 1.00e-20
    17 1.00e-20    18 1.00e-20    19 1.00e-20    20 1.00e-20    21 1.00e-20    22 1.00e-20    23 1.00e-20    24 1.00e-20
    25 1.00e-20    26 1.00e-20    27 1.00e-20    28 1.00e-20    29 1.00e-20    30 1.00e-20    31 1.00e-20    32 1.00e-20
    33 1.00e-20    34 1.00e-20    35 1.00e-20    36 1.00e-20    37 1.00e-20    38 1.00e-20    39 1.00e-20    40 1.00e-20
    41 1.00e-20    42 1.00e-20    43 1.00e-20    44 1.00e-20    45 1.00e-20    46 1.00e-20    47 1.00e-20    48 1.00e-20
    49 1.00e-20    50 1.00e-20    51 1.00e-20    52 1.00e-20    53 1.00e-20    54 1.00e-20
     1 7.08e-05     2 1.26e-11     3 8.33e-12     4 8.33e-12     5 8.33e-12     6 2.07e-12     7 2.07e-12     8 2.07e-12
     9 2.07e-12    10 6.99e-16    11 6.99e-16    12 6.99e-16    13 6.99e-16    14 6.99e-16    15 1.55e-15    16 1.55e-15
    17 1.55e-15    18 1.55e-15    19 1.55e-15    20 1.55e-15    21 3.23e-15    22 3.23e-15    23 3.23e-15    24 3.23e-15
    25 3.23e-15    26 3.23e-15    27 3.23e-15    28 6.06e-15    29 6.06e-15    30 6.06e-15    31 6.06e-15    32 6.06e-15
    33 6.06e-15    34 6.06e-15    35 6.06e-15    36 1.09e-14    37 1.09e-14    38 1.09e-14    39 1.09e-14    40 1.09e-14
    41 1.09e-14    42 1.09e-14    43 1.09e-14    44 1.09e-14    45 1.86e-14    46 1.86e-14    47 1.86e-14    48 1.86e-14
    49 1.86e-14    50 1.86e-14    51 1.86e-14    52 1.86e-14    53 1.86e-14    54 1.86e-14

 Old, new H  1 mean line optical depths:
  2- 1 1.61e+20  3- 2 5.74e-01  4- 3 1.77e-20  5- 4 1.77e-20  6- 5 1.77e-20  7- 6 1.77e-20  8- 7 1.77e-20
  9- 8 1.77e-20 10- 9 1.77e-20
  2- 1 3.40e+00  3- 2 4.63e-07  4- 3 8.84e-12  5- 4 8.65e-12  6- 5 1.81e-11  7- 6 2.92e-11  8- 7 3.33e-11
  9- 8 3.48e-11 10- 9 5.09e-11

 Old, new He 2 continuum optical depths:
     1 3.44e+06     2 9.86e+07     3 1.00e-20     4 1.00e-20     5 1.00e-20     6 1.00e-20     7 1.00e-20     8 1.00e-20
     9 1.00e-20    10 1.00e-20    11 1.00e-20    12 1.00e-20    13 1.00e-20    14 1.00e-20    15 1.00e-20    16 1.00e-20
    17 1.00e-20    18 1.00e-20    19 1.00e-20    20 1.00e-20    21 1.00e-20    22 1.00e-20    23 1.00e-20    24 1.00e-20
    25 1.00e-20    26 1.00e-20    27 1.00e-20    28 1.00e-20    29 1.00e-20    30 1.00e-20    31 1.00e-20    32 1.00e-20
    33 1.00e-20    34 1.00e-20    35 1.00e-20    36 1.00e-20    37 1.00e-20    38 1.00e-20    39 1.00e-20    40 1.00e-20
    41 1.00e-20    42 1.00e-20    43 1.00e-20    44 1.00e-20    45 1.00e-20    46 1.00e-20    47 1.00e-20    48 1.00e-20
    49 1.00e-20    50 1.00e-20    51 1.00e-20    52 1.00e-20    53 1.00e-20    54 1.00e-20
     1 1.50e-03     2 6.99e-05     3 3.15e-08     4 3.15e-08     5 3.15e-08     6 1.26e-11     7 1.26e-11     8 1.26e-11
     9 1.26e-11    10 6.76e-12    11 6.76e-12    12 6.76e-12    13 6.76e-12    14 6.76e-12    15 8.33e-12    16 8.33e-12
    17 8.33e-12    18 8.33e-12    19 8.33e-12    20 8.33e-12    21 7.04e-12    22 7.04e-12    23 7.04e-12    24 7.04e-12
    25 7.04e-12    26 7.04e-12    27 7.04e-12    28 2.07e-12    29 2.07e-12    30 2.07e-12    31 2.07e-12    32 2.07e-12
    33 2.07e-12    34 2.07e-12    35 2.07e-12    36 3.97e-16    37 3.97e-16    38 3.97e-16    39 3.97e-16    40 3.97e-16
    41 3.97e-16    42 3.97e-16    43 3.97e-16    44 3.97e-16    45 6.99e-16    46 6.99e-16    47 6.99e-16    48 6.99e-16
    49 6.99e-16    50 6.99e-16    51 6.99e-16    52 6.99e-16    53 6.99e-16    54 6.99e-16

 Old, new He 2 mean line optical depths:
  2- 1 1.61e+19  3- 2 5.74e-02  4- 3 1.77e-20  5- 4 1.77e-20  6- 5 1.77e-20  7- 6 1.77e-20  8- 7 1.77e-20
  9- 8 1.77e-20 10- 9 1.77e-20
  2- 1 5.70e+01  3- 2 2.47e-15  4- 3 2.29e-20  5- 4 1.86e-20  6- 5 1.92e-20  7- 6 2.13e-20  8- 7 2.75e-20
  9- 8 3.54e-20 10- 9 4.36e-20

 Old He Is optical depths:    1 2.38e+07    2 1.00e-20    3 1.00e-20    4 1.00e-20    5 1.00e-20
 New He Is optical depths:    1 1.04e-03    2 4.06e-08    3 9.94e-12    4 1.13e-11    5 1.13e-11
          Old He Is Lines:  584 3.54e-20 3889 3.54e-20 5016 3.54e-20 5876 3.54e-20
          New He Is Lines:  584 1.27e+01 3889 1.06e-03 5016 2.03e-08 5876 1.35e-12

==== H      compounds ====           Log10 column densities [cm^-2]
   H2        : -1.646   H2*       :  0.949   H2+       :  4.564   H3+       :-10.033
==== D      compounds ====
   HD        : -2.767   HD*       : -3.666   HD+       : -0.065   H2D+      : -9.746   D2        : -7.192   D2+       : -5.345   HD2+      :-15.491   D3+       :-20.627
==== He     compounds ====
   HeH+      :  5.521   HeD+      :  0.250
==== Li     compounds ====
   LiH       : -8.093   LiH+      : -4.080   LiD       :-12.947   LiD+      : -8.863
==== C      compounds ====
   CH        : -4.120   CH+       : -0.192   CH2       :-17.390   CH2+      :-14.643   CH3       :-29.091   CH3+      :-30.385   CH4       :-35.930   CH4+      :-35.930
   CH5+      :-35.930   CD        : -8.916   CD+       : -4.975   CHD       :-20.580   CHD+      :-15.910   CH2D      :-32.651   CH2D+     :-34.085   CH3D      :-35.930
   CH3D+     :-35.930   CH4D+     :-35.930   C2        : -8.854   C2+       : -5.881   C2H       :-20.307   C2H+      :-21.473   C2H2      :-33.745   C2H2+     :-33.282
   C2H3+     :-35.930   C2D       :-25.117   C2D+      :-25.402   C2HD      :-35.930   C2HD+     :-35.930   C2H2D+    :-35.930   C3        :-35.930   C3+       :-25.884
   C3H       :-35.930   C3H+      :-35.930   C3D       :-35.930   C3D+      :-35.930
==== N      compounds ====
   NH        : -2.998   NH+       : -3.198   NH2       :-15.846   NH2+      :-16.281   NH3       :-28.078   NH3+      :-29.249   NH4+      :-35.930   ND        : -7.829
   ND+       : -7.548   NHD       :-20.588   NHD+      :-20.864   NH2D      :-32.810   NH2D+     :-34.210   NH3D+     :-35.930   CN        : -8.652   CN+       : -8.654
   HCN       :-21.870   HCN+      :-21.104   HNC       :-26.732   HCNH+     :-35.930   DCN       :-26.715   DCN+      :-25.292   DNC       :-30.211   DCNH+     :-35.930
   HCND+     :-35.930   HC3N      :-35.930   DC3N      :-35.930   N2        : -9.091   N2+       : -4.508   N2H+      :-35.762   N2D+      :-35.930
==== O      compounds ====
   OH        : -1.930   OH+       : -2.184   H2O       :-14.900   H2O+      :-15.312   H3O+      :-27.818   OD        : -6.781   OD+       : -6.499   HDO       :-19.702
   HDO+      :-19.841   H2DO+     :-32.525   CO        : -6.340   CO+       : -4.079   HCO+      :-13.074   H2CO      :-35.930   CH3OH     :-35.930   DCO+      :-17.870
   HDCO      :-35.930   CH2DOH    :-35.930   CH3OD     :-35.930   ^13CO     : -7.818   NO        :-11.337   NO+       : -8.962   HNO       :-23.281   HNO+      :-24.432
   DNO       :-27.821   DNO+      :-29.033   OCN       :-27.565   OCN+      :-27.658   N2O       :-31.639   O2        : -6.175   O2+       : -6.825   NO2       :-33.164
   NO2+      :-28.168
==== Ne     compounds ====
   NeH+      : -2.030   NeD+      : -7.273
==== Si     compounds ====
   SiH       :-17.661   SiH2+     :-17.438   SiD       :-18.921   SiHD+     :-18.673   SiC2      :-35.930   SiN       :-25.986   SiN+      : -9.869   SiO       : -8.725
   SiO+      : -5.152   SiOH+     :-22.584   SiOD+     :-26.166
==== S      compounds ====
   HS        :-14.024   HS+       : -8.284   DS        :-15.270   DS+       : -9.437   CS        :-13.022   CS+       : -9.204   HCS+      :-25.398   DCS+      :-26.913
   NS        :-15.202   NS+       :-10.503   SO        :-15.486   SO+       : -9.450   OCS       :-28.359   OCS+      :-29.166   SO2       :-35.930   S2        :-28.442
   S2+       :-29.682
==== Cl     compounds ====
   HCl       :-30.965   HCl+      :-10.804   H2Cl+     :-30.128   DCl       :-32.239   DCl+      :-11.957   HDCl+     :-31.064   CCl       :-35.930   CCl+      :-35.930
   H2CCl+    :-35.930   HDCCl+    :-35.930   ClO       :-35.930   ClO+      :-35.930
==== Ar     compounds ====
   ArH+      : -2.968   ArD+      : -7.127
==== Ti     compounds ====
   TiH       :-35.930   TiH+      :-35.930   TiH2      :-35.930   TiH2+     :-35.930   TiD       :-35.930   TiD+      :-35.930   TiHD      :-35.930   TiHD+     :-35.930
   TiC       :-35.930   TiC+      :-35.930   HCTi      :-35.930   HCTi+     :-35.930   DCTi      :-35.930   DCTi+     :-35.930   TiC2      :-35.930   TiC2+     :-35.930
   TiN       :-35.930   TiN+      :-35.930   HNTi      :-35.930   HNTi+     :-35.930   DNTi      :-35.930   DNTi+     :-35.930   TiNC      :-35.930   TiNC+     :-35.930
   TiO       :-35.930   TiO+      :-35.930   TiOH+     :-35.930   TiOD+     :-35.930   TiO2      :-35.930   TiF+      :-35.930   TiS       :-35.930   TiS+      :-35.930
   HTiS      :-35.930   DTiS      :-35.930


               1      2      3      4      5      6      7      8      9     10     11     12     13     14     15     16     17

 Hydrogen   13.049 15.957  0.951 (H2)                Log10 Column density (cm^-2)
 Helium     14.138 14.886  6.336
 Lithium     3.101  7.267-30.000-30.000
 Beryllium   0.648  4.108  5.353-30.000-30.000
 Boron       2.167  6.681  5.903  1.720-30.000-30.000
 Carbon      7.939 12.228 11.726-30.000-30.000-30.000-30.000
 Nitrogen    8.792 11.865 10.586-30.000-30.000-30.000-30.000-30.000
 Oxygen      9.719 12.646 10.056  0.519-30.000-30.000-30.000-30.000-30.000
 Fluorine    5.617  8.436  5.850-30.000-30.000-30.000-30.000-30.000-30.000-30.000
 Neon        9.717 11.955  8.279-30.000-30.000-30.000-30.000-30.000-30.000-30.000-30.000
 Sodium      7.142 10.288  5.219-30.000-30.000-30.000-30.000-30.000-30.000-30.000-30.000-30.000
 Magnesium   7.098 10.374 11.464-30.000-30.000-30.000-30.000-30.000-30.000-30.000-30.000-30.000-30.000
 Aluminium   5.494 10.224  9.998  7.650-30.000-30.000-30.000-30.000-30.000-30.000-30.000-30.000-30.000-30.000
 Silicon     6.155 10.804 11.400  7.330-30.000-30.000-30.000-30.000-30.000-30.000-30.000-30.000-30.000-30.000-30.000
 Phosphorus  4.635  9.020  9.268  5.467-30.000-30.000-30.000-30.000-30.000-30.000-30.000-30.000-30.000-30.000-30.000-30.000
 Sulphur     5.607 10.370 11.157  6.705-30.000-30.000-30.000-30.000-30.000-30.000-30.000-30.000-30.000-30.000-30.000-30.000-30.000
 Chlorine    4.404  8.661  9.105  4.023-30.000-30.000-30.000-30.000-30.000-30.000-30.000-30.000-30.000-30.000-30.000-30.000-30.000
-30.000
 Argon       6.480  9.894 10.174  5.009-30.000-30.000-30.000-30.000-30.000-30.000-30.000-30.000-30.000-30.000-30.000-30.000-30.000
-30.000-30.000
 Potassium   5.187  9.072  7.217-30.000-30.000-30.000-30.000-30.000-30.000-30.000-30.000-30.000-30.000-30.000-30.000-30.000-30.000
-30.000-30.000-30.000
 Calcium     3.812  8.149 10.314-30.000-30.000-30.000-30.000-30.000-30.000-30.000-30.000-30.000-30.000-30.000-30.000-30.000-30.000
-30.000-30.000-30.000-30.000
 Scandium    0.127  4.564  7.014  6.486-30.000-30.000-30.000-30.000-30.000-30.000-30.000-30.000-30.000-30.000-30.000-30.000-30.000
-30.000-30.000-30.000-30.000-30.000
 Titanium    2.845  7.276  8.936  7.844-30.000-30.000-30.000-30.000-30.000-30.000-30.000-30.000-30.000-30.000-30.000-30.000-30.000
-30.000-30.000-30.000-30.000-30.000-30.000
 Vanadium    1.887  5.771  7.949  6.036-30.000-30.000-30.000-30.000-30.000-30.000-30.000-30.000-30.000-30.000-30.000-30.000-30.000
-30.000-30.000-30.000-30.000-30.000-30.000-30.000
 Chromium    2.879  7.574  9.621  7.393-30.000-30.000-30.000-30.000-30.000-30.000-30.000-30.000-30.000-30.000-30.000-30.000-30.000
-30.000-30.000-30.000-30.000-30.000-30.000-30.000-30.000
 Manganese   4.049  8.011  9.399  6.645-30.000-30.000-30.000-30.000-30.000-30.000-30.000-30.000-30.000-30.000-30.000-30.000-30.000
-30.000-30.000-30.000-30.000-30.000-30.000-30.000-30.000-30.000
 Iron        5.614 10.062 11.383  9.393  0.138-30.000-30.000-30.000-30.000-30.000-30.000-30.000-30.000-30.000-30.000-30.000-30.000
-30.000-30.000-30.000-30.000-30.000-30.000-30.000-30.000-30.000-30.000
 Cobalt      3.403  6.767  8.872  6.470-30.000-30.000-30.000-30.000-30.000-30.000-30.000-30.000-30.000-30.000-30.000-30.000-30.000
-30.000-30.000-30.000-30.000-30.000-30.000-30.000-30.000-30.000-30.000-30.000
 Nickel      4.606  8.416 10.200  7.190 -1.787-30.000-30.000-30.000-30.000-30.000-30.000-30.000-30.000-30.000-30.000-30.000-30.000
-30.000-30.000-30.000-30.000-30.000-30.000-30.000-30.000-30.000-30.000-30.000-30.000
 Copper      2.169  6.203  8.162  4.917 -5.172-30.000-30.000-30.000-30.000-30.000-30.000-30.000-30.000-30.000-30.000-30.000-30.000
-30.000-30.000-30.000-30.000-30.000-30.000-30.000-30.000-30.000-30.000-30.000-30.000-30.000
 Zinc        4.957  8.183  8.318  4.743-30.000-30.000-30.000-30.000-30.000-30.000-30.000-30.000-30.000-30.000-30.000-30.000-30.000
-30.000-30.000-30.000-30.000-30.000-30.000-30.000-30.000-30.000-30.000-30.000-30.000-30.000-30.000
 Exc state    He1*  9.869   CII* 12.049   C11*  6.988   C12*  7.463   C13*  7.682   O11*  9.573   O12*  9.000   O13*  8.688
              Si2*-35.930   C30*  4.323   C31*  0.375   C32*  4.572


 Hydrogen   -2.908 -0.001-14.706 (H2)                 Log10 Mean Ionisation (over radius)
 Helium     -0.819 -0.071 -8.621
 Lithium    -4.166 -0.000
 Beryllium  -4.729 -1.270 -0.024
 Boron      -4.580 -0.067 -0.845 -5.028
 Carbon     -4.408 -0.119 -0.620
 Nitrogen   -3.096 -0.023 -1.302
 Oxygen     -2.929 -0.002 -2.592-12.129
 Fluorine   -2.820 -0.002 -2.588
 Neon       -2.240 -0.003 -3.679
 Sodium     -3.146 -0.000 -5.069
 Magnesium  -4.399 -1.123 -0.034
 Aluminium  -4.933 -0.204 -0.429 -2.777
 Silicon    -5.342 -0.694 -0.098 -4.168
 Phosphorus -4.827 -0.442 -0.195 -3.995
 Sulphur    -5.615 -0.853 -0.066 -4.517
 Chlorine   -4.835 -0.578 -0.133 -5.216
 Argon      -3.877 -0.463 -0.183 -5.348
 Potassium  -3.891 -0.006 -1.861
 Calcium    -6.505 -2.168 -0.003
 Scandium   -7.001 -2.563 -0.114 -0.642
 Titanium   -6.133 -1.702 -0.042 -1.135
 Vanadium   -6.071 -2.187 -0.008 -1.922
 Chromium   -6.749 -2.054 -0.006 -2.235
 Manganese  -5.368 -1.406 -0.018 -2.772
 Iron       -5.793 -1.345 -0.024 -2.015-11.270
 Cobalt     -5.474 -2.111 -0.005 -2.407
 Nickel     -5.602 -1.792 -0.008 -3.018-11.995
 Copper     -5.998 -1.964 -0.005 -3.249-13.339
 Zinc       -3.600 -0.374 -0.239 -3.814

               1      2      3      4      5      6      7      8      9     10     11     12     13     14     15     16     17

 Hydrogen   -2.908 -0.001-14.706 (H2)         Log10 Mean Ionisation (over radius*electron density)
 Helium     -0.819 -0.071 -8.621
 Lithium    -4.166 -0.000
 Beryllium  -4.729 -1.270 -0.024
 Boron      -4.580 -0.067 -0.845 -5.028
 Carbon     -4.408 -0.119 -0.620
 Nitrogen   -3.096 -0.023 -1.302
 Oxygen     -2.929 -0.002 -2.592-12.129
 Fluorine   -2.820 -0.002 -2.588
 Neon       -2.240 -0.003 -3.679
 Sodium     -3.146 -0.000 -5.069
 Magnesium  -4.399 -1.123 -0.034
 Aluminium  -4.933 -0.204 -0.429 -2.777
 Silicon    -5.342 -0.694 -0.098 -4.168
 Phosphorus -4.827 -0.442 -0.195 -3.995
 Sulphur    -5.615 -0.853 -0.066 -4.517
 Chlorine   -4.835 -0.578 -0.133 -5.216
 Argon      -3.877 -0.463 -0.183 -5.348
 Potassium  -3.891 -0.006 -1.861
 Calcium    -6.505 -2.168 -0.003
 Scandium   -7.001 -2.563 -0.114 -0.642
 Titanium   -6.133 -1.702 -0.042 -1.135
 Vanadium   -6.071 -2.187 -0.008 -1.922
 Chromium   -6.749 -2.054 -0.006 -2.235
 Manganese  -5.368 -1.406 -0.018 -2.772
 Iron       -5.793 -1.345 -0.024 -2.015-11.270
 Cobalt     -5.474 -2.111 -0.005 -2.407
 Nickel     -5.602 -1.792 -0.008 -3.018-11.995
 Copper     -5.998 -1.964 -0.005 -3.249-13.339
 Zinc       -3.600 -0.374 -0.239 -3.814

               1      2      3      4      5      6      7      8      9     10     11     12     13     14     15     16     17

 Hydrogen    3.715  3.715  3.715 (H2)                  Log10 Mean Temperature (over radius)
 Helium      3.715  3.715  3.715
 Lithium     3.715  3.715
 Beryllium   3.715  3.715  3.715
 Boron       3.715  3.715  3.715  3.715
 Carbon      3.715  3.715  3.715
 Nitrogen    3.715  3.715  3.715
 Oxygen      3.715  3.715  3.715  3.715
 Fluorine    3.715  3.715  3.715
 Neon        3.715  3.715  3.715
 Sodium      3.715  3.715  3.715
 Magnesium   3.715  3.715  3.715
 Aluminium   3.715  3.715  3.715  3.715
 Silicon     3.715  3.715  3.715  3.715
 Phosphorus  3.715  3.715  3.715  3.715
 Sulphur     3.715  3.715  3.715  3.715
 Chlorine    3.715  3.715  3.715  3.715
 Argon       3.715  3.715  3.715  3.715
 Potassium   3.715  3.715  3.715
 Calcium     3.715  3.715  3.715
 Scandium    3.715  3.715  3.715  3.715
 Titanium    3.715  3.715  3.715  3.715
 Vanadium    3.715  3.715  3.715  3.715
 Chromium    3.715  3.715  3.715  3.715
 Manganese   3.715  3.715  3.715  3.715
 Iron        3.715  3.715  3.715  3.715  3.715
 Cobalt      3.715  3.715  3.715  3.715
 Nickel      3.715  3.715  3.715  3.715  3.715
 Copper      3.715  3.715  3.715  3.715  3.715
 Zinc        3.715  3.715  3.715  3.715

               1      2      3      4      5      6      7      8      9     10     11     12     13     14     15     16     17

 Hydrogen    3.715  3.715  3.715 (H2)          Log10 Mean Temperature (over radius*electron density)
 Helium      3.715  3.715  3.715
 Lithium     3.715  3.715
 Beryllium   3.715  3.715  3.715
 Boron       3.715  3.715  3.715  3.715
 Carbon      3.715  3.715  3.715
 Nitrogen    3.715  3.715  3.715
 Oxygen      3.715  3.715  3.715  3.715
 Fluorine    3.715  3.715  3.715
 Neon        3.715  3.715  3.715
 Sodium      3.715  3.715  3.715
 Magnesium   3.715  3.715  3.715
 Aluminium   3.715  3.715  3.715  3.715
 Silicon     3.715  3.715  3.715  3.715
 Phosphorus  3.715  3.715  3.715  3.715
 Sulphur     3.715  3.715  3.715  3.715
 Chlorine    3.715  3.715  3.715  3.715
 Argon       3.715  3.715  3.715  3.715
 Potassium   3.715  3.715  3.715
 Calcium     3.715  3.715  3.715
 Scandium    3.715  3.715  3.715  3.715
 Titanium    3.715  3.715  3.715  3.715
 Vanadium    3.715  3.715  3.715  3.715
 Chromium    3.715  3.715  3.715  3.715
 Manganese   3.715  3.715  3.715  3.715
 Iron        3.715  3.715  3.715  3.715  3.715
 Cobalt      3.715  3.715  3.715  3.715
 Nickel      3.715  3.715  3.715  3.715  3.715
 Copper      3.715  3.715  3.715  3.715  3.715
 Zinc        3.715  3.715  3.715  3.715

               1      2      3      4      5      6      7      8      9     10     11     12     13     14     15     16     17
 Spectrum of Orion star th1A using Tlusty  

---------------Convergence statistics---------------
      1.65 mean iterations/state convergence
      1.89 mean cx acceleration loops/iteration
         1 mean iso convergence loops/ion solve
         1 mean steps/chemistry solve
         1 mean step length searches/chemistry step
----------------------------------------------------

 Cloudy ends: 1 zone, 1 iteration, 4 cautions. (single thread) ExecTime(s) 10.75
 [Stop in cdMain at maincl.cpp:516, Cloudy exited OK]
