                                                         Cloudy 13.01.01
                                                         www.nublado.org

                       **************************************13Jan01**************************************
                       *                                                                                 *
                       * title Spectrum of Orion star th1B using Tlusty                                  *
                       * table star tlusty OBstar 3-dim 18000 g=4.10 z=-0.1                              *
                       * c<< 3-dim OBstar model  478 read.    Teff=  18000 log(g)= 4.00 log(Z)=-0.30 >>> *
                       * c<< 3-dim OBstar model  479 read.    Teff=  18000 log(g)= 4.25 log(Z)=-0.30 >>> *
                       * c<< 3-dim OBstar model  262 read.    Teff=  18000 log(g)= 4.00 log(Z)= 0.00 >>> *
                       * c<< 3-dim OBstar model  263 read.    Teff=  18000 log(g)= 4.25 log(Z)= 0.00 >>> *
                       * c<< FINAL:    Teff =   18000   log(g) =  4.10   log(Z) = -0.10              >>> *
                       * luminosity total solar 3.25                                                     *
                       * hden 4                                                                          *
                       * radius 17                                                                       *
                       * stop zone 1                                                                     *
                       * save continuum file="th1B.cont"                                                 *
                       *                                                                                 *
                       ***********************************************************************************



Warning: duplicate species HD - using first one
Warning: duplicate species HD+ - using first one
Warning: duplicate species H2D+ - using first one
Warning: duplicate species HeD+ - using first one
Warning: duplicate reaction CH,O=>H,CO -- using new version
Warning: duplicate reaction e-,CH2+=>H,CH -- using new version
Warning: duplicate reaction e-,CH2+=>H2,C -- using new version
Warning: duplicate reaction e-,CH3+=>H,H2,C -- using new version
Warning: duplicate reaction e-,CH3+=>H,CH2 -- using new version
Warning: duplicate reaction e-,CH3+=>H2,CH -- using new version
Warning: duplicate reaction e-,CO+=>C,O -- using new version
Warning: duplicate reaction H,CH=>H2,C -- using new version
Warning: duplicate reaction H2,CO+=>H,HCO+ -- using new version
Warning: duplicate reaction H2,CH2+=>H,CH3+ -- using new version
Warning: duplicate reaction H2,C+=>PHOTON,CH2+ -- using new version
Warning: duplicate reaction C2,N=>C,CN -- using new version
Warning: duplicate reaction C+,CH=>H,C2+ -- using new version
Warning: duplicate reaction C+,CH=>C,CH+ -- using new version
Warning: duplicate reaction CH3+,O=>H2,HCO+ -- using new version
Warning: duplicate reaction CH,N=>H,CN -- using new version
Warning: duplicate reaction C+,NH=>H,CN+ -- using new version
Warning: duplicate reaction e-,HCO+=>H,CO -- using new version
Warning: duplicate reaction CRPHOT,C=>e-,C+ -- using new version
Warning: duplicate reaction C+,OH=>H,CO+ -- using new version
Warning: duplicate reaction C+,OH=>H+,CO -- using new version
Warning: duplicate reaction e-,D+=>PHOTON,D -- using new version
Warning: duplicate reaction H+,D=>H,D+ -- using new version
Warning: duplicate reaction H,D+=>H+,D -- using new version
Warning: duplicate reaction H,D+=>PHOTON,HD+ -- using new version
Warning: duplicate reaction H+,D=>PHOTON,HD+ -- using new version
Warning: duplicate reaction e-,HD+=>H,D -- using new version
Warning: duplicate reaction H,HD+=>H+,HD -- using new version
Warning: duplicate reaction H,D=>PHOTON,HD -- using new version
Warning: duplicate reaction H,D=>PHOTON,HD -- using new version
Warning: duplicate reaction H2,D+=>H+,HD -- using new version
Warning: duplicate reaction H+,HD=>H2,D+ -- using new version
Warning: duplicate reaction H2,D=>H,HD -- using new version
Warning: duplicate reaction D+,He=>PHOTON,HeD+ -- using new version
Warning: duplicate reaction H2+,D=>H2,D+ -- using new version
Warning: duplicate reaction H-,Li+=>H,Li -- using new version
           3919CellPeak1.00E+00   Lo 1.00e-08=910.79cm   Hi-Con:3.23E+00 Ryd   E(hi):7.35E+06Ryd     E(hi):     100.01 MeV
           L(nu>1ryd):  32.6680   Average nu:1.100E+00   L( X-ray):   0.0000   L(BalC):  36.7541     Q(Balmer C):  47.7012
           Q(1.0-1.8):  43.2884   Q(1.8-4.0):  39.2563   Q(4.0-20):   0.0000   Q(20--):   0.0000     Ion pht flx:1.546E+08
           L(gam ray):   0.0000   Q(gam ray):   0.0000   L(Infred):  36.0515   Alf(ox):   0.0000     Total lumin:  36.8327
           log L/Lsun:   3.2499   Abs bol mg:  -3.3747   Abs V mag:  -1.6060   Bol cor:  -1.7687     nuFnu(Bbet):  36.0465
           U(1.0----):5.157E-07   U(4.0----):0.000E+00   T(En-Den):2.210E+01   T(Comp):2.035E+04     nuJnu(912A):3.220E-02
           Occ(FarIR):1.900E-05   Occ(H n=6):5.718E-12   Occ(1Ryd):1.480E-18   Occ(4R):1.515E-34     Occ (Nu-hi):1.270E-30
           Tbr(FarIR):3.010E-08   Tbr(H n=6):2.506E-08   Tbr(1Ryd):2.340E-13   Tbr(4R):9.572E-29     Tbr (Nu-hi):6.464E-25
  
                                                  Gas Phase Chemical Composition
        H :  0.0000  He: -1.0000  Li: -8.6904  Be:-10.5800  B : -9.2097  C : -3.6108  N : -4.0701  O : -3.3098  F : -7.5200
        Ne: -4.0000  Na: -5.6696  Mg: -4.4597  Al: -5.5302  Si: -4.4597  P : -6.4949  S : -4.7352  Cl: -6.7190  Ar: -5.6003
        K : -6.8794  Ca: -5.6402  Sc: -8.8297  Ti: -6.9788  V : -8.0000  Cr: -6.3298  Mn: -6.5406  Fe: -4.5498  Co: -7.0799
                                               Ni: -5.7496  Cu: -7.7905  Zn: -7.4001
 
 ####  1  Te:1.159E+03 Hden:1.000E+04 Ne:1.872E+03 R:1.000E+17 R-R0:1.459E+10 dR:2.919E+10 NTR: 34 Htot:1.135E-17 T912: 1.50e-03###
 Hydrogen      8.13e-01 1.87e-01 H+o/Hden 1.00e+00 5.41e-09 H-    H2 2.77e-08 4.19e-10 H2+ HeH+ 1.02e-11 Ho+ ColD 2.37e+14 5.46e+13
 Deuterium     8.13e-01 1.87e-01 D+o/Dden 1.00e+00 5.01e-09 D-    HD 1.10e-07 6.31e-10 HD+ HeD+ 2.86e-12 Do+ ColD 3.92e+09 9.01e+08
 Helium        1.00e+00 3.11e-05 0.00e+00 HeI 2s3S 5.49e-10 Comp H,C 9.25e-25 5.27e-26 Fill Fac 1.00e+00 Gam1/tot 1.00e+00
 He singlet n  1.00e+00 6.17e-16 4.78e-21 1.33e-22 9.27e-22 1.78e-22 He tripl 5.49e-10 8.75e-21 1.12e-22 1.20e-21 4.79e-22
 Pressure      NgasTgas 1.49e+07 P(total) 2.06e-09 P( gas ) 2.06e-09 P(Radtn) 5.91e-15 Rad accl 1.54e-04 ForceMul 1.62e+06
 Texc(La)      3.35e+03 T(I con) 2.21e+01 T(D con) 9.36e-01 T(U tot) 2.21e+01 nT (c+d) 5.57e+06 Prad/Gas 2.87e-06 Pmag/Gas 0.00e+00
 Molecules     CH/Ctot: 1.07e-11 CH+/Ctot 9.79e-10 CO/Ctot: 2.28e-11 CO+/Ctot 6.10e-13 H2O/Otot 3.04e-18 OH/Ototl 6.44e-09
 Lithium       6.54e-04 9.99e-01 0.00e+00 0.00e+00 Berylliu 3.35e-03 9.96e-01 4.96e-04 0.00e+00 0.00e+00 sec ion: 0.00e+00
 Boron         2.71e-04 1.00e+00 6.11e-08 0.00e+00 0.00e+00 0.00e+00
 Carbon        8.18e-04 9.99e-01 2.84e-06 0.00e+00 0.00e+00 0.00e+00 0.00e+00 H2O+/O   2.65e-19 OH+/Otot 2.69e-09 Hex(tot) 0.00e+00
 Nitrogen      8.90e-01 1.10e-01 1.95e-11 0.00e+00 0.00e+00 0.00e+00 0.00e+00 0.00e+00 O2/Ototl 1.61e-13 O2+/Otot 7.29e-14
 Oxygen        8.62e-01 1.38e-01 5.37e-13 0.00e+00 0.00e+00 0.00e+00 0.00e+00 0.00e+00 0.00e+00
 Fluorine      9.82e-01 1.85e-02 1.08e-11 0.00e+00 0.00e+00 0.00e+00 0.00e+00 0.00e+00 0.00e+00 0.00e+00
 Neon          9.99e-01 9.12e-04 4.44e-15 0.00e+00 0.00e+00 0.00e+00 0.00e+00 0.00e+00 0.00e+00 0.00e+00 0.00e+00
 Sodium        1.09e-02 9.89e-01 0.00e+00 0.00e+00 0.00e+00 0.00e+00 0.00e+00 0.00e+00 0.00e+00 0.00e+00 0.00e+00 0.00e+00
 Magnesium     3.05e-03 9.96e-01 1.07e-03 0.00e+00 0.00e+00 0.00e+00 0.00e+00 0.00e+00 0.00e+00 0.00e+00 0.00e+00 0.00e+00 0.00e+00
 Aluminium  0  4.99e-05 1.00e+00 1.96e-05 0.00e+00 0.00e+00 0.00e+00 0.00e+00 0.00e+00 0.00e+00 0.00e+00 0.00e+00 0.00e+00 0.00e+00
 Silicon    0  2.89e-04 1.00e+00 1.10e-06 0.00e+00 0.00e+00 0.00e+00 0.00e+00 0.00e+00 0.00e+00 0.00e+00 0.00e+00 0.00e+00 0.00e+00
 Phosphorus 0  3.93e-04 1.00e+00 3.71e-05 0.00e+00 0.00e+00 0.00e+00 0.00e+00 0.00e+00 0.00e+00 0.00e+00 0.00e+00 0.00e+00 0.00e+00
 Sulphur    0  2.01e-04 1.00e+00 3.14e-05 0.00e+00 0.00e+00 0.00e+00 0.00e+00 0.00e+00 0.00e+00 0.00e+00 0.00e+00 0.00e+00 0.00e+00
 Chlorine   0  2.89e-03 9.97e-01 1.36e-05 0.00e+00 0.00e+00 0.00e+00 0.00e+00 0.00e+00 0.00e+00 0.00e+00 0.00e+00 0.00e+00 0.00e+00
 Argon      0  7.75e-01 2.25e-01 5.06e-06 0.00e+00 0.00e+00 0.00e+00 0.00e+00 0.00e+00 0.00e+00 0.00e+00 0.00e+00 0.00e+00 0.00e+00
 Potassium  0  1.39e-03 9.99e-01 7.35e-09 0.00e+00 0.00e+00 0.00e+00 0.00e+00 0.00e+00 0.00e+00 0.00e+00 0.00e+00 0.00e+00 0.00e+00
 Calcium    0  6.28e-05 1.79e-01 8.21e-01 0.00e+00 0.00e+00 0.00e+00 0.00e+00 0.00e+00 0.00e+00 0.00e+00 0.00e+00 0.00e+00 0.00e+00
 Scandium   0  2.69e-04 7.16e-01 2.83e-01 0.00e+00 0.00e+00 0.00e+00 0.00e+00 0.00e+00 0.00e+00 0.00e+00 0.00e+00 0.00e+00 0.00e+00
 Titanium   0  2.40e-04 9.96e-01 3.54e-03 0.00e+00 0.00e+00 0.00e+00 0.00e+00 0.00e+00 0.00e+00 0.00e+00 0.00e+00 0.00e+00 0.00e+00
 Vanadium   0  3.15e-03 9.77e-01 1.95e-02 0.00e+00 0.00e+00 0.00e+00 0.00e+00 0.00e+00 0.00e+00 0.00e+00 0.00e+00 0.00e+00 0.00e+00
 Chromium   0  2.39e-04 9.99e-01 4.69e-04 0.00e+00 0.00e+00 0.00e+00 0.00e+00 0.00e+00 0.00e+00 0.00e+00 0.00e+00 0.00e+00 0.00e+00
 Manganese  0  3.76e-04 1.00e+00 6.45e-06 0.00e+00 0.00e+00 0.00e+00 0.00e+00 0.00e+00 0.00e+00 0.00e+00 0.00e+00 0.00e+00 0.00e+00
 Iron       0  1.70e-04 1.00e+00 2.03e-06 0.00e+00 0.00e+00 0.00e+00 0.00e+00 0.00e+00 0.00e+00 0.00e+00 0.00e+00 0.00e+00 0.00e+00
 Cobalt     0  4.21e-03 9.96e-01 2.85e-05 0.00e+00 0.00e+00 0.00e+00 0.00e+00 0.00e+00 0.00e+00 0.00e+00 0.00e+00 0.00e+00 0.00e+00
 Nickel     0  5.17e-04 9.99e-01 1.19e-05 0.00e+00 0.00e+00 0.00e+00 0.00e+00 0.00e+00 0.00e+00 0.00e+00 0.00e+00 0.00e+00 0.00e+00
 Copper     0  1.22e-03 9.97e-01 1.40e-03 0.00e+00 0.00e+00 0.00e+00 0.00e+00 0.00e+00 0.00e+00 0.00e+00 0.00e+00 0.00e+00 0.00e+00
 Zinc       0  5.91e-03 9.94e-01 2.96e-05 0.00e+00 0.00e+00 0.00e+00 0.00e+00 0.00e+00 0.00e+00 0.00e+00 0.00e+00 0.00e+00 0.00e+00
    Spectrum of Orion star th1B using Tlusty  
   Calculation stopped because lowest Te reached. Iteration 1 of 1
   The geometry is plane-parallel.
 C-I must iterate when save continuum output is done.
 C-The H Lyman continuum is thin, and I assumed that it was thick.  Use the ITERATE command to do more iterations.
 C-The He I continuum is thin and I assumed that it was thick.  Use the ITERATE command to do more iterations.
  !The code needs to be fixed - search for fixit().
  !Continuum fluorescent production of H-beta was very important.
  !Test code is in place.
  !Charge transfer ionization of H reached 77.6% of the local H ionization rate.
  !AGE: Cloud age was not set.  Longest timescale was 4.21e+08 s = 1.33e+01 years.
  !The excitation temp of Lya exceeded the electron temp, largest value was 3.35e+03K (gas temp there was 1.16e+03K, zone   1)
  !The CMB was not included.  This is added with the CMB command.
   Destruction of He 2TriS reached 4.8% of the total He0 dest rate at zone 1, 4.8% of that was photoionization.
   The density is too low to l-mix the lowest H  I collapsed level.  More resolved levels are needed for accurate line ratios.
   The density is too low to l-mix the lowest He I collapsed level.  More resolved levels are needed for accurate line ratios.
   Grains were not present but might survive in this environment (energy density temperature was 2.21e+01K)

                       ********************************> Cloudy 13.01.01 <********************************
                       * title Spectrum of Orion star th1B using Tlusty                                  *
                       * table star tlusty OBstar 3-dim 18000 g=4.10 z=-0.1                              *
                       * luminosity total solar 3.25                                                     *
                       * hden 4                                                                          *
                       * radius 17                                                                       *
                       * stop zone 1                                                                     *
                       * save continuum file="th1B.cont"                                                 *
                       *********************************> Log(U): -6.29 <*********************************
                       >>>>>>>>>> Cautions are present.
                       >>>>>>>>>> Another iteration is needed.  Use the ITERATE command.

                     Emission Line Spectrum.   Constant  Density Model.    Open geometry.  Iteration 1 of 1.
                                    Luminosity (erg/s) emitted by a shell with full coverage.


                                                   Intrinsic line intensities
 general properties..............      nInu 1585.12A   36.729 *********      H  1 1215.68A   31.727  434.9879
 TOTL 4861.36A   29.089    1.0000      nFnu 1458.33A   29.836    5.5922      H  1 1025.73A   31.084   98.8675
 TOTL 1215.68A   31.727  434.9879      nInu 1458.33A   36.791 *********      H  1 972.543A   30.475   24.3296
 Inci       0    36.833 *********      nFnu 1356.96A   29.798    5.1221      H  1 949.749A   30.517   26.8212
 TotH       0    28.619    0.3394      nInu 1356.96A   36.835 *********      H  1 937.809A   30.133   11.0689
 TotC       0    28.619    0.3393      nFnu 1297.29A   29.702    4.1090      H  1 930.754A   29.519    2.6924
 BFH1       0    28.616    0.3371      nInu 1297.29A   36.851 *********      H  1 926.231A   29.113    1.0565
 TotM       0    26.138    0.0011      nFnu 1262.79A   29.543    2.8499      H  1 923.156A   28.971    0.7625
 H FB       0    27.485    0.0249      nInu 1262.79A   36.820 *********      H  1 920.969A   28.685    0.3951
 HFBc       0    27.485    0.0249      nFnu 1218.08A   30.321   17.0838      H  1 6562.85A   29.652    3.6562
 Ar 2       0    26.463    0.0024      nInu 1218.08A   35.787 4995102.0      H  1 4861.36A   29.089    1.0000
 Sc 3       0    27.695    0.0404      nFnu 1196.33A   29.378    1.9462      H  1 4340.49A   29.075    0.9701
 Si 2       0    27.876    0.0613      nInu 1196.33A   36.805 *********      H  1 4101.76A   28.694    0.4034
 Cl 2       0    26.305    0.0016      nFnu 1175.06A   28.482    0.2474      H  1 3970.09A   28.105    0.1038
 Ni 2       0    26.626    0.0034      nInu 1175.06A   36.702 *********      H  1 3889.07A   27.721    0.0429
 continua........................      nFnu 1143.64A   28.032    0.0878      H  1 3835.40A   27.577    0.0308
 Bac  3646.00A   29.750    4.5895      nInu 1143.64A   36.813 *********      H  1 3797.92A   27.317    0.0169
 nFnu 3645.00A   29.847    5.7264      nFnu 1113.22A   27.769    0.0479      H  1 1.87511m   28.220    0.1353
 nFnu 3647.00A   29.144    1.1369      nInu 1113.22A   36.839 *********      H  1 1.28181m   28.212    0.1327
 cout 3646.00A   29.449    2.2948      nFnu 1103.23A   27.713    0.0421      H  1 1.09381m   27.872    0.0607
 cref 3646.00A   29.449    2.2948      nInu 1103.23A   36.876 *********      H  1 1.00494m   27.346    0.0181
 thin 3646.00A   29.750    4.5895      nFnu 1073.86A   27.485    0.0249      H  1 9545.99A   27.011    0.0084
 Inci 4860.00A   36.047 9078686.0      nInu 1073.86A   36.842 *********      H  1 9229.03A   26.868    0.0060
 Inci 1215.00A   35.789 5014841.5      nFnu 1064.34A   27.391    0.0201      H  1 9014.92A   26.648    0.0036
 Ba C       0    28.259    0.1481      nInu 1064.34A   36.813 *********      H  1 4.05116m   27.577    0.0308
 PA C       0    27.897    0.0643      nFnu 1035.92A   26.912    0.0067      H  1 2.62515m   27.316    0.0169
 FIR  83.0000m   30.292   15.9897      nInu 1035.92A   36.473 *********      H  1 2.16553m   26.884    0.0062
 TIR  1800.00m   27.029    0.0087      nFnu 1000.00A   27.206    0.0131      H  1 1.94456m   26.599    0.0032
 NIRa 2.85000m   35.370 1910867.0      nInu 1000.00A   36.768 *********      H  1 1.81741m   26.452    0.0023
 NIRb 3.00000m   34.963 748956.94      nInu 925.144A   34.471 241446.28      H  1 1.73621m   26.263    0.0015
 MIRa 15.0000m   32.962 7471.3540      nFnu 897.800A   30.270   15.1888      H  1 7.45781m   26.908    0.0066
 MIRb 22.5000m   32.965 7519.9155      nInu 897.800A   33.555 29294.131      H  1 4.65250m   26.584    0.0031
 NMIR 21.7500m   35.370 1910867.0      nInu 760.023A   32.932 6967.3335      H  1 3.73953m   26.336    0.0018
 TFIR 611.250m   28.851    0.5780      nInu 701.514A   32.564 2986.6392      H  1 3.29609m   26.181    0.0012
 TALL 10000.0A   36.833 *********      nInu 608.160A   31.783  495.2572      H  1 12.3685m   26.373    0.0019
 F12  12.0000m   32.196 1281.5763      nInu 575.146A   31.443  226.1045      H  1 7.50043m   26.149    0.0012
 F25  25.0000m   31.121  107.8131      nInu 511.948A   30.648   36.2241      He-like iso-sequence............
 F60  60.0000m   30.233   13.9503      nInu 496.874A   29.783    4.9465      He 1 584.334A   27.031    0.0087
 F100 100.000m   29.175    1.2209      nInu 399.153A   27.827    0.0547      Pho+ 3889.00A   27.566    0.0301
 MIPS 24.0000m   30.825   54.4741      RRC.............................      database lines..................
 MIPS 70.0000m   29.494    2.5435      H  1 911.759A   29.117    1.0682      Ar 2 6.98337m   26.463    0.0024
 MIPS 160.000m   28.360    0.1870      H  1 3646.00A   27.692    0.0401      Mg 1 2852.13A   27.547    0.0287
 IRAC 3.60000m   33.220 13518.000      H  1 3646.00A   28.119    0.1072      Na 1 5889.95A   26.312    0.0017
 IRAC 4.50000m   32.938 7064.2617      H  1 8203.58A   26.914    0.0067      S  2 1259.52A   27.802    0.0517
 IRAC 5.80000m   32.679 3894.4043      H  1 8203.58A   27.395    0.0202      S  2 1253.81A   27.662    0.0374
 IRAC 8.00000m   32.445 2272.1267      H  1 8203.58A   27.433    0.0221      S  2 1250.58A   27.344    0.0180
 SPR1 250.000m   27.917    0.0674      H  1 1.45842m   26.344    0.0018      Sc 3 3.93446m   27.467    0.0239
 SPR2 350.000m   27.483    0.0248      H  1 1.45842m   26.834    0.0056      Sc 3 4.23041m   27.310    0.0167
 SPR3 500.000m   27.097    0.0102      H  1 1.45842m   26.988    0.0079      Si 2 1190.42A   28.703    0.4118
 PAC1 70.0000m   29.554    2.9180      H  1 1.45842m   26.818    0.0054      Si 2 1193.29A   29.167    1.1980
 PAC2 100.000m   29.163    1.1863      H  1 2.27878m   26.406    0.0021      Si 2 1194.50A   29.425    2.1684
 PAC3 160.000m   28.630    0.3475      H  1 2.27878m   26.597    0.0032      Si 2 1197.39A   28.882    0.6213
 PAH  3.30000m   32.442 2256.4192      H  1 2.27878m   26.583    0.0031      Si 2 1260.42A   29.609    3.3157
 PAHC 3.23000m   32.179 1230.5656      H  1 2.27878m   26.261    0.0015      Si 2 1264.74A   29.629    3.4668
 PAHC 3.37000m   32.103 1034.0526      H  1 3.28144m   26.273    0.0015      Si 2 1265.00A   28.873    0.6080
 PAH  6.20000m   32.083  987.5233      H  1 3.28144m   26.320    0.0017      Si 2 1304.37A   28.418    0.2137
 PAHC 5.65000m   32.228 1379.4734      H  1 3.28144m   26.181    0.0012      Si 2 1309.28A   28.650    0.3644
 PAH  7.90000m   31.959  741.6179      H  1 11.0293m   26.100    0.0010      Si 2 1526.71A   28.493    0.2540
 PAHC 6.90000m   32.192 1269.3896      H  1 56.9694m   26.341    0.0018      Si 2 1533.43A   28.787    0.4991
 PAH  11.3000m   30.941   71.1253      grains..........................      Si 2 1808.01A   26.951    0.0073
 PAHC 10.9000m   31.003   82.0495      H-like iso-sequence.............      Si 2 1816.93A   26.882    0.0062
 PAH  11.8000m   31.088   99.9108      Ca B 1215.68A   29.450    2.2964      Si 2 34.8046m   27.898    0.0645
 PAHC 12.6500m   30.991   79.8213      Q(H) 4861.36A   30.985   78.7140      Al 2 1670.79A   29.061    0.9374
 PAH  13.3000m   30.962   74.7425      Q(H) 1215.68A   32.502 2588.3447      Cl 2 14.3639m   26.287    0.0016
 PAHC 14.1000m   30.862   59.2807      CaBo 4861.36A   27.965    0.0753      Mg 2 2802.71A   29.288    1.5844
 Bcon 3640.00A   36.754 *********      Ca A 1215.68A   29.345    1.8062      Mg 2 2795.53A   29.579    3.0945
 Pcon 5000.00A   35.987 7907312.5      Ca A 1025.73A   28.550    0.2891      Mg 2 2936.51A   26.280    0.0016
 HFFc       0    26.864    0.0060      Ca A 972.543A   28.107    0.1043      Ni 2 6.63416m   26.626    0.0034
 H FF       0    26.847    0.0057      Ca A 949.749A   27.794    0.0508      level 1 lines...................
 ToFF       0    26.848    0.0057      Ca A 937.809A   27.552    0.0291      C  1 1656.00A   26.875    0.0061
 nInu 122.400m   29.323    1.7140      Ca A 930.754A   27.353    0.0184      C  2 157.600m   26.213    0.0013
 nFnu 60.8322m   26.090    0.0010      Ca A 926.231A   27.184    0.0125      C  2 1335.00A   29.798    5.1253
 nInu 60.8322m   30.224   13.6619      Ca A 923.156A   27.038    0.0089      N  1 953.900A   27.682    0.0392
 nFnu 41.2152m   26.366    0.0019      Ca A 920.969A   26.909    0.0066      N  1 954.100A   26.764    0.0047
 nInu 41.2152m   30.726   43.3804      Ca A 919.357A   26.795    0.0051      N  1 1200.00A   29.684    3.9391
 nFnu 30.8695m   26.482    0.0025      Ca A 918.135A   26.693    0.0040      TOTL 5199.00A   26.146    0.0011
 nInu 30.8695m   31.099  102.4619      Ca A 917.186A   26.603    0.0033      N  2 1085.00A   28.687    0.3962
 nFnu 24.7829m   26.570    0.0030      Ca A 916.435A   26.522    0.0027      O  1 63.1700m   27.302    0.0164
 nInu 24.7829m   31.382  196.7156      Ca A 915.829A   26.451    0.0023      Fe2c       0    28.343    0.1794
 nFnu 24.2998m   26.574    0.0031      Ca A 915.335A   26.388    0.0020      Fe 2 2400.00A   29.436    2.2250
 nInu 24.2998m   31.408  208.7347      Ca A 914.925A   26.335    0.0018      Fe 2 1080.00A   27.173    0.0122
 nFnu 22.8302m   26.610    0.0033      Ca A 914.582A   26.290    0.0016      Fe 2 1500.00A   26.428    0.0022
 nInu 22.8302m   31.485  249.3844      Ca A 914.292A   26.254    0.0015      Fe 2 2500.00A   26.804    0.0052
 nFnu 21.4199m   26.623    0.0034      Ca A 914.044A   26.225    0.0014      Fe 2 2300.00A   26.542    0.0028
 nInu 21.4199m   31.569  302.4135      Ca A 913.831A   26.202    0.0013      Fe 2 8900.00A   26.252    0.0015
 nFnu 21.1235m   26.625    0.0034      Ca A 913.647A   26.185    0.0012      Fe 2 25.9812m   28.135    0.1113
 nInu 21.1235m   31.589  316.1537      Ca A 913.486A   26.173    0.0012      Fe 2 5.33871m   27.063    0.0094
 nFnu 19.6199m   26.667    0.0038      Ca A 913.345A   26.165    0.0012      Fe 2 35.3390m   27.460    0.0235
 nInu 19.6199m   31.679  389.0869      Ca A 6562.85A   28.354    0.1842      Fe 2 51.2865m   26.713    0.0042
 nFnu 17.6534m   26.720    0.0043      Ca A 4861.36A   27.795    0.0508      Fe 2 17.9310m   27.207    0.0131
 nInu 17.6534m   31.820  539.1326      Ca A 4340.49A   27.429    0.0219      Fe 2 24.5126m   26.422    0.0022
 nFnu 17.3700m   26.722    0.0043      Ca A 4101.76A   27.158    0.0117      Fe 2 1786.00A   29.979    7.7711
 nInu 17.3700m   31.840  563.6497      Ca A 3970.09A   26.942    0.0071      recombination...................
 nFnu 15.6901m   26.734    0.0044      Ca A 3889.07A   26.762    0.0047      level2 lines....................
 nInu 15.6901m   31.968  758.1477      Ca A 3835.40A   26.608    0.0033      C  1 1247.50A   26.704    0.0041
 nFnu 14.6036m   26.786    0.0050      Ca A 3797.92A   26.472    0.0024      C  1 1561.33A   26.459    0.0023
 nInu 14.6036m   32.058  932.9224      Ca A 3770.65A   26.351    0.0018      C  1 1314.77A   26.465    0.0024
 nFnu 12.4300m   26.853    0.0058      Ca A 3750.17A   26.242    0.0014      C  1 1165.98A   26.323    0.0017
 nInu 12.4300m   32.271 1520.8837      Ca A 3734.39A   26.144    0.0011      C  1 1233.29A   26.256    0.0015
 nFnu 11.4000m   26.854    0.0058      Ca A 1.87511m   27.668    0.0380      C  2 892.833A   26.991    0.0080
 nInu 11.4000m   32.380 1956.0344      Ca A 1.28181m   27.244    0.0143      C  2 1020.18A   28.941    0.7125
 nFnu 10.4600m   26.929    0.0069      Ca A 1.09381m   26.937    0.0071      N  1 942.258A   27.834    0.0556
 nInu 10.4600m   32.489 2515.0813      Ca A 1.00494m   26.700    0.0041      N  1 952.118A   27.667    0.0378
 nFnu 9.48002m   26.922    0.0068      Ca A 9545.99A   26.506    0.0026      N  1 1131.12A   28.492    0.2534
 nInu 9.48002m   32.618 3380.3101      Ca A 9229.03A   26.341    0.0018      O  1 867.303A   26.311    0.0017
 nFnu 9.32488m   26.921    0.0068      Ca A 9014.92A   26.198    0.0013      O  1 976.791A   28.660    0.3728
 nInu 9.32488m   32.637 3533.5496      Ca A 4.05116m   27.135    0.0111      O  1 969.049A   28.525    0.2733
 nFnu 8.21035m   27.007    0.0083      Ca A 2.62515m   26.804    0.0052      O  1 946.387A   27.156    0.0117
 nInu 8.21035m   32.803 5186.1431      Ca A 2.16553m   26.545    0.0029      O  1 934.501A   26.841    0.0057
 nFnu 7.58000m   26.992    0.0080      Ca A 1.94456m   26.336    0.0018      O  1 973.577A   26.618    0.0034
 nInu 7.58000m   32.906 6566.8574      Ca A 1.81741m   26.161    0.0012      O  1 948.506A   26.551    0.0029
 nFnu 7.05026m   27.118    0.0107      Ca A 7.45781m   26.690    0.0040      O  1 935.672A   26.220    0.0014
 nInu 7.05026m   32.995 8068.7383      Ca A 4.65250m   26.427    0.0022      Mg 2 959.306A   26.359    0.0019
 nFnu 4.11370m   27.378    0.0195      Ca A 3.73953m   26.206    0.0013      Si 2 1179.59A   29.807    5.2271
 nInu 4.11370m   33.683 39257.023      Ca A 12.3685m   26.306    0.0016      Si 2 993.354A   28.691    0.4002
 nFnu 2.32440m   27.404    0.0207      Ca A 7.50043m   26.093    0.0010      Si 2 1024.03A   27.173    0.0121
 nInu 2.32440m   34.399 204222.86      Ca B 6562.85A   28.476    0.2439      Ar 1 1095.69A   28.114    0.1061
 nFnu 1.64313m   27.681    0.0391      Ca B 4861.36A   27.931    0.0696      P  2 1307.68A   26.109    0.0010
 nInu 1.64313m   34.821 540377.94      Ca B 4340.49A   27.570    0.0303      P  2 1154.42A   27.185    0.0125
 nFnu 1.48022m   27.728    0.0436      Ca B 4101.76A   27.301    0.0163      P  2 967.202A   26.968    0.0076
 nInu 1.48022m   34.950 726560.81      Ca B 3970.09A   27.086    0.0099      P  2 963.828A   27.520    0.0270
 nFnu 1.43649m   28.385    0.1979      Ca B 3889.07A   26.906    0.0066      Ti 2 3365.71A   26.800    0.0052
 nInu 1.43649m   34.975 770362.12      Ca B 3835.40A   26.751    0.0046      Ti 2 3238.08A   26.651    0.0036
 nFnu 1.11867m   28.066    0.0949      Ca B 3797.92A   26.615    0.0034      Ti 2 1904.17A   26.187    0.0013
 nInu 1.11867m   35.274 1534041.6      Ca B 3770.65A   26.495    0.0025      Ti 2 1907.36A   26.459    0.0023
 nFnu 8329.68A   28.294    0.1606      Ca B 3750.17A   26.386    0.0020      Cr 2 2060.44A   27.478    0.0245
 nInu 8329.68A   35.580 3101312.2      Ca B 3734.39A   26.289    0.0016      Mn 2 2589.74A   27.655    0.0368
 nFnu 8078.61A   28.962    0.7466      Ca B 3721.96A   26.200    0.0013      Mn 2 1198.85A   27.300    0.0163
 nInu 8078.61A   35.614 3351845.2      Ca B 3711.99A   26.121    0.0011      Mn 2 1162.97A   26.147    0.0011
 nFnu 6209.66A   28.618    0.3381      Ca B 1.87511m   27.697    0.0406      Co 2 1575.91A   26.225    0.0014
 nInu 6209.66A   35.906 6568316.0      Ca B 1.28181m   27.281    0.0156      Co 2 1470.18A   26.432    0.0022
 nFnu 4885.36A   28.855    0.5840      Ca B 1.09381m   26.980    0.0078      Ni 2 1751.83A   27.564    0.0298
 nInu 4885.36A   36.150 *********      Ca B 1.00494m   26.746    0.0045      Ni 2 1744.24A   27.753    0.0462
 nFnu 3704.34A   29.127    1.0930      Ca B 9545.99A   26.554    0.0029      Ni 2 1484.97A   26.993    0.0080
 nInu 3704.34A   36.225 *********      Ca B 9229.03A   26.391    0.0020      Ni 2 1472.74A   27.383    0.0197
 nFnu 3587.67A   29.689    3.9863      Ca B 9014.92A   26.249    0.0014      Ni 2 1400.37A   27.234    0.0140
 nInu 3587.67A   36.241 *********      Ca B 8862.79A   26.123    0.0011      Ni 2 1375.73A   27.723    0.0431
 nFnu 2430.05A   29.520    2.6994      Ca B 4.05116m   27.152    0.0116      Ni 2 1324.11A   27.814    0.0532
 nInu 2430.05A   36.492 *********      Ca B 2.62515m   26.822    0.0054      Cu 2 1358.77A   26.168    0.0012
 nFnu 2392.03A   29.533    2.7803      Ca B 2.16553m   26.566    0.0030      Zn 2 2038.17A   26.790    0.0050
 nInu 2392.03A   36.505 *********      Ca B 1.94456m   26.358    0.0019      hyperfine structure.............
 nFnu 2071.34A   29.653    3.6709      Ca B 1.81741m   26.185    0.0012      inner shell.....................
 nInu 2071.34A   36.603 *********      Ca B 7.45781m   26.705    0.0041      molecules.......................
 nFnu 2052.68A   29.661    3.7377      Ca B 4.65250m   26.441    0.0022      blends..........................
 nInu 2052.68A   36.598 *********      Ca B 3.73953m   26.221    0.0014      Blnd 2798.00A   29.759    4.6788
 nFnu 1793.44A   29.759    4.6825      Ca B 12.3685m   26.320    0.0017      Blnd 1256.00A   28.119    0.1071
 nInu 1793.44A   36.684 *********      Ca B 7.50043m   26.106    0.0010      Blnd 5892.00A   26.492    0.0025
 nFnu 1585.12A   29.823    5.4262      H  1       0    29.706    4.1480

                                                    Emergent line intensities
 Caution: emergent intensities are not reliable on the first iteration.
 general properties..............      nInu 1356.96A   36.835 *********      H  1 4340.49A   29.075    0.9701
 TOTL 4861.36A   29.089    1.0000      nFnu 1297.29A   29.702    4.1090      H  1 4101.76A   28.694    0.4034
 TOTL 1215.68A   31.727  434.9879      nInu 1297.29A   36.851 *********      H  1 3970.09A   28.105    0.1038
 continua........................      nFnu 1262.79A   29.543    2.8499      H  1 3889.07A   27.721    0.0429
 Bac  3646.00A   29.750    4.5895      nInu 1262.79A   36.820 *********      H  1 3835.40A   27.577    0.0308
 nFnu 3645.00A   29.847    5.7264      nFnu 1218.08A   30.321   17.0838      H  1 3797.92A   27.317    0.0169
 nFnu 3647.00A   29.144    1.1369      nInu 1218.08A   35.787 4995102.0      H  1 1.87511m   28.220    0.1353
 cout 3646.00A   29.449    2.2948      nFnu 1196.33A   29.378    1.9462      H  1 1.28181m   28.212    0.1327
 cref 3646.00A   29.449    2.2948      nInu 1196.33A   36.805 *********      H  1 1.09381m   27.872    0.0607
 thin 3646.00A   29.750    4.5895      nFnu 1175.06A   28.482    0.2474      H  1 1.00494m   27.346    0.0181
 Inci 4860.00A   36.047 9078686.0      nInu 1175.06A   36.702 *********      H  1 9545.99A   27.011    0.0084
 Inci 1215.00A   35.789 5014841.5      nFnu 1143.64A   28.032    0.0878      H  1 9229.03A   26.868    0.0060
 FIR  83.0000m   30.292   15.9897      nInu 1143.64A   36.813 *********      H  1 9014.92A   26.648    0.0036
 TIR  1800.00m   27.029    0.0087      nFnu 1113.22A   27.769    0.0479      H  1 4.05116m   27.577    0.0308
 NIRa 2.85000m   35.370 1910867.0      nInu 1113.22A   36.839 *********      H  1 2.62515m   27.316    0.0169
 NIRb 3.00000m   34.963 748956.94      nFnu 1103.23A   27.713    0.0421      H  1 2.16553m   26.884    0.0062
 MIRa 15.0000m   32.962 7471.3540      nInu 1103.23A   36.876 *********      H  1 1.94456m   26.599    0.0032
 MIRb 22.5000m   32.965 7519.9155      nFnu 1073.86A   27.485    0.0249      H  1 1.81741m   26.452    0.0023
 NMIR 21.7500m   35.370 1910867.0      nInu 1073.86A   36.842 *********      H  1 1.73621m   26.263    0.0015
 TFIR 611.250m   28.851    0.5780      nFnu 1064.34A   27.391    0.0201      H  1 7.45781m   26.908    0.0066
 TALL 10000.0A   36.833 *********      nInu 1064.34A   36.813 *********      H  1 4.65250m   26.584    0.0031
 F12  12.0000m   32.196 1281.5763      nFnu 1035.92A   26.912    0.0067      H  1 3.73953m   26.336    0.0018
 F25  25.0000m   31.121  107.8131      nInu 1035.92A   36.473 *********      H  1 3.29609m   26.181    0.0012
 F60  60.0000m   30.233   13.9503      nFnu 1000.00A   27.206    0.0131      H  1 12.3685m   26.373    0.0019
 F100 100.000m   29.175    1.2209      nInu 1000.00A   36.768 *********      H  1 7.50043m   26.149    0.0012
 MIPS 24.0000m   30.825   54.4741      nInu 925.144A   34.471 241446.28      He-like iso-sequence............
 MIPS 70.0000m   29.494    2.5435      nFnu 897.800A   30.270   15.1888      He 1 584.334A   27.031    0.0087
 MIPS 160.000m   28.360    0.1870      nInu 897.800A   33.555 29294.131      Pho+ 3889.00A   27.566    0.0301
 IRAC 3.60000m   33.220 13518.000      nInu 760.023A   32.932 6967.3335      database lines..................
 IRAC 4.50000m   32.938 7064.2617      nInu 701.514A   32.564 2986.6392      Ar 2 6.98337m   26.463    0.0024
 IRAC 5.80000m   32.679 3894.4043      nInu 608.160A   31.783  495.2572      Mg 1 2852.13A   27.547    0.0287
 IRAC 8.00000m   32.445 2272.1267      nInu 575.146A   31.443  226.1045      Na 1 5889.95A   26.312    0.0017
 SPR1 250.000m   27.917    0.0674      nInu 511.948A   30.648   36.2241      S  2 1259.52A   27.802    0.0517
 SPR2 350.000m   27.483    0.0248      nInu 496.874A   29.783    4.9465      S  2 1253.81A   27.662    0.0374
 SPR3 500.000m   27.097    0.0102      nInu 399.153A   27.827    0.0547      S  2 1250.58A   27.344    0.0180
 PAC1 70.0000m   29.554    2.9180      RRC.............................      Sc 3 3.93446m   27.467    0.0239
 PAC2 100.000m   29.163    1.1863      grains..........................      Sc 3 4.23041m   27.310    0.0167
 PAC3 160.000m   28.630    0.3475      H-like iso-sequence.............      Si 2 1190.42A   28.703    0.4118
 PAH  3.30000m   32.442 2256.4192      Ca B 1215.68A   29.450    2.2964      Si 2 1193.29A   29.167    1.1980
 PAHC 3.23000m   32.179 1230.5656      Q(H) 4861.36A   30.985   78.7140      Si 2 1194.50A   29.425    2.1684
 PAHC 3.37000m   32.103 1034.0526      Q(H) 1215.68A   32.502 2588.3447      Si 2 1197.39A   28.882    0.6213
 PAH  6.20000m   32.083  987.5233      CaBo 4861.36A   27.965    0.0752      Si 2 1260.42A   29.609    3.3157
 PAHC 5.65000m   32.228 1379.4734      Ca A 1215.68A   29.345    1.8062      Si 2 1264.74A   29.629    3.4668
 PAH  7.90000m   31.959  741.6179      Ca A 1025.73A   28.550    0.2891      Si 2 1265.00A   28.873    0.6080
 PAHC 6.90000m   32.192 1269.3896      Ca A 972.543A   28.107    0.1043      Si 2 1304.37A   28.418    0.2137
 PAH  11.3000m   30.941   71.1253      Ca A 949.749A   27.794    0.0508      Si 2 1309.28A   28.650    0.3644
 PAHC 10.9000m   31.003   82.0495      Ca A 937.809A   27.552    0.0291      Si 2 1526.71A   28.493    0.2540
 PAH  11.8000m   31.088   99.9108      Ca A 930.754A   27.353    0.0184      Si 2 1533.43A   28.787    0.4991
 PAHC 12.6500m   30.991   79.8213      Ca A 926.231A   27.184    0.0125      Si 2 1808.01A   26.951    0.0073
 PAH  13.3000m   30.962   74.7425      Ca A 923.156A   27.038    0.0089      Si 2 1816.93A   26.882    0.0062
 PAHC 14.1000m   30.862   59.2807      Ca A 920.969A   26.909    0.0066      Si 2 34.8046m   27.898    0.0645
 Bcon 3640.00A   36.754 *********      Ca A 919.357A   26.795    0.0051      Al 2 1670.79A   29.061    0.9374
 Pcon 5000.00A   35.987 7907312.5      Ca A 918.135A   26.693    0.0040      Cl 2 14.3639m   26.287    0.0016
 nInu 122.400m   29.323    1.7140      Ca A 917.186A   26.603    0.0033      Mg 2 2802.71A   29.288    1.5844
 nFnu 60.8322m   26.090    0.0010      Ca A 916.435A   26.522    0.0027      Mg 2 2795.53A   29.579    3.0945
 nInu 60.8322m   30.224   13.6619      Ca A 915.829A   26.451    0.0023      Mg 2 2936.51A   26.280    0.0016
 nFnu 41.2152m   26.366    0.0019      Ca A 915.335A   26.388    0.0020      Ni 2 6.63416m   26.626    0.0034
 nInu 41.2152m   30.726   43.3804      Ca A 914.925A   26.335    0.0018      level 1 lines...................
 nFnu 30.8695m   26.482    0.0025      Ca A 914.582A   26.290    0.0016      C  1 1656.00A   26.875    0.0061
 nInu 30.8695m   31.099  102.4619      Ca A 914.292A   26.254    0.0015      C  2 157.600m   26.213    0.0013
 nFnu 24.7829m   26.570    0.0030      Ca A 914.044A   26.225    0.0014      C  2 1335.00A   29.798    5.1253
 nInu 24.7829m   31.382  196.7156      Ca A 913.831A   26.202    0.0013      N  1 953.900A   27.682    0.0392
 nFnu 24.2998m   26.574    0.0031      Ca A 913.647A   26.185    0.0012      N  1 954.100A   26.764    0.0047
 nInu 24.2998m   31.408  208.7347      Ca A 913.486A   26.173    0.0012      N  1 1200.00A   29.684    3.9391
 nFnu 22.8302m   26.610    0.0033      Ca A 913.345A   26.165    0.0012      TOTL 5199.00A   26.146    0.0011
 nInu 22.8302m   31.485  249.3844      Ca A 6562.85A   28.354    0.1842      N  2 1085.00A   28.687    0.3962
 nFnu 21.4199m   26.623    0.0034      Ca A 4861.36A   27.795    0.0508      O  1 63.1700m   27.302    0.0164
 nInu 21.4199m   31.569  302.4135      Ca A 4340.49A   27.429    0.0219      Fe 2 2400.00A   29.436    2.2250
 nFnu 21.1235m   26.625    0.0034      Ca A 4101.76A   27.158    0.0117      Fe 2 1080.00A   27.173    0.0122
 nInu 21.1235m   31.589  316.1537      Ca A 3970.09A   26.942    0.0071      Fe 2 1500.00A   26.428    0.0022
 nFnu 19.6199m   26.667    0.0038      Ca A 3889.07A   26.762    0.0047      Fe 2 2500.00A   26.804    0.0052
 nInu 19.6199m   31.679  389.0869      Ca A 3835.40A   26.608    0.0033      Fe 2 2300.00A   26.542    0.0028
 nFnu 17.6534m   26.720    0.0043      Ca A 3797.92A   26.472    0.0024      Fe 2 8900.00A   26.252    0.0015
 nInu 17.6534m   31.820  539.1326      Ca A 3770.65A   26.351    0.0018      Fe 2 25.9812m   28.135    0.1113
 nFnu 17.3700m   26.722    0.0043      Ca A 3750.17A   26.242    0.0014      Fe 2 5.33871m   27.063    0.0094
 nInu 17.3700m   31.840  563.6497      Ca A 3734.39A   26.144    0.0011      Fe 2 35.3390m   27.460    0.0235
 nFnu 15.6901m   26.734    0.0044      Ca A 1.87511m   27.668    0.0380      Fe 2 51.2865m   26.713    0.0042
 nInu 15.6901m   31.968  758.1477      Ca A 1.28181m   27.244    0.0143      Fe 2 17.9310m   27.207    0.0131
 nFnu 14.6036m   26.786    0.0050      Ca A 1.09381m   26.937    0.0071      Fe 2 24.5126m   26.422    0.0022
 nInu 14.6036m   32.058  932.9224      Ca A 1.00494m   26.700    0.0041      Fe 2 1786.00A   29.979    7.7711
 nFnu 12.4300m   26.853    0.0058      Ca A 9545.99A   26.506    0.0026      recombination...................
 nInu 12.4300m   32.271 1520.8837      Ca A 9229.03A   26.341    0.0018      level2 lines....................
 nFnu 11.4000m   26.854    0.0058      Ca A 9014.92A   26.198    0.0013      C  1 1247.50A   26.704    0.0041
 nInu 11.4000m   32.380 1956.0344      Ca A 4.05116m   27.135    0.0111      C  1 1561.33A   26.459    0.0023
 nFnu 10.4600m   26.929    0.0069      Ca A 2.62515m   26.804    0.0052      C  1 1314.77A   26.465    0.0024
 nInu 10.4600m   32.489 2515.0813      Ca A 2.16553m   26.545    0.0029      C  1 1165.98A   26.323    0.0017
 nFnu 9.48002m   26.922    0.0068      Ca A 1.94456m   26.336    0.0018      C  1 1233.29A   26.256    0.0015
 nInu 9.48002m   32.618 3380.3101      Ca A 1.81741m   26.161    0.0012      C  2 892.833A   26.991    0.0080
 nFnu 9.32488m   26.921    0.0068      Ca A 7.45781m   26.690    0.0040      C  2 1020.18A   28.941    0.7125
 nInu 9.32488m   32.637 3533.5496      Ca A 4.65250m   26.427    0.0022      N  1 942.258A   27.834    0.0556
 nFnu 8.21035m   27.007    0.0083      Ca A 3.73953m   26.206    0.0013      N  1 952.118A   27.667    0.0378
 nInu 8.21035m   32.803 5186.1431      Ca A 12.3685m   26.306    0.0016      N  1 1131.12A   28.492    0.2534
 nFnu 7.58000m   26.992    0.0080      Ca A 7.50043m   26.093    0.0010      O  1 867.303A   26.311    0.0017
 nInu 7.58000m   32.906 6566.8574      Ca B 6562.85A   28.476    0.2439      O  1 976.791A   28.660    0.3728
 nFnu 7.05026m   27.118    0.0107      Ca B 4861.36A   27.931    0.0696      O  1 969.049A   28.525    0.2733
 nInu 7.05026m   32.995 8068.7383      Ca B 4340.49A   27.570    0.0303      O  1 946.387A   27.156    0.0117
 nFnu 4.11370m   27.378    0.0195      Ca B 4101.76A   27.301    0.0163      O  1 934.501A   26.841    0.0057
 nInu 4.11370m   33.683 39257.023      Ca B 3970.09A   27.086    0.0099      O  1 973.577A   26.618    0.0034
 nFnu 2.32440m   27.404    0.0207      Ca B 3889.07A   26.906    0.0066      O  1 948.506A   26.551    0.0029
 nInu 2.32440m   34.399 204222.86      Ca B 3835.40A   26.751    0.0046      O  1 935.672A   26.220    0.0014
 nFnu 1.64313m   27.681    0.0391      Ca B 3797.92A   26.615    0.0034      Mg 2 959.306A   26.359    0.0019
 nInu 1.64313m   34.821 540377.94      Ca B 3770.65A   26.495    0.0025      Si 2 1179.59A   29.807    5.2271
 nFnu 1.48022m   27.728    0.0436      Ca B 3750.17A   26.386    0.0020      Si 2 993.354A   28.691    0.4002
 nInu 1.48022m   34.950 726560.81      Ca B 3734.39A   26.289    0.0016      Si 2 1024.03A   27.173    0.0121
 nFnu 1.43649m   28.385    0.1979      Ca B 3721.96A   26.200    0.0013      Ar 1 1095.69A   28.114    0.1061
 nInu 1.43649m   34.975 770362.12      Ca B 3711.99A   26.121    0.0011      P  2 1307.68A   26.109    0.0010
 nFnu 1.11867m   28.066    0.0949      Ca B 1.87511m   27.697    0.0406      P  2 1154.42A   27.185    0.0125
 nInu 1.11867m   35.274 1534041.6      Ca B 1.28181m   27.281    0.0156      P  2 967.202A   26.968    0.0076
 nFnu 8329.68A   28.294    0.1606      Ca B 1.09381m   26.980    0.0078      P  2 963.828A   27.520    0.0270
 nInu 8329.68A   35.580 3101312.2      Ca B 1.00494m   26.746    0.0045      Ti 2 3365.71A   26.800    0.0052
 nFnu 8078.61A   28.962    0.7466      Ca B 9545.99A   26.554    0.0029      Ti 2 3238.08A   26.651    0.0036
 nInu 8078.61A   35.614 3351845.2      Ca B 9229.03A   26.391    0.0020      Ti 2 1904.17A   26.187    0.0013
 nFnu 6209.66A   28.618    0.3381      Ca B 9014.92A   26.249    0.0014      Ti 2 1907.36A   26.459    0.0023
 nInu 6209.66A   35.906 6568316.0      Ca B 8862.79A   26.123    0.0011      Cr 2 2060.44A   27.478    0.0245
 nFnu 4885.36A   28.855    0.5840      Ca B 4.05116m   27.152    0.0116      Mn 2 2589.74A   27.655    0.0368
 nInu 4885.36A   36.150 *********      Ca B 2.62515m   26.822    0.0054      Mn 2 1198.85A   27.300    0.0163
 nFnu 3704.34A   29.127    1.0930      Ca B 2.16553m   26.566    0.0030      Mn 2 1162.97A   26.147    0.0011
 nInu 3704.34A   36.225 *********      Ca B 1.94456m   26.358    0.0019      Co 2 1575.91A   26.225    0.0014
 nFnu 3587.67A   29.689    3.9863      Ca B 1.81741m   26.185    0.0012      Co 2 1470.18A   26.432    0.0022
 nInu 3587.67A   36.241 *********      Ca B 7.45781m   26.705    0.0041      Ni 2 1751.83A   27.564    0.0298
 nFnu 2430.05A   29.520    2.6994      Ca B 4.65250m   26.441    0.0022      Ni 2 1744.24A   27.753    0.0462
 nInu 2430.05A   36.492 *********      Ca B 3.73953m   26.221    0.0014      Ni 2 1484.97A   26.993    0.0080
 nFnu 2392.03A   29.533    2.7803      Ca B 12.3685m   26.320    0.0017      Ni 2 1472.74A   27.383    0.0197
 nInu 2392.03A   36.505 *********      Ca B 7.50043m   26.106    0.0010      Ni 2 1400.37A   27.234    0.0140
 nFnu 2071.34A   29.653    3.6709      H  1 1215.68A   31.727  434.9879      Ni 2 1375.73A   27.723    0.0431
 nInu 2071.34A   36.603 *********      H  1 1025.73A   31.084   98.8675      Ni 2 1324.11A   27.814    0.0532
 nFnu 2052.68A   29.661    3.7377      H  1 972.543A   30.475   24.3296      Cu 2 1358.77A   26.168    0.0012
 nInu 2052.68A   36.598 *********      H  1 949.749A   30.517   26.8212      Zn 2 2038.17A   26.790    0.0050
 nFnu 1793.44A   29.759    4.6825      H  1 937.809A   30.133   11.0689      hyperfine structure.............
 nInu 1793.44A   36.684 *********      H  1 930.754A   29.519    2.6924      inner shell.....................
 nFnu 1585.12A   29.823    5.4262      H  1 926.231A   29.113    1.0565      molecules.......................
 nInu 1585.12A   36.729 *********      H  1 923.156A   28.971    0.7625      blends..........................
 nFnu 1458.33A   29.836    5.5922      H  1 920.969A   28.685    0.3951      Blnd 2798.00A   29.759    4.6788
 nInu 1458.33A   36.791 *********      H  1 6562.85A   29.652    3.6562      Blnd 1256.00A   28.119    0.1071
 nFnu 1356.96A   29.798    5.1221      H  1 4861.36A   29.089    1.0000      Blnd 5892.00A   26.492    0.0025



  Spectrum of Orion star th1B using Tlusty  
 Cooling:  HFBc       0 :0.073 Fe2c       0 :0.529  
 Heating:  BFH1       0 :0.993  

 These are some of the most important databases used by Cloudy:
 Many recombination coefficients were taken from http://amdpp.phys.strath.ac.uk/tamoc/RR/ and http://amdpp.phys.strath.ac.uk/tamoc/DR/
      and are based on the following papers:
        Badnell N. R., et al., A&A 406, 1151 (2003) [http://adsabs.harvard.edu/abs/2003A%26A...406.1151B]
        Badnell N. R., ApJS 167, 334 (2006) [http://adsabs.harvard.edu/abs/2006ApJS..167..334B]
 Much of the molecular emission data is from LAMDA as accessed on Dec. 18, 2010. This database is described in:
        Schoeier F.L., et al., A&A 432, 369 (2005) [http://adsabs.harvard.edu/abs/2005A%26A...432..369S]
      This database is in part based on the work of the following groups:
        JPL: Pickett H. M. et al., JQSRT, 60, 883 (1998). [http://adsabs.harvard.edu/abs/1998JQSRT..60..883P]
        CDMS: Mueller H. S. et al., A&A 370, L49 (2001). [http://adsabs.harvard.edu/abs/2001A%26A...370L..49M]
              Mueller H. S. et al., J. Mol. Struct. 742, 215 (2005). [http://adsabs.harvard.edu/abs/2005JMoSt.742..215M]
 Much of the ionic emission data is from version 7.1 of CHIANTI. CHIANTI is a collaborative project involving the NRL (USA), the
      Universities of Florence (Italy) and Cambridge (UK), and George Mason University (USA). These papers describe Chianti:
        Dere K. P., et al., A&AS, 125, 149 (1997) [http://adsabs.harvard.edu/abs/1997A%26AS..125..149D]
        Landi E., et al., ApJ, 744, 99 (2012) [http://adsabs.harvard.edu/abs/2012ApJ...744...99L]
 Much of the H_2 data is from this web site: http://molat.obspm.fr/index.php?page=pages/Molecules/H2/H2can94.php. These data are
      described in:
        Abgrall H. et al., Can. J. Phys., 72, 856 (1994) [http://adsabs.harvard.edu/abs/1994CaJPh..72..856A]
        Wrathmall S. A. & Flower D. R., J. Phys. B, 40, 3221 (2007) [http://adsabs.harvard.edu/abs/2007JPhB...40.3221W]
 Please cite those papers that played a significant role in this calculation.

 IONIZE PARMET:  U(1-) -6.2876  U(4-):-37.0000  U(sp): -6.29  Q(ion):   43.288  L(ion) 32.668    Q(low): 47.929    L(low) 36.833
 ENERGY BUDGET:  Heat:  28.619  Coolg:  28.619  Error:  0.0%  Rec Lin:  29.935  F-F  H  0.000    P(rad/tot)max     3.62E-06    R(F Con):1.737e+05

     Col(Heff):      0.000E+00  snd travl time  9.90E+04 sec  Te-low: 1.16E+03  Te-hi: 1.16E+03  G0TH85: 2.06E+04  G0DB96:1.53E+04
  Emiss Measure    n(e)n(p) dl       1.022E+17  n(e)n(He+)dl         1.698E+12  En(e)n(He++) dl         0.000E+00  ne nC+:1.34E+14
 He/Ha:2.53E-06  =   0.00*true  Lthin:7.71E+04  itr/zn:34.00  H2 itr/zn:  0.00  File Opacity: F  MassTot 8.69e+25  (gm)
   Temps(21 cm)   T(21cm/Ly a)  1.11E+03        T(<nH/Tkin>)  1.16E+03          T(<nH/Tspin>)    1.17E+03          TB21cm:0.00E+00
                   N(H0/Tspin)  2.04E+11        N(OH/Tkin)    7.95E-01          B(21cm)          0.00E+00
   <a>:1.54E-04  erdeFe0.0E+00  Tcompt1.19E+08  Tthr2.72E+08  <Tden>: 1.16E+03  <dens>:2.37E-20  <MolWgt>1.11E+00
     Mean Jeans  l(cm)1.31E+19  M(sun)1.42E+04  smallest:     len(cm):1.31E+19  M(sun):1.42E+04  a_ox tran:  0.00
 Rion:1.000E+17  Dist:0.00E+00  Diam:0.000E+00
 Hatom level 70  HatomType: add  HInducImp  F  He tot level: 63  He2 level:   70  ExecTime    14.2
 ConvrgError(%)  <eden>  0.161  MaxEden  0.161  <H-C>   0.06  Max(H-C)    0.06  <Press>   0.000  MaxPrs er  0.000
  Continuity(%)  chng Te   0.0  elec den   0.0  n(H2)    0.0  n(CO)        0.0

                                                        Averaged Quantities
             Te      Te(Ne)   Te(NeNp)  Te(NeHe+)Te(NeHe2+) Te(NeO+)  Te(NeO2+)  Te(H2)     N(H)     Ne(O2+)   Ne(Np)
 Radius:  1.16e+03  1.16e+03  1.16e+03  1.16e+03  0.00e+00  1.16e+03  1.16e+03  1.16e+03  1.00e+04  1.87e+03  1.87e+03
 
 Peimbert T(OIIIr)0.00E+00 T(Bac)0.00E+00 T(Hth)1.19E+03 t2(Hstrc) 0.00e+00 T(O3-BAC)1.14E+03 t2(O3-BC)-2.58e-02 t2(O3str) 0.00e+00

 Contin Optical Depths: COMP: 3.63e-11    H-: 6.15e-11 R(1300): 1.59e-09  H2+: 8.56e-13  Pfa:3.63E-11
                          Pa: 3.63e-11    Ba: 9.22e-11      Hb: 7.98e-11   La: 3.42e-06     1r:1.500E-03  1.8:5.14E-04 4.:1.000E-20

 Old, new H  1 continuum optical depths:
     1 9.97e+07     2 1.00e-20     3 1.00e-20     4 1.00e-20     5 1.00e-20     6 1.00e-20     7 1.00e-20     8 1.00e-20
     9 1.00e-20    10 1.00e-20    11 1.00e-20    12 1.00e-20    13 1.00e-20    14 1.00e-20    15 1.00e-20    16 1.00e-20
    17 1.00e-20    18 1.00e-20    19 1.00e-20    20 1.00e-20    21 1.00e-20    22 1.00e-20    23 1.00e-20    24 1.00e-20
    25 1.00e-20    26 1.00e-20    27 1.00e-20    28 1.00e-20    29 1.00e-20    30 1.00e-20    31 1.00e-20    32 1.00e-20
    33 1.00e-20    34 1.00e-20    35 1.00e-20    36 1.00e-20    37 1.00e-20    38 1.00e-20    39 1.00e-20    40 1.00e-20
    41 1.00e-20    42 1.00e-20    43 1.00e-20    44 1.00e-20    45 1.00e-20    46 1.00e-20    47 1.00e-20    48 1.00e-20
    49 1.00e-20    50 1.00e-20    51 1.00e-20    52 1.00e-20    53 1.00e-20    54 1.00e-20
     1 1.50e-03     2 3.18e-11     3 6.17e-11     4 6.17e-11     5 6.17e-11     6 1.53e-11     7 1.53e-11     8 1.53e-11
     9 1.53e-11    10 7.25e-18    11 7.25e-18    12 7.25e-18    13 7.25e-18    14 7.25e-18    15 9.97e-18    16 9.97e-18
    17 9.97e-18    18 9.97e-18    19 9.97e-18    20 9.97e-18    21 1.74e-17    22 1.74e-17    23 1.74e-17    24 1.74e-17
    25 1.74e-17    26 1.74e-17    27 1.74e-17    28 3.37e-17    29 3.37e-17    30 3.37e-17    31 3.37e-17    32 3.37e-17
    33 3.37e-17    34 3.37e-17    35 3.37e-17    36 6.30e-17    37 6.30e-17    38 6.30e-17    39 6.30e-17    40 6.30e-17
    41 6.30e-17    42 6.30e-17    43 6.30e-17    44 6.30e-17    45 1.11e-16    46 1.11e-16    47 1.11e-16    48 1.11e-16
    49 1.11e-16    50 1.11e-16    51 1.11e-16    52 1.11e-16    53 1.11e-16    54 1.11e-16

 Old, new H  1 mean line optical depths:
  2- 1 1.61e+20  3- 2 6.19e-05  4- 3 1.77e-20  5- 4 1.77e-20  6- 5 1.77e-20  7- 6 1.77e-20  8- 7 1.77e-20
  9- 8 1.77e-20 10- 9 1.77e-20
  2- 1 7.46e+01  3- 2 5.20e-08  4- 3 4.03e-13  5- 4 3.03e-13  6- 5 1.23e-12  7- 6 1.51e-12  8- 7 9.32e-13
  9- 8 8.42e-13 10- 9 1.29e-12

 Old, new He 2 continuum optical depths:
     1 3.44e+06     2 9.86e+07     3 1.00e-20     4 1.00e-20     5 1.00e-20     6 1.00e-20     7 1.00e-20     8 1.00e-20
     9 1.00e-20    10 1.00e-20    11 1.00e-20    12 1.00e-20    13 1.00e-20    14 1.00e-20    15 1.00e-20    16 1.00e-20
    17 1.00e-20    18 1.00e-20    19 1.00e-20    20 1.00e-20    21 1.00e-20    22 1.00e-20    23 1.00e-20    24 1.00e-20
    25 1.00e-20    26 1.00e-20    27 1.00e-20    28 1.00e-20    29 1.00e-20    30 1.00e-20    31 1.00e-20    32 1.00e-20
    33 1.00e-20    34 1.00e-20    35 1.00e-20    36 1.00e-20    37 1.00e-20    38 1.00e-20    39 1.00e-20    40 1.00e-20
    41 1.00e-20    42 1.00e-20    43 1.00e-20    44 1.00e-20    45 1.00e-20    46 1.00e-20    47 1.00e-20    48 1.00e-20
    49 1.00e-20    50 1.00e-20    51 1.00e-20    52 1.00e-20    53 1.00e-20    54 1.00e-20
     1 1.00e-20     2 1.48e-03     3 1.71e-11     4 1.71e-11     5 1.71e-11     6 3.18e-11     7 3.18e-11     8 3.18e-11
     9 3.18e-11    10 5.00e-11    11 5.00e-11    12 5.00e-11    13 5.00e-11    14 5.00e-11    15 6.17e-11    16 6.17e-11
    17 6.17e-11    18 6.17e-11    19 6.17e-11    20 6.17e-11    21 5.21e-11    22 5.21e-11    23 5.21e-11    24 5.21e-11
    25 5.21e-11    26 5.21e-11    27 5.21e-11    28 1.53e-11    29 1.53e-11    30 1.53e-11    31 1.53e-11    32 1.53e-11
    33 1.53e-11    34 1.53e-11    35 1.53e-11    36 4.33e-18    37 4.33e-18    38 4.33e-18    39 4.33e-18    40 4.33e-18
    41 4.33e-18    42 4.33e-18    43 4.33e-18    44 4.33e-18    45 7.25e-18    46 7.25e-18    47 7.25e-18    48 7.25e-18
    49 7.25e-18    50 7.25e-18    51 7.25e-18    52 7.25e-18    53 7.25e-18    54 7.25e-18

 Old, new He 2 mean line optical depths:
  2- 1 1.61e+19  3- 2 6.19e-06  4- 3 1.77e-20  5- 4 1.77e-20  6- 5 1.77e-20  7- 6 1.77e-20  8- 7 1.77e-20
  9- 8 1.77e-20 10- 9 1.77e-20
  2- 1 1.77e+00  3- 2 1.77e-20  4- 3 8.86e-21  5- 4 8.86e-21  6- 5 8.86e-21  7- 6 8.86e-21  8- 7 8.86e-21
  9- 8 8.86e-21 10- 9 8.86e-21

 Old He Is optical depths:    1 2.38e+07    2 1.00e-20    3 1.00e-20    4 1.00e-20    5 1.00e-20
 New He Is optical depths:    1 5.14e-04    2 2.08e-11    3 2.63e-11    4 2.96e-11    5 2.96e-11
          Old He Is Lines:  584 3.54e-20 3889 3.54e-20 5016 3.54e-20 5876 3.54e-20
          New He Is Lines:  584 5.68e+00 3889 4.86e-09 5016 1.64e-14 5876 8.05e-19

==== H      compounds ====           Log10 column densities [cm^-2]
   H2        :  5.506   H2*       :  6.890   H2+       :  5.087   H3+       : -3.137
==== D      compounds ====
   HD        :  2.079   HD*       :  2.611   HD+       :  0.483   H2D+      : -6.331   D2        : -2.740   D2+       : -4.552   HD2+      :-12.223   D3+       :-17.507
==== He     compounds ====
   HeH+      :  3.475   HeD+      : -1.861
==== Li     compounds ====
   LiH       : -5.233   LiH+      : -4.397   LiD       :-10.125   LiD+      : -9.176
==== C      compounds ====
   CH        : -0.115   CH+       :  1.845   CH2       : -8.342   CH2+      : -6.874   CH3       :-16.271   CH3+      :-17.275   CH4       :-24.926   CH4+      :-27.001
   CH5+      :-33.845   CD        : -4.611   CD+       : -2.805   CHD       :-12.527   CHD+      :-10.393   CH2D      :-20.579   CH2D+     :-20.829   CH3D      :-29.438
   CH3D+     :-31.627   CH4D+     :-35.930   C2        : -6.971   C2+       : -5.190   C2H       :-14.908   C2H+      :-13.867   C2H2      :-24.704   C2H2+     :-21.419
   C2H3+     :-30.128   C2D       :-19.731   C2D+      :-17.891   C2HD      :-29.511   C2HD+     :-25.933   C2H2D+    :-34.940   C3        :-28.611   C3+       :-19.929
   C3H       :-32.356   C3H+      :-29.016   C3D       :-35.930   C3D+      :-33.171
==== N      compounds ====
   NH        :  2.066   NH+       :  1.217   NH2       : -7.295   NH2+      : -8.462   NH3       :-15.906   NH3+      :-17.734   NH4+      :-29.774   ND        : -2.891
   ND+       : -3.172   NHD       :-12.136   NHD+      :-12.505   NH2D      :-20.711   NH2D+     :-22.532   NH3D+     :-34.251   CN        : -3.862   CN+       : -3.055
   HCN       :-13.487   HCN+      :-12.051   HNC       :-13.783   HCNH+     :-22.591   DCN       :-18.052   DCN+      :-16.188   DNC       :-18.017   DCNH+     :-26.117
   HCND+     :-26.117   HC3N      :-35.930   DC3N      :-35.930   N2        : -2.744   N2+       : -3.107   N2H+      :-21.063   N2D+      :-24.258
==== O      compounds ====
   OH        :  2.964   OH+       :  2.584   H2O       : -6.362   H2O+      : -7.422   H3O+      :-16.808   OD        : -1.964   OD+       : -1.690   HDO       :-11.008
   HDO+      :-11.289   H2DO+     :-21.286   CO        :  0.213   CO+       : -1.361   HCO+      : -6.178   H2CO      :-35.930   CH3OH     :-35.930   DCO+      :-10.674
   HDCO      :-35.930   CH2DOH    :-35.930   CH3OD     :-35.930   ^13CO     : -1.264   NO        : -2.224   NO+       : -3.159   HNO       :-10.896   HNO+      :-12.924
   DNO       :-15.537   DNO+      :-17.274   OCN       :-14.645   OCN+      :-14.759   N2O       :-12.011   O2        : -1.638   O2+       : -1.982   NO2       :-16.992
   NO2+      :-16.332
==== Ne     compounds ====
   NeH+      : -0.476   NeD+      : -5.124
==== Si     compounds ====
   SiH       : -8.579   SiH2+     : -9.155   SiD       :-12.119   SiHD+     :-12.695   SiC2      :-35.930   SiN       :-13.457   SiN+      : -3.674   SiO       : -4.725
   SiO+      : -2.481   SiOH+     :-12.774   SiOD+     :-16.703
==== S      compounds ====
   HS        : -6.815   HS+       : -4.844   DS        :-10.982   DS+       : -8.272   CS        :-10.261   CS+       : -6.333   HCS+      :-15.286   DCS+      :-18.987
   NS        : -7.786   NS+       : -4.150   SO        : -7.423   SO+       : -3.265   OCS       :-17.667   OCS+      :-19.162   SO2       :-35.930   S2        :-21.385
   S2+       :-22.915
==== Cl     compounds ====
   HCl       :-12.917   HCl+      : -2.671   H2Cl+     :-12.972   DCl       :-16.374   DCl+      : -6.097   HDCl+     :-16.139   CCl       :-35.930   CCl+      :-17.943
   H2CCl+    :-35.930   HDCCl+    :-35.930   ClO       :-35.930   ClO+      :-35.930
==== Ar     compounds ====
   ArH+      :  1.869   ArD+      : -2.117
==== Ti     compounds ====
   TiH       :-35.930   TiH+      :-35.930   TiH2      :-35.930   TiH2+     :-35.930   TiD       :-35.930   TiD+      :-35.930   TiHD      :-35.930   TiHD+     :-35.930
   TiC       :-35.930   TiC+      :-35.930   HCTi      :-35.930   HCTi+     :-35.930   DCTi      :-35.930   DCTi+     :-35.930   TiC2      :-35.930   TiC2+     :-35.930
   TiN       :-35.930   TiN+      :-35.930   HNTi      :-35.930   HNTi+     :-35.930   DNTi      :-35.930   DNTi+     :-35.930   TiNC      :-35.930   TiNC+     :-35.930
   TiO       :-35.930   TiO+      :-35.930   TiOH+     :-35.930   TiOD+     :-35.930   TiO2      :-35.930   TiF+      :-35.930   TiS       :-35.930   TiS+      :-35.930
   HTiS      :-35.930   DTiS      :-35.930


               1      2      3      4      5      6      7      8      9     10     11     12     13     14     15     16     17

 Hydrogen   14.375 13.737  6.908 (H2)                Log10 Column density (cm^-2)
 Helium     13.465  8.958-30.000
 Lithium     2.590  5.775-30.000-30.000
 Beryllium   1.410  3.883  0.580-30.000-30.000
 Boron       1.688  5.255 -1.959-30.000-30.000-30.000
 Carbon      7.767 10.854  5.307-30.000-30.000-30.000-30.000
 Nitrogen   10.344  9.437 -0.315-30.000-30.000-30.000-30.000-30.000
 Oxygen     11.091 10.296 -1.115-30.000-30.000-30.000-30.000-30.000-30.000
 Fluorine    6.937  5.211 -4.023-30.000-30.000-30.000-30.000-30.000-30.000-30.000
 Neon       10.465  7.425 -3.887-30.000-30.000-30.000-30.000-30.000-30.000-30.000-30.000
 Sodium      6.835  8.791-30.000-30.000-30.000-30.000-30.000-30.000-30.000-30.000-30.000-30.000
 Magnesium   7.489 10.004  7.034-30.000-30.000-30.000-30.000-30.000-30.000-30.000-30.000-30.000-30.000
 Aluminium   4.634  8.935  4.228-30.000-30.000-30.000-30.000-30.000-30.000-30.000-30.000-30.000-30.000-30.000
 Silicon     6.466 10.005  4.048-30.000-30.000-30.000-30.000-30.000-30.000-30.000-30.000-30.000-30.000-30.000-30.000
 Phosphorus  4.565  7.970  3.539-30.000-30.000-30.000-30.000-30.000-30.000-30.000-30.000-30.000-30.000-30.000-30.000-30.000
 Sulphur     6.032  9.730  5.227-30.000-30.000-30.000-30.000-30.000-30.000-30.000-30.000-30.000-30.000-30.000-30.000-30.000-30.000
 Chlorine    5.207  7.745  2.881-30.000-30.000-30.000-30.000-30.000-30.000-30.000-30.000-30.000-30.000-30.000-30.000-30.000-30.000
-30.000
 Argon       8.754  8.218  3.569-30.000-30.000-30.000-30.000-30.000-30.000-30.000-30.000-30.000-30.000-30.000-30.000-30.000-30.000
-30.000-30.000
 Potassium   4.728  7.585 -0.548-30.000-30.000-30.000-30.000-30.000-30.000-30.000-30.000-30.000-30.000-30.000-30.000-30.000-30.000
-30.000-30.000-30.000
 Calcium     4.623  8.079  8.739-30.000-30.000-30.000-30.000-30.000-30.000-30.000-30.000-30.000-30.000-30.000-30.000-30.000-30.000
-30.000-30.000-30.000-30.000
 Scandium    2.065  5.491  5.088-30.000-30.000-30.000-30.000-30.000-30.000-30.000-30.000-30.000-30.000-30.000-30.000-30.000-30.000
-30.000-30.000-30.000-30.000-30.000
 Titanium    3.867  7.485  5.035-30.000-30.000-30.000-30.000-30.000-30.000-30.000-30.000-30.000-30.000-30.000-30.000-30.000-30.000
-30.000-30.000-30.000-30.000-30.000-30.000
 Vanadium    3.963  6.455  4.756-30.000-30.000-30.000-30.000-30.000-30.000-30.000-30.000-30.000-30.000-30.000-30.000-30.000-30.000
-30.000-30.000-30.000-30.000-30.000-30.000-30.000
 Chromium    4.514  8.135  4.807-30.000-30.000-30.000-30.000-30.000-30.000-30.000-30.000-30.000-30.000-30.000-30.000-30.000-30.000
-30.000-30.000-30.000-30.000-30.000-30.000-30.000-30.000
 Manganese   4.499  7.924  2.734-30.000-30.000-30.000-30.000-30.000-30.000-30.000-30.000-30.000-30.000-30.000-30.000-30.000-30.000
-30.000-30.000-30.000-30.000-30.000-30.000-30.000-30.000-30.000
 Iron        6.146  9.915  4.223-30.000-30.000-30.000-30.000-30.000-30.000-30.000-30.000-30.000-30.000-30.000-30.000-30.000-30.000
-30.000-30.000-30.000-30.000-30.000-30.000-30.000-30.000-30.000-30.000
 Cobalt      5.010  7.383  2.839-30.000-30.000-30.000-30.000-30.000-30.000-30.000-30.000-30.000-30.000-30.000-30.000-30.000-30.000
-30.000-30.000-30.000-30.000-30.000-30.000-30.000-30.000-30.000-30.000-30.000
 Nickel      5.429  8.715  3.792-30.000-30.000-30.000-30.000-30.000-30.000-30.000-30.000-30.000-30.000-30.000-30.000-30.000-30.000
-30.000-30.000-30.000-30.000-30.000-30.000-30.000-30.000-30.000-30.000-30.000-30.000
 Copper      3.761  6.674  3.820-30.000-30.000-30.000-30.000-30.000-30.000-30.000-30.000-30.000-30.000-30.000-30.000-30.000-30.000
-30.000-30.000-30.000-30.000-30.000-30.000-30.000-30.000-30.000-30.000-30.000-30.000-30.000
 Zinc        4.837  7.062  2.536-30.000-30.000-30.000-30.000-30.000-30.000-30.000-30.000-30.000-30.000-30.000-30.000-30.000-30.000
-30.000-30.000-30.000-30.000-30.000-30.000-30.000-30.000-30.000-30.000-30.000-30.000-30.000-30.000
 Exc state    He1*  4.205   CII* 10.664   C11*  6.829   C12*  7.299   C13*  7.503   O11* 11.056   O12*  9.756   O13*  9.585
              Si2*-35.930   C30*-35.930   C31*-35.930   C32*-35.930


 Hydrogen   -0.090 -0.728 -7.256 (H2)                 Log10 Mean Ionisation (over radius)
 Helium     -0.000 -4.508
 Lithium    -3.184 -0.000
 Beryllium  -2.475 -0.002 -3.305
 Boron      -3.568 -0.000 -7.214
 Carbon     -3.087 -0.000 -5.547
 Nitrogen   -0.051 -0.958-10.710
 Oxygen     -0.065 -0.860-12.270
 Fluorine   -0.008 -1.734-10.968
 Neon       -0.000 -3.040-14.353
 Sodium     -1.961 -0.005
 Magnesium  -2.516 -0.002 -2.972
 Aluminium  -4.301 -0.000 -4.707
 Silicon    -3.540 -0.000 -5.957
 Phosphorus -3.406 -0.000 -4.431
 Sulphur    -3.698 -0.000 -4.503
 Chlorine   -2.539 -0.001 -4.865
 Argon      -0.111 -0.647 -5.296
 Potassium  -2.858 -0.001 -8.134
 Calcium    -4.202 -0.746 -0.086
 Scandium   -3.570 -0.145 -0.548
 Titanium   -3.619 -0.002 -2.451
 Vanadium   -2.502 -0.010 -1.709
 Chromium   -3.621 -0.000 -3.328
 Manganese  -3.425 -0.000 -5.191
 Iron       -3.770 -0.000 -5.692
 Cobalt     -2.376 -0.002 -4.546
 Nickel     -3.286 -0.000 -4.923
 Copper     -2.913 -0.001 -2.855
 Zinc       -2.228 -0.003 -4.529

               1      2      3      4      5      6      7      8      9     10     11     12     13     14     15     16     17

 Hydrogen   -0.090 -0.728 -7.256 (H2)         Log10 Mean Ionisation (over radius*electron density)
 Helium     -0.000 -4.508
 Lithium    -3.184 -0.000
 Beryllium  -2.475 -0.002 -3.305
 Boron      -3.568 -0.000 -7.214
 Carbon     -3.087 -0.000 -5.547
 Nitrogen   -0.051 -0.958-10.710
 Oxygen     -0.065 -0.860-12.270
 Fluorine   -0.008 -1.734-10.968
 Neon       -0.000 -3.040-14.353
 Sodium     -1.961 -0.005
 Magnesium  -2.516 -0.002 -2.972
 Aluminium  -4.301 -0.000 -4.707
 Silicon    -3.540 -0.000 -5.957
 Phosphorus -3.406 -0.000 -4.431
 Sulphur    -3.698 -0.000 -4.503
 Chlorine   -2.539 -0.001 -4.865
 Argon      -0.111 -0.647 -5.296
 Potassium  -2.858 -0.001 -8.134
 Calcium    -4.202 -0.746 -0.086
 Scandium   -3.570 -0.145 -0.548
 Titanium   -3.619 -0.002 -2.451
 Vanadium   -2.502 -0.010 -1.709
 Chromium   -3.621 -0.000 -3.328
 Manganese  -3.425 -0.000 -5.191
 Iron       -3.770 -0.000 -5.692
 Cobalt     -2.376 -0.002 -4.546
 Nickel     -3.286 -0.000 -4.923
 Copper     -2.913 -0.001 -2.855
 Zinc       -2.228 -0.003 -4.529

               1      2      3      4      5      6      7      8      9     10     11     12     13     14     15     16     17

 Hydrogen    3.064  3.064  3.064 (H2)                  Log10 Mean Temperature (over radius)
 Helium      3.064  3.064
 Lithium     3.064  3.064
 Beryllium   3.064  3.064  3.064
 Boron       3.064  3.064  3.064
 Carbon      3.064  3.064  3.064
 Nitrogen    3.064  3.064  3.064
 Oxygen      3.064  3.064  3.064
 Fluorine    3.064  3.064  3.064
 Neon        3.064  3.064  3.064
 Sodium      3.064  3.064
 Magnesium   3.064  3.064  3.064
 Aluminium   3.064  3.064  3.064
 Silicon     3.064  3.064  3.064
 Phosphorus  3.064  3.064  3.064
 Sulphur     3.064  3.064  3.064
 Chlorine    3.064  3.064  3.064
 Argon       3.064  3.064  3.064
 Potassium   3.064  3.064  3.064
 Calcium     3.064  3.064  3.064
 Scandium    3.064  3.064  3.064
 Titanium    3.064  3.064  3.064
 Vanadium    3.064  3.064  3.064
 Chromium    3.064  3.064  3.064
 Manganese   3.064  3.064  3.064
 Iron        3.064  3.064  3.064
 Cobalt      3.064  3.064  3.064
 Nickel      3.064  3.064  3.064
 Copper      3.064  3.064  3.064
 Zinc        3.064  3.064  3.064

               1      2      3      4      5      6      7      8      9     10     11     12     13     14     15     16     17

 Hydrogen    3.064  3.064  3.064 (H2)          Log10 Mean Temperature (over radius*electron density)
 Helium      3.064  3.064
 Lithium     3.064  3.064
 Beryllium   3.064  3.064  3.064
 Boron       3.064  3.064  3.064
 Carbon      3.064  3.064  3.064
 Nitrogen    3.064  3.064  3.064
 Oxygen      3.064  3.064  3.064
 Fluorine    3.064  3.064  3.064
 Neon        3.064  3.064  3.064
 Sodium      3.064  3.064
 Magnesium   3.064  3.064  3.064
 Aluminium   3.064  3.064  3.064
 Silicon     3.064  3.064  3.064
 Phosphorus  3.064  3.064  3.064
 Sulphur     3.064  3.064  3.064
 Chlorine    3.064  3.064  3.064
 Argon       3.064  3.064  3.064
 Potassium   3.064  3.064  3.064
 Calcium     3.064  3.064  3.064
 Scandium    3.064  3.064  3.064
 Titanium    3.064  3.064  3.064
 Vanadium    3.064  3.064  3.064
 Chromium    3.064  3.064  3.064
 Manganese   3.064  3.064  3.064
 Iron        3.064  3.064  3.064
 Cobalt      3.064  3.064  3.064
 Nickel      3.064  3.064  3.064
 Copper      3.064  3.064  3.064
 Zinc        3.064  3.064  3.064

               1      2      3      4      5      6      7      8      9     10     11     12     13     14     15     16     17
 Spectrum of Orion star th1B using Tlusty  

---------------Convergence statistics---------------
      1.42 mean iterations/state convergence
       2.6 mean cx acceleration loops/iteration
      1.02 mean iso convergence loops/ion solve
         1 mean steps/chemistry solve
         1 mean step length searches/chemistry step
----------------------------------------------------

 Cloudy ends: 1 zone, 1 iteration, 3 cautions. (single thread) ExecTime(s) 14.18
 [Stop in cdMain at maincl.cpp:516, Cloudy exited OK]
