                                                         Cloudy 13.01.01
                                                         www.nublado.org

                       **************************************13Jan01**************************************
                       *                                                                                 *
                       * title Spectrum of Orion star th1C2 using Tlusty                                 *
                       * table star tlusty OBstar 3-dim 25000 g=3.86 z=-0.1                              *
                       * c<< 3-dim OBstar model  548 read.    Teff=  25000 log(g)= 3.75 log(Z)=-0.30 >>> *
                       * c<< 3-dim OBstar model  549 read.    Teff=  25000 log(g)= 4.00 log(Z)=-0.30 >>> *
                       * c<< 3-dim OBstar model  332 read.    Teff=  25000 log(g)= 3.75 log(Z)= 0.00 >>> *
                       * c<< 3-dim OBstar model  333 read.    Teff=  25000 log(g)= 4.00 log(Z)= 0.00 >>> *
                       * c<< FINAL:    Teff =   25000   log(g) =  3.86   log(Z) = -0.10              >>> *
                       * luminosity total solar 4.20                                                     *
                       * hden 4                                                                          *
                       * radius 17                                                                       *
                       * stop zone 1                                                                     *
                       * save continuum file="th1C2.cont"                                                *
                       *                                                                                 *
                       ***********************************************************************************



Warning: duplicate species HD - using first one
Warning: duplicate species HD+ - using first one
Warning: duplicate species H2D+ - using first one
Warning: duplicate species HeD+ - using first one
Warning: duplicate reaction CH,O=>H,CO -- using new version
Warning: duplicate reaction e-,CH2+=>H,CH -- using new version
Warning: duplicate reaction e-,CH2+=>H2,C -- using new version
Warning: duplicate reaction e-,CH3+=>H,H2,C -- using new version
Warning: duplicate reaction e-,CH3+=>H,CH2 -- using new version
Warning: duplicate reaction e-,CH3+=>H2,CH -- using new version
Warning: duplicate reaction e-,CO+=>C,O -- using new version
Warning: duplicate reaction H,CH=>H2,C -- using new version
Warning: duplicate reaction H2,CO+=>H,HCO+ -- using new version
Warning: duplicate reaction H2,CH2+=>H,CH3+ -- using new version
Warning: duplicate reaction H2,C+=>PHOTON,CH2+ -- using new version
Warning: duplicate reaction C2,N=>C,CN -- using new version
Warning: duplicate reaction C+,CH=>H,C2+ -- using new version
Warning: duplicate reaction C+,CH=>C,CH+ -- using new version
Warning: duplicate reaction CH3+,O=>H2,HCO+ -- using new version
Warning: duplicate reaction CH,N=>H,CN -- using new version
Warning: duplicate reaction C+,NH=>H,CN+ -- using new version
Warning: duplicate reaction e-,HCO+=>H,CO -- using new version
Warning: duplicate reaction CRPHOT,C=>e-,C+ -- using new version
Warning: duplicate reaction C+,OH=>H,CO+ -- using new version
Warning: duplicate reaction C+,OH=>H+,CO -- using new version
Warning: duplicate reaction e-,D+=>PHOTON,D -- using new version
Warning: duplicate reaction H+,D=>H,D+ -- using new version
Warning: duplicate reaction H,D+=>H+,D -- using new version
Warning: duplicate reaction H,D+=>PHOTON,HD+ -- using new version
Warning: duplicate reaction H+,D=>PHOTON,HD+ -- using new version
Warning: duplicate reaction e-,HD+=>H,D -- using new version
Warning: duplicate reaction H,HD+=>H+,HD -- using new version
Warning: duplicate reaction H,D=>PHOTON,HD -- using new version
Warning: duplicate reaction H,D=>PHOTON,HD -- using new version
Warning: duplicate reaction H2,D+=>H+,HD -- using new version
Warning: duplicate reaction H+,HD=>H2,D+ -- using new version
Warning: duplicate reaction H2,D=>H,HD -- using new version
Warning: duplicate reaction D+,He=>PHOTON,HeD+ -- using new version
Warning: duplicate reaction H2+,D=>H2,D+ -- using new version
Warning: duplicate reaction H-,Li+=>H,Li -- using new version
           3961CellPeak1.00E+00   Lo 1.00e-08=910.79cm   Hi-Con:3.99E+00 Ryd   E(hi):7.35E+06Ryd     E(hi):     100.01 MeV
           L(nu>1ryd):  35.3274   Average nu:1.156E+00   L( X-ray):   0.0000   L(BalC):  37.7435     Q(Balmer C):  48.6508
           Q(1.0-1.8):  45.9257   Q(1.8-4.0):  42.7444   Q(4.0-20):   0.0000   Q(20--):   0.0000     Ion pht flx:6.711E+10
           L(gam ray):   0.0000   Q(gam ray):   0.0000   L(Infred):  36.7007   Alf(ox):   0.0000     Total lumin:  37.7827
           log L/Lsun:   4.1999   Abs bol mg:  -5.7497   Abs V mag:  -3.1956   Bol cor:  -2.5541     nuFnu(Bbet):  36.7405
           U(1.0----):2.239E-04   U(4.0----):0.000E+00   T(En-Den):3.819E+01   T(Comp):2.373E+04     nuJnu(912A):8.954E+00
           Occ(FarIR):5.894E-05   Occ(H n=6):2.014E-11   Occ(1Ryd):4.116E-16   Occ(4R):9.629E-29     Occ (Nu-hi):1.566E-28
           Tbr(FarIR):9.339E-08   Tbr(H n=6):8.829E-08   Tbr(1Ryd):6.506E-11   Tbr(4R):6.085E-23     Tbr (Nu-hi):9.849E-23
  
                                                  Gas Phase Chemical Composition
        H :  0.0000  He: -1.0000  Li: -8.6904  Be:-10.5800  B : -9.2097  C : -3.6108  N : -4.0701  O : -3.3098  F : -7.5200
        Ne: -4.0000  Na: -5.6696  Mg: -4.4597  Al: -5.5302  Si: -4.4597  P : -6.4949  S : -4.7352  Cl: -6.7190  Ar: -5.6003
        K : -6.8794  Ca: -5.6402  Sc: -8.8297  Ti: -6.9788  V : -8.0000  Cr: -6.3298  Mn: -6.5406  Fe: -4.5498  Co: -7.0799
                                               Ni: -5.7496  Cu: -7.7905  Zn: -7.4001
 
 ####  1  Te:3.339E+03 Hden:1.000E+04 Ne:9.774E+03 R:1.000E+17 R-R0:1.004E+11 dR:2.009E+11 NTR: 14 Htot:2.201E-16 T912: 3.53e-04###
 Hydrogen      2.78e-02 9.72e-01 H+o/Hden 1.00e+00 4.74e-10 H-    H2 3.44e-12 7.33e-11 H2+ HeH+ 1.03e-10 Ho+ ColD 5.58e+13 1.95e+15
 Deuterium     2.78e-02 9.72e-01 D+o/Dden 1.00e+00 4.79e-10 D-    HD 1.82e-11 1.19e-10 HD+ HeD+ 1.42e-11 Do+ ColD 9.20e+08 3.22e+10
 Helium        9.61e-01 3.94e-02 0.00e+00 HeI 2s3S 6.92e-07 Comp H,C 5.02e-23 7.06e-24 Fill Fac 1.00e+00 Gam1/tot 1.00e+00
 He singlet n  9.61e-01 2.38e-12 2.75e-18 5.14e-19 2.01e-18 4.40e-19 He tripl 6.92e-07 3.86e-17 4.33e-19 4.85e-18 1.18e-18
 Pressure      NgasTgas 6.94e+07 P(total) 9.58e-09 P( gas ) 9.58e-09 P(Radtn) 6.39e-13 Rad accl 3.80e-04 ForceMul 8.59e+04
 Texc(La)      3.93e+03 T(I con) 3.82e+01 T(D con) 2.60e+00 T(U tot) 3.82e+01 nT (c+d) 9.86e+06 Prad/Gas 6.66e-05 Pmag/Gas 0.00e+00
 Molecules     CH/Ctot: 4.05e-15 CH+/Ctot 8.32e-12 CO/Ctot: 5.53e-16 CO+/Ctot 1.38e-15 H2O/Otot 8.11e-24 OH/Ototl 2.55e-12
 Lithium       1.55e-04 1.00e+00 0.00e+00 0.00e+00 Berylliu 5.13e-04 7.56e-01 2.43e-01 0.00e+00 0.00e+00 sec ion: 0.00e+00
 Boron         6.60e-05 9.99e-01 9.80e-04 8.38e-11 0.00e+00 0.00e+00
 Carbon        1.26e-04 9.98e-01 2.24e-03 0.00e+00 0.00e+00 0.00e+00 0.00e+00 H2O+/O   1.90e-24 OH+/Otot 1.34e-12 Hex(tot) 0.00e+00
 Nitrogen      1.67e-02 9.83e-01 4.08e-05 0.00e+00 0.00e+00 0.00e+00 0.00e+00 0.00e+00 O2/Ototl 1.13e-16 O2+/Otot 2.14e-17
 Oxygen        3.53e-02 9.65e-01 1.58e-06 0.00e+00 0.00e+00 0.00e+00 0.00e+00 0.00e+00 0.00e+00
 Fluorine      7.67e-02 9.23e-01 4.80e-06 0.00e+00 0.00e+00 0.00e+00 0.00e+00 0.00e+00 0.00e+00 0.00e+00
 Neon          3.75e-01 6.25e-01 1.48e-07 0.00e+00 0.00e+00 0.00e+00 0.00e+00 0.00e+00 0.00e+00 0.00e+00 0.00e+00
 Sodium        2.06e-03 9.98e-01 4.88e-09 0.00e+00 0.00e+00 0.00e+00 0.00e+00 0.00e+00 0.00e+00 0.00e+00 0.00e+00 0.00e+00
 Magnesium     6.04e-04 7.43e-01 2.57e-01 0.00e+00 0.00e+00 0.00e+00 0.00e+00 0.00e+00 0.00e+00 0.00e+00 0.00e+00 0.00e+00 0.00e+00
 Aluminium  0  2.81e-05 9.91e-01 8.99e-03 0.00e+00 0.00e+00 0.00e+00 0.00e+00 0.00e+00 0.00e+00 0.00e+00 0.00e+00 0.00e+00 0.00e+00
 Silicon    0  5.26e-05 9.80e-01 2.00e-02 0.00e+00 0.00e+00 0.00e+00 0.00e+00 0.00e+00 0.00e+00 0.00e+00 0.00e+00 0.00e+00 0.00e+00
 Phosphorus 0  8.68e-05 9.73e-01 2.71e-02 0.00e+00 0.00e+00 0.00e+00 0.00e+00 0.00e+00 0.00e+00 0.00e+00 0.00e+00 0.00e+00 0.00e+00
 Sulphur    0  3.93e-05 9.50e-01 5.02e-02 0.00e+00 0.00e+00 0.00e+00 0.00e+00 0.00e+00 0.00e+00 0.00e+00 0.00e+00 0.00e+00 0.00e+00
 Chlorine   0  2.24e-04 9.78e-01 2.14e-02 0.00e+00 0.00e+00 0.00e+00 0.00e+00 0.00e+00 0.00e+00 0.00e+00 0.00e+00 0.00e+00 0.00e+00
 Argon      0  1.24e-02 9.64e-01 2.38e-02 0.00e+00 0.00e+00 0.00e+00 0.00e+00 0.00e+00 0.00e+00 0.00e+00 0.00e+00 0.00e+00 0.00e+00
 Potassium  0  3.07e-04 1.00e+00 4.77e-05 0.00e+00 0.00e+00 0.00e+00 0.00e+00 0.00e+00 0.00e+00 0.00e+00 0.00e+00 0.00e+00 0.00e+00
 Calcium    0  2.07e-06 2.23e-02 9.78e-01 0.00e+00 0.00e+00 0.00e+00 0.00e+00 0.00e+00 0.00e+00 0.00e+00 0.00e+00 0.00e+00 0.00e+00
 Scandium   0  4.59e-06 5.62e-02 9.42e-01 1.65e-03 0.00e+00 0.00e+00 0.00e+00 0.00e+00 0.00e+00 0.00e+00 0.00e+00 0.00e+00 0.00e+00
 Titanium   0  3.15e-05 4.47e-01 5.53e-01 7.80e-05 0.00e+00 0.00e+00 0.00e+00 0.00e+00 0.00e+00 0.00e+00 0.00e+00 0.00e+00 0.00e+00
 Vanadium   0  7.02e-05 1.67e-01 8.33e-01 9.25e-06 0.00e+00 0.00e+00 0.00e+00 0.00e+00 0.00e+00 0.00e+00 0.00e+00 0.00e+00 0.00e+00
 Chromium   0  1.74e-05 3.74e-01 6.26e-01 1.70e-06 0.00e+00 0.00e+00 0.00e+00 0.00e+00 0.00e+00 0.00e+00 0.00e+00 0.00e+00 0.00e+00
 Manganese  0  1.34e-04 8.31e-01 1.69e-01 0.00e+00 0.00e+00 0.00e+00 0.00e+00 0.00e+00 0.00e+00 0.00e+00 0.00e+00 0.00e+00 0.00e+00
 Iron       0  5.61e-05 9.42e-01 5.75e-02 0.00e+00 0.00e+00 0.00e+00 0.00e+00 0.00e+00 0.00e+00 0.00e+00 0.00e+00 0.00e+00 0.00e+00
 Cobalt     0  7.79e-04 7.00e-01 2.99e-01 0.00e+00 0.00e+00 0.00e+00 0.00e+00 0.00e+00 0.00e+00 0.00e+00 0.00e+00 0.00e+00 0.00e+00
 Nickel     0  1.95e-04 8.49e-01 1.51e-01 0.00e+00 0.00e+00 0.00e+00 0.00e+00 0.00e+00 0.00e+00 0.00e+00 0.00e+00 0.00e+00 0.00e+00
 Copper     0  9.75e-05 4.23e-01 5.77e-01 0.00e+00 0.00e+00 0.00e+00 0.00e+00 0.00e+00 0.00e+00 0.00e+00 0.00e+00 0.00e+00 0.00e+00
 Zinc       0  1.35e-03 9.79e-01 1.93e-02 0.00e+00 0.00e+00 0.00e+00 0.00e+00 0.00e+00 0.00e+00 0.00e+00 0.00e+00 0.00e+00 0.00e+00
    Spectrum of Orion star th1C2 using Tlusty  
   Calculation stopped because lowest Te reached. Iteration 1 of 1
   The geometry is plane-parallel.
 C-I must iterate when save continuum output is done.
 C-The H Lyman continuum is thin, and I assumed that it was thick.  Use the ITERATE command to do more iterations.
 C-The He I continuum is thin and I assumed that it was thick.  Use the ITERATE command to do more iterations.
  !The code needs to be fixed - search for fixit().
  !Continuum fluorescent production of H-beta was very important.
  !Test code is in place.
  !Destruction of He 2TriS reached 16.0% of the total He0 dest rate at zone 1, 16.0% of that was photoionization.
  !AGE: Cloud age was not set.  Longest timescale was 1.82e+08 s = 5.78e+00 years.
  !The excitation temp of Lya exceeded the electron temp, largest value was 3.93e+03K (gas temp there was 3.34e+03K, zone   1)
  !The CMB was not included.  This is added with the CMB command.
   Charge transfer ionization of H reached 2.07% of the local H ionization rate.
   Photoionization of upper levels of [O III] reached 3.2% of the total O++ photo rate.
   The density is too low to l-mix the lowest H  I collapsed level.  More resolved levels are needed for accurate line ratios.
   The density is too low to l-mix the lowest He I collapsed level.  More resolved levels are needed for accurate line ratios.
   Grains were not present but might survive in this environment (energy density temperature was 3.82e+01K)

                       ********************************> Cloudy 13.01.01 <********************************
                       * title Spectrum of Orion star th1C2 using Tlusty                                 *
                       * table star tlusty OBstar 3-dim 25000 g=3.86 z=-0.1                              *
                       * luminosity total solar 4.20                                                     *
                       * hden 4                                                                          *
                       * radius 17                                                                       *
                       * stop zone 1                                                                     *
                       * save continuum file="th1C2.cont"                                                *
                       *********************************> Log(U): -3.65 <*********************************
                       >>>>>>>>>> Cautions are present.
                       >>>>>>>>>> Another iteration is needed.  Use the ITERATE command.

                     Emission Line Spectrum.   Constant  Density Model.    Open geometry.  Iteration 1 of 1.
                                    Luminosity (erg/s) emitted by a shell with full coverage.


                                                   Intrinsic line intensities
 general properties..............      nInu 1103.23A   37.943 *********      H  1 9014.92A   28.490    0.0038
 TOTL 4861.36A   30.909    1.0000      nFnu 1073.86A   29.372    0.0291      H  1 4.05116m   29.315    0.0255
 TOTL 1215.68A   33.370  289.5614      nInu 1073.86A   37.939 *********      H  1 2.62515m   29.103    0.0157
 Inci       0    37.783 7482443.5      nFnu 1064.34A   29.336    0.0268      H  1 2.16553m   28.781    0.0075
 TotH       0    30.745    0.6857      nInu 1064.34A   37.894 9678732.0      H  1 1.94456m   28.475    0.0037
 TotC       0    30.745    0.6856      nFnu 1035.92A   29.302    0.0248      H  1 1.81741m   28.332    0.0026
 BFH1       0    30.741    0.6802      nInu 1035.92A   37.860 8944779.0      H  1 1.73621m   28.114    0.0016
 BFHe       0    28.148    0.0017      nFnu 1000.00A   29.335    0.0267      H  1 7.45781m   28.686    0.0060
 TotM       0    28.079    0.0015      nInu 1000.00A   37.922 *********      H  1 4.65250m   28.441    0.0034
 H FB       0    29.902    0.0985      nFnu 925.144A   29.103    0.0157      H  1 3.73953m   28.185    0.0019
 HFBc       0    29.902    0.0985      nInu 925.144A   36.944 1085415.4      H  1 3.29609m   28.040    0.0014
 Ar 2       0    28.928    0.0105      nFnu 897.800A   32.510   39.9293      H  1 12.3685m   28.171    0.0018
 Fe 3       0    28.147    0.0017      nInu 897.800A   36.028 131623.20      H  1 7.50043m   27.964    0.0011
 Ne 2       0    29.256    0.0222      nFnu 760.023A   29.319    0.0257      He-like iso-sequence............
 S  2       0    28.133    0.0017      nInu 760.023A   35.698 61631.449      Hlin 506.000A   28.024    0.0013
 S  3       0    28.281    0.0024      nFnu 701.514A   29.086    0.0150      He 1       0    29.004    0.0125
 Sc 3       0    30.477    0.3704      nInu 701.514A   35.486 37782.852      He 1 584.334A   30.628    0.5235
 Si 2       0    28.729    0.0066      nInu 608.160A   35.078 14778.663      He 1 537.030A   30.026    0.1311
 Ni 2       0    28.626    0.0052      nFnu 575.146A   28.572    0.0046      He 1 522.213A   29.746    0.0688
 continua........................      nInu 575.146A   34.889 9557.0205      He 1 515.617A   29.494    0.0385
 Bac  3646.00A   31.365    2.8593      nInu 511.948A   34.451 3484.2893      He 1 512.099A   29.247    0.0218
 nFnu 3645.00A   31.419    3.2362      nFnu 496.874A   30.422    0.3263      He 1 625.563A   28.849    0.0087
 nFnu 3647.00A   30.485    0.3769      nInu 496.874A   33.321  258.1694      TOTL 1.08303m   28.261    0.0023
 cout 3646.00A   31.064    1.4296      nInu 399.153A   31.970   11.5264      He 1 1.08303m   28.261    0.0023
 cref 3646.00A   31.064    1.4296      RRC.............................      Ca B 1.08303m   28.305    0.0025
 thin 3646.00A   31.365    2.8593      H  1 911.759A   31.174    1.8406      Pho+ 3889.00A   29.474    0.0368
 Inci 4860.00A   36.741 679083.06      H  1 3646.00A   29.762    0.0714      database lines..................
 Inci 1215.00A   37.545 4331471.5      H  1 3646.00A   30.168    0.1815      Al 3 1854.72A   28.219    0.0020
 Ba C       0    30.284    0.2372      H  1 8203.58A   28.987    0.0120      Al 3 1862.79A   27.926    0.0010
 PA C       0    29.903    0.0987      H  1 8203.58A   29.445    0.0344      Ar 2 6.98337m   28.928    0.0105
 FIR  83.0000m   30.814    0.8046      H  1 8203.58A   29.440    0.0340      Fe 3 22.9190m   28.027    0.0013
 NIRa 2.85000m   35.963 113385.19      H  1 1.45842m   28.450    0.0035      Mg 1 2852.13A   28.519    0.0041
 NIRb 3.00000m   35.534 42247.574      H  1 1.45842m   28.917    0.0102      Ne 2 12.8101m   29.256    0.0222
 MIRa 15.0000m   33.501  391.3908      H  1 1.45842m   29.025    0.0131      S  2 1259.52A   29.646    0.0547
 MIRb 22.5000m   33.504  393.8969      H  1 1.45842m   28.794    0.0077      S  2 1253.81A   29.461    0.0357
 NMIR 21.7500m   35.963 113385.19      H  1 2.27878m   28.052    0.0014      S  2 1250.58A   29.152    0.0175
 TFIR 611.250m   29.373    0.0291      H  1 2.27878m   28.520    0.0041      S  2 912.736A   28.536    0.0042
 TALL 10000.0A   37.783 7482891.0      H  1 2.27878m   28.664    0.0057      S  2 910.485A   28.647    0.0055
 F12  12.0000m   32.733   66.7202      H  1 2.27878m   28.585    0.0047      S  3 18.7078m   28.082    0.0015
 F25  25.0000m   31.654    5.5673      H  1 2.27878m   28.193    0.0019      S  3 1194.06A   28.046    0.0014
 F60  60.0000m   30.756    0.7031      H  1 3.28144m   28.207    0.0020      S  3 1200.97A   27.980    0.0012
 F100 100.000m   29.690    0.0605      H  1 3.28144m   28.365    0.0029      S  3 1015.50A   27.968    0.0011
 MIPS 24.0000m   31.359    2.8211      H  1 3.28144m   28.345    0.0027      S  3 1021.11A   27.964    0.0011
 MIPS 70.0000m   30.010    0.1264      H  1 3.28144m   28.131    0.0017      S  3 1021.32A   28.224    0.0021
 MIPS 160.000m   28.875    0.0093      H  1 4.46640m   27.952    0.0011      Sc 3 3.93446m   30.248    0.2183
 IRAC 3.60000m   33.766  719.2541      H  1 4.46640m   28.116    0.0016      Sc 3 4.23041m   30.091    0.1523
 IRAC 4.50000m   33.481  373.5242      H  1 4.46640m   28.124    0.0016      Si 2 1190.42A   30.663    0.5685
 IRAC 5.80000m   33.220  204.6654      H  1 4.46640m   27.985    0.0012      Si 2 1193.29A   31.025    1.3080
 IRAC 8.00000m   32.984  118.8334      H  1 5.83367m   27.925    0.0010      Si 2 1194.50A   31.385    2.9934
 SPR1 250.000m   28.442    0.0034      H  1 11.0293m   28.150    0.0017      Si 2 1197.39A   30.740    0.6784
 SPR2 350.000m   28.039    0.0013      H  1 13.1258m   28.038    0.0013      Si 2 1260.42A   31.382    2.9759
 PAC1 70.0000m   30.070    0.1451      H  1 15.4045m   27.935    0.0011      Si 2 1264.74A   31.561    4.4941
 PAC2 100.000m   29.678    0.0588      H  1 56.9694m   28.343    0.0027      Si 2 1265.00A   30.646    0.5457
 PAC3 160.000m   29.145    0.0172      He 1 504.259A   29.126    0.0165      Si 2 1304.37A   30.243    0.2160
 PAH  3.30000m   32.989  120.2643      grains..........................      Si 2 1309.28A   30.475    0.3684
 PAHC 3.23000m   32.726   65.7053      H-like iso-sequence.............      Si 2 1526.71A   30.230    0.2096
 PAHC 3.37000m   32.649   55.0383      Ca B 1215.68A   31.384    2.9855      Si 2 1533.43A   30.523    0.4119
 PAH  6.20000m   32.623   51.7885      Q(H) 4861.36A   33.623  517.8667      Si 2 1808.01A   28.616    0.0051
 PAHC 5.65000m   32.769   72.4785      Q(H) 1215.68A   35.139 17005.643      Si 2 1816.93A   28.702    0.0062
 PAH  7.90000m   32.497   38.7972      CaBo 4861.36A   29.885    0.0947      Si 2 34.8046m   28.804    0.0079
 PAHC 6.90000m   32.731   66.4616      Ca A 1215.68A   31.270    2.2987      Si 3 1206.50A   29.982    0.1183
 PAH  11.3000m   31.477    3.6970      Ca A 1025.73A   30.519    0.4074      Al 2 1670.79A   30.828    0.8297
 PAHC 10.9000m   31.539    4.2683      Ca A 972.543A   30.091    0.1523      Mg 2 2802.71A   30.835    0.8440
 PAH  11.8000m   31.624    5.1890      Ca A 949.749A   29.783    0.0749      Mg 2 2795.53A   31.123    1.6374
 PAHC 12.6500m   31.530    4.1848      Ca A 937.809A   29.541    0.0428      Mg 2 2936.51A   28.011    0.0013
 PAH  13.3000m   31.497    3.8767      Ca A 930.754A   29.340    0.0270      Ni 2 6.63416m   28.486    0.0038
 PAHC 14.1000m   31.396    3.0730      Ca A 926.231A   29.169    0.0182      level 1 lines...................
 Bcon 3640.00A   37.744 6836908.0      Ca A 923.156A   29.021    0.0130      C  2 1335.00A   31.676    5.8473
 Pcon 5000.00A   36.646 546107.00      Ca A 920.969A   28.891    0.0096      C  3 977.000A   28.881    0.0094
 HFFc       0    29.369    0.0288      Ca A 919.357A   28.778    0.0074      N  1 953.900A   28.666    0.0057
 H FF       0    29.366    0.0287      Ca A 918.135A   28.678    0.0059      N  1 1200.00A   29.841    0.0857
 ToFF       0    29.368    0.0288      Ca A 917.186A   28.591    0.0048      N  2 6584.00A   28.388    0.0030
 nFnu 122.400m   28.019    0.0013      Ca A 916.435A   28.516    0.0041      N  2 6548.00A   27.918    0.0010
 nInu 122.400m   29.828    0.0830      Ca A 915.829A   28.452    0.0035      N  2 1085.00A   31.560    4.4762
 nFnu 60.8322m   28.260    0.0022      Ca A 915.335A   28.397    0.0031      O  2 833.802A   30.088    0.1511
 nInu 60.8322m   30.742    0.6813      Ca A 914.925A   28.351    0.0028      Fe2c       0    30.027    0.1313
 nFnu 41.2152m   28.436    0.0034      Ca A 914.582A   28.314    0.0025      Fe 2 4300.00A   28.032    0.0013
 nInu 41.2152m   31.250    2.1951      Ca A 914.292A   28.287    0.0024      Fe 2 2400.00A   31.130    1.6644
 nFnu 30.8695m   28.545    0.0043      Ca A 914.044A   28.269    0.0023      Fe 2 1080.00A   29.086    0.0150
 nInu 30.8695m   31.627    5.2308      Ca A 913.831A   28.259    0.0022      Fe 2 1500.00A   28.341    0.0027
 nFnu 24.7829m   28.629    0.0053      Ca A 913.647A   28.254    0.0022      Fe 2 2500.00A   28.717    0.0064
 nInu 24.7829m   31.913   10.0970      Ca A 913.486A   28.251    0.0022      Fe 2 2300.00A   28.455    0.0035
 nFnu 24.2998m   28.635    0.0053      Ca A 913.345A   28.250    0.0022      Fe 2 8900.00A   28.165    0.0018
 nInu 24.2998m   31.939   10.7187      Ca A 6562.85A   30.208    0.1992      Fe 2 25.9812m   29.162    0.0179
 nFnu 22.8302m   28.663    0.0057      Ca A 4861.36A   29.712    0.0636      Fe 2 5.33871m   28.441    0.0034
 nInu 22.8302m   32.017   12.8217      Ca A 4340.49A   29.369    0.0289      Fe 2 1.25668m   29.096    0.0154
 nFnu 21.4199m   28.683    0.0060      Ca A 4101.76A   29.107    0.0158      Fe 2 35.3390m   28.653    0.0056
 nInu 21.4199m   32.101   15.5675      Ca A 3970.09A   28.896    0.0097      Fe 2 1.32055m   28.518    0.0041
 nFnu 21.1235m   28.688    0.0060      Ca A 3889.07A   28.717    0.0064      Fe 2 51.2865m   27.950    0.0011
 nInu 21.1235m   32.120   16.2802      Ca A 3835.40A   28.562    0.0045      Fe 2 1.37181m   28.294    0.0024
 nFnu 19.6199m   28.719    0.0065      Ca A 3797.92A   28.425    0.0033      Fe 2 1.29427m   28.281    0.0024
 nInu 19.6199m   32.211   20.0609      Ca A 3770.65A   28.303    0.0025      Fe 2 1.32777m   28.036    0.0013
 nFnu 17.6534m   28.765    0.0072      Ca A 3750.17A   28.192    0.0019      Fe 2 1.27877m   28.097    0.0015
 nInu 17.6534m   32.353   27.8476      Ca A 3734.39A   28.092    0.0015      Fe 2 17.9310m   29.270    0.0230
 nFnu 17.3700m   28.770    0.0073      Ca A 3721.96A   28.001    0.0012      Fe 2 1.64355m   29.023    0.0130
 nInu 17.3700m   32.373   29.1208      Ca A 3711.99A   27.920    0.0010      Fe 2 1.53347m   28.337    0.0027
 nFnu 15.6901m   28.799    0.0078      Ca A 1.87511m   29.470    0.0364      Fe 2 24.5126m   28.667    0.0057
 nInu 15.6901m   32.502   39.2280      Ca A 1.28181m   29.105    0.0157      Fe 2 1.80940m   28.320    0.0026
 nFnu 14.6036m   28.835    0.0084      Ca A 1.09381m   28.826    0.0083      Fe 2 1.67688m   28.197    0.0019
 nInu 14.6036m   32.593   48.3182      Ca A 1.00494m   28.602    0.0049      Fe 2 1.59948m   28.158    0.0018
 nFnu 12.4300m   28.900    0.0098      Ca A 9545.99A   28.415    0.0032      Fe 2 1.80002m   28.025    0.0013
 nInu 12.4300m   32.806   78.9418      Ca A 9229.03A   28.253    0.0022      Fe2b 10000.0A   29.664    0.0569
 nFnu 11.4000m   28.923    0.0103      Ca A 9014.92A   28.112    0.0016      Fe2b 8625.00A   28.058    0.0014
 nInu 11.4000m   32.916  101.6361      Ca A 8862.79A   27.986    0.0012      Fe2b 1.88900m   28.660    0.0056
 nFnu 10.4600m   28.970    0.0115      Ca A 4.05116m   28.900    0.0098      Fe 2 1786.00A   31.691    6.0604
 nInu 10.4600m   33.025  130.8319      Ca A 2.62515m   28.620    0.0051      recombination...................
 nFnu 9.48002m   28.994    0.0122      Ca A 2.16553m   28.387    0.0030      level2 lines....................
 nInu 9.48002m   33.154  176.0608      Ca A 1.94456m   28.193    0.0019      C  2 892.833A   30.284    0.2373
 nFnu 9.32488m   28.997    0.0123      Ca A 1.81741m   28.027    0.0013      C  2 688.791A   29.397    0.0308
 nInu 9.32488m   33.174  184.0828      Ca A 7.45781m   28.428    0.0033      C  2 1020.18A   31.508    3.9735
 nFnu 8.21035m   29.061    0.0142      Ca A 4.65250m   28.208    0.0020      C  2 596.559A   28.470    0.0036
 nInu 8.21035m   33.341  270.6797      Ca A 3.73953m   28.011    0.0013      C  2 561.959A   27.941    0.0011
 nFnu 7.58000m   29.076    0.0147      Ca A 12.3685m   28.023    0.0013      C  2 858.178A   28.601    0.0049
 nInu 7.58000m   33.444  343.0836      Ca B 6562.85A   30.359    0.2820      N  1 942.258A   28.728    0.0066
 nFnu 7.05026m   29.138    0.0170      Ca B 4861.36A   29.866    0.0906      N  1 952.118A   28.650    0.0055
 nInu 7.05026m   33.534  422.1102      Ca B 4340.49A   29.523    0.0411      N  1 1131.12A   28.685    0.0060
 nFnu 4.11370m   29.369    0.0288      Ca B 4101.76A   29.260    0.0225      N  2 532.161A   27.971    0.0012
 nInu 4.11370m   34.226 2078.4607      Ca B 3970.09A   29.047    0.0137      N  2 634.441A   28.528    0.0042
 nFnu 2.32440m   29.479    0.0372      Ca B 3889.07A   28.867    0.0091      N  2 907.079A   29.379    0.0295
 nInu 2.32440m   34.951 11035.136      Ca B 3835.40A   28.712    0.0064      O  1 867.303A   28.280    0.0024
 nFnu 1.64313m   29.642    0.0541      Ca B 3797.92A   28.575    0.0046      O  1 787.470A   27.958    0.0011
 nInu 1.64313m   35.383 29824.895      Ca B 3770.65A   28.453    0.0035      O  1 976.791A   29.228    0.0208
 nFnu 1.48022m   29.605    0.0497      Ca B 3750.17A   28.344    0.0027      O  1 969.049A   29.516    0.0405
 nInu 1.48022m   35.515 40353.863      Ca B 3734.39A   28.246    0.0022      O  1 946.387A   28.784    0.0075
 nFnu 1.43649m   30.068    0.1444      Ca B 3721.96A   28.158    0.0018      O  1 934.501A   28.641    0.0054
 nInu 1.43649m   35.546 43354.949      Ca B 3711.99A   28.079    0.0015      O  1 973.577A   28.308    0.0025
 nFnu 1.11867m   29.904    0.0989      Ca B 3703.87A   28.010    0.0013      O  1 927.472A   28.032    0.0013
 nInu 1.11867m   35.854 88087.039      Ca B 3697.17A   27.948    0.0011      O  1 948.506A   28.179    0.0019
 nFnu 8329.68A   29.811    0.0799      Ca B 1.87511m   29.508    0.0398      O  1 935.672A   28.020    0.0013
 nInu 8329.68A   36.190 191082.70      Ca B 1.28181m   29.151    0.0175      O  2 530.819A   28.365    0.0029
 nFnu 8078.61A   30.575    0.4641      Ca B 1.09381m   28.876    0.0093      Ne 1 688.591A   28.304    0.0025
 nInu 8078.61A   36.225 207113.77      Ca B 1.00494m   28.654    0.0056      Mg 2 959.306A   28.463    0.0036
 nFnu 6209.66A   30.248    0.2186      Ca B 9545.99A   28.469    0.0036      Si 2 1179.59A   31.620    5.1484
 nInu 6209.66A   36.533 421153.69      Ca B 9229.03A   28.309    0.0025      Si 2 993.354A   30.651    0.5524
 nFnu 4885.36A   30.240    0.2144      Ca B 9014.92A   28.169    0.0018      Si 2 893.551A   28.385    0.0030
 nInu 4885.36A   36.804 785853.12      Ca B 8862.79A   28.044    0.0014      Si 2 1024.03A   29.738    0.0675
 nFnu 3704.34A   30.468    0.3622      Ca B 8750.48A   27.931    0.0011      S  2 750.323A   29.397    0.0308
 nInu 3704.34A   36.996 1223770.0      Ca B 4.05116m   28.922    0.0103      S  2 632.711A   28.206    0.0020
 nFnu 3587.67A   31.362    2.8370      Ca B 2.62515m   28.644    0.0054      S  2 888.439A   29.034    0.0133
 nInu 3587.67A   37.026 1309422.6      Ca B 2.16553m   28.414    0.0032      Ar 1 1095.69A   28.248    0.0022
 nFnu 2430.05A   30.865    0.9043      Ca B 1.94456m   28.221    0.0021      P  2 1307.68A   27.941    0.0011
 nInu 2430.05A   37.383 2981847.5      Ca B 1.81741m   28.056    0.0014      P  2 1154.42A   29.075    0.0147
 nFnu 2392.03A   30.876    0.9279      Ca B 1.73621m   27.911    0.0010      P  2 967.202A   29.334    0.0267
 nInu 2392.03A   37.395 3065231.5      Ca B 7.45781m   28.446    0.0034      P  2 963.828A   29.701    0.0621
 nFnu 2071.34A   30.992    1.2116      Ca B 4.65250m   28.226    0.0021      Ti 2 3365.71A   28.088    0.0015
 nInu 2071.34A   37.508 3970686.5      Ca B 3.73953m   28.030    0.0013      Ti 2 3238.08A   27.947    0.0011
 nFnu 2052.68A   31.000    1.2333      Ca B 12.3685m   28.040    0.0014      Ti 3 1288.59A   27.977    0.0012
 nInu 2052.68A   37.491 3824874.5      H  1       0    31.042    1.3601      Cr 2 2060.44A   28.785    0.0075
 nFnu 1793.44A   31.098    1.5449      H  1 1215.68A   33.370  289.5614      Cr 3 1033.06A   28.611    0.0050
 nInu 1793.44A   37.616 5097157.5      H  1 1025.73A   32.863   89.9674      Cr 3 1035.74A   28.714    0.0064
 nFnu 1585.12A   31.161    1.7896      H  1 972.543A   32.303   24.8035      Mn 2 2589.74A   29.279    0.0235
 nInu 1585.12A   37.650 5516184.5      H  1 949.749A   32.202   19.6582      Mn 2 1198.85A   29.102    0.0156
 nFnu 1458.33A   31.175    1.8449      H  1 937.809A   31.889    9.5551      Mn 2 1162.97A   27.932    0.0011
 nInu 1458.33A   37.748 6906906.5      H  1 930.754A   31.446    3.4480      Co 2 1470.18A   28.068    0.0014
 nFnu 1356.96A   31.136    1.6865      H  1 926.231A   30.996    1.2221      Ni 2 1751.83A   29.264    0.0227
 nInu 1356.96A   37.833 8410867.0      H  1 923.156A   30.839    0.8523      Ni 2 1744.24A   29.461    0.0357
 nFnu 1297.29A   31.035    1.3369      H  1 920.969A   30.442    0.3417      Ni 2 1484.97A   28.715    0.0064
 nInu 1297.29A   37.844 8611797.0      H  1 6562.85A   31.434    3.3542      Ni 2 1472.74A   29.101    0.0156
 nFnu 1262.79A   30.847    0.8682      H  1 4861.36A   30.909    1.0000      Ni 2 1400.37A   28.887    0.0095
 nInu 1262.79A   37.850 8736436.0      H  1 4340.49A   30.772    0.7298      Ni 2 1375.73A   29.494    0.0385
 nFnu 1218.08A   31.451    3.4822      H  1 4101.76A   30.459    0.3554      Ni 2 1324.11A   29.581    0.0470
 nInu 1218.08A   37.544 4314413.5      H  1 3970.09A   30.032    0.1329      Zn 2 2038.17A   28.509    0.0040
 nFnu 1196.33A   29.903    0.0987      H  1 3889.07A   29.611    0.0504      hyperfine structure.............
 nInu 1196.33A   37.850 8733648.0      H  1 3835.40A   29.457    0.0353      inner shell.....................
 nFnu 1175.06A   29.268    0.0229      H  1 3797.92A   29.120    0.0163      molecules.......................
 nInu 1175.06A   37.574 4628198.5      H  1 1.87511m   30.034    0.1333      blends..........................
 nFnu 1143.64A   29.317    0.0256      H  1 1.28181m   29.927    0.1043      Blnd 2798.00A   31.303    2.4814
 nInu 1143.64A   37.868 9109953.0      H  1 1.09381m   29.650    0.0551      Blnd 6720.00A   28.098    0.0015
 nFnu 1113.22A   29.331    0.0264      H  1 1.00494m   29.267    0.0228      Blnd 1256.00A   29.942    0.1079
 nInu 1113.22A   37.936 *********      H  1 9545.99A   28.902    0.0099      Blnd 1198.00A   28.542    0.0043
 nFnu 1103.23A   29.438    0.0338      H  1 9229.03A   28.756    0.0070      Blnd 1860.00A   28.398    0.0031

                                                    Emergent line intensities
 Caution: emergent intensities are not reliable on the first iteration.
 general properties..............      nInu 1064.34A   37.894 9678732.0      He 1 522.213A   29.746    0.0688
 TOTL 4861.36A   30.909    1.0000      nFnu 1035.92A   29.302    0.0248      He 1 515.617A   29.494    0.0385
 TOTL 1215.68A   33.370  289.5614      nInu 1035.92A   37.860 8944779.0      He 1 512.099A   29.247    0.0218
 continua........................      nFnu 1000.00A   29.335    0.0267      He 1 625.563A   28.849    0.0087
 Bac  3646.00A   31.365    2.8593      nInu 1000.00A   37.922 *********      TOTL 1.08303m   28.261    0.0023
 nFnu 3645.00A   31.419    3.2362      nFnu 925.144A   29.103    0.0157      He 1 1.08303m   28.261    0.0023
 nFnu 3647.00A   30.485    0.3769      nInu 925.144A   36.944 1085415.4      Ca B 1.08303m   28.305    0.0025
 cout 3646.00A   31.064    1.4296      nFnu 897.800A   32.510   39.9293      Pho+ 3889.00A   29.474    0.0368
 cref 3646.00A   31.064    1.4296      nInu 897.800A   36.028 131623.20      database lines..................
 thin 3646.00A   31.365    2.8593      nFnu 760.023A   29.319    0.0257      Al 3 1854.72A   28.219    0.0020
 Inci 4860.00A   36.741 679083.06      nInu 760.023A   35.698 61631.449      Al 3 1862.79A   27.926    0.0010
 Inci 1215.00A   37.545 4331471.5      nFnu 701.514A   29.086    0.0150      Ar 2 6.98337m   28.928    0.0105
 FIR  83.0000m   30.814    0.8046      nInu 701.514A   35.486 37782.852      Fe 3 22.9190m   28.027    0.0013
 NIRa 2.85000m   35.963 113385.19      nInu 608.160A   35.078 14778.663      Mg 1 2852.13A   28.519    0.0041
 NIRb 3.00000m   35.534 42247.574      nFnu 575.146A   28.572    0.0046      Ne 2 12.8101m   29.256    0.0222
 MIRa 15.0000m   33.501  391.3908      nInu 575.146A   34.889 9557.0205      S  2 1259.52A   29.646    0.0547
 MIRb 22.5000m   33.504  393.8969      nInu 511.948A   34.451 3484.2893      S  2 1253.81A   29.461    0.0357
 NMIR 21.7500m   35.963 113385.19      nFnu 496.874A   30.422    0.3263      S  2 1250.58A   29.152    0.0175
 TFIR 611.250m   29.373    0.0291      nInu 496.874A   33.321  258.1694      S  2 912.736A   28.536    0.0042
 TALL 10000.0A   37.783 7482891.0      nInu 399.153A   31.970   11.5264      S  2 910.485A   28.647    0.0055
 F12  12.0000m   32.733   66.7202      RRC.............................      S  3 18.7078m   28.082    0.0015
 F25  25.0000m   31.654    5.5673      grains..........................      S  3 1194.06A   28.046    0.0014
 F60  60.0000m   30.756    0.7031      H-like iso-sequence.............      S  3 1200.97A   27.980    0.0012
 F100 100.000m   29.690    0.0605      Ca B 1215.68A   31.384    2.9855      S  3 1015.50A   27.968    0.0011
 MIPS 24.0000m   31.359    2.8211      Q(H) 4861.36A   33.623  517.8667      S  3 1021.11A   27.964    0.0011
 MIPS 70.0000m   30.010    0.1264      Q(H) 1215.68A   35.139 17005.643      S  3 1021.32A   28.224    0.0021
 MIPS 160.000m   28.875    0.0093      CaBo 4861.36A   29.873    0.0921      Sc 3 3.93446m   30.248    0.2183
 IRAC 3.60000m   33.766  719.2541      Ca A 1215.68A   31.270    2.2987      Sc 3 4.23041m   30.091    0.1523
 IRAC 4.50000m   33.481  373.5242      Ca A 1025.73A   30.519    0.4074      Si 2 1190.42A   30.663    0.5685
 IRAC 5.80000m   33.220  204.6654      Ca A 972.543A   30.091    0.1523      Si 2 1193.29A   31.025    1.3080
 IRAC 8.00000m   32.984  118.8334      Ca A 949.749A   29.783    0.0749      Si 2 1194.50A   31.385    2.9934
 SPR1 250.000m   28.442    0.0034      Ca A 937.809A   29.541    0.0428      Si 2 1197.39A   30.740    0.6784
 SPR2 350.000m   28.039    0.0013      Ca A 930.754A   29.340    0.0270      Si 2 1260.42A   31.382    2.9759
 PAC1 70.0000m   30.070    0.1451      Ca A 926.231A   29.169    0.0182      Si 2 1264.74A   31.561    4.4941
 PAC2 100.000m   29.678    0.0588      Ca A 923.156A   29.021    0.0130      Si 2 1265.00A   30.646    0.5457
 PAC3 160.000m   29.145    0.0172      Ca A 920.969A   28.891    0.0096      Si 2 1304.37A   30.243    0.2160
 PAH  3.30000m   32.989  120.2643      Ca A 919.357A   28.778    0.0074      Si 2 1309.28A   30.475    0.3684
 PAHC 3.23000m   32.726   65.7053      Ca A 918.135A   28.678    0.0059      Si 2 1526.71A   30.230    0.2096
 PAHC 3.37000m   32.649   55.0383      Ca A 917.186A   28.591    0.0048      Si 2 1533.43A   30.523    0.4119
 PAH  6.20000m   32.623   51.7885      Ca A 916.435A   28.516    0.0041      Si 2 1808.01A   28.616    0.0051
 PAHC 5.65000m   32.769   72.4785      Ca A 915.829A   28.452    0.0035      Si 2 1816.93A   28.702    0.0062
 PAH  7.90000m   32.497   38.7972      Ca A 915.335A   28.397    0.0031      Si 2 34.8046m   28.804    0.0079
 PAHC 6.90000m   32.731   66.4616      Ca A 914.925A   28.351    0.0028      Si 3 1206.50A   29.982    0.1183
 PAH  11.3000m   31.477    3.6970      Ca A 914.582A   28.314    0.0025      Al 2 1670.79A   30.828    0.8297
 PAHC 10.9000m   31.539    4.2683      Ca A 914.292A   28.287    0.0024      Mg 2 2802.71A   30.835    0.8440
 PAH  11.8000m   31.624    5.1890      Ca A 914.044A   28.269    0.0023      Mg 2 2795.53A   31.123    1.6374
 PAHC 12.6500m   31.530    4.1848      Ca A 913.831A   28.259    0.0022      Mg 2 2936.51A   28.011    0.0013
 PAH  13.3000m   31.497    3.8767      Ca A 913.647A   28.254    0.0022      Ni 2 6.63416m   28.486    0.0038
 PAHC 14.1000m   31.396    3.0730      Ca A 913.486A   28.251    0.0022      level 1 lines...................
 Bcon 3640.00A   37.744 6836908.0      Ca A 913.345A   28.250    0.0022      C  2 1335.00A   31.676    5.8473
 Pcon 5000.00A   36.646 546107.00      Ca A 6562.85A   30.208    0.1992      C  3 977.000A   28.881    0.0094
 nFnu 122.400m   28.019    0.0013      Ca A 4861.36A   29.712    0.0636      N  1 953.900A   28.666    0.0057
 nInu 122.400m   29.828    0.0830      Ca A 4340.49A   29.369    0.0289      N  1 1200.00A   29.841    0.0857
 nFnu 60.8322m   28.260    0.0022      Ca A 4101.76A   29.107    0.0158      N  2 6584.00A   28.388    0.0030
 nInu 60.8322m   30.742    0.6813      Ca A 3970.09A   28.896    0.0097      N  2 6548.00A   27.918    0.0010
 nFnu 41.2152m   28.436    0.0034      Ca A 3889.07A   28.717    0.0064      N  2 1085.00A   31.560    4.4762
 nInu 41.2152m   31.250    2.1951      Ca A 3835.40A   28.562    0.0045      O  2 833.802A   30.088    0.1511
 nFnu 30.8695m   28.545    0.0043      Ca A 3797.92A   28.425    0.0033      Fe 2 4300.00A   28.032    0.0013
 nInu 30.8695m   31.627    5.2308      Ca A 3770.65A   28.303    0.0025      Fe 2 2400.00A   31.130    1.6644
 nFnu 24.7829m   28.629    0.0053      Ca A 3750.17A   28.192    0.0019      Fe 2 1080.00A   29.086    0.0150
 nInu 24.7829m   31.913   10.0970      Ca A 3734.39A   28.092    0.0015      Fe 2 1500.00A   28.341    0.0027
 nFnu 24.2998m   28.635    0.0053      Ca A 3721.96A   28.001    0.0012      Fe 2 2500.00A   28.717    0.0064
 nInu 24.2998m   31.939   10.7187      Ca A 3711.99A   27.920    0.0010      Fe 2 2300.00A   28.455    0.0035
 nFnu 22.8302m   28.663    0.0057      Ca A 1.87511m   29.470    0.0364      Fe 2 8900.00A   28.165    0.0018
 nInu 22.8302m   32.017   12.8217      Ca A 1.28181m   29.105    0.0157      Fe 2 25.9812m   29.162    0.0179
 nFnu 21.4199m   28.683    0.0060      Ca A 1.09381m   28.826    0.0083      Fe 2 5.33871m   28.441    0.0034
 nInu 21.4199m   32.101   15.5675      Ca A 1.00494m   28.602    0.0049      Fe 2 1.25668m   29.096    0.0154
 nFnu 21.1235m   28.688    0.0060      Ca A 9545.99A   28.415    0.0032      Fe 2 35.3390m   28.653    0.0056
 nInu 21.1235m   32.120   16.2802      Ca A 9229.03A   28.253    0.0022      Fe 2 1.32055m   28.518    0.0041
 nFnu 19.6199m   28.719    0.0065      Ca A 9014.92A   28.112    0.0016      Fe 2 51.2865m   27.950    0.0011
 nInu 19.6199m   32.211   20.0609      Ca A 8862.79A   27.986    0.0012      Fe 2 1.37181m   28.294    0.0024
 nFnu 17.6534m   28.765    0.0072      Ca A 4.05116m   28.900    0.0098      Fe 2 1.29427m   28.281    0.0024
 nInu 17.6534m   32.353   27.8476      Ca A 2.62515m   28.620    0.0051      Fe 2 1.32777m   28.036    0.0013
 nFnu 17.3700m   28.770    0.0073      Ca A 2.16553m   28.387    0.0030      Fe 2 1.27877m   28.097    0.0015
 nInu 17.3700m   32.373   29.1208      Ca A 1.94456m   28.193    0.0019      Fe 2 17.9310m   29.270    0.0230
 nFnu 15.6901m   28.799    0.0078      Ca A 1.81741m   28.027    0.0013      Fe 2 1.64355m   29.023    0.0130
 nInu 15.6901m   32.502   39.2280      Ca A 7.45781m   28.428    0.0033      Fe 2 1.53347m   28.337    0.0027
 nFnu 14.6036m   28.835    0.0084      Ca A 4.65250m   28.208    0.0020      Fe 2 24.5126m   28.667    0.0057
 nInu 14.6036m   32.593   48.3182      Ca A 3.73953m   28.011    0.0013      Fe 2 1.80940m   28.320    0.0026
 nFnu 12.4300m   28.900    0.0098      Ca A 12.3685m   28.023    0.0013      Fe 2 1.67688m   28.197    0.0019
 nInu 12.4300m   32.806   78.9418      Ca B 6562.85A   30.359    0.2820      Fe 2 1.59948m   28.158    0.0018
 nFnu 11.4000m   28.923    0.0103      Ca B 4861.36A   29.866    0.0906      Fe 2 1.80002m   28.025    0.0013
 nInu 11.4000m   32.916  101.6361      Ca B 4340.49A   29.523    0.0411      Fe2b 10000.0A   29.664    0.0569
 nFnu 10.4600m   28.970    0.0115      Ca B 4101.76A   29.260    0.0225      Fe2b 8625.00A   28.058    0.0014
 nInu 10.4600m   33.025  130.8319      Ca B 3970.09A   29.047    0.0137      Fe2b 1.88900m   28.660    0.0056
 nFnu 9.48002m   28.994    0.0122      Ca B 3889.07A   28.867    0.0091      Fe 2 1786.00A   31.691    6.0604
 nInu 9.48002m   33.154  176.0608      Ca B 3835.40A   28.712    0.0064      recombination...................
 nFnu 9.32488m   28.997    0.0123      Ca B 3797.92A   28.575    0.0046      level2 lines....................
 nInu 9.32488m   33.174  184.0828      Ca B 3770.65A   28.453    0.0035      C  2 892.833A   30.284    0.2373
 nFnu 8.21035m   29.061    0.0142      Ca B 3750.17A   28.344    0.0027      C  2 688.791A   29.397    0.0308
 nInu 8.21035m   33.341  270.6797      Ca B 3734.39A   28.246    0.0022      C  2 1020.18A   31.508    3.9735
 nFnu 7.58000m   29.076    0.0147      Ca B 3721.96A   28.158    0.0018      C  2 596.559A   28.470    0.0036
 nInu 7.58000m   33.444  343.0836      Ca B 3711.99A   28.079    0.0015      C  2 561.959A   27.941    0.0011
 nFnu 7.05026m   29.138    0.0170      Ca B 3703.87A   28.010    0.0013      C  2 858.178A   28.601    0.0049
 nInu 7.05026m   33.534  422.1102      Ca B 3697.17A   27.948    0.0011      N  1 942.258A   28.728    0.0066
 nFnu 4.11370m   29.369    0.0288      Ca B 1.87511m   29.508    0.0398      N  1 952.118A   28.650    0.0055
 nInu 4.11370m   34.226 2078.4607      Ca B 1.28181m   29.151    0.0175      N  1 1131.12A   28.685    0.0060
 nFnu 2.32440m   29.479    0.0372      Ca B 1.09381m   28.876    0.0093      N  2 532.161A   27.971    0.0012
 nInu 2.32440m   34.951 11035.136      Ca B 1.00494m   28.654    0.0056      N  2 634.441A   28.528    0.0042
 nFnu 1.64313m   29.642    0.0541      Ca B 9545.99A   28.469    0.0036      N  2 907.079A   29.379    0.0295
 nInu 1.64313m   35.383 29824.895      Ca B 9229.03A   28.309    0.0025      O  1 867.303A   28.280    0.0024
 nFnu 1.48022m   29.605    0.0497      Ca B 9014.92A   28.169    0.0018      O  1 787.470A   27.958    0.0011
 nInu 1.48022m   35.515 40353.863      Ca B 8862.79A   28.044    0.0014      O  1 976.791A   29.228    0.0208
 nFnu 1.43649m   30.068    0.1444      Ca B 8750.48A   27.931    0.0011      O  1 969.049A   29.516    0.0405
 nInu 1.43649m   35.546 43354.949      Ca B 4.05116m   28.922    0.0103      O  1 946.387A   28.784    0.0075
 nFnu 1.11867m   29.904    0.0989      Ca B 2.62515m   28.644    0.0054      O  1 934.501A   28.641    0.0054
 nInu 1.11867m   35.854 88087.039      Ca B 2.16553m   28.414    0.0032      O  1 973.577A   28.308    0.0025
 nFnu 8329.68A   29.811    0.0799      Ca B 1.94456m   28.221    0.0021      O  1 927.472A   28.032    0.0013
 nInu 8329.68A   36.190 191082.70      Ca B 1.81741m   28.056    0.0014      O  1 948.506A   28.179    0.0019
 nFnu 8078.61A   30.575    0.4641      Ca B 1.73621m   27.911    0.0010      O  1 935.672A   28.020    0.0013
 nInu 8078.61A   36.225 207113.77      Ca B 7.45781m   28.446    0.0034      O  2 530.819A   28.365    0.0029
 nFnu 6209.66A   30.248    0.2186      Ca B 4.65250m   28.226    0.0021      Ne 1 688.591A   28.304    0.0025
 nInu 6209.66A   36.533 421153.69      Ca B 3.73953m   28.030    0.0013      Mg 2 959.306A   28.463    0.0036
 nFnu 4885.36A   30.240    0.2144      Ca B 12.3685m   28.040    0.0014      Si 2 1179.59A   31.620    5.1484
 nInu 4885.36A   36.804 785853.12      H  1 1215.68A   33.370  289.5614      Si 2 993.354A   30.651    0.5524
 nFnu 3704.34A   30.468    0.3622      H  1 1025.73A   32.863   89.9674      Si 2 893.551A   28.385    0.0030
 nInu 3704.34A   36.996 1223770.0      H  1 972.543A   32.303   24.8035      Si 2 1024.03A   29.738    0.0675
 nFnu 3587.67A   31.362    2.8370      H  1 949.749A   32.202   19.6582      S  2 750.323A   29.397    0.0308
 nInu 3587.67A   37.026 1309422.6      H  1 937.809A   31.889    9.5551      S  2 632.711A   28.206    0.0020
 nFnu 2430.05A   30.865    0.9043      H  1 930.754A   31.446    3.4480      S  2 888.439A   29.034    0.0133
 nInu 2430.05A   37.383 2981847.5      H  1 926.231A   30.996    1.2221      Ar 1 1095.69A   28.248    0.0022
 nFnu 2392.03A   30.876    0.9279      H  1 923.156A   30.839    0.8523      P  2 1307.68A   27.941    0.0011
 nInu 2392.03A   37.395 3065231.5      H  1 920.969A   30.442    0.3417      P  2 1154.42A   29.075    0.0147
 nFnu 2071.34A   30.992    1.2116      H  1 6562.85A   31.434    3.3542      P  2 967.202A   29.334    0.0267
 nInu 2071.34A   37.508 3970686.5      H  1 4861.36A   30.909    1.0000      P  2 963.828A   29.701    0.0621
 nFnu 2052.68A   31.000    1.2333      H  1 4340.49A   30.772    0.7298      Ti 2 3365.71A   28.088    0.0015
 nInu 2052.68A   37.491 3824874.5      H  1 4101.76A   30.459    0.3554      Ti 2 3238.08A   27.947    0.0011
 nFnu 1793.44A   31.098    1.5449      H  1 3970.09A   30.032    0.1329      Ti 3 1288.59A   27.977    0.0012
 nInu 1793.44A   37.616 5097157.5      H  1 3889.07A   29.611    0.0504      Cr 2 2060.44A   28.785    0.0075
 nFnu 1585.12A   31.161    1.7896      H  1 3835.40A   29.457    0.0353      Cr 3 1033.06A   28.611    0.0050
 nInu 1585.12A   37.650 5516184.5      H  1 3797.92A   29.120    0.0163      Cr 3 1035.74A   28.714    0.0064
 nFnu 1458.33A   31.175    1.8449      H  1 1.87511m   30.034    0.1333      Mn 2 2589.74A   29.279    0.0235
 nInu 1458.33A   37.748 6906906.5      H  1 1.28181m   29.927    0.1043      Mn 2 1198.85A   29.102    0.0156
 nFnu 1356.96A   31.136    1.6865      H  1 1.09381m   29.650    0.0551      Mn 2 1162.97A   27.932    0.0011
 nInu 1356.96A   37.833 8410867.0      H  1 1.00494m   29.267    0.0228      Co 2 1470.18A   28.068    0.0014
 nFnu 1297.29A   31.035    1.3369      H  1 9545.99A   28.902    0.0099      Ni 2 1751.83A   29.264    0.0227
 nInu 1297.29A   37.844 8611797.0      H  1 9229.03A   28.756    0.0070      Ni 2 1744.24A   29.461    0.0357
 nFnu 1262.79A   30.847    0.8682      H  1 9014.92A   28.490    0.0038      Ni 2 1484.97A   28.715    0.0064
 nInu 1262.79A   37.850 8736436.0      H  1 4.05116m   29.315    0.0255      Ni 2 1472.74A   29.101    0.0156
 nFnu 1218.08A   31.451    3.4822      H  1 2.62515m   29.103    0.0157      Ni 2 1400.37A   28.887    0.0095
 nInu 1218.08A   37.544 4314413.5      H  1 2.16553m   28.781    0.0075      Ni 2 1375.73A   29.494    0.0385
 nFnu 1196.33A   29.903    0.0987      H  1 1.94456m   28.475    0.0037      Ni 2 1324.11A   29.581    0.0470
 nInu 1196.33A   37.850 8733648.0      H  1 1.81741m   28.332    0.0026      Zn 2 2038.17A   28.509    0.0040
 nFnu 1175.06A   29.268    0.0229      H  1 1.73621m   28.114    0.0016      hyperfine structure.............
 nInu 1175.06A   37.574 4628198.5      H  1 7.45781m   28.686    0.0060      inner shell.....................
 nFnu 1143.64A   29.317    0.0256      H  1 4.65250m   28.441    0.0034      molecules.......................
 nInu 1143.64A   37.868 9109953.0      H  1 3.73953m   28.185    0.0019      blends..........................
 nFnu 1113.22A   29.331    0.0264      H  1 3.29609m   28.040    0.0014      Blnd 2798.00A   31.303    2.4814
 nInu 1113.22A   37.936 *********      H  1 12.3685m   28.171    0.0018      Blnd 6720.00A   28.098    0.0015
 nFnu 1103.23A   29.438    0.0338      H  1 7.50043m   27.964    0.0011      Blnd 1256.00A   29.942    0.1079
 nInu 1103.23A   37.943 *********      He-like iso-sequence............      Blnd 1198.00A   28.542    0.0043
 nFnu 1073.86A   29.372    0.0291      Hlin 506.000A   28.024    0.0013      Blnd 1860.00A   28.398    0.0031
 nInu 1073.86A   37.939 *********      He 1 584.334A   30.628    0.5235
 nFnu 1064.34A   29.336    0.0268      He 1 537.030A   30.026    0.1311



  Spectrum of Orion star th1C2 using Tlusty  
 Cooling:  HFBc       0 :0.144 Fe2c       0 :0.192  
 Heating:  BFH1       0 :0.992  

 These are some of the most important databases used by Cloudy:
 Many recombination coefficients were taken from http://amdpp.phys.strath.ac.uk/tamoc/RR/ and http://amdpp.phys.strath.ac.uk/tamoc/DR/
      and are based on the following papers:
        Badnell N. R., et al., A&A 406, 1151 (2003) [http://adsabs.harvard.edu/abs/2003A%26A...406.1151B]
        Badnell N. R., ApJS 167, 334 (2006) [http://adsabs.harvard.edu/abs/2006ApJS..167..334B]
 Much of the molecular emission data is from LAMDA as accessed on Dec. 18, 2010. This database is described in:
        Schoeier F.L., et al., A&A 432, 369 (2005) [http://adsabs.harvard.edu/abs/2005A%26A...432..369S]
      This database is in part based on the work of the following groups:
        JPL: Pickett H. M. et al., JQSRT, 60, 883 (1998). [http://adsabs.harvard.edu/abs/1998JQSRT..60..883P]
        CDMS: Mueller H. S. et al., A&A 370, L49 (2001). [http://adsabs.harvard.edu/abs/2001A%26A...370L..49M]
              Mueller H. S. et al., J. Mol. Struct. 742, 215 (2005). [http://adsabs.harvard.edu/abs/2005JMoSt.742..215M]
 Much of the ionic emission data is from version 7.1 of CHIANTI. CHIANTI is a collaborative project involving the NRL (USA), the
      Universities of Florence (Italy) and Cambridge (UK), and George Mason University (USA). These papers describe Chianti:
        Dere K. P., et al., A&AS, 125, 149 (1997) [http://adsabs.harvard.edu/abs/1997A%26AS..125..149D]
        Landi E., et al., ApJ, 744, 99 (2012) [http://adsabs.harvard.edu/abs/2012ApJ...744...99L]
 Much of the H_2 data is from this web site: http://molat.obspm.fr/index.php?page=pages/Molecules/H2/H2can94.php. These data are
      described in:
        Abgrall H. et al., Can. J. Phys., 72, 856 (1994) [http://adsabs.harvard.edu/abs/1994CaJPh..72..856A]
        Wrathmall S. A. & Flower D. R., J. Phys. B, 40, 3221 (2007) [http://adsabs.harvard.edu/abs/2007JPhB...40.3221W]
 Please cite those papers that played a significant role in this calculation.

 IONIZE PARMET:  U(1-) -3.6500  U(4-):-37.0000  U(sp): -3.65  Q(ion):   45.926  L(ion) 35.327    Q(low): 48.775    L(low) 37.781
 ENERGY BUDGET:  Heat:  30.745  Coolg:  30.745  Error:  0.0%  Rec Lin:  31.541  F-F  H  0.000    P(rad/tot)max     8.35E-05    R(F Con):1.737e+05

     Col(Heff):      0.000E+00  snd travl time  3.16E+05 sec  Te-low: 3.34E+03  Te-hi: 3.34E+03  G0TH85: 2.21E+05  G0DB96:2.46E+05
  Emiss Measure    n(e)n(p) dl       1.909E+19  n(e)n(He+)dl         7.740E+16  En(e)n(He++) dl         0.000E+00  ne nC+:4.80E+15
 He/Ha:6.48E-04  =   0.01*true  Lthin:3.38E+04  itr/zn:14.00  H2 itr/zn:  0.00  File Opacity: F  MassTot 5.98e+26  (gm)
   Temps(21 cm)   T(21cm/Ly a)  3.77E+03        T(<nH/Tkin>)  3.34E+03          T(<nH/Tspin>)    3.44E+03          TB21cm:0.00E+00
                   N(H0/Tspin)  1.62E+10        N(OH/Tkin)    7.51E-04          B(21cm)          0.00E+00
   <a>:3.80E-04  erdeFe0.0E+00  Tcompt3.24E+06  Tthr6.53E+07  <Tden>: 3.34E+03  <dens>:2.37E-20  <MolWgt>6.86E-01
     Mean Jeans  l(cm)2.84E+19  M(sun)1.42E+05  smallest:     len(cm):2.84E+19  M(sun):1.42E+05  a_ox tran:  0.00
 Rion:1.000E+17  Dist:0.00E+00  Diam:0.000E+00
 Hatom level 70  HatomType: add  HInducImp  F  He tot level: 63  He2 level:   70  ExecTime     8.1
 ConvrgError(%)  <eden>  0.016  MaxEden  0.016  <H-C>   0.06  Max(H-C)    0.06  <Press>   0.000  MaxPrs er  0.000
  Continuity(%)  chng Te   0.0  elec den   0.0  n(H2)    0.0  n(CO)        0.0

                                                        Averaged Quantities
             Te      Te(Ne)   Te(NeNp)  Te(NeHe+)Te(NeHe2+) Te(NeO+)  Te(NeO2+)  Te(H2)     N(H)     Ne(O2+)   Ne(Np)
 Radius:  3.34e+03  3.34e+03  3.34e+03  3.34e+03  0.00e+00  3.34e+03  3.34e+03  3.34e+03  1.00e+04  9.77e+03  9.77e+03
 
 Peimbert T(OIIIr)3.36E+03 T(Bac)0.00E+00 T(Hth)3.32E+03 t2(Hstrc) 0.00e+00 T(O3-BAC)3.33E+03 t2(O3-BC) 7.52e-04 t2(O3str) 0.00e+00

 Contin Optical Depths: COMP: 1.31e-09    H-: 3.71e-11 R(1300): 3.74e-10  H2+: 1.03e-12  Pfa:1.31E-09
                          Pa: 1.31e-09    Ba: 1.34e-09      Hb: 1.33e-09   La: 8.06e-07     1r:3.525E-04  1.8:1.50E-03 4.:1.000E-20

 Old, new H  1 continuum optical depths:
     1 9.97e+07     2 1.00e-20     3 1.00e-20     4 1.00e-20     5 1.00e-20     6 1.00e-20     7 1.00e-20     8 1.00e-20
     9 1.00e-20    10 1.00e-20    11 1.00e-20    12 1.00e-20    13 1.00e-20    14 1.00e-20    15 1.00e-20    16 1.00e-20
    17 1.00e-20    18 1.00e-20    19 1.00e-20    20 1.00e-20    21 1.00e-20    22 1.00e-20    23 1.00e-20    24 1.00e-20
    25 1.00e-20    26 1.00e-20    27 1.00e-20    28 1.00e-20    29 1.00e-20    30 1.00e-20    31 1.00e-20    32 1.00e-20
    33 1.00e-20    34 1.00e-20    35 1.00e-20    36 1.00e-20    37 1.00e-20    38 1.00e-20    39 1.00e-20    40 1.00e-20
    41 1.00e-20    42 1.00e-20    43 1.00e-20    44 1.00e-20    45 1.00e-20    46 1.00e-20    47 1.00e-20    48 1.00e-20
    49 1.00e-20    50 1.00e-20    51 1.00e-20    52 1.00e-20    53 1.00e-20    54 1.00e-20
     1 3.53e-04     2 2.85e-11     3 3.72e-11     4 3.72e-11     5 3.72e-11     6 9.26e-12     7 9.26e-12     8 9.26e-12
     9 9.26e-12    10 3.58e-16    11 3.58e-16    12 3.58e-16    13 3.58e-16    14 3.58e-16    15 5.88e-16    16 5.88e-16
    17 5.88e-16    18 5.88e-16    19 5.88e-16    20 5.88e-16    21 1.05e-15    22 1.05e-15    23 1.05e-15    24 1.05e-15
    25 1.05e-15    26 1.05e-15    27 1.05e-15    28 1.93e-15    29 1.93e-15    30 1.93e-15    31 1.93e-15    32 1.93e-15
    33 1.93e-15    34 1.93e-15    35 1.93e-15    36 3.47e-15    37 3.47e-15    38 3.47e-15    39 3.47e-15    40 3.47e-15
    41 3.47e-15    42 3.47e-15    43 3.47e-15    44 3.47e-15    45 5.94e-15    46 5.94e-15    47 5.94e-15    48 5.94e-15
    49 5.94e-15    50 5.94e-15    51 5.94e-15    52 5.94e-15    53 5.94e-15    54 5.94e-15

 Old, new H  1 mean line optical depths:
  2- 1 1.61e+20  3- 2 2.69e-02  4- 3 1.77e-20  5- 4 1.77e-20  6- 5 1.77e-20  7- 6 1.77e-20  8- 7 1.77e-20
  9- 8 1.77e-20 10- 9 1.77e-20
  2- 1 1.19e+01  3- 2 6.65e-07  4- 3 1.41e-11  5- 4 1.20e-11  6- 5 3.48e-11  7- 6 5.02e-11  8- 7 4.63e-11
  9- 8 3.71e-11 10- 9 6.02e-11

 Old, new He 2 continuum optical depths:
     1 3.44e+06     2 9.86e+07     3 1.00e-20     4 1.00e-20     5 1.00e-20     6 1.00e-20     7 1.00e-20     8 1.00e-20
     9 1.00e-20    10 1.00e-20    11 1.00e-20    12 1.00e-20    13 1.00e-20    14 1.00e-20    15 1.00e-20    16 1.00e-20
    17 1.00e-20    18 1.00e-20    19 1.00e-20    20 1.00e-20    21 1.00e-20    22 1.00e-20    23 1.00e-20    24 1.00e-20
    25 1.00e-20    26 1.00e-20    27 1.00e-20    28 1.00e-20    29 1.00e-20    30 1.00e-20    31 1.00e-20    32 1.00e-20
    33 1.00e-20    34 1.00e-20    35 1.00e-20    36 1.00e-20    37 1.00e-20    38 1.00e-20    39 1.00e-20    40 1.00e-20
    41 1.00e-20    42 1.00e-20    43 1.00e-20    44 1.00e-20    45 1.00e-20    46 1.00e-20    47 1.00e-20    48 1.00e-20
    49 1.00e-20    50 1.00e-20    51 1.00e-20    52 1.00e-20    53 1.00e-20    54 1.00e-20
     1 1.00e-20     2 3.48e-04     3 6.11e-10     4 6.11e-10     5 6.11e-10     6 2.85e-11     7 2.85e-11     8 2.85e-11
     9 2.85e-11    10 3.02e-11    11 3.02e-11    12 3.02e-11    13 3.02e-11    14 3.02e-11    15 3.72e-11    16 3.72e-11
    17 3.72e-11    18 3.72e-11    19 3.72e-11    20 3.72e-11    21 3.15e-11    22 3.15e-11    23 3.15e-11    24 3.15e-11
    25 3.15e-11    26 3.15e-11    27 3.15e-11    28 9.26e-12    29 9.26e-12    30 9.26e-12    31 9.26e-12    32 9.26e-12
    33 9.26e-12    34 9.26e-12    35 9.26e-12    36 2.12e-16    37 2.12e-16    38 2.12e-16    39 2.12e-16    40 2.12e-16
    41 2.12e-16    42 2.12e-16    43 2.12e-16    44 2.12e-16    45 3.58e-16    46 3.58e-16    47 3.58e-16    48 3.58e-16
    49 3.58e-16    50 3.58e-16    51 3.58e-16    52 3.58e-16    53 3.58e-16    54 3.58e-16

 Old, new He 2 mean line optical depths:
  2- 1 1.61e+19  3- 2 2.69e-03  4- 3 1.77e-20  5- 4 1.77e-20  6- 5 1.77e-20  7- 6 1.77e-20  8- 7 1.77e-20
  9- 8 1.77e-20 10- 9 1.77e-20
  2- 1 1.77e+00  3- 2 1.77e-20  4- 3 8.86e-21  5- 4 8.86e-21  6- 5 8.86e-21  7- 6 8.86e-21  8- 7 8.86e-21
  9- 8 8.86e-21 10- 9 8.86e-21

 Old He Is optical depths:    1 2.38e+07    2 1.00e-20    3 1.00e-20    4 1.00e-20    5 1.00e-20
 New He Is optical depths:    1 1.50e-03    2 7.80e-10    3 2.26e-11    4 2.61e-11    5 2.61e-11
          Old He Is Lines:  584 3.54e-20 3889 3.54e-20 5016 3.54e-20 5876 3.54e-20
          New He Is Lines:  584 2.21e+01 3889 2.48e-05 5016 2.56e-10 5876 1.60e-14

==== H      compounds ====           Log10 column densities [cm^-2]
   H2        :  1.438   H2*       :  3.838   H2+       :  5.168   H3+       : -6.991
==== D      compounds ====
   HD        : -0.573   HD*       : -0.475   HD+       :  0.594   H2D+      : -8.036   D2        : -5.213   D2+       : -4.719   HD2+      :-13.884   D3+       :-19.096
==== He     compounds ====
   HeH+      :  5.316   HeD+      : -0.326
==== Li     compounds ====
   LiH       : -6.936   LiH+      : -4.245   LiD       :-11.807   LiD+      : -9.027
==== C      compounds ====
   CH        : -2.701   CH+       :  0.612   CH2       :-14.380   CH2+      :-11.450   CH3       :-24.134   CH3+      :-25.587   CH4       :-34.812   CH4+      :-35.930
   CH5+      :-35.930   CD        : -7.511   CD+       : -4.169   CHD       :-17.646   CHD+      :-13.579   CH2D      :-28.084   CH2D+     :-29.261   CH3D      :-35.930
   CH3D+     :-35.930   CH4D+     :-35.930   C2        : -8.433   C2+       : -5.996   C2H       :-18.371   C2H+      :-19.644   C2H2      :-30.247   C2H2+     :-29.619
   C2H3+     :-35.930   C2D       :-23.206   C2D+      :-22.716   C2HD      :-35.039   C2HD+     :-33.869   C2H2D+    :-35.930   C3        :-35.558   C3+       :-23.895
   C3H       :-35.930   C3H+      :-35.458   C3D       :-35.930   C3D+      :-35.930
==== N      compounds ====
   NH        : -0.815   NH+       : -1.236   NH2       :-12.153   NH2+      :-12.860   NH3       :-22.828   NH3+      :-24.247   NH4+      :-35.930   ND        : -5.684
   ND+       : -5.477   NHD       :-16.922   NHD+      :-17.421   NH2D      :-27.578   NH2D+     :-29.187   NH3D+     :-35.930   CN        : -7.221   CN+       : -6.424
   HCN       :-18.938   HCN+      :-17.475   HNC       :-22.224   HCNH+     :-33.399   DCN       :-23.806   DCN+      :-21.701   DNC       :-25.756   DCNH+     :-35.593
   HCND+     :-35.593   HC3N      :-35.930   DC3N      :-35.930   N2        : -6.864   N2+       : -3.911   N2H+      :-30.321   N2D+      :-31.403
==== O      compounds ====
   OH        :  0.399   OH+       :  0.122   H2O       :-11.098   H2O+      :-11.729   H3O+      :-22.807   OD        : -4.492   OD+       : -4.174   HDO       :-15.918
   HDO+      :-16.238   H2DO+     :-27.487   CO        : -3.565   CO+       : -3.168   HCO+      :-10.350   H2CO      :-35.930   CH3OH     :-35.930   DCO+      :-15.160
   HDCO      :-35.930   CH2DOH    :-35.930   CH3OD     :-35.930   ^13CO     : -5.042   NO        : -7.466   NO+       : -6.790   HNO       :-17.987   HNO+      :-19.408
   DNO       :-22.566   DNO+      :-23.971   OCN       :-22.474   OCN+      :-22.316   N2O       :-23.544   O2        : -3.952   O2+       : -4.676   NO2       :-26.258
   NO2+      :-23.233
==== Ne     compounds ====
   NeH+      : -0.426   NeD+      : -5.718
==== Si     compounds ====
   SiH       :-13.663   SiH2+     :-13.720   SiD       :-15.791   SiHD+     :-15.844   SiC2      :-35.930   SiN       :-20.752   SiN+      : -7.052   SiO       : -6.788
   SiO+      : -3.694   SiOH+     :-18.141   SiOD+     :-21.898
==== S      compounds ====
   HS        :-10.358   HS+       : -6.431   DS        :-12.496   DS+       : -8.445   CS        :-11.788   CS+       : -8.533   HCS+      :-21.264   DCS+      :-23.469
   NS        :-11.868   NS+       : -7.541   SO        :-11.702   SO+       : -6.341   OCS       :-23.842   OCS+      :-24.903   SO2       :-35.930   S2        :-24.043
   S2+       :-25.346
==== Cl     compounds ====
   HCl       :-23.537   HCl+      : -7.231   H2Cl+     :-22.918   DCl       :-25.598   DCl+      : -9.245   HDCl+     :-24.679   CCl       :-35.930   CCl+      :-29.047
   H2CCl+    :-35.930   HDCCl+    :-35.930   ClO       :-35.930   ClO+      :-35.930
==== Ar     compounds ====
   ArH+      : -0.441   ArD+      : -4.540
==== Ti     compounds ====
   TiH       :-35.930   TiH+      :-35.930   TiH2      :-35.930   TiH2+     :-35.930   TiD       :-35.930   TiD+      :-35.930   TiHD      :-35.930   TiHD+     :-35.930
   TiC       :-35.930   TiC+      :-35.930   HCTi      :-35.930   HCTi+     :-35.930   DCTi      :-35.930   DCTi+     :-35.930   TiC2      :-35.930   TiC2+     :-35.930
   TiN       :-35.930   TiN+      :-35.930   HNTi      :-35.930   HNTi+     :-35.930   DNTi      :-35.930   DNTi+     :-35.930   TiNC      :-35.930   TiNC+     :-35.930
   TiO       :-35.930   TiO+      :-35.930   TiOH+     :-35.930   TiOD+     :-35.930   TiO2      :-35.930   TiF+      :-35.930   TiS       :-35.930   TiS+      :-35.930
   HTiS      :-35.930   DTiS      :-35.930


               1      2      3      4      5      6      7      8      9     10     11     12     13     14     15     16     17

 Hydrogen   13.746 15.291  3.840 (H2)                Log10 Column density (cm^-2)
 Helium     14.285 12.899-30.000
 Lithium     2.804  6.613-30.000-30.000
 Beryllium   1.433  4.601  4.109-30.000-30.000
 Boron       1.913  6.093  3.085 -3.984-30.000-30.000
 Carbon      7.791 11.691  9.043-30.000-30.000-30.000-30.000
 Nitrogen    9.454 11.226  6.844-30.000-30.000-30.000-30.000-30.000
 Oxygen     10.540 11.978  6.191-30.000-30.000-30.000-30.000-30.000-30.000
 Fluorine    6.668  7.748  2.464-30.000-30.000-30.000-30.000-30.000-30.000-30.000
 Neon       10.877 11.099  4.473-30.000-30.000-30.000-30.000-30.000-30.000-30.000-30.000
 Sodium      6.946  9.632  1.322-30.000-30.000-30.000-30.000-30.000-30.000-30.000-30.000-30.000
 Magnesium   7.624 10.714 10.253-30.000-30.000-30.000-30.000-30.000-30.000-30.000-30.000-30.000-30.000
 Aluminium   5.221  9.769  7.726-30.000-30.000-30.000-30.000-30.000-30.000-30.000-30.000-30.000-30.000-30.000
 Silicon     6.564 10.834  9.145-30.000-30.000-30.000-30.000-30.000-30.000-30.000-30.000-30.000-30.000-30.000-30.000
 Phosphorus  4.747  8.796  7.241-30.000-30.000-30.000-30.000-30.000-30.000-30.000-30.000-30.000-30.000-30.000-30.000-30.000
 Sulphur     6.162 10.545  9.269-30.000-30.000-30.000-30.000-30.000-30.000-30.000-30.000-30.000-30.000-30.000-30.000-30.000-30.000
 Chlorine    4.935  8.574  6.915-30.000-30.000-30.000-30.000-30.000-30.000-30.000-30.000-30.000-30.000-30.000-30.000-30.000-30.000
-30.000
 Argon       7.796  9.687  8.080-30.000-30.000-30.000-30.000-30.000-30.000-30.000-30.000-30.000-30.000-30.000-30.000-30.000-30.000
-30.000-30.000
 Potassium   4.911  8.423  4.102-30.000-30.000-30.000-30.000-30.000-30.000-30.000-30.000-30.000-30.000-30.000-30.000-30.000-30.000
-30.000-30.000-30.000
 Calcium     3.979  8.011  9.653-30.000-30.000-30.000-30.000-30.000-30.000-30.000-30.000-30.000-30.000-30.000-30.000-30.000-30.000
-30.000-30.000-30.000-30.000
 Scandium    1.135  5.223  6.447  3.691-30.000-30.000-30.000-30.000-30.000-30.000-30.000-30.000-30.000-30.000-30.000-30.000-30.000
-30.000-30.000-30.000-30.000-30.000
 Titanium    3.823  7.975  8.066  4.216-30.000-30.000-30.000-30.000-30.000-30.000-30.000-30.000-30.000-30.000-30.000-30.000-30.000
-30.000-30.000-30.000-30.000-30.000-30.000
 Vanadium    3.149  6.526  7.223  2.269-30.000-30.000-30.000-30.000-30.000-30.000-30.000-30.000-30.000-30.000-30.000-30.000-30.000
-30.000-30.000-30.000-30.000-30.000-30.000-30.000
 Chromium    4.213  8.546  8.770  3.204-30.000-30.000-30.000-30.000-30.000-30.000-30.000-30.000-30.000-30.000-30.000-30.000-30.000
-30.000-30.000-30.000-30.000-30.000-30.000-30.000-30.000
 Manganese   4.890  8.682  7.990-30.000-30.000-30.000-30.000-30.000-30.000-30.000-30.000-30.000-30.000-30.000-30.000-30.000-30.000
-30.000-30.000-30.000-30.000-30.000-30.000-30.000-30.000-30.000
 Iron        6.502 10.727  9.513-30.000-30.000-30.000-30.000-30.000-30.000-30.000-30.000-30.000-30.000-30.000-30.000-30.000-30.000
-30.000-30.000-30.000-30.000-30.000-30.000-30.000-30.000-30.000-30.000
 Cobalt      5.115  8.068  7.699-30.000-30.000-30.000-30.000-30.000-30.000-30.000-30.000-30.000-30.000-30.000-30.000-30.000-30.000
-30.000-30.000-30.000-30.000-30.000-30.000-30.000-30.000-30.000-30.000-30.000
 Nickel      5.844  9.482  8.733-30.000-30.000-30.000-30.000-30.000-30.000-30.000-30.000-30.000-30.000-30.000-30.000-30.000-30.000
-30.000-30.000-30.000-30.000-30.000-30.000-30.000-30.000-30.000-30.000-30.000-30.000
 Copper      3.502  7.139  7.274-30.000-30.000-30.000-30.000-30.000-30.000-30.000-30.000-30.000-30.000-30.000-30.000-30.000-30.000
-30.000-30.000-30.000-30.000-30.000-30.000-30.000-30.000-30.000-30.000-30.000-30.000-30.000
 Zinc        5.035  7.894  6.188-30.000-30.000-30.000-30.000-30.000-30.000-30.000-30.000-30.000-30.000-30.000-30.000-30.000-30.000
-30.000-30.000-30.000-30.000-30.000-30.000-30.000-30.000-30.000-30.000-30.000-30.000-30.000-30.000
 Exc state    He1*  8.143   CII* 11.511   C11*  6.842   C12*  7.317   C13*  7.533   O11* 10.414   O12*  9.771   O13*  9.458
              Si2*-35.930   C30* -1.844   C31* -3.116   C32* -1.561


 Hydrogen   -1.557 -0.012-11.162 (H2)                 Log10 Mean Ionisation (over radius)
 Helium     -0.017 -1.404
 Lithium    -3.809 -0.000
 Beryllium  -3.290 -0.121 -0.614
 Boron      -4.180 -0.000 -3.009-10.077
 Carbon     -3.901 -0.001 -2.649
 Nitrogen   -1.778 -0.007 -4.389
 Oxygen     -1.453 -0.016 -5.803
 Fluorine   -1.115 -0.035 -5.319
 Neon       -0.426 -0.204 -6.830
 Sodium     -2.687 -0.001 -8.312
 Magnesium  -3.219 -0.129 -0.590
 Aluminium  -4.551 -0.004 -2.046
 Silicon    -4.279 -0.009 -1.698
 Phosphorus -4.062 -0.012 -1.567
 Sulphur    -4.406 -0.022 -1.299
 Chlorine   -3.649 -0.010 -1.669
 Argon      -1.906 -0.016 -1.623
 Potassium  -3.513 -0.000 -4.321
 Calcium    -5.684 -1.652 -0.010
 Scandium   -5.338 -1.251 -0.026 -2.783
 Titanium   -4.501 -0.349 -0.258 -4.108
 Vanadium   -4.154 -0.777 -0.080 -5.034
 Chromium   -4.760 -0.427 -0.203 -5.769
 Manganese  -3.872 -0.080 -0.773
 Iron       -4.251 -0.026 -1.241
 Cobalt     -3.108 -0.155 -0.524
 Nickel     -3.709 -0.071 -0.821
 Copper     -4.011 -0.374 -0.239
 Zinc       -2.868 -0.009 -1.714

               1      2      3      4      5      6      7      8      9     10     11     12     13     14     15     16     17

 Hydrogen   -1.557 -0.012-11.162 (H2)         Log10 Mean Ionisation (over radius*electron density)
 Helium     -0.017 -1.404
 Lithium    -3.809 -0.000
 Beryllium  -3.290 -0.121 -0.614
 Boron      -4.180 -0.000 -3.009-10.077
 Carbon     -3.901 -0.001 -2.649
 Nitrogen   -1.778 -0.007 -4.389
 Oxygen     -1.453 -0.016 -5.803
 Fluorine   -1.115 -0.035 -5.319
 Neon       -0.426 -0.204 -6.830
 Sodium     -2.687 -0.001 -8.312
 Magnesium  -3.219 -0.129 -0.590
 Aluminium  -4.551 -0.004 -2.046
 Silicon    -4.279 -0.009 -1.698
 Phosphorus -4.062 -0.012 -1.567
 Sulphur    -4.406 -0.022 -1.299
 Chlorine   -3.649 -0.010 -1.669
 Argon      -1.906 -0.016 -1.623
 Potassium  -3.513 -0.000 -4.321
 Calcium    -5.684 -1.652 -0.010
 Scandium   -5.338 -1.251 -0.026 -2.783
 Titanium   -4.501 -0.349 -0.258 -4.108
 Vanadium   -4.154 -0.777 -0.080 -5.034
 Chromium   -4.760 -0.427 -0.203 -5.769
 Manganese  -3.872 -0.080 -0.773
 Iron       -4.251 -0.026 -1.241
 Cobalt     -3.108 -0.155 -0.524
 Nickel     -3.709 -0.071 -0.821
 Copper     -4.011 -0.374 -0.239
 Zinc       -2.868 -0.009 -1.714

               1      2      3      4      5      6      7      8      9     10     11     12     13     14     15     16     17

 Hydrogen    3.524  3.524  3.524 (H2)                  Log10 Mean Temperature (over radius)
 Helium      3.524  3.524
 Lithium     3.524  3.524
 Beryllium   3.524  3.524  3.524
 Boron       3.524  3.524  3.524  3.524
 Carbon      3.524  3.524  3.524
 Nitrogen    3.524  3.524  3.524
 Oxygen      3.524  3.524  3.524
 Fluorine    3.524  3.524  3.524
 Neon        3.524  3.524  3.524
 Sodium      3.524  3.524  3.524
 Magnesium   3.524  3.524  3.524
 Aluminium   3.524  3.524  3.524
 Silicon     3.524  3.524  3.524
 Phosphorus  3.524  3.524  3.524
 Sulphur     3.524  3.524  3.524
 Chlorine    3.524  3.524  3.524
 Argon       3.524  3.524  3.524
 Potassium   3.524  3.524  3.524
 Calcium     3.524  3.524  3.524
 Scandium    3.524  3.524  3.524  3.524
 Titanium    3.524  3.524  3.524  3.524
 Vanadium    3.524  3.524  3.524  3.524
 Chromium    3.524  3.524  3.524  3.524
 Manganese   3.524  3.524  3.524
 Iron        3.524  3.524  3.524
 Cobalt      3.524  3.524  3.524
 Nickel      3.524  3.524  3.524
 Copper      3.524  3.524  3.524
 Zinc        3.524  3.524  3.524

               1      2      3      4      5      6      7      8      9     10     11     12     13     14     15     16     17

 Hydrogen    3.524  3.524  3.524 (H2)          Log10 Mean Temperature (over radius*electron density)
 Helium      3.524  3.524
 Lithium     3.524  3.524
 Beryllium   3.524  3.524  3.524
 Boron       3.524  3.524  3.524  3.524
 Carbon      3.524  3.524  3.524
 Nitrogen    3.524  3.524  3.524
 Oxygen      3.524  3.524  3.524
 Fluorine    3.524  3.524  3.524
 Neon        3.524  3.524  3.524
 Sodium      3.524  3.524  3.524
 Magnesium   3.524  3.524  3.524
 Aluminium   3.524  3.524  3.524
 Silicon     3.524  3.524  3.524
 Phosphorus  3.524  3.524  3.524
 Sulphur     3.524  3.524  3.524
 Chlorine    3.524  3.524  3.524
 Argon       3.524  3.524  3.524
 Potassium   3.524  3.524  3.524
 Calcium     3.524  3.524  3.524
 Scandium    3.524  3.524  3.524  3.524
 Titanium    3.524  3.524  3.524  3.524
 Vanadium    3.524  3.524  3.524  3.524
 Chromium    3.524  3.524  3.524  3.524
 Manganese   3.524  3.524  3.524
 Iron        3.524  3.524  3.524
 Cobalt      3.524  3.524  3.524
 Nickel      3.524  3.524  3.524
 Copper      3.524  3.524  3.524
 Zinc        3.524  3.524  3.524

               1      2      3      4      5      6      7      8      9     10     11     12     13     14     15     16     17
 Spectrum of Orion star th1C2 using Tlusty  

---------------Convergence statistics---------------
      1.69 mean iterations/state convergence
       1.8 mean cx acceleration loops/iteration
         1 mean iso convergence loops/ion solve
         1 mean steps/chemistry solve
         1 mean step length searches/chemistry step
----------------------------------------------------

 Cloudy ends: 1 zone, 1 iteration, 3 cautions. (single thread) ExecTime(s) 8.08
 [Stop in cdMain at maincl.cpp:516, Cloudy exited OK]
