                                                         Cloudy 13.01.01
                                                         www.nublado.org

                       **************************************13Jan01**************************************
                       *                                                                                 *
                       * title Spectrum of Orion star th1D using Tlusty                                  *
                       * table star tlusty OBstar 3-dim 32000 g=4.20 z=-0.1                              *
                       * c<< 3-dim OBstar model  592 read.    Teff=  30000 log(g)= 4.00 log(Z)=-0.30 >>> *
                       * c<< 3-dim OBstar model  599 read.    Teff=  32500 log(g)= 4.00 log(Z)=-0.30 >>> *
                       * c<< 3-dim OBstar model  593 read.    Teff=  30000 log(g)= 4.25 log(Z)=-0.30 >>> *
                       * c<< 3-dim OBstar model  600 read.    Teff=  32500 log(g)= 4.25 log(Z)=-0.30 >>> *
                       * c<< 3-dim OBstar model  376 read.    Teff=  30000 log(g)= 4.00 log(Z)= 0.00 >>> *
                       * c<< 3-dim OBstar model  383 read.    Teff=  32500 log(g)= 4.00 log(Z)= 0.00 >>> *
                       * c<< 3-dim OBstar model  377 read.    Teff=  30000 log(g)= 4.25 log(Z)= 0.00 >>> *
                       * c<< 3-dim OBstar model  384 read.    Teff=  32500 log(g)= 4.25 log(Z)= 0.00 >>> *
                       * c<< FINAL:    Teff =   32000   log(g) =  4.20   log(Z) = -0.10              >>> *
                       * luminosity total solar 4.47                                                     *
                       * hden 4                                                                          *
                       * radius 17                                                                       *
                       * stop zone 1                                                                     *
                       * save continuum file="th1D.cont"                                                 *
                       *                                                                                 *
                       ***********************************************************************************



Warning: duplicate species HD - using first one
Warning: duplicate species HD+ - using first one
Warning: duplicate species H2D+ - using first one
Warning: duplicate species HeD+ - using first one
Warning: duplicate reaction CH,O=>H,CO -- using new version
Warning: duplicate reaction e-,CH2+=>H,CH -- using new version
Warning: duplicate reaction e-,CH2+=>H2,C -- using new version
Warning: duplicate reaction e-,CH3+=>H,H2,C -- using new version
Warning: duplicate reaction e-,CH3+=>H,CH2 -- using new version
Warning: duplicate reaction e-,CH3+=>H2,CH -- using new version
Warning: duplicate reaction e-,CO+=>C,O -- using new version
Warning: duplicate reaction H,CH=>H2,C -- using new version
Warning: duplicate reaction H2,CO+=>H,HCO+ -- using new version
Warning: duplicate reaction H2,CH2+=>H,CH3+ -- using new version
Warning: duplicate reaction H2,C+=>PHOTON,CH2+ -- using new version
Warning: duplicate reaction C2,N=>C,CN -- using new version
Warning: duplicate reaction C+,CH=>H,C2+ -- using new version
Warning: duplicate reaction C+,CH=>C,CH+ -- using new version
Warning: duplicate reaction CH3+,O=>H2,HCO+ -- using new version
Warning: duplicate reaction CH,N=>H,CN -- using new version
Warning: duplicate reaction C+,NH=>H,CN+ -- using new version
Warning: duplicate reaction e-,HCO+=>H,CO -- using new version
Warning: duplicate reaction CRPHOT,C=>e-,C+ -- using new version
Warning: duplicate reaction C+,OH=>H,CO+ -- using new version
Warning: duplicate reaction C+,OH=>H+,CO -- using new version
Warning: duplicate reaction e-,D+=>PHOTON,D -- using new version
Warning: duplicate reaction H+,D=>H,D+ -- using new version
Warning: duplicate reaction H,D+=>H+,D -- using new version
Warning: duplicate reaction H,D+=>PHOTON,HD+ -- using new version
Warning: duplicate reaction H+,D=>PHOTON,HD+ -- using new version
Warning: duplicate reaction e-,HD+=>H,D -- using new version
Warning: duplicate reaction H,HD+=>H+,HD -- using new version
Warning: duplicate reaction H,D=>PHOTON,HD -- using new version
Warning: duplicate reaction H,D=>PHOTON,HD -- using new version
Warning: duplicate reaction H2,D+=>H+,HD -- using new version
Warning: duplicate reaction H+,HD=>H2,D+ -- using new version
Warning: duplicate reaction H2,D=>H,HD -- using new version
Warning: duplicate reaction D+,He=>PHOTON,HeD+ -- using new version
Warning: duplicate reaction H2+,D=>H2,D+ -- using new version
Warning: duplicate reaction H-,Li+=>H,Li -- using new version
           3986CellPeak1.00E+00   Lo 1.00e-08=910.79cm   Hi-Con:4.52E+00 Ryd   E(hi):7.35E+06Ryd     E(hi):     100.01 MeV
           L(nu>1ryd):  37.0002   Average nu:1.241E+00   L( X-ray):   0.0000   L(BalC):  37.9873     Q(Balmer C):  48.8760
           Q(1.0-1.8):  47.5639   Q(1.8-4.0):  45.5213   Q(4.0-20):  38.0335   Q(20--):   0.0000     Ion pht flx:2.942E+12
           L(gam ray):   0.0000   Q(gam ray):   0.0000   L(Infred):  36.7616   Alf(ox):   0.0000     Total lumin:  38.0527
           log L/Lsun:   4.4699   Abs bol mg:  -6.4247   Abs V mag:  -3.3274   Bol cor:  -3.0974     nuFnu(Bbet):  36.8108
           U(1.0----):9.814E-03   U(4.0----):2.867E-12   T(En-Den):4.461E+01   T(Comp):2.737E+04     nuJnu(912A):2.269E+02
           Occ(FarIR):5.002E-05   Occ(H n=6):1.984E-11   Occ(1Ryd):1.043E-14   Occ(4R):1.657E-24     Occ (Nu-hi):2.476E-27
           Tbr(FarIR):7.925E-08   Tbr(H n=6):8.696E-08   Tbr(1Ryd):1.649E-09   Tbr(4R):1.047E-18     Tbr (Nu-hi):1.761E-21
  
                                                  Gas Phase Chemical Composition
        H :  0.0000  He: -1.0000  Li: -8.6904  Be:-10.5800  B : -9.2097  C : -3.6108  N : -4.0701  O : -3.3098  F : -7.5200
        Ne: -4.0000  Na: -5.6696  Mg: -4.4597  Al: -5.5302  Si: -4.4597  P : -6.4949  S : -4.7352  Cl: -6.7190  Ar: -5.6003
        K : -6.8794  Ca: -5.6402  Sc: -8.8297  Ti: -6.9788  V : -8.0000  Cr: -6.3298  Mn: -6.5406  Fe: -4.5498  Co: -7.0799
                                               Ni: -5.7496  Cu: -7.7905  Zn: -7.4001
 
 ####  1  Te:6.592E+03 Hden:1.000E+04 Ne:1.098E+04 R:1.000E+17 R-R0:4.588E+11 dR:9.176E+11 NTR: 12 Htot:2.462E-16 T912: 3.08e-05###
 Hydrogen      5.30e-04 9.99e-01 H+o/Hden 1.00e+00 1.15e-11 H-    H2 5.65e-17 1.69e-12 H2+ HeH+ 1.10e-11 Ho+ ColD 4.86e+12 9.17e+15
 Deuterium     5.30e-04 9.99e-01 D+o/Dden 1.00e+00 1.15e-11 D-    HD 2.17e-15 3.26e-12 HD+ HeD+ 5.25e-12 Do+ ColD 8.03e+07 1.51e+11
 Helium        2.99e-02 9.70e-01 4.04e-08 HeI 2s3S 6.27e-06 Comp H,C 1.21e-22 2.92e-23 Fill Fac 1.00e+00 Gam1/tot 1.00e+00
 He singlet n  2.99e-02 4.33e-11 2.86e-17 6.26e-18 1.94e-17 5.90e-18 He tripl 6.27e-06 9.55e-16 8.22e-18 7.05e-17 1.61e-17
 Pressure      NgasTgas 1.45e+08 P(total) 2.00e-08 P( gas ) 2.00e-08 P(Radtn) 2.32e-12 Rad accl 5.32e-05 ForceMul 5.76e+03
 Texc(La)      4.13e+03 T(I con) 4.46e+01 T(D con) 2.38e+00 T(U tot) 4.46e+01 nT (c+d) 1.14e+07 Prad/Gas 1.16e-04 Pmag/Gas 0.00e+00
 Molecules     CH/Ctot: 6.40e-18 CH+/Ctot 6.64e-14 CO/Ctot: 1.62e-20 CO+/Ctot 7.28e-18 H2O/Otot 2.39e-29 OH/Ototl 4.57e-16
 Lithium       5.64e-05 1.00e+00 0.00e+00 0.00e+00 Berylliu 1.05e-05 2.08e-02 9.79e-01 0.00e+00 0.00e+00 sec ion: 0.00e+00
 Boron         1.39e-05 5.29e-01 4.71e-01 3.40e-04 0.00e+00 0.00e+00
 Carbon        1.57e-05 3.76e-01 6.24e-01 0.00e+00 0.00e+00 0.00e+00 0.00e+00 H2O+/O   9.14e-30 OH+/Otot 2.42e-16 Hex(tot) 0.00e+00
 Nitrogen      2.41e-04 6.59e-01 3.41e-01 0.00e+00 0.00e+00 0.00e+00 0.00e+00 0.00e+00 O2/Ototl 2.77e-20 O2+/Otot 6.94e-21
 Oxygen        4.19e-04 9.68e-01 3.15e-02 0.00e+00 0.00e+00 0.00e+00 0.00e+00 0.00e+00 0.00e+00
 Fluorine      5.49e-04 9.75e-01 2.48e-02 0.00e+00 0.00e+00 0.00e+00 0.00e+00 0.00e+00 0.00e+00 0.00e+00
 Neon          2.05e-03 9.95e-01 2.67e-03 0.00e+00 0.00e+00 0.00e+00 0.00e+00 0.00e+00 0.00e+00 0.00e+00 0.00e+00
 Sodium        4.72e-04 9.99e-01 1.34e-04 0.00e+00 0.00e+00 0.00e+00 0.00e+00 0.00e+00 0.00e+00 0.00e+00 0.00e+00 0.00e+00
 Magnesium     3.32e-05 3.02e-02 9.70e-01 0.00e+00 0.00e+00 0.00e+00 0.00e+00 0.00e+00 0.00e+00 0.00e+00 0.00e+00 0.00e+00 0.00e+00
 Aluminium  0  7.27e-06 3.91e-01 5.89e-01 2.04e-02 0.00e+00 0.00e+00 0.00e+00 0.00e+00 0.00e+00 0.00e+00 0.00e+00 0.00e+00 0.00e+00
 Silicon    0  1.36e-06 7.32e-02 9.26e-01 1.01e-03 0.00e+00 0.00e+00 0.00e+00 0.00e+00 0.00e+00 0.00e+00 0.00e+00 0.00e+00 0.00e+00
 Phosphorus 0  6.34e-06 1.80e-01 8.18e-01 1.07e-03 0.00e+00 0.00e+00 0.00e+00 0.00e+00 0.00e+00 0.00e+00 0.00e+00 0.00e+00 0.00e+00
 Sulphur    0  7.67e-07 5.55e-02 9.44e-01 4.71e-04 7.65e-11 0.00e+00 0.00e+00 0.00e+00 0.00e+00 0.00e+00 0.00e+00 0.00e+00 0.00e+00
 Chlorine   0  3.83e-06 1.06e-01 8.94e-01 8.45e-05 0.00e+00 0.00e+00 0.00e+00 0.00e+00 0.00e+00 0.00e+00 0.00e+00 0.00e+00 0.00e+00
 Argon      0  1.96e-05 1.21e-01 8.79e-01 7.76e-05 0.00e+00 0.00e+00 0.00e+00 0.00e+00 0.00e+00 0.00e+00 0.00e+00 0.00e+00 0.00e+00
 Potassium  0  9.10e-05 8.99e-01 1.01e-01 0.00e+00 0.00e+00 0.00e+00 0.00e+00 0.00e+00 0.00e+00 0.00e+00 0.00e+00 0.00e+00 0.00e+00
 Calcium    0  1.93e-07 4.63e-03 9.95e-01 2.40e-06 0.00e+00 0.00e+00 0.00e+00 0.00e+00 0.00e+00 0.00e+00 0.00e+00 0.00e+00 0.00e+00
 Scandium   0  1.76e-08 5.61e-04 3.54e-01 6.45e-01 0.00e+00 0.00e+00 0.00e+00 0.00e+00 0.00e+00 0.00e+00 0.00e+00 0.00e+00 0.00e+00
 Titanium   0  1.65e-07 5.38e-03 6.40e-01 3.54e-01 1.96e-06 0.00e+00 0.00e+00 0.00e+00 0.00e+00 0.00e+00 0.00e+00 0.00e+00 0.00e+00
 Vanadium   0  2.19e-07 2.41e-03 9.04e-01 9.38e-02 0.00e+00 0.00e+00 0.00e+00 0.00e+00 0.00e+00 0.00e+00 0.00e+00 0.00e+00 0.00e+00
 Chromium   0  5.30e-08 3.16e-03 9.41e-01 5.59e-02 0.00e+00 0.00e+00 0.00e+00 0.00e+00 0.00e+00 0.00e+00 0.00e+00 0.00e+00 0.00e+00
 Manganese  0  1.29e-06 1.50e-02 9.65e-01 1.96e-02 0.00e+00 0.00e+00 0.00e+00 0.00e+00 0.00e+00 0.00e+00 0.00e+00 0.00e+00 0.00e+00
 Iron       0  4.33e-07 1.34e-02 9.04e-01 8.27e-02 0.00e+00 0.00e+00 0.00e+00 0.00e+00 0.00e+00 0.00e+00 0.00e+00 0.00e+00 0.00e+00
 Cobalt     0  7.83e-07 2.48e-03 9.60e-01 3.71e-02 0.00e+00 0.00e+00 0.00e+00 0.00e+00 0.00e+00 0.00e+00 0.00e+00 0.00e+00 0.00e+00
 Nickel     0  7.05e-07 5.24e-03 9.83e-01 1.22e-02 0.00e+00 0.00e+00 0.00e+00 0.00e+00 0.00e+00 0.00e+00 0.00e+00 0.00e+00 0.00e+00
 Copper     0  3.35e-07 4.62e-03 9.88e-01 7.15e-03 2.20e-11 0.00e+00 0.00e+00 0.00e+00 0.00e+00 0.00e+00 0.00e+00 0.00e+00 0.00e+00
 Zinc       0  7.24e-05 1.59e-01 8.38e-01 2.23e-03 1.83e-12 0.00e+00 0.00e+00 0.00e+00 0.00e+00 0.00e+00 0.00e+00 0.00e+00 0.00e+00
    Spectrum of Orion star th1D using Tlusty  
   Calculation stopped because NZONE reached. Iteration 1 of 1
   The geometry is plane-parallel.
 C-I must iterate when save continuum output is done.
 C-The H Lyman continuum is thin, and I assumed that it was thick.  Use the ITERATE command to do more iterations.
 C-The He II continuum is thin and I assumed that it was thick.  Use the ITERATE command to do more iterations.
 C-The He I continuum is thin and I assumed that it was thick.  Use the ITERATE command to do more iterations.
  !The code needs to be fixed - search for fixit().
  !Continuum fluorescent production of H-beta was very important.
  !Test code is in place.
  !Destruction of He 2TriS reached 13.2% of the total He0 dest rate at zone 1, 13.2% of that was photoionization.
  !AGE: Cloud age was not set.  Longest timescale was 2.74e+08 s = 8.68e+00 years.
  !The CMB was not included.  This is added with the CMB command.
   The density is too low to l-mix the lowest H  I collapsed level.  More resolved levels are needed for accurate line ratios.
   The density is too low to l-mix the lowest He I collapsed level.  More resolved levels are needed for accurate line ratios.
   Grains were not present but might survive in this environment (energy density temperature was 4.46e+01K)

                       ********************************> Cloudy 13.01.01 <********************************
                       * title Spectrum of Orion star th1D using Tlusty                                  *
                       * table star tlusty OBstar 3-dim 32000 g=4.20 z=-0.1                              *
                       * luminosity total solar 4.47                                                     *
                       * hden 4                                                                          *
                       * radius 17                                                                       *
                       * stop zone 1                                                                     *
                       * save continuum file="th1D.cont"                                                 *
                       *********************************> Log(U): -2.01 <*********************************
                       >>>>>>>>>> Cautions are present.
                       >>>>>>>>>> Another iteration is needed.  Use the ITERATE command.

                     Emission Line Spectrum.   Constant  Density Model.    Open geometry.  Iteration 1 of 1.
                                    Luminosity (erg/s) emitted by a shell with full coverage.


                                                   Intrinsic line intensities
 general properties..............      S  2 531.501A   28.146    0.0028      S  2 6730.82A   28.636    0.0087
 TOTL 4861.36A   30.696    1.0000      grains..........................      S  2 6716.44A   28.401    0.0051
 TOTL 1215.68A   32.967  186.7558      H-like iso-sequence.............      S  2 4076.35A   27.734    0.0011
 Inci       0    38.053 *********      Ca B 1215.68A   31.876   15.1343      S  2 4068.60A   28.236    0.0035
 TotH       0    31.453    5.7180      Q(H) 4861.36A   35.257 36369.648      S  2 1259.52A   29.269    0.0374
 TotC       0    31.453    5.7180      Q(H) 1215.68A   36.781 1216610.0      S  2 1253.81A   29.058    0.0230
 BFH1       0    31.423    5.3362      CaBo 4861.36A   30.357    0.4586      S  2 1250.58A   28.751    0.0114
 BFHx       0    28.089    0.0025      Ca A 1215.68A   31.749   11.3064      S  2 912.736A   29.187    0.0310
 Line       0    27.984    0.0019      Ca A 1025.73A   31.030    2.1558      S  2 910.485A   29.451    0.0569
 BFHe       0    30.243    0.3520      Ca A 972.543A   30.613    0.8254      S  2 1.03205m   27.787    0.0012
 TotM       0    29.083    0.0244      Ca A 949.749A   30.307    0.4084      S  3 33.4704m   29.271    0.0376
 H FB       0    30.707    1.0255      Ca A 937.809A   30.065    0.2337      S  3 18.7078m   30.034    0.2180
 HFBc       0    30.707    1.0255      Ca A 930.754A   29.863    0.1469      S  3 9068.62A   29.978    0.1916
 Ar 2       0    28.753    0.0114      Ca A 926.231A   29.691    0.0988      S  3 9530.62A   30.378    0.4813
 Ar 3       0    29.765    0.1173      Ca A 923.156A   29.541    0.0700      S  3 3721.63A   27.969    0.0019
 Fe 3       0    30.186    0.3092      Ca A 920.969A   29.409    0.0516      S  3 6312.06A   28.243    0.0035
 Ne 2       0    30.114    0.2616      Ca A 919.357A   29.293    0.0395      S  3 1190.20A   29.951    0.1800
 P  3       0    28.216    0.0033      Ca A 918.135A   29.190    0.0312      S  3 1194.45A   29.770    0.1186
 S  2       0    29.032    0.0217      Ca A 917.186A   29.101    0.0254      S  3 1202.12A   28.481    0.0061
 S  3       0    30.665    0.9317      Ca A 916.435A   29.023    0.0212      S  3 1194.06A   30.186    0.3088
 Sc 3       0    30.900    1.6014      Ca A 915.829A   28.954    0.0181      S  3 1201.73A   29.595    0.0792
 Si 2       0    28.314    0.0041      Ca A 915.335A   28.895    0.0158      S  3 1200.97A   30.137    0.2759
 Si 3       0    28.388    0.0049      Ca A 914.925A   28.844    0.0140      S  3 1015.50A   30.167    0.2961
 Al 2       0    27.981    0.0019      Ca A 914.582A   28.799    0.0127      S  3 1012.50A   30.073    0.2385
 Cl 2       0    27.857    0.0014      Ca A 914.292A   28.761    0.0116      S  3 1015.57A   29.968    0.1870
 Cl 3       0    28.105    0.0026      Ca A 914.044A   28.730    0.0108      S  3 1021.11A   30.171    0.2985
 Fe 4       0    27.983    0.0019      Ca A 913.831A   28.706    0.0102      S  3 1015.78A   30.008    0.2052
 Mg 2       0    28.524    0.0067      Ca A 913.647A   28.686    0.0098      S  3 1021.32A   30.508    0.6486
 Ne 3       0    27.896    0.0016      Ca A 913.486A   28.670    0.0094      S  3 1077.16A   28.218    0.0033
 continua........................      Ca A 913.345A   28.656    0.0091      Sc 3 3.93446m   30.671    0.9436
 Bac  3646.00A   31.652    9.0407      Ca A 6562.85A   30.645    0.8893      Sc 3 4.23041m   30.514    0.6582
 nFnu 3645.00A   31.685    9.7485      Ca A 4861.36A   30.182    0.3063      Si 2 1190.42A   30.413    0.5206
 nFnu 3647.00A   30.546    0.7077      Ca A 4340.49A   29.852    0.1432      Si 2 1193.29A   30.760    1.1596
 cout 3646.00A   31.351    4.5203      Ca A 4101.76A   29.596    0.0794      Si 2 1194.50A   31.134    2.7413
 cref 3646.00A   31.351    4.5204      Ca A 3970.09A   29.386    0.0490      Si 2 1197.39A   30.475    0.6014
 thin 3646.00A   31.652    9.0407      Ca A 3889.07A   29.208    0.0325      Si 2 1260.42A   31.135    2.7453
 Inci 4860.00A   36.811 1303095.8      Ca A 3835.40A   29.052    0.0227      Si 2 1264.74A   31.333    4.3362
 Inci 1215.00A   37.886 *********      Ca A 3797.92A   28.915    0.0165      Si 2 1265.00A   30.398    0.5034
 Ba C       0    30.836    1.3798      Ca A 3770.65A   28.791    0.0124      Si 2 1304.37A   30.003    0.2026
 PA C       0    30.435    0.5482      Ca A 3750.17A   28.679    0.0096      Si 2 1309.28A   30.234    0.3455
 FIR  83.0000m   30.792    1.2467      Ca A 3734.39A   28.577    0.0076      Si 2 1526.71A   29.998    0.2007
 TIR  1800.00m   28.280    0.0038      Ca A 3721.96A   28.483    0.0061      Si 2 1533.43A   30.292    0.3943
 NIRa 2.85000m   35.988 196103.27      Ca A 3711.99A   28.398    0.0050      Si 2 1808.01A   28.338    0.0044
 NIRb 3.00000m   35.544 70475.781      Ca A 3703.87A   28.321    0.0042      Si 2 1816.93A   28.475    0.0060
 MIRa 15.0000m   33.489  621.2657      Ca A 3697.17A   28.251    0.0036      Si 2 34.8046m   28.345    0.0045
 MIRb 22.5000m   33.492  625.1396      Ca A 3691.57A   28.188    0.0031      Si 3 1892.03A   28.631    0.0086
 NMIR 21.7500m   35.988 196103.27      Ca A 3686.85A   28.132    0.0027      Si 3 1882.71A   27.737    0.0011
 TFIR 611.250m   29.405    0.0511      Ca A 3682.83A   28.081    0.0024      Si 3 1206.50A   32.656   91.2834
 TALL 10000.0A   38.053 *********      Ca A 3679.37A   28.036    0.0022      Si 4 1393.75A   29.204    0.0322
 F12  12.0000m   32.718  105.2313      Ca A 3676.38A   27.994    0.0020      Si 4 1402.77A   28.907    0.0163
 F25  25.0000m   31.636    8.7056      Ca A 3673.78A   27.957    0.0018      Al 2 2669.15A   27.775    0.0012
 F60  60.0000m   30.731    1.0852      Ca A 3671.49A   27.922    0.0017      Al 2 1670.79A   31.267    3.7273
 F100 100.000m   29.666    0.0934      Ca A 1.87511m   29.871    0.1495      Cl 3 5537.87A   27.893    0.0016
 MIPS 24.0000m   31.346    4.4639      Ca A 1.28181m   29.535    0.0691      Fe 4 2835.74A   27.703    0.0010
 MIPS 70.0000m   29.977    0.1911      Ca A 1.09381m   29.269    0.0374      Mg 2 2802.71A   30.285    0.3880
 MIPS 160.000m   28.874    0.0151      Ca A 1.00494m   29.052    0.0227      Mg 2 2795.53A   30.584    0.7719
 IRAC 3.60000m   33.758 1154.7682      Ca A 9545.99A   28.869    0.0149      Ne 3 15.5503m   27.815    0.0013
 IRAC 4.50000m   33.473  598.2634      Ca A 9229.03A   28.710    0.0103      S  4 657.319A   27.701    0.0010
 IRAC 5.80000m   33.209  325.8839      Ca A 9014.92A   28.569    0.0075      level 1 lines...................
 IRAC 8.00000m   32.971  188.2755      Ca A 8862.79A   28.443    0.0056      C  1 1656.00A   27.810    0.0013
 SPR1 250.000m   28.499    0.0064      Ca A 8750.48A   28.329    0.0043      TOTL 2326.00A   28.573    0.0075
 SPR2 350.000m   28.186    0.0031      Ca A 8665.03A   28.224    0.0034      C  2 2328.00A   28.040    0.0022
 SPR3 500.000m   27.988    0.0020      Ca A 8598.40A   28.128    0.0027      C  2 2327.00A   28.270    0.0037
 PAC1 70.0000m   30.037    0.2193      Ca A 8545.39A   28.039    0.0022      C  2 1335.00A   32.142   27.9214
 PAC2 100.000m   29.657    0.0914      Ca A 8502.49A   27.958    0.0018      REC  1335.00A   29.282    0.0386
 PAC3 160.000m   29.143    0.0280      Ca A 8467.26A   27.882    0.0015      pump 3920.00A   28.425    0.0054
 PAH  3.30000m   32.982  193.2738      Ca A 8437.96A   27.812    0.0013      TOTL 6580.00A   27.707    0.0010
 PAHC 3.23000m   32.720  105.7012      Ca A 8413.33A   27.748    0.0011      C  3 977.000A   32.645   88.8483
 PAHC 3.37000m   32.642   88.3869      Ca A 4.05116m   29.278    0.0382      P386 977.000A   28.462    0.0058
 PAH  6.20000m   32.612   82.3264      Ca A 2.62515m   29.022    0.0212      TOTL 1909.00A   28.405    0.0051
 PAHC 5.65000m   32.758  115.3936      Ca A 2.16553m   28.802    0.0128      C  3 1910.00A   28.087    0.0025
 PAH  7.90000m   32.484   61.4153      Ca A 1.94456m   28.615    0.0083      C  3 1907.00A   28.119    0.0027
 PAHC 6.90000m   32.719  105.4371      Ca A 1.81741m   28.453    0.0057      N  1 953.900A   27.943    0.0018
 PAH  11.3000m   31.460    5.8071      Ca A 1.73621m   28.310    0.0041      N  1 1200.00A   28.866    0.0148
 PAHC 10.9000m   31.522    6.7062      Ca A 1.68065m   28.181    0.0031      N  2 6584.00A   30.201    0.3198
 PAH  11.8000m   31.607    8.1385      Ca A 1.64072m   28.065    0.0023      N  2 6548.00A   29.731    0.1084
 PAHC 12.6500m   31.526    6.7673      Ca A 1.61093m   27.959    0.0018      N  2 5755.00A   28.001    0.0020
 PAH  13.3000m   31.479    6.0651      Ca A 1.58805m   27.861    0.0015      N  2 1085.00A   32.308   40.9632
 PAHC 14.1000m   31.377    4.8004      Ca A 1.57007m   27.770    0.0012      Rec  1085.00A   27.910    0.0016
 Bcon 3640.00A   37.987 *********      Ca A 7.45781m   28.791    0.0124      N  3 57.2100m   28.544    0.0070
 Pcon 5000.00A   36.712 1038062.6      Ca A 4.65250m   28.590    0.0078      N  3 991.000A   31.452    5.6976
 HFFc       0    30.292    0.3944      Ca A 3.73953m   28.404    0.0051      TOTL 3727.00A   30.070    0.2368
 H FF       0    30.251    0.3589      Ca A 3.29609m   28.241    0.0035      TOTL 7325.00A   28.919    0.0167
 HeFF       0    29.238    0.0348      Ca A 3.03837m   28.097    0.0025      O II 3729.00A   29.552    0.0717
 MeFB       0    28.118    0.0026      Ca A 2.87221m   27.967    0.0019      O II 3726.00A   29.912    0.1643
 ToFF       0    30.292    0.3944      Ca A 2.75751m   27.850    0.0014      O II 2471.00A   28.812    0.0131
 nFnu 122.400m   28.722    0.0106      Ca A 2.67440m   27.742    0.0011      O II 7323.00A   28.660    0.0092
 nInu 122.400m   29.775    0.1200      Ca A 12.3685m   28.377    0.0048      O II 7332.00A   28.569    0.0075
 nFnu 60.8322m   28.963    0.0185      Ca A 7.50043m   28.215    0.0033      O  2 833.802A   32.191   31.2438
 nInu 60.8322m   30.702    1.0142      Ca A 5.90659m   28.057    0.0023      O  3 5007.00A   29.252    0.0360
 nFnu 41.2152m   29.113    0.0261      Ca A 5.12725m   27.913    0.0016      O  3 4959.00A   28.773    0.0119
 nInu 41.2152m   31.216    3.3151      Ca A 4.67122m   27.783    0.0012      O  3 51.8000m   28.499    0.0064
 nFnu 30.8695m   29.217    0.0332      Ca A 19.0566m   28.016    0.0021      O  3 835.000A   30.403    0.5098
 nInu 30.8695m   31.598    7.9780      Ca A 11.3056m   27.884    0.0015      Ca 2 7306.00A   28.151    0.0029
 nFnu 24.7829m   29.297    0.0399      Ca A 8.75765m   27.747    0.0011      CaF1 7291.00A   27.926    0.0017
 nInu 24.7829m   31.887   15.5092      Ca A 27.7957m   27.697    0.0010      CaF2 7324.00A   27.759    0.0012
 nFnu 24.2998m   29.304    0.0405      Ca B 6562.85A   30.817    1.3226      Fe2c       0    29.259    0.0366
 nInu 24.2998m   31.913   16.4744      Ca B 4861.36A   30.350    0.4508      Fe 2 4300.00A   28.212    0.0033
 nFnu 22.8302m   29.328    0.0428      Ca B 4340.49A   30.016    0.2091      Fe 2 2400.00A   30.155    0.2875
 nInu 22.8302m   31.991   19.7433      Ca B 4101.76A   29.757    0.1152      Fe 2 1080.00A   28.143    0.0028
 nFnu 21.4199m   29.349    0.0450      Ca B 3970.09A   29.545    0.0707      Fe 2 2500.00A   27.774    0.0012
 nInu 21.4199m   32.077   24.0188      Ca B 3889.07A   29.365    0.0467      Fe 2 25.9812m   27.877    0.0015
 nFnu 21.1235m   29.354    0.0455      Ca B 3835.40A   29.209    0.0326      Fe 2 1.25668m   28.427    0.0054
 nInu 21.1235m   32.096   25.1297      Ca B 3797.92A   29.071    0.0237      Fe 2 1.32055m   27.850    0.0014
 nFnu 19.6199m   29.382    0.0486      Ca B 3770.65A   28.948    0.0179      Fe 2 17.9310m   28.226    0.0034
 nInu 19.6199m   32.188   31.0301      Ca B 3750.17A   28.837    0.0138      Fe 2 1.64355m   28.354    0.0046
 nFnu 17.6534m   29.424    0.0535      Ca B 3734.39A   28.736    0.0110      Fe2b 10000.0A   29.030    0.0216
 nInu 17.6534m   32.332   43.2111      Ca B 3721.96A   28.646    0.0089      Fe2b 8625.00A   27.967    0.0019
 nFnu 17.3700m   29.429    0.0541      Ca B 3711.99A   28.563    0.0074      Fe2b 1.88900m   28.012    0.0021
 nInu 17.3700m   32.351   45.2060      Ca B 3703.87A   28.489    0.0062      Fe 2 1786.00A   30.743    1.1143
 nFnu 15.6901m   29.462    0.0583      Ca B 3697.17A   28.421    0.0053      recombination...................
 nInu 15.6901m   32.482   61.0664      Ca B 3691.57A   28.360    0.0046      O  1 1357.00A   28.161    0.0029
 nFnu 14.6036m   29.492    0.0625      Ca B 3686.85A   28.304    0.0041      C  2 1092.50A   28.183    0.0031
 nInu 14.6036m   32.573   75.3575      Ca B 3682.83A   28.253    0.0036      C  2 1036.80A   28.484    0.0061
 nFnu 12.4300m   29.554    0.0720      Ca B 3679.37A   28.206    0.0032      C  2 946.100A   28.512    0.0066
 nInu 12.4300m   32.788  123.6428      Ca B 3676.38A   28.163    0.0029      C  2 799.800A   29.478    0.0605
 nFnu 11.4000m   29.580    0.0766      Ca B 3673.78A   28.123    0.0027      N  1 980.700A   27.736    0.0011
 nInu 11.4000m   32.899  159.5181      Ca B 3671.49A   28.085    0.0025      N  2 646.400A   27.914    0.0017
 nFnu 10.4600m   29.619    0.0837      Ca B 1.87511m   29.917    0.1663      O  2 386.300A   27.738    0.0011
 nInu 10.4600m   33.009  205.7398      Ca B 1.28181m   29.589    0.0782      level2 lines....................
 nFnu 9.48002m   29.649    0.0897      Ca B 1.09381m   29.327    0.0428      C  1 943.939A   27.829    0.0014
 nInu 9.48002m   33.139  277.4814      Ca B 1.00494m   29.112    0.0261      C  2 892.833A   31.940   17.5362
 nFnu 9.32488m   29.653    0.0907      Ca B 9545.99A   28.930    0.0171      C  2 688.791A   31.457    5.7736
 nInu 9.32488m   33.159  290.2120      Ca B 9229.03A   28.772    0.0119      C  2 1020.18A   32.140   27.8173
 nFnu 8.21035m   29.708    0.1028      Ca B 9014.92A   28.632    0.0086      C  2 596.559A   30.698    1.0056
 nInu 8.21035m   33.327  427.8959      Ca B 8862.79A   28.507    0.0065      C  2 561.959A   30.381    0.4843
 nFnu 7.58000m   29.731    0.1084      Ca B 8750.48A   28.394    0.0050      C  2 530.721A   30.044    0.2228
 nInu 7.58000m   33.431  543.2676      Ca B 8665.03A   28.291    0.0039      C  2 544.909A   29.956    0.1819
 nFnu 7.05026m   29.774    0.1196      Ca B 8598.40A   28.197    0.0032      C  2 535.300A   29.834    0.1375
 nInu 7.05026m   33.522  669.2560      Ca B 8545.39A   28.112    0.0026      C  2 550.361A   29.703    0.1016
 nFnu 4.11370m   29.988    0.1958      Ca B 8502.49A   28.033    0.0022      C  2 858.178A   30.319    0.4201
 nInu 4.11370m   34.218 3327.2493      Ca B 8467.26A   27.962    0.0018      C  2 467.460A   28.234    0.0035
 nFnu 2.32440m   30.144    0.2803      Ca B 8437.96A   27.896    0.0016      C  2 637.979A   29.625    0.0849
 nInu 2.32440m   34.948 17873.875      Ca B 8413.33A   27.837    0.0014      C  2 524.659A   28.896    0.0159
 nFnu 1.64313m   30.281    0.3843      Ca B 8392.41A   27.782    0.0012      C  2 521.831A   29.004    0.0203
 nInu 1.64313m   35.386 48934.656      Ca B 8374.49A   27.731    0.0011      C  2 578.690A   28.998    0.0200
 nFnu 1.48022m   30.268    0.3730      Ca B 4.05116m   29.303    0.0405      C  2 553.410A   28.430    0.0054
 nInu 1.48022m   35.519 66511.727      Ca B 2.62515m   29.050    0.0226      C  2 540.079A   28.099    0.0025
 nFnu 1.43649m   30.537    0.6936      Ca B 2.16553m   28.832    0.0137      C  2 532.130A   28.022    0.0021
 nInu 1.43649m   35.553 71992.477      Ca B 1.94456m   28.647    0.0089      N  1 942.258A   27.921    0.0017
 nFnu 1.11867m   30.481    0.6097      Ca B 1.81741m   28.486    0.0062      N  1 952.118A   27.928    0.0017
 nInu 1.11867m   35.867 148416.81      Ca B 1.73621m   28.344    0.0044      N  1 1131.12A   27.723    0.0011
 nFnu 8329.68A   30.362    0.4635      Ca B 1.68065m   28.217    0.0033      N  2 532.161A   30.736    1.0965
 nInu 8329.68A   36.232 343576.81      Ca B 1.64072m   28.101    0.0025      N  2 634.441A   30.930    1.7125
 nFnu 8078.61A   30.939    1.7498      Ca B 1.61093m   27.997    0.0020      N  2 907.079A   31.271    3.7581
 nInu 8078.61A   36.259 365394.00      Ca B 1.58805m   27.900    0.0016      N  2 475.141A   29.239    0.0349
 nFnu 6209.66A   30.760    1.1582      Ca B 1.57007m   27.812    0.0013      N  2 528.139A   30.177    0.3030
 nInu 6209.66A   36.580 766081.75      Ca B 1.55564m   27.730    0.0011      N  2 452.970A   28.750    0.0113
 nFnu 4885.36A   30.561    0.7320      Ca B 7.45781m   28.811    0.0130      N  2 441.950A   28.571    0.0075
 nInu 4885.36A   36.866 1477577.4      Ca B 4.65250m   28.610    0.0082      N  2 474.291A   28.769    0.0118
 nFnu 3704.34A   30.450    0.5675      Ca B 3.73953m   28.426    0.0054      N  2 437.731A   28.446    0.0056
 nInu 3704.34A   37.118 2640810.0      Ca B 3.29609m   28.263    0.0037      N  2 452.610A   28.303    0.0040
 nFnu 3587.67A   31.658    9.1614      Ca B 3.03837m   28.120    0.0027      N  2 441.659A   28.041    0.0022
 nInu 3587.67A   37.156 2887305.2      Ca B 2.87221m   27.991    0.0020      N  2 432.160A   27.916    0.0017
 nFnu 2430.05A   31.007    2.0473      Ca B 2.75751m   27.874    0.0015      N  2 435.369A   27.835    0.0014
 nInu 2430.05A   37.573 7538889.0      Ca B 2.67440m   27.768    0.0012      N  2 508.099A   29.129    0.0271
 nFnu 2392.03A   30.990    1.9686      Ca B 12.3685m   28.395    0.0050      N  2 431.209A   27.715    0.0010
 nInu 2392.03A   37.576 7578556.5      Ca B 7.50043m   28.233    0.0034      N  3 678.210A   31.077    2.4028
 nFnu 2071.34A   30.926    1.6971      Ca B 5.90659m   28.074    0.0024      N  3 752.112A   30.515    0.6588
 nInu 2071.34A   37.720 *********      Ca B 5.12725m   27.931    0.0017      N  3 453.301A   28.166    0.0030
 nFnu 2052.68A   30.926    1.6998      Ca B 4.67122m   27.802    0.0013      O  1 867.303A   28.487    0.0062
 nInu 2052.68A   37.717 *********      Ca B 19.0566m   28.035    0.0022      O  1 787.470A   28.263    0.0037
 nFnu 1793.44A   30.981    1.9289      Ca B 11.3056m   27.901    0.0016      O  1 976.791A   28.717    0.0105
 nInu 1793.44A   37.814 *********      Ca B 8.75765m   27.764    0.0012      O  1 767.719A   27.750    0.0011
 nFnu 1585.12A   31.049    2.2532      Ca B 27.7957m   27.717    0.0010      O  1 969.049A   28.633    0.0087
 nInu 1585.12A   37.868 *********      H  1       0    30.747    1.1247      O  1 946.387A   28.085    0.0025
 nFnu 1458.33A   31.083    2.4387      H  1 1215.68A   32.967  186.7558      O  1 934.501A   27.908    0.0016
 nInu 1458.33A   37.928 *********      H  1 1025.73A   32.451   56.8382      O  1 973.577A   27.713    0.0010
 nFnu 1356.96A   31.088    2.4657      H  1 972.543A   31.984   19.4305      O  2 425.190A   30.174    0.3004
 nInu 1356.96A   38.038 *********      H  1 949.749A   31.752   11.3644      O  2 388.410A   29.235    0.0346
 nFnu 1297.29A   31.054    2.2795      H  1 937.809A   31.494    6.2859      O  2 530.819A   31.286    3.8871
 nInu 1297.29A   38.074 *********      H  1 930.754A   31.158    2.8999      O  2 373.600A   28.777    0.0120
 nFnu 1262.79A   30.986    1.9523      H  1 926.231A   30.846    1.4132      O  2 361.821A   28.505    0.0064
 nInu 1262.79A   38.073 *********      H  1 923.156A   30.690    0.9868      O  2 366.060A   28.589    0.0078
 nFnu 1218.08A   31.070    2.3635      H  1 920.969A   30.443    0.5590      O  2 360.570A   28.118    0.0026
 nInu 1218.08A   37.884 *********      H  1 6562.85A   31.153    2.8665      O  2 414.619A   28.733    0.0109
 nFnu 1196.33A   30.837    1.3844      H  1 4861.36A   30.696    1.0000      O  3 500.661A   29.056    0.0229
 nInu 1196.33A   38.054 *********      H  1 4340.49A   30.429    0.5409      O  3 698.231A   30.376    0.4785
 nFnu 1175.06A   30.833    1.3724      H  1 4101.76A   30.169    0.2974      Ne 1 688.591A   28.530    0.0068
 nInu 1175.06A   37.901 *********      H  1 3970.09A   29.868    0.1485      Ne 2 444.150A   29.223    0.0337
 nFnu 1143.64A   30.878    1.5220      H  1 3889.07A   29.601    0.0804      Ne 2 356.870A   28.067    0.0023
 nInu 1143.64A   38.130 *********      H  1 3835.40A   29.448    0.0565      Ne 2 461.050A   29.224    0.0338
 nFnu 1113.22A   30.901    1.6030      H  1 3797.92A   29.261    0.0367      Ne 2 404.130A   28.536    0.0069
 nInu 1113.22A   38.167 *********      H  1 1.87511m   30.037    0.2193      Mg 2 959.306A   28.111    0.0026
 nFnu 1103.23A   30.911    1.6399      H  1 1.28181m   29.772    0.1191      Al 2 929.014A   28.379    0.0048
 nInu 1103.23A   38.171 *********      H  1 1.09381m   29.524    0.0673      Si 2 1179.59A   31.380    4.8320
 nFnu 1073.86A   30.929    1.7089      H  1 1.00494m   29.264    0.0370      Si 2 993.354A   30.538    0.6951
 nInu 1073.86A   38.180 *********      H  1 9545.99A   29.038    0.0220      Si 2 893.551A   29.345    0.0446
 nFnu 1064.34A   30.935    1.7342      H  1 9229.03A   28.888    0.0155      Si 2 847.623A   28.869    0.0149
 nInu 1064.34A   38.177 *********      H  1 9014.92A   28.733    0.0109      Si 2 1024.03A   29.670    0.0942
 nFnu 1035.92A   30.953    1.8083      H  1 4.05116m   29.369    0.0471      Si 2 822.443A   28.537    0.0069
 nInu 1035.92A   38.190 *********      H  1 2.62515m   29.139    0.0277      Si 2 903.081A   28.465    0.0059
 nFnu 1000.00A   30.978    1.9157      H  1 2.16553m   28.905    0.0162      Si 2 807.057A   28.253    0.0036
 nInu 1000.00A   38.210 *********      H  1 1.94456m   28.699    0.0101      Si 2 796.940A   28.054    0.0023
 nFnu 925.144A   30.999    2.0115      H  1 1.81741m   28.547    0.0071      Si 2 851.883A   28.088    0.0025
 nInu 925.144A   37.822 *********      H  1 1.73621m   28.401    0.0051      Si 2 765.539A   27.883    0.0015
 nFnu 897.800A   32.966  186.3572      H  1 7.45781m   28.848    0.0142      Si 2 789.921A   27.835    0.0014
 nInu 897.800A   37.446 5622656.0      H  1 4.65250m   28.644    0.0089      Si 2 824.722A   27.823    0.0013
 nFnu 760.023A   31.410    5.1807      H  1 3.73953m   28.451    0.0057      Si 3 564.611A   29.389    0.0493
 nInu 760.023A   37.355 4558383.5      H  1 3.29609m   28.296    0.0040      Si 3 464.939A   27.977    0.0019
 nFnu 701.514A   31.066    2.3447      H  1 3.03837m   28.152    0.0029      S  2 750.323A   30.494    0.6286
 nInu 701.514A   37.275 3794053.8      H  1 12.3685m   28.414    0.0052      S  2 632.711A   29.547    0.0710
 nFnu 608.160A   29.425    0.0536      H  1 7.50043m   28.245    0.0035      S  2 888.439A   29.898    0.1593
 nInu 608.160A   37.045 2231788.5      H  1 5.90659m   28.091    0.0025      S  2 587.599A   28.898    0.0159
 nFnu 575.146A   29.259    0.0366      H  1 5.12725m   27.947    0.0018      S  2 566.130A   28.403    0.0051
 nInu 575.146A   37.017 2092198.2      H  1 19.0566m   28.047    0.0022      S  2 654.712A   28.709    0.0103
 nFnu 511.948A   29.270    0.0375      H  1 11.3056m   27.910    0.0016      S  2 554.149A   28.000    0.0020
 nInu 511.948A   36.922 1683292.5      H  1 8.75765m   27.769    0.0012      S  2 546.771A   27.788    0.0012
 nFnu 496.874A   32.351   45.1899      H  1 27.7957m   27.729    0.0011      S  2 595.072A   27.874    0.0015
 nInu 496.874A   35.961 183895.19      He 2 303.808A   29.186    0.0309      S  3 667.049A   31.377    4.8015
 nFnu 399.153A   28.698    0.0101      He-like iso-sequence............      S  3 691.219A   31.091    2.4831
 nInu 399.153A   35.164 29402.623      Clin 506.000A   29.993    0.1984      S  3 704.220A   30.839    1.3912
 RRC.............................      He 1       0    30.925    1.6944      S  3 671.510A   30.024    0.2128
 H  1 911.759A   31.753   11.4000      He 1 584.334A   32.304   40.5599      S  3 482.139A   28.453    0.0057
 H  1 3646.00A   30.366    0.4675      He 1 537.030A   31.671    9.4328      S  3 474.260A   28.055    0.0023
 H  1 3646.00A   30.741    1.1089      He 1 522.213A   31.431    5.4305      S  3 480.121A   27.931    0.0017
 H  1 8203.58A   29.613    0.0826      He 1 515.617A   31.163    2.9337      Ar 2 548.610A   28.729    0.0108
 H  1 8203.58A   30.039    0.2201      He 1 512.099A   30.932    1.7209      Ar 2 541.829A   28.349    0.0045
 H  1 8203.58A   29.981    0.1928      He 1 625.563A   30.465    0.5882      Ar 2 677.401A   28.861    0.0146
 H  1 1.45842m   29.105    0.0257      TOTL 1.08303m   30.315    0.4155      Ar 2 506.101A   27.958    0.0018
 H  1 1.45842m   29.539    0.0697      He 1 1.08303m   30.315    0.4155      Ar 2 519.340A   28.060    0.0023
 H  1 1.45842m   29.591    0.0785      He 1 3888.63A   29.595    0.0792      Ar 2 633.858A   28.270    0.0038
 H  1 1.45842m   29.297    0.0399      He 1 3187.74A   29.201    0.0320      Ar 2 616.899A   28.263    0.0037
 H  1 2.27878m   28.732    0.0109      He 1 2945.10A   28.882    0.0153      Ar 2 567.402A   27.869    0.0015
 H  1 2.27878m   29.166    0.0295      He 1 2829.08A   28.622    0.0084      Ar 2 899.111A   28.055    0.0023
 H  1 2.27878m   29.251    0.0359      He 1 2.05813m   27.798    0.0013      Ar 3 458.140A   28.833    0.0137
 H  1 2.27878m   29.106    0.0257      He 1 5015.68A   29.073    0.0238      Ar 3 464.671A   28.635    0.0087
 H  1 2.27878m   28.652    0.0090      He 1 3964.73A   29.006    0.0204      Ar 3 451.091A   28.121    0.0027
 H  1 3.28144m   28.441    0.0056      He 1 3613.64A   28.798    0.0126      Ar 3 472.659A   28.156    0.0029
 H  1 3.28144m   28.873    0.0150      He 1 3447.59A   28.595    0.0079      Ar 3 488.909A   28.166    0.0029
 H  1 3.28144m   28.971    0.0188      He 1 7065.22A   28.871    0.0149      Ar 3 527.451A   28.870    0.0149
 H  1 3.28144m   28.882    0.0153      He 1 5875.64A   29.648    0.0895      Ar 3 894.879A   29.225    0.0338
 H  1 3.28144m   28.603    0.0081      He 1 4713.03A   28.066    0.0023      Ar 3 517.521A   28.288    0.0039
 H  1 3.28144m   28.037    0.0022      He 1 4471.49A   29.138    0.0277      Ca 3 351.260A   27.717    0.0011
 H  1 4.46640m   28.203    0.0032      He 1 4026.20A   28.789    0.0124      Ca 3 407.420A   27.972    0.0019
 H  1 4.46640m   28.633    0.0087      He 1 3819.61A   28.518    0.0066      Fe 3 911.104A   30.819    1.3271
 H  1 4.46640m   28.737    0.0110      He 1 7281.35A   28.557    0.0073      Fe 3 859.623A   30.539    0.6961
 H  1 4.46640m   28.674    0.0095      He 1 6678.15A   29.110    0.0260      Fe 3 896.877A   30.522    0.6693
 H  1 4.46640m   28.467    0.0059      He 1 5047.64A   27.883    0.0015      Fe 3 579.421A   29.853    0.1434
 H  1 4.46640m   28.094    0.0025      He 1 4921.93A   28.590    0.0078      Fe 3 762.643A   30.195    0.3155
 H  1 5.83367m   28.002    0.0020      He 1 4387.93A   28.233    0.0034      Fe 3 513.260A   29.487    0.0618
 H  1 5.83367m   28.431    0.0054      He 1 4143.76A   27.952    0.0018      Fe 3 488.041A   28.381    0.0048
 H  1 5.83367m   28.537    0.0069      He 1 1.25274m   27.706    0.0010      Fe 3 488.391A   28.353    0.0045
 H  1 5.83367m   28.487    0.0062      He 1 1.50837m   27.731    0.0011      Fe 3 481.371A   28.245    0.0035
 H  1 5.83367m   28.317    0.0042      He 1 1.10131m   27.700    0.0010      Fe 3 473.281A   28.169    0.0030
 H  1 5.83367m   28.029    0.0022      He 1 1.70027m   27.987    0.0020      Fe 3 445.780A   27.943    0.0018
 H  1 7.38323m   27.829    0.0014      He 1 1.19692m   27.793    0.0012      Fe 3 871.422A   29.921    0.1681
 H  1 7.38323m   28.257    0.0036      He 1 1.86854m   28.834    0.0137      Fe 3 445.921A   27.811    0.0013
 H  1 7.38323m   28.364    0.0047      He 1 1.27849m   28.401    0.0051      Fe 3 440.461A   27.733    0.0011
 H  1 7.38323m   28.322    0.0042      He 1 1.09130m   28.087    0.0025      Fe 3 768.409A   29.720    0.1058
 H  1 7.38323m   28.172    0.0030      He 1 1.86972m   28.355    0.0046      Fe 3 483.339A   27.996    0.0020
 H  1 7.38323m   27.930    0.0017      He 1 1.27905m   27.923    0.0017      Fe 3 466.849A   27.876    0.0015
 H  1 9.11511m   28.104    0.0026      He 1 4.04791m   28.225    0.0034      Fe 3 530.980A   29.034    0.0218
 H  1 9.11511m   28.211    0.0033      He 1 2.62338m   27.840    0.0014      Fe 3 473.359A   27.863    0.0015
 H  1 9.11511m   28.173    0.0030      He 1 4.04793m   27.746    0.0011      Fe 3 481.459A   27.874    0.0015
 H  1 9.11511m   28.037    0.0022      He 1 7.45411m   27.706    0.0010      Fe 3 488.699A   27.916    0.0017
 H  1 9.11511m   27.822    0.0013      Ca B 2945.10A   28.645    0.0089      Fe 3 635.300A   29.243    0.0352
 H  1 11.0293m   28.731    0.0108      Ca B 3187.74A   28.968    0.0187      Fe 3 513.830A   28.757    0.0115
 H  1 13.1258m   28.619    0.0084      Ca B 3613.64A   28.070    0.0024      Fe 3 523.311A   28.680    0.0096
 H  1 15.4045m   28.516    0.0066      Ca B 3888.63A   29.381    0.0485      Fe 3 852.057A   28.978    0.0191
 H  1 17.8656m   28.420    0.0053      Ca B 3964.73A   28.380    0.0048      Fe 3 533.379A   28.169    0.0030
 H  1 20.5090m   28.331    0.0043      Ca B 4026.20A   28.722    0.0106      Fe 3 513.790A   28.127    0.0027
 H  1 23.3347m   28.247    0.0036      Ca B 4387.93A   28.149    0.0028      Fe 3 524.359A   27.758    0.0012
 H  1 26.3427m   28.169    0.0030      Ca B 4471.49A   29.052    0.0227      Fe 3 905.428A   28.567    0.0074
 H  1 29.5329m   28.095    0.0025      Ca B 4713.03A   28.004    0.0020      Fe 4 532.950A   29.451    0.0569
 H  1 32.9055m   28.025    0.0021      Ca B 4921.93A   28.488    0.0062      P  2 1307.68A   28.095    0.0025
 H  1 36.4604m   27.958    0.0018      Ca B 5015.68A   28.787    0.0123      P  2 1154.42A   29.247    0.0355
 H  1 40.1976m   27.895    0.0016      Ca B 5875.64A   29.516    0.0660      P  2 967.202A   29.645    0.0890
 H  1 44.1171m   27.835    0.0014      Ca B 6678.15A   28.970    0.0188      P  2 963.828A   29.991    0.1974
 H  1 48.2189m   27.777    0.0012      Ca B 7065.22A   28.773    0.0119      P  3 1341.17A   28.912    0.0164
 H  1 52.5030m   27.722    0.0011      Ca B 7281.35A   28.189    0.0031      P  3 1001.73A   29.585    0.0775
 H  1 56.9694m   28.901    0.0160      Ca B 1.08303m   30.294    0.3960      P  3 918.147A   29.792    0.1248
 He 1 504.259A   31.039    2.2020      Ca B 1.19692m   27.725    0.0011      P  4 950.661A   27.716    0.0010
 He 1 2599.69A   29.289    0.0391      Ca B 1.27849m   28.269    0.0037      Cl 2 1071.32A   27.735    0.0011
 He 1 3120.85A   28.777    0.0120      Ca B 1.27905m   27.793    0.0013      Cl 3 1011.29A   28.933    0.0173
 He 1 3421.00A   28.830    0.0136      Ca B 1.70027m   27.902    0.0016      Ti 3 1298.50A   28.797    0.0126
 He 1 3420.88A   29.307    0.0408      Ca B 1.86854m   28.648    0.0090      Ti 3 1288.59A   28.919    0.0167
 He 1 3420.88A   29.529    0.0680      Ca B 1.86972m   28.173    0.0030      V  3 1151.20A   28.172    0.0030
 He 1 3678.70A   29.112    0.0261      Ca B 2.05813m   28.984    0.0194      V  3 1125.46A   27.865    0.0015
 He 1 6632.16A   28.337    0.0044      Pho+ 3889.00A   30.106    0.2568      Cr 3 1033.06A   29.752    0.1139
 He 1 7435.20A   27.931    0.0017      database lines..................      Cr 3 1035.74A   29.881    0.1532
 He 1 7843.44A   29.023    0.0212      Al 3 1854.72A   30.939    1.7516      Cr 3 924.009A   29.246    0.0355
 He 1 8188.36A   28.854    0.0144      Al 3 1862.79A   30.641    0.8803      Mn 2 2589.74A   28.378    0.0048
 He 1 8190.64A   28.365    0.0047      Ar 2 6.98337m   28.753    0.0114      Mn 2 1198.85A   28.223    0.0034
 He 1 8261.30A   28.423    0.0053      Ar 3 7135.79A   29.228    0.0341      Co 3 942.738A   28.948    0.0179
 He 1 1.24779m   27.756    0.0011      Ar 3 7751.11A   28.615    0.0083      Co 3 937.418A   28.592    0.0079
 He 1 1.40934m   28.501    0.0064      Ar 3 8.98898m   29.547    0.0710      Ni 2 1751.83A   27.907    0.0016
 He 1 1.45602m   28.467    0.0059      Ar 3 21.8253m   28.263    0.0037      Ni 2 1744.24A   28.133    0.0027
 He 1 1.45643m   27.976    0.0019      Fe 3 22.9190m   29.857    0.1449      Ni 2 1472.74A   27.798    0.0013
 He 1 1.45759m   28.162    0.0029      Fe 3 4881.12A   28.967    0.0187      Ni 2 1375.73A   28.166    0.0030
 He 1 1.46631m   27.934    0.0017      Fe 3 4658.01A   29.150    0.0285      Ni 2 1324.11A   28.271    0.0038
 He 1 2.21672m   28.117    0.0026      Fe 3 4607.11A   27.994    0.0020      Zn 2 2038.17A   28.618    0.0083
 He 1 2.27546m   28.131    0.0027      Fe 3 33.0270m   29.293    0.0395      hyperfine structure.............
 He 1 2.27752m   27.970    0.0019      Fe 3 5270.40A   29.116    0.0263      inner shell.....................
 He 1 3.20640m   27.818    0.0013      Fe 3 4987.33A   28.202    0.0032      molecules.......................
 He 1 3.27715m   27.852    0.0014      Fe 3 4754.64A   28.412    0.0052      blends..........................
 He 1 3.27968m   27.746    0.0011      Fe 3 4701.62A   28.759    0.0116      Blnd 2798.00A   30.760    1.1598
 He 1 4.46460m   28.299    0.0040      Fe 3 4666.94A   27.818    0.0013      Blnd 6720.00A   28.835    0.0138
 He 1 5.83132m   28.128    0.0027      Fe 3 51.6655m   28.557    0.0073      Blnd 4074.00A   28.355    0.0046
 He 1 7.38026m   27.977    0.0019      Fe 3 5011.16A   28.375    0.0048      Blnd 1.03300m   28.278    0.0038
 He 1 9.11143m   27.841    0.0014      Fe 3 4769.52A   28.285    0.0039      Blnd 1256.00A   29.552    0.0718
 He 1 11.0248m   27.718    0.0011      Fe 3 4733.84A   28.372    0.0047      Blnd 1198.00A   30.682    0.9685
 He 1 61.5933m   27.844    0.0014      Fe 3 5411.98A   28.072    0.0024      Blnd 3722.00A   27.975    0.0019
 C  2 508.611A   28.663    0.0093      Fe 3 4930.44A   27.799    0.0013      Blnd 2665.00A   27.971    0.0019
 N  1 853.401A   28.284    0.0039      Fe 3 4777.61A   28.049    0.0023      Blnd 1860.00A   31.116    2.6319
 N  2 418.916A   27.798    0.0013      Mg 1 2852.13A   28.084    0.0024      Blnd 1888.00A   28.683    0.0097
 O  1 910.420A   27.987    0.0020      Ne 2 12.8101m   30.114    0.2616      Blnd 1397.00A   29.381    0.0484
 O  2 353.073A   28.710    0.0103      P  3 17.8797m   28.216    0.0033      Blnd 5525.00A   28.060    0.0023

                                                    Emergent line intensities
 Caution: emergent intensities are not reliable on the first iteration.
 general properties..............      Ca A 2.75751m   27.850    0.0014      Si 2 1816.93A   28.475    0.0060
 TOTL 4861.36A   30.696    1.0000      Ca A 2.67440m   27.742    0.0011      Si 2 34.8046m   28.345    0.0045
 TOTL 1215.68A   32.967  186.7557      Ca A 12.3685m   28.377    0.0048      Si 3 1892.03A   28.631    0.0086
 continua........................      Ca A 7.50043m   28.215    0.0033      Si 3 1882.71A   27.737    0.0011
 Bac  3646.00A   31.652    9.0407      Ca A 5.90659m   28.057    0.0023      Si 3 1206.50A   32.656   91.2834
 nFnu 3645.00A   31.685    9.7485      Ca A 5.12725m   27.913    0.0016      Si 4 1393.75A   29.204    0.0322
 nFnu 3647.00A   30.546    0.7077      Ca A 4.67122m   27.783    0.0012      Si 4 1402.77A   28.907    0.0163
 cout 3646.00A   31.351    4.5203      Ca A 19.0566m   28.016    0.0021      Al 2 2669.15A   27.775    0.0012
 cref 3646.00A   31.351    4.5204      Ca A 11.3056m   27.884    0.0015      Al 2 1670.79A   31.267    3.7273
 thin 3646.00A   31.652    9.0407      Ca A 8.75765m   27.747    0.0011      Cl 3 5537.87A   27.893    0.0016
 Inci 4860.00A   36.811 1303095.8      Ca A 27.7957m   27.697    0.0010      Fe 4 2835.74A   27.703    0.0010
 Inci 1215.00A   37.886 *********      Ca B 6562.85A   30.817    1.3226      Mg 2 2802.71A   30.285    0.3880
 FIR  83.0000m   30.792    1.2467      Ca B 4861.36A   30.350    0.4508      Mg 2 2795.53A   30.584    0.7719
 TIR  1800.00m   28.280    0.0038      Ca B 4340.49A   30.016    0.2091      Ne 3 15.5503m   27.815    0.0013
 NIRa 2.85000m   35.988 196103.27      Ca B 4101.76A   29.757    0.1152      S  4 657.319A   27.701    0.0010
 NIRb 3.00000m   35.544 70475.781      Ca B 3970.09A   29.545    0.0707      level 1 lines...................
 MIRa 15.0000m   33.489  621.2657      Ca B 3889.07A   29.365    0.0467      C  1 1656.00A   27.810    0.0013
 MIRb 22.5000m   33.492  625.1396      Ca B 3835.40A   29.209    0.0326      TOTL 2326.00A   28.573    0.0075
 NMIR 21.7500m   35.988 196103.27      Ca B 3797.92A   29.071    0.0237      C  2 2328.00A   28.040    0.0022
 TFIR 611.250m   29.405    0.0511      Ca B 3770.65A   28.948    0.0179      C  2 2327.00A   28.270    0.0037
 TALL 10000.0A   38.053 *********      Ca B 3750.17A   28.837    0.0138      C  2 1335.00A   32.142   27.9214
 F12  12.0000m   32.718  105.2313      Ca B 3734.39A   28.736    0.0110      REC  1335.00A   29.282    0.0386
 F25  25.0000m   31.636    8.7056      Ca B 3721.96A   28.646    0.0089      pump 3920.00A   28.425    0.0054
 F60  60.0000m   30.731    1.0852      Ca B 3711.99A   28.563    0.0074      TOTL 6580.00A   27.707    0.0010
 F100 100.000m   29.666    0.0934      Ca B 3703.87A   28.489    0.0062      C  3 977.000A   32.645   88.8483
 MIPS 24.0000m   31.346    4.4639      Ca B 3697.17A   28.421    0.0053      P386 977.000A   28.462    0.0058
 MIPS 70.0000m   29.977    0.1911      Ca B 3691.57A   28.360    0.0046      TOTL 1909.00A   28.405    0.0051
 MIPS 160.000m   28.874    0.0151      Ca B 3686.85A   28.304    0.0041      C  3 1910.00A   28.087    0.0025
 IRAC 3.60000m   33.758 1154.7682      Ca B 3682.83A   28.253    0.0036      C  3 1907.00A   28.119    0.0027
 IRAC 4.50000m   33.473  598.2634      Ca B 3679.37A   28.206    0.0032      N  1 953.900A   27.943    0.0018
 IRAC 5.80000m   33.209  325.8839      Ca B 3676.38A   28.163    0.0029      N  1 1200.00A   28.866    0.0148
 IRAC 8.00000m   32.971  188.2755      Ca B 3673.78A   28.123    0.0027      N  2 6584.00A   30.201    0.3198
 SPR1 250.000m   28.499    0.0064      Ca B 3671.49A   28.085    0.0025      N  2 6548.00A   29.731    0.1084
 SPR2 350.000m   28.186    0.0031      Ca B 1.87511m   29.917    0.1663      N  2 5755.00A   28.001    0.0020
 SPR3 500.000m   27.988    0.0020      Ca B 1.28181m   29.589    0.0782      N  2 1085.00A   32.308   40.9632
 PAC1 70.0000m   30.037    0.2193      Ca B 1.09381m   29.327    0.0428      Rec  1085.00A   27.910    0.0016
 PAC2 100.000m   29.657    0.0914      Ca B 1.00494m   29.112    0.0261      N  3 57.2100m   28.544    0.0070
 PAC3 160.000m   29.143    0.0280      Ca B 9545.99A   28.930    0.0171      N  3 991.000A   31.452    5.6976
 PAH  3.30000m   32.982  193.2738      Ca B 9229.03A   28.772    0.0119      TOTL 3727.00A   30.070    0.2368
 PAHC 3.23000m   32.720  105.7012      Ca B 9014.92A   28.632    0.0086      TOTL 7325.00A   28.919    0.0167
 PAHC 3.37000m   32.642   88.3869      Ca B 8862.79A   28.507    0.0065      O II 3729.00A   29.552    0.0717
 PAH  6.20000m   32.612   82.3264      Ca B 8750.48A   28.394    0.0050      O II 3726.00A   29.912    0.1643
 PAHC 5.65000m   32.758  115.3936      Ca B 8665.03A   28.291    0.0039      O II 2471.00A   28.812    0.0131
 PAH  7.90000m   32.484   61.4153      Ca B 8598.40A   28.197    0.0032      O II 7323.00A   28.660    0.0092
 PAHC 6.90000m   32.719  105.4371      Ca B 8545.39A   28.112    0.0026      O II 7332.00A   28.569    0.0075
 PAH  11.3000m   31.460    5.8071      Ca B 8502.49A   28.033    0.0022      O  2 833.802A   32.191   31.2438
 PAHC 10.9000m   31.522    6.7062      Ca B 8467.26A   27.962    0.0018      O  3 5007.00A   29.252    0.0360
 PAH  11.8000m   31.607    8.1385      Ca B 8437.96A   27.896    0.0016      O  3 4959.00A   28.773    0.0119
 PAHC 12.6500m   31.526    6.7673      Ca B 8413.33A   27.837    0.0014      O  3 51.8000m   28.499    0.0064
 PAH  13.3000m   31.479    6.0651      Ca B 8392.41A   27.782    0.0012      O  3 835.000A   30.403    0.5098
 PAHC 14.1000m   31.377    4.8004      Ca B 8374.49A   27.731    0.0011      Ca 2 7306.00A   28.151    0.0029
 Bcon 3640.00A   37.987 *********      Ca B 4.05116m   29.303    0.0405      CaF1 7291.00A   27.926    0.0017
 Pcon 5000.00A   36.712 1038062.6      Ca B 2.62515m   29.050    0.0226      CaF2 7324.00A   27.759    0.0012
 nFnu 122.400m   28.722    0.0106      Ca B 2.16553m   28.832    0.0137      Fe 2 4300.00A   28.212    0.0033
 nInu 122.400m   29.775    0.1200      Ca B 1.94456m   28.647    0.0089      Fe 2 2400.00A   30.155    0.2875
 nFnu 60.8322m   28.963    0.0185      Ca B 1.81741m   28.486    0.0062      Fe 2 1080.00A   28.143    0.0028
 nInu 60.8322m   30.702    1.0142      Ca B 1.73621m   28.344    0.0044      Fe 2 2500.00A   27.774    0.0012
 nFnu 41.2152m   29.113    0.0261      Ca B 1.68065m   28.217    0.0033      Fe 2 25.9812m   27.877    0.0015
 nInu 41.2152m   31.216    3.3151      Ca B 1.64072m   28.101    0.0025      Fe 2 1.25668m   28.427    0.0054
 nFnu 30.8695m   29.217    0.0332      Ca B 1.61093m   27.997    0.0020      Fe 2 1.32055m   27.850    0.0014
 nInu 30.8695m   31.598    7.9780      Ca B 1.58805m   27.900    0.0016      Fe 2 17.9310m   28.226    0.0034
 nFnu 24.7829m   29.297    0.0399      Ca B 1.57007m   27.812    0.0013      Fe 2 1.64355m   28.354    0.0046
 nInu 24.7829m   31.887   15.5092      Ca B 1.55564m   27.730    0.0011      Fe2b 10000.0A   29.030    0.0216
 nFnu 24.2998m   29.304    0.0405      Ca B 7.45781m   28.811    0.0130      Fe2b 8625.00A   27.967    0.0019
 nInu 24.2998m   31.913   16.4744      Ca B 4.65250m   28.610    0.0082      Fe2b 1.88900m   28.012    0.0021
 nFnu 22.8302m   29.328    0.0428      Ca B 3.73953m   28.426    0.0054      Fe 2 1786.00A   30.743    1.1143
 nInu 22.8302m   31.991   19.7433      Ca B 3.29609m   28.263    0.0037      recombination...................
 nFnu 21.4199m   29.349    0.0450      Ca B 3.03837m   28.120    0.0027      O  1 1357.00A   28.161    0.0029
 nInu 21.4199m   32.077   24.0188      Ca B 2.87221m   27.991    0.0020      C  2 1092.50A   28.183    0.0031
 nFnu 21.1235m   29.354    0.0455      Ca B 2.75751m   27.874    0.0015      C  2 1036.80A   28.484    0.0061
 nInu 21.1235m   32.096   25.1297      Ca B 2.67440m   27.768    0.0012      C  2 946.100A   28.512    0.0066
 nFnu 19.6199m   29.382    0.0486      Ca B 12.3685m   28.395    0.0050      C  2 799.800A   29.478    0.0605
 nInu 19.6199m   32.188   31.0301      Ca B 7.50043m   28.233    0.0034      N  1 980.700A   27.736    0.0011
 nFnu 17.6534m   29.424    0.0535      Ca B 5.90659m   28.074    0.0024      N  2 646.400A   27.914    0.0017
 nInu 17.6534m   32.332   43.2111      Ca B 5.12725m   27.931    0.0017      O  2 386.300A   27.738    0.0011
 nFnu 17.3700m   29.429    0.0541      Ca B 4.67122m   27.802    0.0013      level2 lines....................
 nInu 17.3700m   32.351   45.2060      Ca B 19.0566m   28.035    0.0022      C  1 943.939A   27.829    0.0014
 nFnu 15.6901m   29.462    0.0583      Ca B 11.3056m   27.901    0.0016      C  2 892.833A   31.940   17.5362
 nInu 15.6901m   32.482   61.0664      Ca B 8.75765m   27.764    0.0012      C  2 688.791A   31.457    5.7736
 nFnu 14.6036m   29.492    0.0625      Ca B 27.7957m   27.717    0.0010      C  2 1020.18A   32.140   27.8173
 nInu 14.6036m   32.573   75.3575      H  1 1215.68A   32.967  186.7557      C  2 596.559A   30.698    1.0056
 nFnu 12.4300m   29.554    0.0720      H  1 1025.73A   32.451   56.8382      C  2 561.959A   30.381    0.4843
 nInu 12.4300m   32.788  123.6428      H  1 972.543A   31.984   19.4305      C  2 530.721A   30.044    0.2228
 nFnu 11.4000m   29.580    0.0766      H  1 949.749A   31.752   11.3644      C  2 544.909A   29.956    0.1819
 nInu 11.4000m   32.899  159.5181      H  1 937.809A   31.494    6.2859      C  2 535.300A   29.834    0.1375
 nFnu 10.4600m   29.619    0.0837      H  1 930.754A   31.158    2.8999      C  2 550.361A   29.703    0.1016
 nInu 10.4600m   33.009  205.7398      H  1 926.231A   30.846    1.4132      C  2 858.178A   30.319    0.4201
 nFnu 9.48002m   29.649    0.0897      H  1 923.156A   30.690    0.9868      C  2 467.460A   28.234    0.0035
 nInu 9.48002m   33.139  277.4814      H  1 920.969A   30.443    0.5590      C  2 637.979A   29.625    0.0849
 nFnu 9.32488m   29.653    0.0907      H  1 6562.85A   31.153    2.8665      C  2 524.659A   28.896    0.0159
 nInu 9.32488m   33.159  290.2120      H  1 4861.36A   30.696    1.0000      C  2 521.831A   29.004    0.0203
 nFnu 8.21035m   29.708    0.1028      H  1 4340.49A   30.429    0.5409      C  2 578.690A   28.998    0.0200
 nInu 8.21035m   33.327  427.8959      H  1 4101.76A   30.169    0.2974      C  2 553.410A   28.430    0.0054
 nFnu 7.58000m   29.731    0.1084      H  1 3970.09A   29.868    0.1485      C  2 540.079A   28.099    0.0025
 nInu 7.58000m   33.431  543.2676      H  1 3889.07A   29.601    0.0804      C  2 532.130A   28.022    0.0021
 nFnu 7.05026m   29.774    0.1196      H  1 3835.40A   29.448    0.0565      N  1 942.258A   27.921    0.0017
 nInu 7.05026m   33.522  669.2560      H  1 3797.92A   29.261    0.0367      N  1 952.118A   27.928    0.0017
 nFnu 4.11370m   29.988    0.1958      H  1 1.87511m   30.037    0.2193      N  1 1131.12A   27.723    0.0011
 nInu 4.11370m   34.218 3327.2493      H  1 1.28181m   29.772    0.1191      N  2 532.161A   30.736    1.0965
 nFnu 2.32440m   30.144    0.2803      H  1 1.09381m   29.524    0.0673      N  2 634.441A   30.930    1.7125
 nInu 2.32440m   34.948 17873.875      H  1 1.00494m   29.264    0.0370      N  2 907.079A   31.271    3.7581
 nFnu 1.64313m   30.281    0.3843      H  1 9545.99A   29.038    0.0220      N  2 475.141A   29.239    0.0349
 nInu 1.64313m   35.386 48934.656      H  1 9229.03A   28.888    0.0155      N  2 528.139A   30.177    0.3030
 nFnu 1.48022m   30.268    0.3730      H  1 9014.92A   28.733    0.0109      N  2 452.970A   28.750    0.0113
 nInu 1.48022m   35.519 66511.727      H  1 4.05116m   29.369    0.0471      N  2 441.950A   28.571    0.0075
 nFnu 1.43649m   30.537    0.6936      H  1 2.62515m   29.139    0.0277      N  2 474.291A   28.769    0.0118
 nInu 1.43649m   35.553 71992.477      H  1 2.16553m   28.905    0.0162      N  2 437.731A   28.446    0.0056
 nFnu 1.11867m   30.481    0.6097      H  1 1.94456m   28.699    0.0101      N  2 452.610A   28.303    0.0040
 nInu 1.11867m   35.867 148416.81      H  1 1.81741m   28.547    0.0071      N  2 441.659A   28.041    0.0022
 nFnu 8329.68A   30.362    0.4635      H  1 1.73621m   28.401    0.0051      N  2 432.160A   27.916    0.0017
 nInu 8329.68A   36.232 343576.81      H  1 7.45781m   28.848    0.0142      N  2 435.369A   27.835    0.0014
 nFnu 8078.61A   30.939    1.7498      H  1 4.65250m   28.644    0.0089      N  2 508.099A   29.129    0.0271
 nInu 8078.61A   36.259 365394.00      H  1 3.73953m   28.451    0.0057      N  2 431.209A   27.715    0.0010
 nFnu 6209.66A   30.760    1.1582      H  1 3.29609m   28.296    0.0040      N  3 678.210A   31.077    2.4028
 nInu 6209.66A   36.580 766081.75      H  1 3.03837m   28.152    0.0029      N  3 752.112A   30.515    0.6588
 nFnu 4885.36A   30.561    0.7320      H  1 12.3685m   28.414    0.0052      N  3 453.301A   28.166    0.0030
 nInu 4885.36A   36.866 1477577.4      H  1 7.50043m   28.245    0.0035      O  1 867.303A   28.487    0.0062
 nFnu 3704.34A   30.450    0.5675      H  1 5.90659m   28.091    0.0025      O  1 787.470A   28.263    0.0037
 nInu 3704.34A   37.118 2640810.0      H  1 5.12725m   27.947    0.0018      O  1 976.791A   28.717    0.0105
 nFnu 3587.67A   31.658    9.1614      H  1 19.0566m   28.047    0.0022      O  1 767.719A   27.750    0.0011
 nInu 3587.67A   37.156 2887305.2      H  1 11.3056m   27.910    0.0016      O  1 969.049A   28.633    0.0087
 nFnu 2430.05A   31.007    2.0473      H  1 8.75765m   27.769    0.0012      O  1 946.387A   28.085    0.0025
 nInu 2430.05A   37.573 7538889.0      H  1 27.7957m   27.729    0.0011      O  1 934.501A   27.908    0.0016
 nFnu 2392.03A   30.990    1.9686      He 2 303.808A   29.186    0.0309      O  1 973.577A   27.713    0.0010
 nInu 2392.03A   37.576 7578556.5      He-like iso-sequence............      O  2 425.190A   30.174    0.3004
 nFnu 2071.34A   30.926    1.6971      Clin 506.000A   29.993    0.1984      O  2 388.410A   29.235    0.0346
 nInu 2071.34A   37.720 *********      He 1 584.334A   32.304   40.5599      O  2 530.819A   31.286    3.8871
 nFnu 2052.68A   30.926    1.6998      He 1 537.030A   31.671    9.4328      O  2 373.600A   28.777    0.0120
 nInu 2052.68A   37.717 *********      He 1 522.213A   31.431    5.4305      O  2 361.821A   28.505    0.0064
 nFnu 1793.44A   30.981    1.9289      He 1 515.617A   31.163    2.9337      O  2 366.060A   28.589    0.0078
 nInu 1793.44A   37.814 *********      He 1 512.099A   30.932    1.7209      O  2 360.570A   28.118    0.0026
 nFnu 1585.12A   31.049    2.2532      He 1 625.563A   30.465    0.5882      O  2 414.619A   28.733    0.0109
 nInu 1585.12A   37.868 *********      TOTL 1.08303m   30.315    0.4155      O  3 500.661A   29.056    0.0229
 nFnu 1458.33A   31.083    2.4387      He 1 1.08303m   30.315    0.4155      O  3 698.231A   30.376    0.4785
 nInu 1458.33A   37.928 *********      He 1 3888.63A   29.595    0.0792      Ne 1 688.591A   28.530    0.0068
 nFnu 1356.96A   31.088    2.4657      He 1 3187.74A   29.201    0.0320      Ne 2 444.150A   29.223    0.0337
 nInu 1356.96A   38.038 *********      He 1 2945.10A   28.882    0.0153      Ne 2 356.870A   28.067    0.0023
 nFnu 1297.29A   31.054    2.2795      He 1 2829.08A   28.622    0.0084      Ne 2 461.050A   29.224    0.0338
 nInu 1297.29A   38.074 *********      He 1 2.05813m   27.798    0.0013      Ne 2 404.130A   28.536    0.0069
 nFnu 1262.79A   30.986    1.9523      He 1 5015.68A   29.073    0.0238      Mg 2 959.306A   28.111    0.0026
 nInu 1262.79A   38.073 *********      He 1 3964.73A   29.006    0.0204      Al 2 929.014A   28.379    0.0048
 nFnu 1218.08A   31.070    2.3635      He 1 3613.64A   28.798    0.0126      Si 2 1179.59A   31.380    4.8320
 nInu 1218.08A   37.884 *********      He 1 3447.59A   28.595    0.0079      Si 2 993.354A   30.538    0.6951
 nFnu 1196.33A   30.837    1.3844      He 1 7065.22A   28.871    0.0149      Si 2 893.551A   29.345    0.0446
 nInu 1196.33A   38.054 *********      He 1 5875.64A   29.648    0.0895      Si 2 847.623A   28.869    0.0149
 nFnu 1175.06A   30.833    1.3724      He 1 4713.03A   28.066    0.0023      Si 2 1024.03A   29.670    0.0942
 nInu 1175.06A   37.901 *********      He 1 4471.49A   29.138    0.0277      Si 2 822.443A   28.537    0.0069
 nFnu 1143.64A   30.878    1.5220      He 1 4026.20A   28.789    0.0124      Si 2 903.081A   28.465    0.0059
 nInu 1143.64A   38.130 *********      He 1 3819.61A   28.518    0.0066      Si 2 807.057A   28.253    0.0036
 nFnu 1113.22A   30.901    1.6030      He 1 7281.35A   28.557    0.0073      Si 2 796.940A   28.054    0.0023
 nInu 1113.22A   38.167 *********      He 1 6678.15A   29.110    0.0260      Si 2 851.883A   28.088    0.0025
 nFnu 1103.23A   30.911    1.6399      He 1 5047.64A   27.883    0.0015      Si 2 765.539A   27.883    0.0015
 nInu 1103.23A   38.171 *********      He 1 4921.93A   28.590    0.0078      Si 2 789.921A   27.835    0.0014
 nFnu 1073.86A   30.929    1.7089      He 1 4387.93A   28.233    0.0034      Si 2 824.722A   27.823    0.0013
 nInu 1073.86A   38.180 *********      He 1 4143.76A   27.952    0.0018      Si 3 564.611A   29.389    0.0493
 nFnu 1064.34A   30.935    1.7342      He 1 1.25274m   27.706    0.0010      Si 3 464.939A   27.977    0.0019
 nInu 1064.34A   38.177 *********      He 1 1.50837m   27.731    0.0011      S  2 750.323A   30.494    0.6286
 nFnu 1035.92A   30.953    1.8083      He 1 1.10131m   27.700    0.0010      S  2 632.711A   29.547    0.0710
 nInu 1035.92A   38.190 *********      He 1 1.70027m   27.987    0.0020      S  2 888.439A   29.898    0.1593
 nFnu 1000.00A   30.978    1.9157      He 1 1.19692m   27.793    0.0012      S  2 587.599A   28.898    0.0159
 nInu 1000.00A   38.210 *********      He 1 1.86854m   28.834    0.0137      S  2 566.130A   28.403    0.0051
 nFnu 925.144A   30.999    2.0115      He 1 1.27849m   28.401    0.0051      S  2 654.712A   28.709    0.0103
 nInu 925.144A   37.822 *********      He 1 1.09130m   28.087    0.0025      S  2 554.149A   28.000    0.0020
 nFnu 897.800A   32.966  186.3572      He 1 1.86972m   28.355    0.0046      S  2 546.771A   27.788    0.0012
 nInu 897.800A   37.446 5622656.0      He 1 1.27905m   27.923    0.0017      S  2 595.072A   27.874    0.0015
 nFnu 760.023A   31.410    5.1807      He 1 4.04791m   28.225    0.0034      S  3 667.049A   31.377    4.8015
 nInu 760.023A   37.355 4558383.5      He 1 2.62338m   27.840    0.0014      S  3 691.219A   31.091    2.4831
 nFnu 701.514A   31.066    2.3447      He 1 4.04793m   27.746    0.0011      S  3 704.220A   30.839    1.3912
 nInu 701.514A   37.275 3794053.8      He 1 7.45411m   27.706    0.0010      S  3 671.510A   30.024    0.2128
 nFnu 608.160A   29.425    0.0536      Ca B 2945.10A   28.645    0.0089      S  3 482.139A   28.453    0.0057
 nInu 608.160A   37.045 2231788.5      Ca B 3187.74A   28.968    0.0187      S  3 474.260A   28.055    0.0023
 nFnu 575.146A   29.259    0.0366      Ca B 3613.64A   28.070    0.0024      S  3 480.121A   27.931    0.0017
 nInu 575.146A   37.017 2092198.2      Ca B 3888.63A   29.381    0.0485      Ar 2 548.610A   28.729    0.0108
 nFnu 511.948A   29.270    0.0375      Ca B 3964.73A   28.380    0.0048      Ar 2 541.829A   28.349    0.0045
 nInu 511.948A   36.922 1683292.5      Ca B 4026.20A   28.722    0.0106      Ar 2 677.401A   28.861    0.0146
 nFnu 496.874A   32.351   45.1899      Ca B 4387.93A   28.149    0.0028      Ar 2 506.101A   27.958    0.0018
 nInu 496.874A   35.961 183895.19      Ca B 4471.49A   29.052    0.0227      Ar 2 519.340A   28.060    0.0023
 nFnu 399.153A   28.698    0.0101      Ca B 4713.03A   28.004    0.0020      Ar 2 633.858A   28.270    0.0038
 nInu 399.153A   35.164 29402.623      Ca B 4921.93A   28.488    0.0062      Ar 2 616.899A   28.263    0.0037
 RRC.............................      Ca B 5015.68A   28.787    0.0123      Ar 2 567.402A   27.869    0.0015
 grains..........................      Ca B 5875.64A   29.516    0.0660      Ar 2 899.111A   28.055    0.0023
 H-like iso-sequence.............      Ca B 6678.15A   28.970    0.0188      Ar 3 458.140A   28.833    0.0137
 Ca B 1215.68A   31.876   15.1343      Ca B 7065.22A   28.773    0.0119      Ar 3 464.671A   28.635    0.0087
 Q(H) 4861.36A   35.257 36369.648      Ca B 7281.35A   28.189    0.0031      Ar 3 451.091A   28.121    0.0027
 Q(H) 1215.68A   36.781 1216610.0      Ca B 1.08303m   30.294    0.3960      Ar 3 472.659A   28.156    0.0029
 CaBo 4861.36A   30.334    0.4348      Ca B 1.19692m   27.725    0.0011      Ar 3 488.909A   28.166    0.0029
 Ca A 1215.68A   31.749   11.3064      Ca B 1.27849m   28.269    0.0037      Ar 3 527.451A   28.870    0.0149
 Ca A 1025.73A   31.030    2.1558      Ca B 1.27905m   27.793    0.0013      Ar 3 894.879A   29.225    0.0338
 Ca A 972.543A   30.613    0.8254      Ca B 1.70027m   27.902    0.0016      Ar 3 517.521A   28.288    0.0039
 Ca A 949.749A   30.307    0.4084      Ca B 1.86854m   28.648    0.0090      Ca 3 351.260A   27.717    0.0011
 Ca A 937.809A   30.065    0.2337      Ca B 1.86972m   28.173    0.0030      Ca 3 407.420A   27.972    0.0019
 Ca A 930.754A   29.863    0.1469      Ca B 2.05813m   28.984    0.0194      Fe 3 911.104A   30.819    1.3271
 Ca A 926.231A   29.691    0.0988      Pho+ 3889.00A   30.106    0.2568      Fe 3 859.623A   30.539    0.6961
 Ca A 923.156A   29.541    0.0700      database lines..................      Fe 3 896.877A   30.522    0.6693
 Ca A 920.969A   29.409    0.0516      Al 3 1854.72A   30.939    1.7516      Fe 3 579.421A   29.853    0.1434
 Ca A 919.357A   29.293    0.0395      Al 3 1862.79A   30.641    0.8803      Fe 3 762.643A   30.195    0.3155
 Ca A 918.135A   29.190    0.0312      Ar 2 6.98337m   28.753    0.0114      Fe 3 513.260A   29.487    0.0618
 Ca A 917.186A   29.101    0.0254      Ar 3 7135.79A   29.228    0.0341      Fe 3 488.041A   28.381    0.0048
 Ca A 916.435A   29.023    0.0212      Ar 3 7751.11A   28.615    0.0083      Fe 3 488.391A   28.353    0.0045
 Ca A 915.829A   28.954    0.0181      Ar 3 8.98898m   29.547    0.0710      Fe 3 481.371A   28.245    0.0035
 Ca A 915.335A   28.895    0.0158      Ar 3 21.8253m   28.263    0.0037      Fe 3 473.281A   28.169    0.0030
 Ca A 914.925A   28.844    0.0140      Fe 3 22.9190m   29.857    0.1449      Fe 3 445.780A   27.943    0.0018
 Ca A 914.582A   28.799    0.0127      Fe 3 4881.12A   28.967    0.0187      Fe 3 871.422A   29.921    0.1681
 Ca A 914.292A   28.761    0.0116      Fe 3 4658.01A   29.150    0.0285      Fe 3 445.921A   27.811    0.0013
 Ca A 914.044A   28.730    0.0108      Fe 3 4607.11A   27.994    0.0020      Fe 3 440.461A   27.733    0.0011
 Ca A 913.831A   28.706    0.0102      Fe 3 33.0270m   29.293    0.0395      Fe 3 768.409A   29.720    0.1058
 Ca A 913.647A   28.686    0.0098      Fe 3 5270.40A   29.116    0.0263      Fe 3 483.339A   27.996    0.0020
 Ca A 913.486A   28.670    0.0094      Fe 3 4987.33A   28.202    0.0032      Fe 3 466.849A   27.876    0.0015
 Ca A 913.345A   28.656    0.0091      Fe 3 4754.64A   28.412    0.0052      Fe 3 530.980A   29.034    0.0218
 Ca A 6562.85A   30.645    0.8893      Fe 3 4701.62A   28.759    0.0116      Fe 3 473.359A   27.863    0.0015
 Ca A 4861.36A   30.182    0.3063      Fe 3 4666.94A   27.818    0.0013      Fe 3 481.459A   27.874    0.0015
 Ca A 4340.49A   29.852    0.1432      Fe 3 51.6655m   28.557    0.0073      Fe 3 488.699A   27.916    0.0017
 Ca A 4101.76A   29.596    0.0794      Fe 3 5011.16A   28.375    0.0048      Fe 3 635.300A   29.243    0.0352
 Ca A 3970.09A   29.386    0.0490      Fe 3 4769.52A   28.285    0.0039      Fe 3 513.830A   28.757    0.0115
 Ca A 3889.07A   29.208    0.0325      Fe 3 4733.84A   28.372    0.0047      Fe 3 523.311A   28.680    0.0096
 Ca A 3835.40A   29.052    0.0227      Fe 3 5411.98A   28.072    0.0024      Fe 3 852.057A   28.978    0.0191
 Ca A 3797.92A   28.915    0.0165      Fe 3 4930.44A   27.799    0.0013      Fe 3 533.379A   28.169    0.0030
 Ca A 3770.65A   28.791    0.0124      Fe 3 4777.61A   28.049    0.0023      Fe 3 513.790A   28.127    0.0027
 Ca A 3750.17A   28.679    0.0096      Mg 1 2852.13A   28.084    0.0024      Fe 3 524.359A   27.758    0.0012
 Ca A 3734.39A   28.577    0.0076      Ne 2 12.8101m   30.114    0.2616      Fe 3 905.428A   28.567    0.0074
 Ca A 3721.96A   28.483    0.0061      P  3 17.8797m   28.216    0.0033      Fe 4 532.950A   29.451    0.0569
 Ca A 3711.99A   28.398    0.0050      S  2 6730.82A   28.636    0.0087      P  2 1307.68A   28.095    0.0025
 Ca A 3703.87A   28.321    0.0042      S  2 6716.44A   28.401    0.0051      P  2 1154.42A   29.247    0.0355
 Ca A 3697.17A   28.251    0.0036      S  2 4076.35A   27.734    0.0011      P  2 967.202A   29.645    0.0890
 Ca A 3691.57A   28.188    0.0031      S  2 4068.60A   28.236    0.0035      P  2 963.828A   29.991    0.1974
 Ca A 3686.85A   28.132    0.0027      S  2 1259.52A   29.269    0.0374      P  3 1341.17A   28.912    0.0164
 Ca A 3682.83A   28.081    0.0024      S  2 1253.81A   29.058    0.0230      P  3 1001.73A   29.585    0.0775
 Ca A 3679.37A   28.036    0.0022      S  2 1250.58A   28.751    0.0114      P  3 918.147A   29.792    0.1248
 Ca A 3676.38A   27.994    0.0020      S  2 912.736A   29.187    0.0310      P  4 950.661A   27.716    0.0010
 Ca A 3673.78A   27.957    0.0018      S  2 910.485A   29.451    0.0569      Cl 2 1071.32A   27.735    0.0011
 Ca A 3671.49A   27.922    0.0017      S  2 1.03205m   27.787    0.0012      Cl 3 1011.29A   28.933    0.0173
 Ca A 1.87511m   29.871    0.1495      S  3 33.4704m   29.271    0.0376      Ti 3 1298.50A   28.797    0.0126
 Ca A 1.28181m   29.535    0.0691      S  3 18.7078m   30.034    0.2180      Ti 3 1288.59A   28.919    0.0167
 Ca A 1.09381m   29.269    0.0374      S  3 9068.62A   29.978    0.1916      V  3 1151.20A   28.172    0.0030
 Ca A 1.00494m   29.052    0.0227      S  3 9530.62A   30.378    0.4813      V  3 1125.46A   27.865    0.0015
 Ca A 9545.99A   28.869    0.0149      S  3 3721.63A   27.969    0.0019      Cr 3 1033.06A   29.752    0.1139
 Ca A 9229.03A   28.710    0.0103      S  3 6312.06A   28.243    0.0035      Cr 3 1035.74A   29.881    0.1532
 Ca A 9014.92A   28.569    0.0075      S  3 1190.20A   29.951    0.1800      Cr 3 924.009A   29.246    0.0355
 Ca A 8862.79A   28.443    0.0056      S  3 1194.45A   29.770    0.1186      Mn 2 2589.74A   28.378    0.0048
 Ca A 8750.48A   28.329    0.0043      S  3 1202.12A   28.481    0.0061      Mn 2 1198.85A   28.223    0.0034
 Ca A 8665.03A   28.224    0.0034      S  3 1194.06A   30.186    0.3088      Co 3 942.738A   28.948    0.0179
 Ca A 8598.40A   28.128    0.0027      S  3 1201.73A   29.595    0.0792      Co 3 937.418A   28.592    0.0079
 Ca A 8545.39A   28.039    0.0022      S  3 1200.97A   30.137    0.2759      Ni 2 1751.83A   27.907    0.0016
 Ca A 8502.49A   27.958    0.0018      S  3 1015.50A   30.167    0.2961      Ni 2 1744.24A   28.133    0.0027
 Ca A 8467.26A   27.882    0.0015      S  3 1012.50A   30.073    0.2385      Ni 2 1472.74A   27.798    0.0013
 Ca A 8437.96A   27.812    0.0013      S  3 1015.57A   29.968    0.1870      Ni 2 1375.73A   28.166    0.0030
 Ca A 8413.33A   27.748    0.0011      S  3 1021.11A   30.171    0.2985      Ni 2 1324.11A   28.271    0.0038
 Ca A 4.05116m   29.278    0.0382      S  3 1015.78A   30.008    0.2052      Zn 2 2038.17A   28.618    0.0083
 Ca A 2.62515m   29.022    0.0212      S  3 1021.32A   30.508    0.6486      hyperfine structure.............
 Ca A 2.16553m   28.802    0.0128      S  3 1077.16A   28.218    0.0033      inner shell.....................
 Ca A 1.94456m   28.615    0.0083      Sc 3 3.93446m   30.671    0.9436      molecules.......................
 Ca A 1.81741m   28.453    0.0057      Sc 3 4.23041m   30.514    0.6582      blends..........................
 Ca A 1.73621m   28.310    0.0041      Si 2 1190.42A   30.413    0.5206      Blnd 2798.00A   30.760    1.1598
 Ca A 1.68065m   28.181    0.0031      Si 2 1193.29A   30.760    1.1596      Blnd 6720.00A   28.835    0.0138
 Ca A 1.64072m   28.065    0.0023      Si 2 1194.50A   31.134    2.7413      Blnd 4074.00A   28.355    0.0046
 Ca A 1.61093m   27.959    0.0018      Si 2 1197.39A   30.475    0.6014      Blnd 1.03300m   28.278    0.0038
 Ca A 1.58805m   27.861    0.0015      Si 2 1260.42A   31.135    2.7453      Blnd 1256.00A   29.552    0.0718
 Ca A 1.57007m   27.770    0.0012      Si 2 1264.74A   31.333    4.3362      Blnd 1198.00A   30.682    0.9685
 Ca A 7.45781m   28.791    0.0124      Si 2 1265.00A   30.398    0.5034      Blnd 3722.00A   27.975    0.0019
 Ca A 4.65250m   28.590    0.0078      Si 2 1304.37A   30.003    0.2026      Blnd 2665.00A   27.971    0.0019
 Ca A 3.73953m   28.404    0.0051      Si 2 1309.28A   30.234    0.3455      Blnd 1860.00A   31.116    2.6319
 Ca A 3.29609m   28.241    0.0035      Si 2 1526.71A   29.998    0.2007      Blnd 1888.00A   28.683    0.0097
 Ca A 3.03837m   28.097    0.0025      Si 2 1533.43A   30.292    0.3943      Blnd 1397.00A   29.381    0.0484
 Ca A 2.87221m   27.967    0.0019      Si 2 1808.01A   28.338    0.0044      Blnd 5525.00A   28.060    0.0023



  Spectrum of Orion star th1D using Tlusty  
 Cooling:  HFBc       0 :0.179 HFFc       0 :0.069 N  2 6584.00A:0.056  
 Heating:  BFH1       0 :0.933 BFHe       0 :0.062  

 These are some of the most important databases used by Cloudy:
 Many recombination coefficients were taken from http://amdpp.phys.strath.ac.uk/tamoc/RR/ and http://amdpp.phys.strath.ac.uk/tamoc/DR/
      and are based on the following papers:
        Badnell N. R., et al., A&A 406, 1151 (2003) [http://adsabs.harvard.edu/abs/2003A%26A...406.1151B]
        Badnell N. R., ApJS 167, 334 (2006) [http://adsabs.harvard.edu/abs/2006ApJS..167..334B]
 Much of the molecular emission data is from LAMDA as accessed on Dec. 18, 2010. This database is described in:
        Schoeier F.L., et al., A&A 432, 369 (2005) [http://adsabs.harvard.edu/abs/2005A%26A...432..369S]
      This database is in part based on the work of the following groups:
        JPL: Pickett H. M. et al., JQSRT, 60, 883 (1998). [http://adsabs.harvard.edu/abs/1998JQSRT..60..883P]
        CDMS: Mueller H. S. et al., A&A 370, L49 (2001). [http://adsabs.harvard.edu/abs/2001A%26A...370L..49M]
              Mueller H. S. et al., J. Mol. Struct. 742, 215 (2005). [http://adsabs.harvard.edu/abs/2005JMoSt.742..215M]
 Much of the ionic emission data is from version 7.1 of CHIANTI. CHIANTI is a collaborative project involving the NRL (USA), the
      Universities of Florence (Italy) and Cambridge (UK), and George Mason University (USA). These papers describe Chianti:
        Dere K. P., et al., A&AS, 125, 149 (1997) [http://adsabs.harvard.edu/abs/1997A%26AS..125..149D]
        Landi E., et al., ApJ, 744, 99 (2012) [http://adsabs.harvard.edu/abs/2012ApJ...744...99L]
 Much of the H_2 data is from this web site: http://molat.obspm.fr/index.php?page=pages/Molecules/H2/H2can94.php. These data are
      described in:
        Abgrall H. et al., Can. J. Phys., 72, 856 (1994) [http://adsabs.harvard.edu/abs/1994CaJPh..72..856A]
        Wrathmall S. A. & Flower D. R., J. Phys. B, 40, 3221 (2007) [http://adsabs.harvard.edu/abs/2007JPhB...40.3221W]
 Please cite those papers that played a significant role in this calculation.

 IONIZE PARMET:  U(1-) -2.0082  U(4-):-11.5425  U(sp): -2.01  Q(ion):   47.568  L(ion) 37.000    Q(low): 48.963    L(low) 38.012
 ENERGY BUDGET:  Heat:  31.453  Coolg:  31.453  Error:  0.0%  Rec Lin:  31.406  F-F  H  0.000    P(rad/tot)max     1.16E-04    R(F Con):1.737e+05

     Col(Heff):      0.000E+00  snd travl time  9.98E+05 sec  Te-low: 6.59E+03  Te-hi: 6.59E+03  G0TH85: 4.00E+05  G0DB96:5.31E+05
  Emiss Measure    n(e)n(p) dl       1.007E+20  n(e)n(He+)dl         9.773E+18  En(e)n(He++) dl         4.066E+11  ne nC+:9.28E+15
 He/Ha:6.62E-02  =   0.66*true  Lthin:3.19E+04  itr/zn:12.00  H2 itr/zn:  0.00  File Opacity: F  MassTot 2.73e+27  (gm)
   Temps(21 cm)   T(21cm/Ly a)  1.85E+04        T(<nH/Tkin>)  6.59E+03          T(<nH/Tspin>)    5.18E+03          TB21cm:0.00E+00
                   N(H0/Tspin)  9.39E+08        N(OH/Tkin)    3.12E-07          B(21cm)          0.00E+00
   <a>:5.32E-05  erdeFe0.0E+00  Tcompt1.80E+06  Tthr1.22E+08  <Tden>: 6.59E+03  <dens>:2.37E-20  <MolWgt>6.49E-01
     Mean Jeans  l(cm)4.10E+19  M(sun)4.29E+05  smallest:     len(cm):4.10E+19  M(sun):4.29E+05  a_ox tran:  0.00
 Rion:1.000E+17  Dist:0.00E+00  Diam:0.000E+00
 Hatom level 70  HatomType: add  HInducImp  F  He tot level: 63  He2 level:   70  ExecTime     8.3
 ConvrgError(%)  <eden>  0.000  MaxEden  0.000  <H-C>   0.00  Max(H-C)    0.00  <Press>   0.000  MaxPrs er  0.000
  Continuity(%)  chng Te   0.0  elec den   0.0  n(H2)    0.0  n(CO)        0.0

                                                        Averaged Quantities
             Te      Te(Ne)   Te(NeNp)  Te(NeHe+)Te(NeHe2+) Te(NeO+)  Te(NeO2+)  Te(H2)     N(H)     Ne(O2+)   Ne(Np)
 Radius:  6.59e+03  6.59e+03  6.59e+03  6.59e+03  6.59e+03  6.59e+03  6.59e+03  6.59e+03  1.00e+04  1.10e+04  1.10e+04
 
 Peimbert T(OIIIr)6.66E+03 T(Bac)2.76E+04 T(Hth)6.58E+03 t2(Hstrc) 0.00e+00 T(O3-BAC)6.59E+03 t2(O3-BC) 1.71e-03 t2(O3str) 0.00e+00

 Contin Optical Depths: COMP: 6.70e-09    H-: 4.11e-12 R(1300): 3.26e-11  H2+: 1.09e-13  Pfa:6.70E-09
                          Pa: 6.70e-09    Ba: 6.71e-09      Hb: 6.70e-09   La: 8.82e-08     1r:3.076E-05  1.8:2.14E-04 4.:1.500E-03

 Old, new H  1 continuum optical depths:
     1 9.97e+07     2 1.00e-20     3 1.00e-20     4 1.00e-20     5 1.00e-20     6 1.00e-20     7 1.00e-20     8 1.00e-20
     9 1.00e-20    10 1.00e-20    11 1.00e-20    12 1.00e-20    13 1.00e-20    14 1.00e-20    15 1.00e-20    16 1.00e-20
    17 1.00e-20    18 1.00e-20    19 1.00e-20    20 1.00e-20    21 1.00e-20    22 1.00e-20    23 1.00e-20    24 1.00e-20
    25 1.00e-20    26 1.00e-20    27 1.00e-20    28 1.00e-20    29 1.00e-20    30 1.00e-20    31 1.00e-20    32 1.00e-20
    33 1.00e-20    34 1.00e-20    35 1.00e-20    36 1.00e-20    37 1.00e-20    38 1.00e-20    39 1.00e-20    40 1.00e-20
    41 1.00e-20    42 1.00e-20    43 1.00e-20    44 1.00e-20    45 1.00e-20    46 1.00e-20    47 1.00e-20    48 1.00e-20
    49 1.00e-20    50 1.00e-20    51 1.00e-20    52 1.00e-20    53 1.00e-20    54 1.00e-20
     1 3.08e-05     2 6.96e-12     3 4.12e-12     4 4.12e-12     5 4.12e-12     6 1.03e-12     7 1.03e-12     8 1.03e-12
     9 1.03e-12    10 4.91e-16    11 4.91e-16    12 4.91e-16    13 4.91e-16    14 4.91e-16    15 1.12e-15    16 1.12e-15
    17 1.12e-15    18 1.12e-15    19 1.12e-15    20 1.12e-15    21 2.34e-15    22 2.34e-15    23 2.34e-15    24 2.34e-15
    25 2.34e-15    26 2.34e-15    27 2.34e-15    28 4.42e-15    29 4.42e-15    30 4.42e-15    31 4.42e-15    32 4.42e-15
    33 4.42e-15    34 4.42e-15    35 4.42e-15    36 7.92e-15    37 7.92e-15    38 7.92e-15    39 7.92e-15    40 7.92e-15
    41 7.92e-15    42 7.92e-15    43 7.92e-15    44 7.92e-15    45 1.35e-14    46 1.35e-14    47 1.35e-14    48 1.35e-14
    49 1.35e-14    50 1.35e-14    51 1.35e-14    52 1.35e-14    53 1.35e-14    54 1.35e-14

 Old, new H  1 mean line optical depths:
  2- 1 1.61e+20  3- 2 1.18e+00  4- 3 1.77e-20  5- 4 1.77e-20  6- 5 1.77e-20  7- 6 1.77e-20  8- 7 1.77e-20
  9- 8 1.77e-20 10- 9 1.77e-20
  2- 1 2.40e+00  3- 2 2.40e-07  4- 3 4.11e-12  5- 4 4.32e-12  6- 5 7.78e-12  7- 6 1.28e-11  8- 7 1.47e-11
  9- 8 1.58e-11 10- 9 2.33e-11

 Old, new He 2 continuum optical depths:
     1 3.44e+06     2 9.86e+07     3 1.00e-20     4 1.00e-20     5 1.00e-20     6 1.00e-20     7 1.00e-20     8 1.00e-20
     9 1.00e-20    10 1.00e-20    11 1.00e-20    12 1.00e-20    13 1.00e-20    14 1.00e-20    15 1.00e-20    16 1.00e-20
    17 1.00e-20    18 1.00e-20    19 1.00e-20    20 1.00e-20    21 1.00e-20    22 1.00e-20    23 1.00e-20    24 1.00e-20
    25 1.00e-20    26 1.00e-20    27 1.00e-20    28 1.00e-20    29 1.00e-20    30 1.00e-20    31 1.00e-20    32 1.00e-20
    33 1.00e-20    34 1.00e-20    35 1.00e-20    36 1.00e-20    37 1.00e-20    38 1.00e-20    39 1.00e-20    40 1.00e-20
    41 1.00e-20    42 1.00e-20    43 1.00e-20    44 1.00e-20    45 1.00e-20    46 1.00e-20    47 1.00e-20    48 1.00e-20
    49 1.00e-20    50 1.00e-20    51 1.00e-20    52 1.00e-20    53 1.00e-20    54 1.00e-20
     1 1.50e-03     2 3.04e-05     3 2.45e-08     4 2.45e-08     5 2.45e-08     6 6.96e-12     7 6.96e-12     8 6.96e-12
     9 6.96e-12    10 3.34e-12    11 3.34e-12    12 3.34e-12    13 3.34e-12    14 3.34e-12    15 4.12e-12    16 4.12e-12
    17 4.12e-12    18 4.12e-12    19 4.12e-12    20 4.12e-12    21 3.48e-12    22 3.48e-12    23 3.48e-12    24 3.48e-12
    25 3.48e-12    26 3.48e-12    27 3.48e-12    28 1.03e-12    29 1.03e-12    30 1.03e-12    31 1.03e-12    32 1.03e-12
    33 1.03e-12    34 1.03e-12    35 1.03e-12    36 2.79e-16    37 2.79e-16    38 2.79e-16    39 2.79e-16    40 2.79e-16
    41 2.79e-16    42 2.79e-16    43 2.79e-16    44 2.79e-16    45 4.91e-16    46 4.91e-16    47 4.91e-16    48 4.91e-16
    49 4.91e-16    50 4.91e-16    51 4.91e-16    52 4.91e-16    53 4.91e-16    54 4.91e-16

 Old, new He 2 mean line optical depths:
  2- 1 1.61e+19  3- 2 1.18e-01  4- 3 1.77e-20  5- 4 1.77e-20  6- 5 1.77e-20  7- 6 1.77e-20  8- 7 1.77e-20
  9- 8 1.77e-20 10- 9 1.77e-20
  2- 1 5.85e+01  3- 2 3.10e-14  4- 3 1.82e-19  5- 4 1.45e-19  6- 5 1.61e-19  7- 6 1.87e-19  8- 7 2.88e-19
  9- 8 4.01e-19 10- 9 5.18e-19

 Old He Is optical depths:    1 2.38e+07    2 1.00e-20    3 1.00e-20    4 1.00e-20    5 1.00e-20
 New He Is optical depths:    1 2.14e-04    2 3.16e-08    3 5.61e-12    4 6.24e-12    5 6.24e-12
          Old He Is Lines:  584 3.54e-20 3889 3.54e-20 5016 3.54e-20 5876 3.54e-20
          New He Is Lines:  584 2.25e+00 3889 7.32e-04 5016 1.52e-08 5876 1.35e-12

==== H      compounds ====           Log10 column densities [cm^-2]
   H2        : -2.781   H2*       : -0.287   H2+       :  4.190   H3+       :-11.145
==== D      compounds ====
   HD        : -3.498   HD*       : -4.966   HD+       : -0.306   H2D+      :-10.231   D2        : -7.828   D2+       : -5.546   HD2+      :-15.850   D3+       :-20.932
==== He     compounds ====
   HeH+      :  5.006   HeD+      : -0.100
==== Li     compounds ====
   LiH       : -8.535   LiH+      : -4.184   LiD       :-13.391   LiD+      : -8.966
==== C      compounds ====
   CH        : -4.842   CH+       : -0.826   CH2       :-18.428   CH2+      :-16.043   CH3       :-30.579   CH3+      :-31.821   CH4       :-35.930   CH4+      :-35.930
   CH5+      :-35.930   CD        : -9.643   CD+       : -5.608   CHD       :-21.705   CHD+      :-16.912   CH2D      :-34.107   CH2D+     :-35.539   CH3D      :-35.930
   CH3D+     :-35.930   CH4D+     :-35.930   C2        : -9.606   C2+       : -6.512   C2H       :-21.371   C2H+      :-22.517   C2H2      :-35.121   C2H2+     :-34.684
   C2H3+     :-35.930   C2D       :-26.189   C2D+      :-26.636   C2HD      :-35.930   C2HD+     :-35.930   C2H2D+    :-35.930   C3        :-35.930   C3+       :-27.209
   C3H       :-35.930   C3H+      :-35.930   C3D       :-35.930   C3D+      :-35.930
==== N      compounds ====
   NH        : -3.827   NH+       : -4.024   NH2       :-16.987   NH2+      :-17.425   NH3       :-29.531   NH3+      :-30.654   NH4+      :-35.930   ND        : -8.667
   ND+       : -8.331   NHD       :-21.738   NHD+      :-21.946   NH2D      :-34.272   NH2D+     :-35.623   NH3D+     :-35.930   CN        : -9.568   CN+       : -9.737
   HCN       :-23.095   HCN+      :-22.454   HNC       :-28.278   HCNH+     :-35.930   DCN       :-27.947   DCN+      :-26.702   DNC       :-31.840   DCNH+     :-35.930
   HCND+     :-35.930   HC3N      :-35.930   DC3N      :-35.930   N2        :-10.073   N2+       : -5.120   N2H+      :-35.930   N2D+      :-35.930
==== O      compounds ====
   OH        : -2.687   OH+       : -2.963   H2O       :-15.969   H2O+      :-16.386   H3O+      :-29.219   OD        : -7.546   OD+       : -7.205   HDO       :-20.779
   HDO+      :-20.849   H2DO+     :-33.845   CO        : -7.440   CO+       : -4.786   HCO+      :-14.133   H2CO      :-35.930   CH3OH     :-35.930   DCO+      :-18.934
   HDCO      :-35.930   CH2DOH    :-35.930   CH3OD     :-35.930   ^13CO     : -8.917   NO        :-12.609   NO+       : -9.772   HNO       :-24.874   HNO+      :-26.019
   DNO       :-29.423   DNO+      :-30.509   OCN       :-29.279   OCN+      :-29.542   N2O       :-33.835   O2        : -6.905   O2+       : -7.506   NO2       :-35.131
   NO2+      :-29.637
==== Ne     compounds ====
   NeH+      : -2.944   NeD+      : -8.015
==== Si     compounds ====
   SiH       :-19.203   SiH2+     :-18.967   SiD       :-20.094   SiHD+     :-19.798   SiC2      :-35.930   SiN       :-27.973   SiN+      :-11.093   SiO       : -9.661
   SiO+      : -5.991   SiOH+     :-24.049   SiOD+     :-27.690
==== S      compounds ====
   HS        :-15.218   HS+       : -9.294   DS        :-16.094   DS+       :-10.087   CS        :-13.892   CS+       : -9.947   HCS+      :-26.965   DCS+      :-28.343
   NS        :-16.482   NS+       :-11.689   SO        :-16.744   SO+       :-10.563   OCS       :-30.115   OCS+      :-30.875   SO2       :-35.930   S2        :-29.947
   S2+       :-31.141
==== Cl     compounds ====
   HCl       :-33.530   HCl+      :-12.246   H2Cl+     :-32.591   DCl       :-34.540   DCl+      :-13.040   HDCl+     :-33.216   CCl       :-35.930   CCl+      :-35.930
   H2CCl+    :-35.930   HDCCl+    :-35.930   ClO       :-35.930   ClO+      :-35.930
==== Ar     compounds ====
   ArH+      : -4.126   ArD+      : -8.224
==== Ti     compounds ====
   TiH       :-35.930   TiH+      :-35.930   TiH2      :-35.930   TiH2+     :-35.930   TiD       :-35.930   TiD+      :-35.930   TiHD      :-35.930   TiHD+     :-35.930
   TiC       :-35.930   TiC+      :-35.930   HCTi      :-35.930   HCTi+     :-35.930   DCTi      :-35.930   DCTi+     :-35.930   TiC2      :-35.930   TiC2+     :-35.930
   TiN       :-35.930   TiN+      :-35.930   HNTi      :-35.930   HNTi+     :-35.930   DNTi      :-35.930   DNTi+     :-35.930   TiNC      :-35.930   TiNC+     :-35.930
   TiO       :-35.930   TiO+      :-35.930   TiOH+     :-35.930   TiOD+     :-35.930   TiO2      :-35.930   TiF+      :-35.930   TiS       :-35.930   TiS+      :-35.930
   HTiS      :-35.930   DTiS      :-35.930


               1      2      3      4      5      6      7      8      9     10     11     12     13     14     15     16     17

 Hydrogen   12.687 15.962 -0.285 (H2)                Log10 Column density (cm^-2)
 Helium     13.439 14.949  7.569
 Lithium     3.023  7.272-30.000-30.000
 Beryllium   0.402  3.700  5.373-30.000-30.000
 Boron       1.897  6.476  6.426  3.285-30.000-30.000
 Carbon      7.547 11.927 12.147-30.000-30.000-30.000-30.000
 Nitrogen    8.274 11.711 11.425-30.000-30.000-30.000-30.000-30.000
 Oxygen      9.275 12.639 11.151-30.000-30.000-30.000-30.000-30.000-30.000
 Fluorine    5.183  8.432  6.838-30.000-30.000-30.000-30.000-30.000-30.000-30.000
 Neon        9.274 11.961  9.390-30.000-30.000-30.000-30.000-30.000-30.000-30.000-30.000
 Sodium      6.967 10.293  6.419-30.000-30.000-30.000-30.000-30.000-30.000-30.000-30.000-30.000
 Magnesium   7.024  9.983 11.490-30.000-30.000-30.000-30.000-30.000-30.000-30.000-30.000-30.000-30.000
 Aluminium   5.294 10.025 10.202  8.743-30.000-30.000-30.000-30.000-30.000-30.000-30.000-30.000-30.000-30.000
 Silicon     5.638 10.367 11.470  8.505-30.000-30.000-30.000-30.000-30.000-30.000-30.000-30.000-30.000-30.000-30.000
 Phosphorus  4.270  8.724  9.381  6.498-30.000-30.000-30.000-30.000-30.000-30.000-30.000-30.000-30.000-30.000-30.000-30.000
 Sulphur     5.112  9.972 11.202  7.901  1.111-30.000-30.000-30.000-30.000-30.000-30.000-30.000-30.000-30.000-30.000-30.000-30.000
 Chlorine    3.827  8.267  9.195  5.171-30.000-30.000-30.000-30.000-30.000-30.000-30.000-30.000-30.000-30.000-30.000-30.000-30.000
-30.000
 Argon       5.654  9.444 10.306  6.252-30.000-30.000-30.000-30.000-30.000-30.000-30.000-30.000-30.000-30.000-30.000-30.000-30.000
-30.000-30.000
 Potassium   5.042  9.037  8.086-30.000-30.000-30.000-30.000-30.000-30.000-30.000-30.000-30.000-30.000-30.000-30.000-30.000-30.000
-30.000-30.000-30.000
 Calcium     3.609  7.989 10.320  4.702-30.000-30.000-30.000-30.000-30.000-30.000-30.000-30.000-30.000-30.000-30.000-30.000-30.000
-30.000-30.000-30.000-30.000
 Scandium   -0.622  3.882  6.682  6.943-30.000-30.000-30.000-30.000-30.000-30.000-30.000-30.000-30.000-30.000-30.000-30.000-30.000
-30.000-30.000-30.000-30.000-30.000
 Titanium    2.202  6.715  8.790  8.533  3.275-30.000-30.000-30.000-30.000-30.000-30.000-30.000-30.000-30.000-30.000-30.000-30.000
-30.000-30.000-30.000-30.000-30.000-30.000
 Vanadium    1.303  5.345  7.919  6.935-30.000-30.000-30.000-30.000-30.000-30.000-30.000-30.000-30.000-30.000-30.000-30.000-30.000
-30.000-30.000-30.000-30.000-30.000-30.000-30.000
 Chromium    2.357  7.133  9.606  8.380-30.000-30.000-30.000-30.000-30.000-30.000-30.000-30.000-30.000-30.000-30.000-30.000-30.000
-30.000-30.000-30.000-30.000-30.000-30.000-30.000-30.000
 Manganese   3.533  7.598  9.407  7.715-30.000-30.000-30.000-30.000-30.000-30.000-30.000-30.000-30.000-30.000-30.000-30.000-30.000
-30.000-30.000-30.000-30.000-30.000-30.000-30.000-30.000-30.000
 Iron        5.049  9.539 11.369 10.331-30.000-30.000-30.000-30.000-30.000-30.000-30.000-30.000-30.000-30.000-30.000-30.000-30.000
-30.000-30.000-30.000-30.000-30.000-30.000-30.000-30.000-30.000-30.000
 Cobalt      2.777  6.277  8.865  7.452-30.000-30.000-30.000-30.000-30.000-30.000-30.000-30.000-30.000-30.000-30.000-30.000-30.000
-30.000-30.000-30.000-30.000-30.000-30.000-30.000-30.000-30.000-30.000-30.000
 Nickel      4.061  7.932 10.205  8.301-30.000-30.000-30.000-30.000-30.000-30.000-30.000-30.000-30.000-30.000-30.000-30.000-30.000
-30.000-30.000-30.000-30.000-30.000-30.000-30.000-30.000-30.000-30.000-30.000-30.000
 Copper      1.698  5.837  8.167  6.027 -2.485-30.000-30.000-30.000-30.000-30.000-30.000-30.000-30.000-30.000-30.000-30.000-30.000
-30.000-30.000-30.000-30.000-30.000-30.000-30.000-30.000-30.000-30.000-30.000-30.000-30.000
 Zinc        4.422  7.765  8.486  5.912 -3.175-30.000-30.000-30.000-30.000-30.000-30.000-30.000-30.000-30.000-30.000-30.000-30.000
-30.000-30.000-30.000-30.000-30.000-30.000-30.000-30.000-30.000-30.000-30.000-30.000-30.000-30.000
 Exc state    He1*  9.760   CII* 11.748   C11*  6.596   C12*  7.071   C13*  7.290   O11*  9.122   O12*  8.574   O13*  8.266
              Si2*-35.930   C30*  6.077   C31*  1.955   C32*  6.291


 Hydrogen   -3.276 -0.000-15.947 (H2)                 Log10 Mean Ionisation (over radius)
 Helium     -1.524 -0.013 -7.394
 Lithium    -4.249 -0.000
 Beryllium  -4.980 -1.682 -0.009
 Boron      -4.856 -0.277 -0.327 -3.468
 Carbon     -4.805 -0.425 -0.205
 Nitrogen   -3.618 -0.181 -0.467
 Oxygen     -3.378 -0.014 -1.502
 Fluorine   -3.260 -0.011 -1.605
 Neon       -2.689 -0.002 -2.573
 Sodium     -3.326 -0.000 -3.874
 Magnesium  -4.479 -1.520 -0.013
 Aluminium  -5.138 -0.408 -0.230 -1.690
 Silicon    -5.865 -1.136 -0.033 -2.998
 Phosphorus -5.198 -0.744 -0.087 -2.970
 Sulphur    -6.115 -1.256 -0.025 -3.327-10.117
 Chlorine   -5.417 -0.976 -0.048 -4.073
 Argon      -4.709 -0.919 -0.056 -4.110
 Potassium  -4.041 -0.046 -0.997
 Calcium    -6.714 -2.334 -0.002 -5.620
 Scandium   -7.755 -3.251 -0.451 -0.190
 Titanium   -6.782 -2.269 -0.194 -0.451 -5.709
 Vanadium   -6.660 -2.618 -0.044 -1.028
 Chromium   -7.276 -2.500 -0.026 -1.253
 Manganese  -5.889 -1.824 -0.015 -1.707
 Iron       -6.364 -1.874 -0.044 -1.082
 Cobalt     -6.106 -2.606 -0.018 -1.430
 Nickel     -6.152 -2.281 -0.008 -1.912
 Copper     -6.475 -2.335 -0.005 -2.146-10.658
 Zinc       -4.141 -0.797 -0.077 -2.651-11.738

               1      2      3      4      5      6      7      8      9     10     11     12     13     14     15     16     17

 Hydrogen   -3.276 -0.000-15.947 (H2)         Log10 Mean Ionisation (over radius*electron density)
 Helium     -1.524 -0.013 -7.394
 Lithium    -4.249 -0.000
 Beryllium  -4.980 -1.682 -0.009
 Boron      -4.856 -0.277 -0.327 -3.468
 Carbon     -4.805 -0.425 -0.205
 Nitrogen   -3.618 -0.181 -0.467
 Oxygen     -3.378 -0.014 -1.502
 Fluorine   -3.260 -0.011 -1.605
 Neon       -2.689 -0.002 -2.573
 Sodium     -3.326 -0.000 -3.874
 Magnesium  -4.479 -1.520 -0.013
 Aluminium  -5.138 -0.408 -0.230 -1.690
 Silicon    -5.865 -1.136 -0.033 -2.998
 Phosphorus -5.198 -0.744 -0.087 -2.970
 Sulphur    -6.115 -1.256 -0.025 -3.327-10.117
 Chlorine   -5.417 -0.976 -0.048 -4.073
 Argon      -4.709 -0.919 -0.056 -4.110
 Potassium  -4.041 -0.046 -0.997
 Calcium    -6.714 -2.334 -0.002 -5.620
 Scandium   -7.755 -3.251 -0.451 -0.190
 Titanium   -6.782 -2.269 -0.194 -0.451 -5.709
 Vanadium   -6.660 -2.618 -0.044 -1.028
 Chromium   -7.276 -2.500 -0.026 -1.253
 Manganese  -5.889 -1.824 -0.015 -1.707
 Iron       -6.364 -1.874 -0.044 -1.082
 Cobalt     -6.106 -2.606 -0.018 -1.430
 Nickel     -6.152 -2.281 -0.008 -1.912
 Copper     -6.475 -2.335 -0.005 -2.146-10.658
 Zinc       -4.141 -0.797 -0.077 -2.651-11.738

               1      2      3      4      5      6      7      8      9     10     11     12     13     14     15     16     17

 Hydrogen    3.819  3.819  3.819 (H2)                  Log10 Mean Temperature (over radius)
 Helium      3.819  3.819  3.819
 Lithium     3.819  3.819
 Beryllium   3.819  3.819  3.819
 Boron       3.819  3.819  3.819  3.819
 Carbon      3.819  3.819  3.819
 Nitrogen    3.819  3.819  3.819
 Oxygen      3.819  3.819  3.819
 Fluorine    3.819  3.819  3.819
 Neon        3.819  3.819  3.819
 Sodium      3.819  3.819  3.819
 Magnesium   3.819  3.819  3.819
 Aluminium   3.819  3.819  3.819  3.819
 Silicon     3.819  3.819  3.819  3.819
 Phosphorus  3.819  3.819  3.819  3.819
 Sulphur     3.819  3.819  3.819  3.819  3.819
 Chlorine    3.819  3.819  3.819  3.819
 Argon       3.819  3.819  3.819  3.819
 Potassium   3.819  3.819  3.819
 Calcium     3.819  3.819  3.819  3.819
 Scandium    3.819  3.819  3.819  3.819
 Titanium    3.819  3.819  3.819  3.819  3.819
 Vanadium    3.819  3.819  3.819  3.819
 Chromium    3.819  3.819  3.819  3.819
 Manganese   3.819  3.819  3.819  3.819
 Iron        3.819  3.819  3.819  3.819
 Cobalt      3.819  3.819  3.819  3.819
 Nickel      3.819  3.819  3.819  3.819
 Copper      3.819  3.819  3.819  3.819  3.819
 Zinc        3.819  3.819  3.819  3.819  3.819

               1      2      3      4      5      6      7      8      9     10     11     12     13     14     15     16     17

 Hydrogen    3.819  3.819  3.819 (H2)          Log10 Mean Temperature (over radius*electron density)
 Helium      3.819  3.819  3.819
 Lithium     3.819  3.819
 Beryllium   3.819  3.819  3.819
 Boron       3.819  3.819  3.819  3.819
 Carbon      3.819  3.819  3.819
 Nitrogen    3.819  3.819  3.819
 Oxygen      3.819  3.819  3.819
 Fluorine    3.819  3.819  3.819
 Neon        3.819  3.819  3.819
 Sodium      3.819  3.819  3.819
 Magnesium   3.819  3.819  3.819
 Aluminium   3.819  3.819  3.819  3.819
 Silicon     3.819  3.819  3.819  3.819
 Phosphorus  3.819  3.819  3.819  3.819
 Sulphur     3.819  3.819  3.819  3.819  3.819
 Chlorine    3.819  3.819  3.819  3.819
 Argon       3.819  3.819  3.819  3.819
 Potassium   3.819  3.819  3.819
 Calcium     3.819  3.819  3.819  3.819
 Scandium    3.819  3.819  3.819  3.819
 Titanium    3.819  3.819  3.819  3.819  3.819
 Vanadium    3.819  3.819  3.819  3.819
 Chromium    3.819  3.819  3.819  3.819
 Manganese   3.819  3.819  3.819  3.819
 Iron        3.819  3.819  3.819  3.819
 Cobalt      3.819  3.819  3.819  3.819
 Nickel      3.819  3.819  3.819  3.819
 Copper      3.819  3.819  3.819  3.819  3.819
 Zinc        3.819  3.819  3.819  3.819  3.819

               1      2      3      4      5      6      7      8      9     10     11     12     13     14     15     16     17
 Spectrum of Orion star th1D using Tlusty  

---------------Convergence statistics---------------
      1.71 mean iterations/state convergence
      1.86 mean cx acceleration loops/iteration
         1 mean iso convergence loops/ion solve
         1 mean steps/chemistry solve
         1 mean step length searches/chemistry step
----------------------------------------------------

 Cloudy ends: 1 zone, 1 iteration, 4 cautions. (single thread) ExecTime(s) 8.35
 [Stop in cdMain at maincl.cpp:516, Cloudy exited OK]
