                                                         Cloudy 13.01.01
                                                         www.nublado.org

                       **************************************13Jan01**************************************
                       *                                                                                 *
                       * title Spectrum of Orion star iotaB using Tlusty                                 *
                       * table star tlusty OBstar 3-dim 24000 g=3.52 z=-0.1                              *
                       * c<< 3-dim OBstar model  538 read.    Teff=  24000 log(g)= 3.50 log(Z)=-0.30 >>> *
                       * c<< 3-dim OBstar model  539 read.    Teff=  24000 log(g)= 3.75 log(Z)=-0.30 >>> *
                       * c<< 3-dim OBstar model  322 read.    Teff=  24000 log(g)= 3.50 log(Z)= 0.00 >>> *
                       * c<< 3-dim OBstar model  323 read.    Teff=  24000 log(g)= 3.75 log(Z)= 0.00 >>> *
                       * c<< FINAL:    Teff =   24000   log(g) =  3.52   log(Z) = -0.10              >>> *
                       * luminosity total solar 4.57                                                     *
                       * hden 4                                                                          *
                       * radius 17                                                                       *
                       * stop zone 1                                                                     *
                       * save continuum file="iotaB.cont"                                                *
                       *                                                                                 *
                       ***********************************************************************************



Warning: duplicate species HD - using first one
Warning: duplicate species HD+ - using first one
Warning: duplicate species H2D+ - using first one
Warning: duplicate species HeD+ - using first one
Warning: duplicate reaction CH,O=>H,CO -- using new version
Warning: duplicate reaction e-,CH2+=>H,CH -- using new version
Warning: duplicate reaction e-,CH2+=>H2,C -- using new version
Warning: duplicate reaction e-,CH3+=>H,H2,C -- using new version
Warning: duplicate reaction e-,CH3+=>H,CH2 -- using new version
Warning: duplicate reaction e-,CH3+=>H2,CH -- using new version
Warning: duplicate reaction e-,CO+=>C,O -- using new version
Warning: duplicate reaction H,CH=>H2,C -- using new version
Warning: duplicate reaction H2,CO+=>H,HCO+ -- using new version
Warning: duplicate reaction H2,CH2+=>H,CH3+ -- using new version
Warning: duplicate reaction H2,C+=>PHOTON,CH2+ -- using new version
Warning: duplicate reaction C2,N=>C,CN -- using new version
Warning: duplicate reaction C+,CH=>H,C2+ -- using new version
Warning: duplicate reaction C+,CH=>C,CH+ -- using new version
Warning: duplicate reaction CH3+,O=>H2,HCO+ -- using new version
Warning: duplicate reaction CH,N=>H,CN -- using new version
Warning: duplicate reaction C+,NH=>H,CN+ -- using new version
Warning: duplicate reaction e-,HCO+=>H,CO -- using new version
Warning: duplicate reaction CRPHOT,C=>e-,C+ -- using new version
Warning: duplicate reaction C+,OH=>H,CO+ -- using new version
Warning: duplicate reaction C+,OH=>H+,CO -- using new version
Warning: duplicate reaction e-,D+=>PHOTON,D -- using new version
Warning: duplicate reaction H+,D=>H,D+ -- using new version
Warning: duplicate reaction H,D+=>H+,D -- using new version
Warning: duplicate reaction H,D+=>PHOTON,HD+ -- using new version
Warning: duplicate reaction H+,D=>PHOTON,HD+ -- using new version
Warning: duplicate reaction e-,HD+=>H,D -- using new version
Warning: duplicate reaction H,HD+=>H+,HD -- using new version
Warning: duplicate reaction H,D=>PHOTON,HD -- using new version
Warning: duplicate reaction H,D=>PHOTON,HD -- using new version
Warning: duplicate reaction H2,D+=>H+,HD -- using new version
Warning: duplicate reaction H+,HD=>H2,D+ -- using new version
Warning: duplicate reaction H2,D=>H,HD -- using new version
Warning: duplicate reaction D+,He=>PHOTON,HeD+ -- using new version
Warning: duplicate reaction H2+,D=>H2,D+ -- using new version
Warning: duplicate reaction H-,Li+=>H,Li -- using new version
           3955CellPeak1.00E+00   Lo 1.00e-08=910.79cm   Hi-Con:3.87E+00 Ryd   E(hi):7.35E+06Ryd     E(hi):     100.01 MeV
           L(nu>1ryd):  35.6092   Average nu:1.150E+00   L( X-ray):   0.0000   L(BalC):  38.1095     Q(Balmer C):  49.0246
           Q(1.0-1.8):  46.2099   Q(1.8-4.0):  42.9322   Q(4.0-20):   0.0000   Q(20--):   0.0000     Ion pht flx:1.291E+11
           L(gam ray):   0.0000   Q(gam ray):   0.0000   L(Infred):  37.1159   Alf(ox):   0.0000     Total lumin:  38.1527
           log L/Lsun:   4.5699   Abs bol mg:  -6.6747   Abs V mag:  -4.2345   Bol cor:  -2.4403     nuFnu(Bbet):  37.1625
           U(1.0----):4.307E-04   U(4.0----):0.000E+00   T(En-Den):4.726E+01   T(Comp):2.321E+04     nuJnu(912A):1.802E+01
           Occ(FarIR):1.583E-04   Occ(H n=6):5.380E-11   Occ(1Ryd):8.284E-16   Occ(4R):7.514E-29     Occ (Nu-hi):3.691E-28
           Tbr(FarIR):2.508E-07   Tbr(H n=6):2.358E-07   Tbr(1Ryd):1.309E-10   Tbr(4R):4.748E-23     Tbr (Nu-hi):2.250E-22
  
                                                  Gas Phase Chemical Composition
        H :  0.0000  He: -1.0000  Li: -8.6904  Be:-10.5800  B : -9.2097  C : -3.6108  N : -4.0701  O : -3.3098  F : -7.5200
        Ne: -4.0000  Na: -5.6696  Mg: -4.4597  Al: -5.5302  Si: -4.4597  P : -6.4949  S : -4.7352  Cl: -6.7190  Ar: -5.6003
        K : -6.8794  Ca: -5.6402  Sc: -8.8297  Ti: -6.9788  V : -8.0000  Cr: -6.3298  Mn: -6.5406  Fe: -4.5498  Co: -7.0799
                                               Ni: -5.7496  Cu: -7.7905  Zn: -7.4001
 
 ####  1  Te:3.289E+03 Hden:1.000E+04 Ne:9.930E+03 R:1.000E+17 R-R0:1.057E+11 dR:2.114E+11 NTR: 14 Htot:2.220E-16 T912: 1.98e-04###
 Hydrogen      1.48e-02 9.85e-01 H+o/Hden 1.00e+00 1.37e-10 H-    H2 2.57e-13 2.63e-11 H2+ HeH+ 8.58e-11 Ho+ ColD 3.14e+13 2.08e+15
 Deuterium     1.48e-02 9.85e-01 D+o/Dden 1.00e+00 1.43e-10 D-    HD 1.74e-12 2.66e-11 HD+ HeD+ 1.25e-11 Do+ ColD 5.17e+08 3.44e+10
 Helium        9.33e-01 6.72e-02 0.00e+00 HeI 2s3S 8.52e-07 Comp H,C 1.17e-22 1.66e-23 Fill Fac 1.00e+00 Gam1/tot 1.00e+00
 He singlet n  9.33e-01 3.34e-12 4.54e-18 7.94e-19 3.09e-18 7.34e-19 He tripl 8.52e-07 8.02e-17 9.61e-19 1.17e-17 2.00e-18
 Pressure      NgasTgas 6.89e+07 P(total) 9.51e-09 P( gas ) 9.51e-09 P(Radtn) 1.58e-12 Rad accl 5.26e-04 ForceMul 5.00e+04
 Texc(La)      4.08e+03 T(I con) 4.73e+01 T(D con) 2.89e+00 T(U tot) 4.73e+01 nT (c+d) 1.21e+07 Prad/Gas 1.67e-04 Pmag/Gas 0.00e+00
 Molecules     CH/Ctot: 3.31e-16 CH+/Ctot 4.05e-12 CO/Ctot: 2.11e-17 CO+/Ctot 6.97e-16 H2O/Otot 1.13e-25 OH/Ototl 2.11e-13
 Lithium       6.87e-05 1.00e+00 0.00e+00 0.00e+00 Berylliu 2.03e-04 6.46e-01 3.54e-01 0.00e+00 0.00e+00 sec ion: 0.00e+00
 Boron         3.01e-05 9.98e-01 1.48e-03 0.00e+00 0.00e+00 0.00e+00
 Carbon        5.90e-05 9.97e-01 3.43e-03 0.00e+00 0.00e+00 0.00e+00 0.00e+00 H2O+/O   4.72e-26 OH+/Otot 1.43e-13 Hex(tot) 0.00e+00
 Nitrogen      6.56e-03 9.93e-01 8.03e-05 0.00e+00 0.00e+00 0.00e+00 0.00e+00 0.00e+00 O2/Ototl 1.51e-17 O2+/Otot 2.56e-18
 Oxygen        1.87e-02 9.81e-01 2.44e-06 0.00e+00 0.00e+00 0.00e+00 0.00e+00 0.00e+00 0.00e+00
 Fluorine      4.63e-02 9.54e-01 5.61e-06 0.00e+00 0.00e+00 0.00e+00 0.00e+00 0.00e+00 0.00e+00 0.00e+00
 Neon          2.77e-01 7.23e-01 1.67e-07 0.00e+00 0.00e+00 0.00e+00 0.00e+00 0.00e+00 0.00e+00 0.00e+00 0.00e+00
 Sodium        9.60e-04 9.99e-01 4.04e-09 0.00e+00 0.00e+00 0.00e+00 0.00e+00 0.00e+00 0.00e+00 0.00e+00 0.00e+00 0.00e+00
 Magnesium     2.25e-04 6.14e-01 3.86e-01 0.00e+00 0.00e+00 0.00e+00 0.00e+00 0.00e+00 0.00e+00 0.00e+00 0.00e+00 0.00e+00 0.00e+00
 Aluminium  0  1.25e-05 9.85e-01 1.47e-02 0.00e+00 0.00e+00 0.00e+00 0.00e+00 0.00e+00 0.00e+00 0.00e+00 0.00e+00 0.00e+00 0.00e+00
 Silicon    0  2.30e-05 9.44e-01 5.64e-02 0.00e+00 0.00e+00 0.00e+00 0.00e+00 0.00e+00 0.00e+00 0.00e+00 0.00e+00 0.00e+00 0.00e+00
 Phosphorus 0  4.09e-05 9.56e-01 4.43e-02 0.00e+00 0.00e+00 0.00e+00 0.00e+00 0.00e+00 0.00e+00 0.00e+00 0.00e+00 0.00e+00 0.00e+00
 Sulphur    0  1.79e-05 9.25e-01 7.48e-02 0.00e+00 0.00e+00 0.00e+00 0.00e+00 0.00e+00 0.00e+00 0.00e+00 0.00e+00 0.00e+00 0.00e+00
 Chlorine   0  1.03e-04 9.68e-01 3.21e-02 0.00e+00 0.00e+00 0.00e+00 0.00e+00 0.00e+00 0.00e+00 0.00e+00 0.00e+00 0.00e+00 0.00e+00
 Argon      0  6.83e-03 9.53e-01 4.03e-02 0.00e+00 0.00e+00 0.00e+00 0.00e+00 0.00e+00 0.00e+00 0.00e+00 0.00e+00 0.00e+00 0.00e+00
 Potassium  0  1.37e-04 1.00e+00 6.01e-05 0.00e+00 0.00e+00 0.00e+00 0.00e+00 0.00e+00 0.00e+00 0.00e+00 0.00e+00 0.00e+00 0.00e+00
 Calcium    0  4.29e-07 1.06e-02 9.89e-01 0.00e+00 0.00e+00 0.00e+00 0.00e+00 0.00e+00 0.00e+00 0.00e+00 0.00e+00 0.00e+00 0.00e+00
 Scandium   0  1.06e-06 2.87e-02 9.69e-01 2.47e-03 0.00e+00 0.00e+00 0.00e+00 0.00e+00 0.00e+00 0.00e+00 0.00e+00 0.00e+00 0.00e+00
 Titanium   0  1.32e-05 3.10e-01 6.89e-01 1.99e-04 0.00e+00 0.00e+00 0.00e+00 0.00e+00 0.00e+00 0.00e+00 0.00e+00 0.00e+00 0.00e+00
 Vanadium   0  1.90e-05 9.83e-02 9.02e-01 2.13e-05 0.00e+00 0.00e+00 0.00e+00 0.00e+00 0.00e+00 0.00e+00 0.00e+00 0.00e+00 0.00e+00
 Chromium   0  4.52e-06 2.11e-01 7.89e-01 4.85e-06 0.00e+00 0.00e+00 0.00e+00 0.00e+00 0.00e+00 0.00e+00 0.00e+00 0.00e+00 0.00e+00
 Manganese  0  1.00e-04 7.11e-01 2.89e-01 0.00e+00 0.00e+00 0.00e+00 0.00e+00 0.00e+00 0.00e+00 0.00e+00 0.00e+00 0.00e+00 0.00e+00
 Iron       0  3.35e-05 8.53e-01 1.47e-01 2.67e-06 0.00e+00 0.00e+00 0.00e+00 0.00e+00 0.00e+00 0.00e+00 0.00e+00 0.00e+00 0.00e+00
 Cobalt     0  2.12e-04 4.26e-01 5.74e-01 2.75e-06 0.00e+00 0.00e+00 0.00e+00 0.00e+00 0.00e+00 0.00e+00 0.00e+00 0.00e+00 0.00e+00
 Nickel     0  1.09e-04 6.49e-01 3.51e-01 0.00e+00 0.00e+00 0.00e+00 0.00e+00 0.00e+00 0.00e+00 0.00e+00 0.00e+00 0.00e+00 0.00e+00
 Copper     0  3.33e-05 3.09e-01 6.91e-01 0.00e+00 0.00e+00 0.00e+00 0.00e+00 0.00e+00 0.00e+00 0.00e+00 0.00e+00 0.00e+00 0.00e+00
 Zinc       0  6.13e-04 9.68e-01 3.15e-02 0.00e+00 0.00e+00 0.00e+00 0.00e+00 0.00e+00 0.00e+00 0.00e+00 0.00e+00 0.00e+00 0.00e+00
    Spectrum of Orion star iotaB using Tlusty  
   Calculation stopped because lowest Te reached. Iteration 1 of 1
   The geometry is plane-parallel.
 C-I must iterate when save continuum output is done.
 C-The H Lyman continuum is thin, and I assumed that it was thick.  Use the ITERATE command to do more iterations.
 C-The He I continuum is thin and I assumed that it was thick.  Use the ITERATE command to do more iterations.
  !The code needs to be fixed - search for fixit().
  !Continuum fluorescent production of H-beta was very important.
  !Test code is in place.
  !Destruction of He 2TriS reached 23.6% of the total He0 dest rate at zone 1, 23.6% of that was photoionization.
  !AGE: Cloud age was not set.  Longest timescale was 1.77e+08 s = 5.62e+00 years.
  !The excitation temp of Lya exceeded the electron temp, largest value was 4.08e+03K (gas temp there was 3.29e+03K, zone   1)
  !The CMB was not included.  This is added with the CMB command.
   Charge transfer ionization of H reached 1.09% of the local H ionization rate.
   Photoionization of upper levels of [O III] reached 3.2% of the total O++ photo rate.
   The density is too low to l-mix the lowest H  I collapsed level.  More resolved levels are needed for accurate line ratios.
   The density is too low to l-mix the lowest He I collapsed level.  More resolved levels are needed for accurate line ratios.
   Grains were not present but might survive in this environment (energy density temperature was 4.73e+01K)

                       ********************************> Cloudy 13.01.01 <********************************
                       * title Spectrum of Orion star iotaB using Tlusty                                 *
                       * table star tlusty OBstar 3-dim 24000 g=3.52 z=-0.1                              *
                       * luminosity total solar 4.57                                                     *
                       * hden 4                                                                          *
                       * radius 17                                                                       *
                       * stop zone 1                                                                     *
                       * save continuum file="iotaB.cont"                                                *
                       *********************************> Log(U): -3.37 <*********************************
                       >>>>>>>>>> Cautions are present.
                       >>>>>>>>>> Another iteration is needed.  Use the ITERATE command.

                     Emission Line Spectrum.   Constant  Density Model.    Open geometry.  Iteration 1 of 1.
                                    Luminosity (erg/s) emitted by a shell with full coverage.


                                                   Intrinsic line intensities
 general properties..............      nInu 1113.22A   38.277 *********      H  1 3.29609m   28.147    0.0012
 TOTL 4861.36A   31.051    1.0000      nFnu 1103.23A   29.679    0.0424      H  1 12.3685m   28.272    0.0017
 TOTL 1215.68A   33.612  364.1070      nInu 1103.23A   38.283 *********      H  1 7.50043m   28.057    0.0010
 Inci       0    38.153 *********      nFnu 1073.86A   29.635    0.0383      He-like iso-sequence............
 TotH       0    30.770    0.5240      nInu 1073.86A   38.274 *********      Hlin 506.000A   28.160    0.0013
 TotC       0    30.770    0.5240      nFnu 1064.34A   29.599    0.0353      He 1       0    29.175    0.0133
 BFH1       0    30.766    0.5181      nInu 1064.34A   38.229 *********      He 1 584.334A   30.867    0.6551
 BFHx       0    28.157    0.0013      nFnu 1035.92A   29.564    0.0326      He 1 537.030A   30.235    0.1529
 BFHe       0    28.316    0.0018      nInu 1035.92A   38.185 *********      He 1 522.213A   29.952    0.0796
 TotM       0    28.113    0.0012      nFnu 1000.00A   29.607    0.0360      He 1 515.617A   29.689    0.0434
 H FB       0    29.935    0.0765      nInu 1000.00A   38.250 *********      He 1 512.099A   29.441    0.0246
 HFBc       0    29.935    0.0765      nFnu 925.144A   29.310    0.0182      He 1 625.563A   28.961    0.0081
 Ar 2       0    28.950    0.0079      nInu 925.144A   37.383 2145970.5      TOTL 1.08303m   28.601    0.0035
 Fe 3       0    28.581    0.0034      nFnu 897.800A   32.550   31.5044      He 1 1.08303m   28.601    0.0035
 Ne 2       0    29.348    0.0198      nInu 897.800A   36.330 190002.16      He 1 3888.63A   28.178    0.0013
 S  2       0    28.099    0.0011      nFnu 760.023A   29.432    0.0241      He 1 5875.64A   28.103    0.0011
 S  3       0    28.470    0.0026      nInu 760.023A   35.979 84620.594      Ca B 1.08303m   28.574    0.0033
 Sc 3       0    30.513    0.2899      nFnu 701.514A   29.255    0.0160      Pho+ 3889.00A   29.672    0.0418
 Si 2       0    28.639    0.0039      nInu 701.514A   35.752 50237.879      database lines..................
 Ni 2       0    28.529    0.0030      nInu 608.160A   35.316 18398.285      Al 3 1854.72A   28.834    0.0061
 continua........................      nFnu 575.146A   28.675    0.0042      Al 3 1862.79A   28.542    0.0031
 Bac  3646.00A   31.409    2.2808      nInu 575.146A   35.113 11530.547      Ar 2 6.98337m   28.950    0.0079
 nFnu 3645.00A   31.480    2.6847      nInu 511.948A   34.637 3849.7495      Fe 3 22.9190m   28.461    0.0026
 nFnu 3647.00A   30.657    0.4039      nFnu 496.874A   30.684    0.4297      Mg 1 2852.13A   28.514    0.0029
 cout 3646.00A   31.108    1.1404      nInu 496.874A   33.506  284.9951      Ne 2 12.8101m   29.348    0.0198
 cref 3646.00A   31.108    1.1404      nInu 399.153A   32.100   11.1798      S  2 1259.52A   30.014    0.0918
 thin 3646.00A   31.409    2.2808      RRC.............................      S  2 1253.81A   29.828    0.0598
 Inci 4860.00A   37.163 1292643.0      H  1 911.759A   31.211    1.4465      S  2 1250.58A   29.519    0.0294
 Inci 1215.00A   37.944 7813972.5      H  1 3646.00A   29.800    0.0561      S  2 912.736A   28.908    0.0072
 Ba C       0    30.322    0.1866      H  1 3646.00A   30.206    0.1427      S  2 910.485A   28.961    0.0081
 PA C       0    29.942    0.0777      H  1 8203.58A   29.024    0.0094      S  3 18.7078m   28.280    0.0017
 FIR  83.0000m   31.241    1.5474      H  1 8203.58A   29.482    0.0270      S  3 1190.20A   28.366    0.0021
 TIR  1800.00m   28.091    0.0011      H  1 8203.58A   29.478    0.0267      S  3 1194.45A   28.185    0.0014
 NIRa 2.85000m   36.384 215341.12      H  1 1.45842m   28.487    0.0027      S  3 1194.06A   28.590    0.0035
 NIRb 3.00000m   35.958 80697.312      H  1 1.45842m   28.955    0.0080      S  3 1200.97A   28.530    0.0030
 MIRa 15.0000m   33.929  754.5891      H  1 1.45842m   29.063    0.0103      S  3 1015.50A   28.498    0.0028
 MIRb 22.5000m   33.932  759.3868      H  1 1.45842m   28.834    0.0061      S  3 1012.50A   28.401    0.0022
 NMIR 21.7500m   36.384 215341.12      H  1 2.27878m   28.088    0.0011      S  3 1015.57A   28.296    0.0018
 TFIR 611.250m   29.787    0.0545      H  1 2.27878m   28.557    0.0032      S  3 1021.11A   28.499    0.0028
 TALL 10000.0A   38.153 *********      H  1 2.27878m   28.701    0.0045      S  3 1015.78A   28.274    0.0017
 F12  12.0000m   33.161  128.7197      H  1 2.27878m   28.624    0.0037      S  3 1021.32A   28.774    0.0053
 F25  25.0000m   32.081   10.7230      H  1 2.27878m   28.233    0.0015      Sc 3 3.93446m   30.284    0.1710
 F60  60.0000m   31.183    1.3541      H  1 3.28144m   28.244    0.0016      Sc 3 4.23041m   30.128    0.1193
 F100 100.000m   30.115    0.1159      H  1 3.28144m   28.403    0.0022      Si 2 1190.42A   31.020    0.9312
 MIPS 24.0000m   31.785    5.4175      H  1 3.28144m   28.384    0.0022      Si 2 1193.29A   31.379    2.1288
 MIPS 70.0000m   30.437    0.2430      H  1 3.28144m   28.171    0.0013      Si 2 1194.50A   31.742    4.9032
 MIPS 160.000m   29.293    0.0174      H  1 4.46640m   28.153    0.0013      Si 2 1197.39A   31.094    1.1042
 IRAC 3.60000m   34.192 1384.0197      H  1 4.46640m   28.162    0.0013      Si 2 1260.42A   31.741    4.8970
 IRAC 4.50000m   33.908  719.2645      H  1 11.0293m   28.188    0.0014      Si 2 1264.74A   31.925    7.4859
 IRAC 5.80000m   33.647  394.5045      H  1 13.1258m   28.076    0.0011      Si 2 1265.00A   31.004    0.8980
 IRAC 8.00000m   33.411  229.1326      H  1 56.9694m   28.382    0.0021      Si 2 1304.37A   30.608    0.3601
 SPR1 250.000m   28.853    0.0063      He 1 504.259A   29.391    0.0219      Si 2 1309.28A   30.839    0.6140
 SPR2 350.000m   28.430    0.0024      grains..........................      Si 2 1526.71A   30.603    0.3561
 SPR3 500.000m   28.071    0.0010      H-like iso-sequence.............      Si 2 1533.43A   30.896    0.6998
 PAC1 70.0000m   30.497    0.2790      Ca B 1215.68A   31.423    2.3562      Si 2 1808.01A   29.000    0.0089
 PAC2 100.000m   30.103    0.1127      Q(H) 4861.36A   33.907  718.0034      Si 2 1816.93A   29.090    0.0109
 PAC3 160.000m   29.563    0.0325      Q(H) 1215.68A   35.423 23564.385      Si 2 1817.45A   28.102    0.0011
 PAH  3.30000m   33.415  231.3633      CaBo 4861.36A   29.925    0.0748      Si 2 34.8046m   28.812    0.0058
 PAHC 3.23000m   33.153  126.3834      Ca A 1215.68A   31.310    1.8165      Si 3 1206.50A   30.765    0.5180
 PAHC 3.37000m   33.076  105.8960      Ca A 1025.73A   30.558    0.3213      Al 2 1670.79A   31.223    1.4864
 PAH  6.20000m   33.051   99.8518      Ca A 972.543A   30.130    0.1200      Mg 2 2802.71A   31.177    1.3348
 PAHC 5.65000m   33.196  139.7119      Ca A 949.749A   29.822    0.0590      Mg 2 2795.53A   31.465    2.5941
 PAH  7.90000m   32.925   74.7746      Ca A 937.809A   29.580    0.0338      Mg 2 2936.51A   28.306    0.0018
 PAHC 6.90000m   33.159  128.1569      Ca A 930.754A   29.379    0.0213      Ni 2 6.63416m   28.397    0.0022
 PAH  11.3000m   31.905    7.1352      Ca A 926.231A   29.209    0.0144      level 1 lines...................
 PAHC 10.9000m   31.967    8.2399      Ca A 923.156A   29.061    0.0102      C  2 1335.00A   32.055   10.0949
 PAH  11.8000m   32.052   10.0162      Ca A 920.969A   28.931    0.0076      C  3 977.000A   29.323    0.0187
 PAHC 12.6500m   31.956    8.0340      Ca A 919.357A   28.817    0.0058      N  1 953.900A   28.647    0.0039
 PAH  13.3000m   31.925    7.4839      Ca A 918.135A   28.717    0.0046      N  1 1200.00A   29.811    0.0575
 PAHC 14.1000m   31.824    5.9318      Ca A 917.186A   28.631    0.0038      N  2 6584.00A   28.379    0.0021
 Bcon 3640.00A   38.109 *********      Ca A 916.435A   28.556    0.0032      N  2 1085.00A   31.926    7.5016
 Pcon 5000.00A   37.060 1020817.9      Ca A 915.829A   28.492    0.0028      O  2 833.802A   30.403    0.2249
 HFFc       0    29.401    0.0224      Ca A 915.335A   28.437    0.0024      Fe2c       0    30.001    0.0890
 H FF       0    29.397    0.0222      Ca A 914.925A   28.392    0.0022      Fe 2 4300.00A   28.298    0.0018
 ToFF       0    29.401    0.0224      Ca A 914.582A   28.355    0.0020      Fe 2 2400.00A   31.505    2.8430
 nFnu 122.400m   28.056    0.0010      Ca A 914.292A   28.329    0.0019      Fe 2 1080.00A   29.402    0.0224
 nInu 122.400m   30.256    0.1604      Ca A 914.044A   28.311    0.0018      Fe 2 1500.00A   28.657    0.0040
 nFnu 60.8322m   28.297    0.0018      Ca A 913.831A   28.302    0.0018      Fe 2 1.15000m   28.072    0.0010
 nInu 60.8322m   31.171    1.3163      Ca A 913.647A   28.297    0.0018      Fe 2 2500.00A   29.033    0.0096
 nFnu 41.2152m   28.473    0.0026      Ca A 913.486A   28.295    0.0018      Fe 2 2300.00A   28.771    0.0052
 nInu 41.2152m   31.679    4.2408      Ca A 913.345A   28.294    0.0018      Fe 2 8900.00A   28.481    0.0027
 nFnu 30.8695m   28.583    0.0034      Ca A 6562.85A   30.249    0.1576      Fe 2 25.9812m   29.145    0.0124
 nInu 30.8695m   32.056   10.1048      Ca A 4861.36A   29.752    0.0503      Fe 2 5.33871m   28.414    0.0023
 nFnu 24.7829m   28.667    0.0041      Ca A 4340.49A   29.409    0.0228      Fe 2 1.25668m   29.061    0.0102
 nInu 24.7829m   32.341   19.5029      Ca A 4101.76A   29.147    0.0125      Fe 2 35.3390m   28.637    0.0039
 nFnu 24.2998m   28.674    0.0042      Ca A 3970.09A   28.935    0.0077      Fe 2 1.32055m   28.484    0.0027
 nInu 24.2998m   32.367   20.7032      Ca A 3889.07A   28.757    0.0051      Fe 2 1.37181m   28.260    0.0016
 nFnu 22.8302m   28.701    0.0045      Ca A 3835.40A   28.602    0.0036      Fe 2 1.29427m   28.249    0.0016
 nInu 22.8302m   32.445   24.7653      Ca A 3797.92A   28.465    0.0026      Fe 2 1.27877m   28.066    0.0010
 nFnu 21.4199m   28.721    0.0047      Ca A 3770.65A   28.342    0.0020      Fe 2 17.9310m   29.248    0.0157
 nInu 21.4199m   32.529   30.0673      Ca A 3750.17A   28.232    0.0015      Fe 2 1.64355m   28.988    0.0087
 nFnu 21.1235m   28.726    0.0047      Ca A 3734.39A   28.132    0.0012      Fe 2 1.53347m   28.305    0.0018
 nInu 21.1235m   32.549   31.4434      Ca A 1.87511m   29.512    0.0289      Fe 2 24.5126m   28.646    0.0039
 nFnu 19.6199m   28.758    0.0051      Ca A 1.28181m   29.146    0.0124      Fe 2 1.80940m   28.285    0.0017
 nInu 19.6199m   32.639   38.7440      Ca A 1.09381m   28.866    0.0065      Fe 2 1.67688m   28.165    0.0013
 nFnu 17.6534m   28.804    0.0057      Ca A 1.00494m   28.642    0.0039      Fe 2 1.59948m   28.127    0.0012
 nInu 17.6534m   32.782   53.7781      Ca A 9545.99A   28.455    0.0025      Fe2b 10000.0A   29.630    0.0379
 nFnu 17.3700m   28.808    0.0057      Ca A 9229.03A   28.294    0.0017      Fe2b 1.88900m   28.627    0.0038
 nInu 17.3700m   32.801   56.2361      Ca A 9014.92A   28.153    0.0013      Fe 2 1786.00A   32.053   10.0350
 nFnu 15.6901m   28.838    0.0061      Ca A 4.05116m   28.942    0.0078      recombination...................
 nInu 15.6901m   32.931   75.7471      Ca A 2.62515m   28.662    0.0041      level2 lines....................
 nFnu 14.6036m   28.874    0.0066      Ca A 2.16553m   28.429    0.0024      C  2 892.833A   30.606    0.3584
 nInu 14.6036m   33.021   93.2938      Ca A 1.94456m   28.234    0.0015      C  2 688.791A   29.683    0.0428
 nFnu 12.4300m   28.939    0.0077      Ca A 1.81741m   28.068    0.0010      C  2 1020.18A   31.898    7.0309
 nInu 12.4300m   33.234  152.3980      Ca A 7.45781m   28.470    0.0026      C  2 596.559A   28.723    0.0047
 nFnu 11.4000m   28.961    0.0081      Ca A 4.65250m   28.250    0.0016      C  2 561.959A   28.179    0.0013
 nInu 11.4000m   33.344  196.1882      Ca A 3.73953m   28.053    0.0010      C  2 858.178A   28.917    0.0073
 nFnu 10.4600m   29.009    0.0091      Ca A 12.3685m   28.065    0.0010      N  1 942.258A   28.698    0.0044
 nInu 10.4600m   33.453  252.5061      Ca B 6562.85A   30.399    0.2230      N  1 952.118A   28.632    0.0038
 nFnu 9.48002m   29.033    0.0096      Ca B 4861.36A   29.906    0.0715      N  1 1131.12A   28.641    0.0039
 nInu 9.48002m   33.582  339.7660      Ca B 4340.49A   29.562    0.0324      N  2 532.161A   28.198    0.0014
 nFnu 9.32488m   29.036    0.0097      Ca B 4101.76A   29.300    0.0177      N  2 634.441A   28.801    0.0056
 nInu 9.32488m   33.602  355.2357      Ca B 3970.09A   29.087    0.0108      N  2 907.079A   29.708    0.0454
 nFnu 8.21035m   29.100    0.0112      Ca B 3889.07A   28.907    0.0072      O  1 867.303A   28.324    0.0019
 nInu 8.21035m   33.769  522.2180      Ca B 3835.40A   28.751    0.0050      O  1 976.791A   29.211    0.0145
 nFnu 7.58000m   29.116    0.0116      Ca B 3797.92A   28.615    0.0037      O  1 969.049A   29.589    0.0345
 nInu 7.58000m   33.872  661.8233      Ca B 3770.65A   28.493    0.0028      O  1 946.387A   28.918    0.0074
 nFnu 7.05026m   29.178    0.0134      Ca B 3750.17A   28.384    0.0022      O  1 934.501A   28.788    0.0055
 nInu 7.05026m   33.962  814.1403      Ca B 3734.39A   28.286    0.0017      O  1 973.577A   28.428    0.0024
 nFnu 4.11370m   29.411    0.0229      Ca B 3721.96A   28.198    0.0014      O  1 927.472A   28.209    0.0014
 nInu 4.11370m   34.653 4002.3123      Ca B 3711.99A   28.120    0.0012      O  1 948.506A   28.313    0.0018
 nFnu 2.32440m   29.531    0.0302      Ca B 1.87511m   29.550    0.0315      O  1 935.672A   28.168    0.0013
 nInu 2.32440m   35.377 21187.508      Ca B 1.28181m   29.192    0.0138      O  2 530.819A   28.593    0.0035
 nFnu 1.64313m   29.705    0.0450      Ca B 1.09381m   28.917    0.0073      Ne 1 688.591A   28.459    0.0026
 nInu 1.64313m   35.808 57096.391      Ca B 1.00494m   28.695    0.0044      Mg 2 959.306A   28.737    0.0048
 nFnu 1.48022m   29.678    0.0423      Ca B 9545.99A   28.509    0.0029      Si 2 1179.59A   31.970    8.2930
 nInu 1.48022m   35.939 77184.492      Ca B 9229.03A   28.349    0.0020      Si 2 993.354A   30.965    0.8205
 nFnu 1.43649m   30.124    0.1183      Ca B 9014.92A   28.209    0.0014      Si 2 893.551A   28.692    0.0044
 nInu 1.43649m   35.969 82846.336      Ca B 8862.79A   28.084    0.0011      Si 2 847.623A   28.131    0.0012
 nFnu 1.11867m   29.980    0.0848      Ca B 4.05116m   28.964    0.0082      Si 2 1024.03A   30.113    0.1153
 nInu 1.11867m   36.276 167828.45      Ca B 2.62515m   28.686    0.0043      S  2 750.323A   29.685    0.0430
 nFnu 8329.68A   29.941    0.0776      Ca B 2.16553m   28.455    0.0025      S  2 632.711A   28.461    0.0026
 nInu 8329.68A   36.609 361397.53      Ca B 1.94456m   28.262    0.0016      S  2 888.439A   29.346    0.0197
 nFnu 8078.61A   30.637    0.3856      Ca B 1.81741m   28.097    0.0011      S  3 667.049A   28.074    0.0011
 nInu 8078.61A   36.644 391411.19      Ca B 7.45781m   28.488    0.0027      Ar 1 1095.69A   28.349    0.0020
 nFnu 6209.66A   30.358    0.2026      Ca B 4.65250m   28.268    0.0016      Fe 3 911.104A   28.297    0.0018
 nInu 6209.66A   36.950 791514.25      Ca B 3.73953m   28.072    0.0010      P  2 1307.68A   28.314    0.0018
 nFnu 4885.36A   30.401    0.2238      Ca B 12.3685m   28.083    0.0011      P  2 1154.42A   29.435    0.0242
 nInu 4885.36A   37.219 1471995.2      H  1       0    31.215    1.4575      P  2 967.202A   29.675    0.0420
 nFnu 3704.34A   30.641    0.3890      H  1 1215.68A   33.612  364.1070      P  2 963.828A   30.037    0.0968
 nInu 3704.34A   37.406 2262917.2      H  1 1025.73A   33.060  102.1731      Cl 2 1071.32A   28.136    0.0012
 nFnu 3587.67A   31.425    2.3666      H  1 972.543A   32.450   25.0259      Ti 2 3365.71A   28.356    0.0020
 nInu 3587.67A   37.432 2402030.5      H  1 949.749A   32.351   19.9408      Ti 2 3238.08A   28.214    0.0015
 nFnu 2430.05A   31.037    0.9684      H  1 937.809A   32.049    9.9515      Ti 2 1907.36A   28.094    0.0011
 nInu 2430.05A   37.779 5346944.0      H  1 930.754A   31.629    3.7800      Ti 3 1298.50A   28.319    0.0019
 nFnu 2392.03A   31.049    0.9947      H  1 926.231A   31.185    1.3620      Ti 3 1288.59A   28.453    0.0025
 nInu 2392.03A   37.791 5493042.0      H  1 923.156A   31.028    0.9471      Cr 2 2060.44A   28.947    0.0079
 nFnu 2071.34A   31.166    1.3023      H  1 920.969A   30.609    0.3614      Cr 3 1033.06A   29.075    0.0106
 nInu 2071.34A   37.897 7009574.5      H  1 6562.85A   31.618    3.6919      Cr 3 1035.74A   29.161    0.0129
 nFnu 2052.68A   31.174    1.3254      H  1 4861.36A   31.051    1.0000      Cr 3 924.009A   28.092    0.0011
 nInu 2052.68A   37.879 6730443.0      H  1 4340.49A   30.918    0.7361      Mn 2 2589.74A   29.632    0.0381
 nFnu 1793.44A   31.271    1.6607      H  1 4101.76A   30.616    0.3670      Mn 2 1198.85A   29.409    0.0228
 nInu 1793.44A   37.997 8828296.0      H  1 3970.09A   30.207    0.1431      Mn 2 1162.97A   28.231    0.0015
 nFnu 1585.12A   31.335    1.9230      H  1 3889.07A   29.786    0.0543      Co 2 1470.18A   28.238    0.0015
 nInu 1585.12A   38.022 9354771.0      H  1 3835.40A   29.630    0.0379      Co 3 942.738A   28.066    0.0010
 nFnu 1458.33A   31.349    1.9832      H  1 3797.92A   29.264    0.0163      Ni 2 1751.83A   29.551    0.0316
 nInu 1458.33A   38.114 *********      H  1 1.87511m   30.159    0.1283      Ni 2 1744.24A   29.746    0.0495
 nFnu 1356.96A   31.310    1.8147      H  1 1.28181m   30.064    0.1029      Ni 2 1484.97A   28.988    0.0087
 nInu 1356.96A   38.195 *********      H  1 1.09381m   29.796    0.0555      Ni 2 1472.74A   29.371    0.0209
 nFnu 1297.29A   31.209    1.4397      H  1 1.00494m   29.424    0.0236      Ni 2 1400.37A   29.144    0.0124
 nInu 1297.29A   38.202 *********      H  1 9545.99A   29.051    0.0100      Ni 2 1375.73A   29.761    0.0513
 nFnu 1262.79A   31.023    0.9364      H  1 9229.03A   28.904    0.0071      Ni 2 1324.11A   29.845    0.0623
 nInu 1262.79A   38.207 *********      H  1 9014.92A   28.608    0.0036      Zn 2 2038.17A   28.912    0.0073
 nFnu 1218.08A   31.600    3.5385      H  1 4.05116m   29.433    0.0241      hyperfine structure.............
 nInu 1218.08A   37.942 7783200.5      H  1 2.62515m   29.232    0.0152      inner shell.....................
 nFnu 1196.33A   30.053    0.1004      H  1 2.16553m   28.915    0.0073      molecules.......................
 nInu 1196.33A   38.202 *********      H  1 1.94456m   28.598    0.0035      blends..........................
 nFnu 1175.06A   29.468    0.0261      H  1 1.81741m   28.456    0.0025      Blnd 2798.00A   31.645    3.9288
 nInu 1175.06A   37.899 7052243.5      H  1 1.73621m   28.213    0.0015      Blnd 6720.00A   28.070    0.0010
 nFnu 1143.64A   29.583    0.0341      H  1 7.45781m   28.796    0.0056      Blnd 1256.00A   30.309    0.1809
 nInu 1143.64A   38.211 *********      H  1 4.65250m   28.554    0.0032      Blnd 1198.00A   29.087    0.0109
 nFnu 1113.22A   29.612    0.0364      H  1 3.73953m   28.288    0.0017      Blnd 1860.00A   29.013    0.0092

                                                    Emergent line intensities
 Caution: emergent intensities are not reliable on the first iteration.
 general properties..............      nInu 1064.34A   38.229 *********      Pho+ 3889.00A   29.672    0.0418
 TOTL 4861.36A   31.051    1.0000      nFnu 1035.92A   29.564    0.0326      database lines..................
 TOTL 1215.68A   33.612  364.1070      nInu 1035.92A   38.185 *********      Al 3 1854.72A   28.834    0.0061
 continua........................      nFnu 1000.00A   29.607    0.0360      Al 3 1862.79A   28.542    0.0031
 Bac  3646.00A   31.409    2.2808      nInu 1000.00A   38.250 *********      Ar 2 6.98337m   28.950    0.0079
 nFnu 3645.00A   31.480    2.6847      nFnu 925.144A   29.310    0.0182      Fe 3 22.9190m   28.461    0.0026
 nFnu 3647.00A   30.657    0.4039      nInu 925.144A   37.383 2145970.5      Mg 1 2852.13A   28.514    0.0029
 cout 3646.00A   31.108    1.1404      nFnu 897.800A   32.550   31.5044      Ne 2 12.8101m   29.348    0.0198
 cref 3646.00A   31.108    1.1404      nInu 897.800A   36.330 190002.16      S  2 1259.52A   30.014    0.0918
 thin 3646.00A   31.409    2.2808      nFnu 760.023A   29.432    0.0241      S  2 1253.81A   29.828    0.0598
 Inci 4860.00A   37.163 1292643.0      nInu 760.023A   35.979 84620.594      S  2 1250.58A   29.519    0.0294
 Inci 1215.00A   37.944 7813972.5      nFnu 701.514A   29.255    0.0160      S  2 912.736A   28.908    0.0072
 FIR  83.0000m   31.241    1.5474      nInu 701.514A   35.752 50237.879      S  2 910.485A   28.961    0.0081
 TIR  1800.00m   28.091    0.0011      nInu 608.160A   35.316 18398.285      S  3 18.7078m   28.280    0.0017
 NIRa 2.85000m   36.384 215341.12      nFnu 575.146A   28.675    0.0042      S  3 1190.20A   28.366    0.0021
 NIRb 3.00000m   35.958 80697.312      nInu 575.146A   35.113 11530.547      S  3 1194.45A   28.185    0.0014
 MIRa 15.0000m   33.929  754.5891      nInu 511.948A   34.637 3849.7495      S  3 1194.06A   28.590    0.0035
 MIRb 22.5000m   33.932  759.3868      nFnu 496.874A   30.684    0.4297      S  3 1200.97A   28.530    0.0030
 NMIR 21.7500m   36.384 215341.12      nInu 496.874A   33.506  284.9951      S  3 1015.50A   28.498    0.0028
 TFIR 611.250m   29.787    0.0545      nInu 399.153A   32.100   11.1798      S  3 1012.50A   28.401    0.0022
 TALL 10000.0A   38.153 *********      RRC.............................      S  3 1015.57A   28.296    0.0018
 F12  12.0000m   33.161  128.7197      grains..........................      S  3 1021.11A   28.499    0.0028
 F25  25.0000m   32.081   10.7230      H-like iso-sequence.............      S  3 1015.78A   28.274    0.0017
 F60  60.0000m   31.183    1.3541      Ca B 1215.68A   31.423    2.3562      S  3 1021.32A   28.774    0.0053
 F100 100.000m   30.115    0.1159      Q(H) 4861.36A   33.907  718.0034      Sc 3 3.93446m   30.284    0.1710
 MIPS 24.0000m   31.785    5.4175      Q(H) 1215.68A   35.423 23564.385      Sc 3 4.23041m   30.128    0.1193
 MIPS 70.0000m   30.437    0.2430      CaBo 4861.36A   29.912    0.0725      Si 2 1190.42A   31.020    0.9312
 MIPS 160.000m   29.293    0.0174      Ca A 1215.68A   31.310    1.8165      Si 2 1193.29A   31.379    2.1288
 IRAC 3.60000m   34.192 1384.0197      Ca A 1025.73A   30.558    0.3213      Si 2 1194.50A   31.742    4.9032
 IRAC 4.50000m   33.908  719.2645      Ca A 972.543A   30.130    0.1200      Si 2 1197.39A   31.094    1.1042
 IRAC 5.80000m   33.647  394.5045      Ca A 949.749A   29.822    0.0590      Si 2 1260.42A   31.741    4.8970
 IRAC 8.00000m   33.411  229.1326      Ca A 937.809A   29.580    0.0338      Si 2 1264.74A   31.925    7.4859
 SPR1 250.000m   28.853    0.0063      Ca A 930.754A   29.379    0.0213      Si 2 1265.00A   31.004    0.8980
 SPR2 350.000m   28.430    0.0024      Ca A 926.231A   29.209    0.0144      Si 2 1304.37A   30.608    0.3601
 SPR3 500.000m   28.071    0.0010      Ca A 923.156A   29.061    0.0102      Si 2 1309.28A   30.839    0.6140
 PAC1 70.0000m   30.497    0.2790      Ca A 920.969A   28.931    0.0076      Si 2 1526.71A   30.603    0.3561
 PAC2 100.000m   30.103    0.1127      Ca A 919.357A   28.817    0.0058      Si 2 1533.43A   30.896    0.6998
 PAC3 160.000m   29.563    0.0325      Ca A 918.135A   28.717    0.0046      Si 2 1808.01A   29.000    0.0089
 PAH  3.30000m   33.415  231.3633      Ca A 917.186A   28.631    0.0038      Si 2 1816.93A   29.090    0.0109
 PAHC 3.23000m   33.153  126.3834      Ca A 916.435A   28.556    0.0032      Si 2 1817.45A   28.102    0.0011
 PAHC 3.37000m   33.076  105.8960      Ca A 915.829A   28.492    0.0028      Si 2 34.8046m   28.812    0.0058
 PAH  6.20000m   33.051   99.8518      Ca A 915.335A   28.437    0.0024      Si 3 1206.50A   30.765    0.5180
 PAHC 5.65000m   33.196  139.7119      Ca A 914.925A   28.392    0.0022      Al 2 1670.79A   31.223    1.4864
 PAH  7.90000m   32.925   74.7746      Ca A 914.582A   28.355    0.0020      Mg 2 2802.71A   31.177    1.3348
 PAHC 6.90000m   33.159  128.1569      Ca A 914.292A   28.329    0.0019      Mg 2 2795.53A   31.465    2.5941
 PAH  11.3000m   31.905    7.1352      Ca A 914.044A   28.311    0.0018      Mg 2 2936.51A   28.306    0.0018
 PAHC 10.9000m   31.967    8.2399      Ca A 913.831A   28.302    0.0018      Ni 2 6.63416m   28.397    0.0022
 PAH  11.8000m   32.052   10.0162      Ca A 913.647A   28.297    0.0018      level 1 lines...................
 PAHC 12.6500m   31.956    8.0340      Ca A 913.486A   28.295    0.0018      C  2 1335.00A   32.055   10.0949
 PAH  13.3000m   31.925    7.4839      Ca A 913.345A   28.294    0.0018      C  3 977.000A   29.323    0.0187
 PAHC 14.1000m   31.824    5.9318      Ca A 6562.85A   30.249    0.1576      N  1 953.900A   28.647    0.0039
 Bcon 3640.00A   38.109 *********      Ca A 4861.36A   29.752    0.0503      N  1 1200.00A   29.811    0.0575
 Pcon 5000.00A   37.060 1020817.9      Ca A 4340.49A   29.409    0.0228      N  2 6584.00A   28.379    0.0021
 nFnu 122.400m   28.056    0.0010      Ca A 4101.76A   29.147    0.0125      N  2 1085.00A   31.926    7.5016
 nInu 122.400m   30.256    0.1604      Ca A 3970.09A   28.935    0.0077      O  2 833.802A   30.403    0.2249
 nFnu 60.8322m   28.297    0.0018      Ca A 3889.07A   28.757    0.0051      Fe 2 4300.00A   28.298    0.0018
 nInu 60.8322m   31.171    1.3163      Ca A 3835.40A   28.602    0.0036      Fe 2 2400.00A   31.505    2.8430
 nFnu 41.2152m   28.473    0.0026      Ca A 3797.92A   28.465    0.0026      Fe 2 1080.00A   29.402    0.0224
 nInu 41.2152m   31.679    4.2408      Ca A 3770.65A   28.342    0.0020      Fe 2 1500.00A   28.657    0.0040
 nFnu 30.8695m   28.583    0.0034      Ca A 3750.17A   28.232    0.0015      Fe 2 1.15000m   28.072    0.0010
 nInu 30.8695m   32.056   10.1048      Ca A 3734.39A   28.132    0.0012      Fe 2 2500.00A   29.033    0.0096
 nFnu 24.7829m   28.667    0.0041      Ca A 1.87511m   29.512    0.0289      Fe 2 2300.00A   28.771    0.0052
 nInu 24.7829m   32.341   19.5029      Ca A 1.28181m   29.146    0.0124      Fe 2 8900.00A   28.481    0.0027
 nFnu 24.2998m   28.674    0.0042      Ca A 1.09381m   28.866    0.0065      Fe 2 25.9812m   29.145    0.0124
 nInu 24.2998m   32.367   20.7032      Ca A 1.00494m   28.642    0.0039      Fe 2 5.33871m   28.414    0.0023
 nFnu 22.8302m   28.701    0.0045      Ca A 9545.99A   28.455    0.0025      Fe 2 1.25668m   29.061    0.0102
 nInu 22.8302m   32.445   24.7653      Ca A 9229.03A   28.294    0.0017      Fe 2 35.3390m   28.637    0.0039
 nFnu 21.4199m   28.721    0.0047      Ca A 9014.92A   28.153    0.0013      Fe 2 1.32055m   28.484    0.0027
 nInu 21.4199m   32.529   30.0673      Ca A 4.05116m   28.942    0.0078      Fe 2 1.37181m   28.260    0.0016
 nFnu 21.1235m   28.726    0.0047      Ca A 2.62515m   28.662    0.0041      Fe 2 1.29427m   28.249    0.0016
 nInu 21.1235m   32.549   31.4434      Ca A 2.16553m   28.429    0.0024      Fe 2 1.27877m   28.066    0.0010
 nFnu 19.6199m   28.758    0.0051      Ca A 1.94456m   28.234    0.0015      Fe 2 17.9310m   29.248    0.0157
 nInu 19.6199m   32.639   38.7440      Ca A 1.81741m   28.068    0.0010      Fe 2 1.64355m   28.988    0.0087
 nFnu 17.6534m   28.804    0.0057      Ca A 7.45781m   28.470    0.0026      Fe 2 1.53347m   28.305    0.0018
 nInu 17.6534m   32.782   53.7781      Ca A 4.65250m   28.250    0.0016      Fe 2 24.5126m   28.646    0.0039
 nFnu 17.3700m   28.808    0.0057      Ca A 3.73953m   28.053    0.0010      Fe 2 1.80940m   28.285    0.0017
 nInu 17.3700m   32.801   56.2361      Ca A 12.3685m   28.065    0.0010      Fe 2 1.67688m   28.165    0.0013
 nFnu 15.6901m   28.838    0.0061      Ca B 6562.85A   30.399    0.2230      Fe 2 1.59948m   28.127    0.0012
 nInu 15.6901m   32.931   75.7471      Ca B 4861.36A   29.906    0.0715      Fe2b 10000.0A   29.630    0.0379
 nFnu 14.6036m   28.874    0.0066      Ca B 4340.49A   29.562    0.0324      Fe2b 1.88900m   28.627    0.0038
 nInu 14.6036m   33.021   93.2938      Ca B 4101.76A   29.300    0.0177      Fe 2 1786.00A   32.053   10.0350
 nFnu 12.4300m   28.939    0.0077      Ca B 3970.09A   29.087    0.0108      recombination...................
 nInu 12.4300m   33.234  152.3980      Ca B 3889.07A   28.907    0.0072      level2 lines....................
 nFnu 11.4000m   28.961    0.0081      Ca B 3835.40A   28.751    0.0050      C  2 892.833A   30.606    0.3584
 nInu 11.4000m   33.344  196.1882      Ca B 3797.92A   28.615    0.0037      C  2 688.791A   29.683    0.0428
 nFnu 10.4600m   29.009    0.0091      Ca B 3770.65A   28.493    0.0028      C  2 1020.18A   31.898    7.0309
 nInu 10.4600m   33.453  252.5061      Ca B 3750.17A   28.384    0.0022      C  2 596.559A   28.723    0.0047
 nFnu 9.48002m   29.033    0.0096      Ca B 3734.39A   28.286    0.0017      C  2 561.959A   28.179    0.0013
 nInu 9.48002m   33.582  339.7660      Ca B 3721.96A   28.198    0.0014      C  2 858.178A   28.917    0.0073
 nFnu 9.32488m   29.036    0.0097      Ca B 3711.99A   28.120    0.0012      N  1 942.258A   28.698    0.0044
 nInu 9.32488m   33.602  355.2357      Ca B 1.87511m   29.550    0.0315      N  1 952.118A   28.632    0.0038
 nFnu 8.21035m   29.100    0.0112      Ca B 1.28181m   29.192    0.0138      N  1 1131.12A   28.641    0.0039
 nInu 8.21035m   33.769  522.2180      Ca B 1.09381m   28.917    0.0073      N  2 532.161A   28.198    0.0014
 nFnu 7.58000m   29.116    0.0116      Ca B 1.00494m   28.695    0.0044      N  2 634.441A   28.801    0.0056
 nInu 7.58000m   33.872  661.8233      Ca B 9545.99A   28.509    0.0029      N  2 907.079A   29.708    0.0454
 nFnu 7.05026m   29.178    0.0134      Ca B 9229.03A   28.349    0.0020      O  1 867.303A   28.324    0.0019
 nInu 7.05026m   33.962  814.1403      Ca B 9014.92A   28.209    0.0014      O  1 976.791A   29.211    0.0145
 nFnu 4.11370m   29.411    0.0229      Ca B 8862.79A   28.084    0.0011      O  1 969.049A   29.589    0.0345
 nInu 4.11370m   34.653 4002.3123      Ca B 4.05116m   28.964    0.0082      O  1 946.387A   28.918    0.0074
 nFnu 2.32440m   29.531    0.0302      Ca B 2.62515m   28.686    0.0043      O  1 934.501A   28.788    0.0055
 nInu 2.32440m   35.377 21187.508      Ca B 2.16553m   28.455    0.0025      O  1 973.577A   28.428    0.0024
 nFnu 1.64313m   29.705    0.0450      Ca B 1.94456m   28.262    0.0016      O  1 927.472A   28.209    0.0014
 nInu 1.64313m   35.808 57096.391      Ca B 1.81741m   28.097    0.0011      O  1 948.506A   28.313    0.0018
 nFnu 1.48022m   29.678    0.0423      Ca B 7.45781m   28.488    0.0027      O  1 935.672A   28.168    0.0013
 nInu 1.48022m   35.939 77184.492      Ca B 4.65250m   28.268    0.0016      O  2 530.819A   28.593    0.0035
 nFnu 1.43649m   30.124    0.1183      Ca B 3.73953m   28.072    0.0010      Ne 1 688.591A   28.459    0.0026
 nInu 1.43649m   35.969 82846.336      Ca B 12.3685m   28.083    0.0011      Mg 2 959.306A   28.737    0.0048
 nFnu 1.11867m   29.980    0.0848      H  1 1215.68A   33.612  364.1070      Si 2 1179.59A   31.970    8.2930
 nInu 1.11867m   36.276 167828.45      H  1 1025.73A   33.060  102.1731      Si 2 993.354A   30.965    0.8205
 nFnu 8329.68A   29.941    0.0776      H  1 972.543A   32.450   25.0259      Si 2 893.551A   28.692    0.0044
 nInu 8329.68A   36.609 361397.53      H  1 949.749A   32.351   19.9408      Si 2 847.623A   28.131    0.0012
 nFnu 8078.61A   30.637    0.3856      H  1 937.809A   32.049    9.9515      Si 2 1024.03A   30.113    0.1153
 nInu 8078.61A   36.644 391411.19      H  1 930.754A   31.629    3.7800      S  2 750.323A   29.685    0.0430
 nFnu 6209.66A   30.358    0.2026      H  1 926.231A   31.185    1.3620      S  2 632.711A   28.461    0.0026
 nInu 6209.66A   36.950 791514.25      H  1 923.156A   31.028    0.9471      S  2 888.439A   29.346    0.0197
 nFnu 4885.36A   30.401    0.2238      H  1 920.969A   30.609    0.3614      S  3 667.049A   28.074    0.0011
 nInu 4885.36A   37.219 1471995.2      H  1 6562.85A   31.618    3.6919      Ar 1 1095.69A   28.349    0.0020
 nFnu 3704.34A   30.641    0.3890      H  1 4861.36A   31.051    1.0000      Fe 3 911.104A   28.297    0.0018
 nInu 3704.34A   37.406 2262917.2      H  1 4340.49A   30.918    0.7361      P  2 1307.68A   28.314    0.0018
 nFnu 3587.67A   31.425    2.3666      H  1 4101.76A   30.616    0.3670      P  2 1154.42A   29.435    0.0242
 nInu 3587.67A   37.432 2402030.5      H  1 3970.09A   30.207    0.1431      P  2 967.202A   29.675    0.0420
 nFnu 2430.05A   31.037    0.9684      H  1 3889.07A   29.786    0.0543      P  2 963.828A   30.037    0.0968
 nInu 2430.05A   37.779 5346944.0      H  1 3835.40A   29.630    0.0379      Cl 2 1071.32A   28.136    0.0012
 nFnu 2392.03A   31.049    0.9947      H  1 3797.92A   29.264    0.0163      Ti 2 3365.71A   28.356    0.0020
 nInu 2392.03A   37.791 5493042.0      H  1 1.87511m   30.159    0.1283      Ti 2 3238.08A   28.214    0.0015
 nFnu 2071.34A   31.166    1.3023      H  1 1.28181m   30.064    0.1029      Ti 2 1907.36A   28.094    0.0011
 nInu 2071.34A   37.897 7009574.5      H  1 1.09381m   29.796    0.0555      Ti 3 1298.50A   28.319    0.0019
 nFnu 2052.68A   31.174    1.3254      H  1 1.00494m   29.424    0.0236      Ti 3 1288.59A   28.453    0.0025
 nInu 2052.68A   37.879 6730443.0      H  1 9545.99A   29.051    0.0100      Cr 2 2060.44A   28.947    0.0079
 nFnu 1793.44A   31.271    1.6607      H  1 9229.03A   28.904    0.0071      Cr 3 1033.06A   29.075    0.0106
 nInu 1793.44A   37.997 8828296.0      H  1 9014.92A   28.608    0.0036      Cr 3 1035.74A   29.161    0.0129
 nFnu 1585.12A   31.335    1.9230      H  1 4.05116m   29.433    0.0241      Cr 3 924.009A   28.092    0.0011
 nInu 1585.12A   38.022 9354771.0      H  1 2.62515m   29.232    0.0152      Mn 2 2589.74A   29.632    0.0381
 nFnu 1458.33A   31.349    1.9832      H  1 2.16553m   28.915    0.0073      Mn 2 1198.85A   29.409    0.0228
 nInu 1458.33A   38.114 *********      H  1 1.94456m   28.598    0.0035      Mn 2 1162.97A   28.231    0.0015
 nFnu 1356.96A   31.310    1.8147      H  1 1.81741m   28.456    0.0025      Co 2 1470.18A   28.238    0.0015
 nInu 1356.96A   38.195 *********      H  1 1.73621m   28.213    0.0015      Co 3 942.738A   28.066    0.0010
 nFnu 1297.29A   31.209    1.4397      H  1 7.45781m   28.796    0.0056      Ni 2 1751.83A   29.551    0.0316
 nInu 1297.29A   38.202 *********      H  1 4.65250m   28.554    0.0032      Ni 2 1744.24A   29.746    0.0495
 nFnu 1262.79A   31.023    0.9364      H  1 3.73953m   28.288    0.0017      Ni 2 1484.97A   28.988    0.0087
 nInu 1262.79A   38.207 *********      H  1 3.29609m   28.147    0.0012      Ni 2 1472.74A   29.371    0.0209
 nFnu 1218.08A   31.600    3.5385      H  1 12.3685m   28.272    0.0017      Ni 2 1400.37A   29.144    0.0124
 nInu 1218.08A   37.942 7783200.5      H  1 7.50043m   28.057    0.0010      Ni 2 1375.73A   29.761    0.0513
 nFnu 1196.33A   30.053    0.1004      He-like iso-sequence............      Ni 2 1324.11A   29.845    0.0623
 nInu 1196.33A   38.202 *********      Hlin 506.000A   28.160    0.0013      Zn 2 2038.17A   28.912    0.0073
 nFnu 1175.06A   29.468    0.0261      He 1 584.334A   30.867    0.6551      hyperfine structure.............
 nInu 1175.06A   37.899 7052243.5      He 1 537.030A   30.235    0.1529      inner shell.....................
 nFnu 1143.64A   29.583    0.0341      He 1 522.213A   29.952    0.0796      molecules.......................
 nInu 1143.64A   38.211 *********      He 1 515.617A   29.689    0.0434      blends..........................
 nFnu 1113.22A   29.612    0.0364      He 1 512.099A   29.441    0.0246      Blnd 2798.00A   31.645    3.9288
 nInu 1113.22A   38.277 *********      He 1 625.563A   28.961    0.0081      Blnd 6720.00A   28.070    0.0010
 nFnu 1103.23A   29.679    0.0424      TOTL 1.08303m   28.601    0.0035      Blnd 1256.00A   30.309    0.1809
 nInu 1103.23A   38.283 *********      He 1 1.08303m   28.601    0.0035      Blnd 1198.00A   29.087    0.0109
 nFnu 1073.86A   29.635    0.0383      He 1 3888.63A   28.178    0.0013      Blnd 1860.00A   29.013    0.0092
 nInu 1073.86A   38.274 *********      He 1 5875.64A   28.103    0.0011
 nFnu 1064.34A   29.599    0.0353      Ca B 1.08303m   28.574    0.0033



  Spectrum of Orion star iotaB using Tlusty  
 Cooling:  HFBc       0 :0.146 Fe2c       0 :0.170  
 Heating:  BFH1       0 :0.989  

 These are some of the most important databases used by Cloudy:
 Many recombination coefficients were taken from http://amdpp.phys.strath.ac.uk/tamoc/RR/ and http://amdpp.phys.strath.ac.uk/tamoc/DR/
      and are based on the following papers:
        Badnell N. R., et al., A&A 406, 1151 (2003) [http://adsabs.harvard.edu/abs/2003A%26A...406.1151B]
        Badnell N. R., ApJS 167, 334 (2006) [http://adsabs.harvard.edu/abs/2006ApJS..167..334B]
 Much of the molecular emission data is from LAMDA as accessed on Dec. 18, 2010. This database is described in:
        Schoeier F.L., et al., A&A 432, 369 (2005) [http://adsabs.harvard.edu/abs/2005A%26A...432..369S]
      This database is in part based on the work of the following groups:
        JPL: Pickett H. M. et al., JQSRT, 60, 883 (1998). [http://adsabs.harvard.edu/abs/1998JQSRT..60..883P]
        CDMS: Mueller H. S. et al., A&A 370, L49 (2001). [http://adsabs.harvard.edu/abs/2001A%26A...370L..49M]
              Mueller H. S. et al., J. Mol. Struct. 742, 215 (2005). [http://adsabs.harvard.edu/abs/2005JMoSt.742..215M]
 Much of the ionic emission data is from version 7.1 of CHIANTI. CHIANTI is a collaborative project involving the NRL (USA), the
      Universities of Florence (Italy) and Cambridge (UK), and George Mason University (USA). These papers describe Chianti:
        Dere K. P., et al., A&AS, 125, 149 (1997) [http://adsabs.harvard.edu/abs/1997A%26AS..125..149D]
        Landi E., et al., ApJ, 744, 99 (2012) [http://adsabs.harvard.edu/abs/2012ApJ...744...99L]
 Much of the H_2 data is from this web site: http://molat.obspm.fr/index.php?page=pages/Molecules/H2/H2can94.php. These data are
      described in:
        Abgrall H. et al., Can. J. Phys., 72, 856 (1994) [http://adsabs.harvard.edu/abs/1994CaJPh..72..856A]
        Wrathmall S. A. & Flower D. R., J. Phys. B, 40, 3221 (2007) [http://adsabs.harvard.edu/abs/2007JPhB...40.3221W]
 Please cite those papers that played a significant role in this calculation.

 IONIZE PARMET:  U(1-) -3.3659  U(4-):-37.0000  U(sp): -3.37  Q(ion):   46.210  L(ion) 35.609    Q(low): 49.160    L(low) 38.151
 ENERGY BUDGET:  Heat:  30.770  Coolg:  30.770  Error:  0.0%  Rec Lin:  31.696  F-F  H  0.000    P(rad/tot)max     2.08E-04    R(F Con):1.737e+05

     Col(Heff):      0.000E+00  snd travl time  3.34E+05 sec  Te-low: 3.29E+03  Te-hi: 3.29E+03  G0TH85: 5.03E+05  G0DB96:5.36E+05
  Emiss Measure    n(e)n(p) dl       2.068E+19  n(e)n(He+)dl         1.410E+17  En(e)n(He++) dl         0.000E+00  ne nC+:5.12E+15
 He/Ha:8.33E-04  =   0.01*true  Lthin:3.35E+04  itr/zn:14.00  H2 itr/zn:  0.00  File Opacity: F  MassTot 6.29e+26  (gm)
   Temps(21 cm)   T(21cm/Ly a)  4.37E+03        T(<nH/Tkin>)  3.29E+03          T(<nH/Tspin>)    3.58E+03          TB21cm:0.00E+00
                   N(H0/Tspin)  8.77E+09        N(OH/Tkin)    6.64E-05          B(21cm)          0.00E+00
   <a>:5.26E-04  erdeFe0.0E+00  Tcompt1.32E+06  Tthr6.43E+07  <Tden>: 3.29E+03  <dens>:2.37E-20  <MolWgt>6.81E-01
     Mean Jeans  l(cm)2.82E+19  M(sun)1.41E+05  smallest:     len(cm):2.82E+19  M(sun):1.41E+05  a_ox tran:  0.00
 Rion:1.000E+17  Dist:0.00E+00  Diam:0.000E+00
 Hatom level 70  HatomType: add  HInducImp  F  He tot level: 63  He2 level:   70  ExecTime    10.1
 ConvrgError(%)  <eden>  0.007  MaxEden  0.007  <H-C>   0.03  Max(H-C)    0.03  <Press>   0.000  MaxPrs er  0.000
  Continuity(%)  chng Te   0.0  elec den   0.0  n(H2)    0.0  n(CO)        0.0

                                                        Averaged Quantities
             Te      Te(Ne)   Te(NeNp)  Te(NeHe+)Te(NeHe2+) Te(NeO+)  Te(NeO2+)  Te(H2)     N(H)     Ne(O2+)   Ne(Np)
 Radius:  3.29e+03  3.29e+03  3.29e+03  3.29e+03  0.00e+00  3.29e+03  3.29e+03  3.29e+03  1.00e+04  9.93e+03  9.93e+03
 
 Peimbert T(OIIIr)3.31E+03 T(Bac)0.00E+00 T(Hth)3.27E+03 t2(Hstrc) 0.00e+00 T(O3-BAC)3.28E+03 t2(O3-BC) 7.04e-04 t2(O3str) 0.00e+00

 Contin Optical Depths: COMP: 1.40e-09    H-: 1.13e-11 R(1300): 2.10e-10  H2+: 3.90e-13  Pfa:1.40E-09
                          Pa: 1.40e-09    Ba: 1.41e-09      Hb: 1.40e-09   La: 4.54e-07     1r:1.983E-04  1.8:1.50E-03 4.:1.000E-20

 Old, new H  1 continuum optical depths:
     1 9.97e+07     2 1.00e-20     3 1.00e-20     4 1.00e-20     5 1.00e-20     6 1.00e-20     7 1.00e-20     8 1.00e-20
     9 1.00e-20    10 1.00e-20    11 1.00e-20    12 1.00e-20    13 1.00e-20    14 1.00e-20    15 1.00e-20    16 1.00e-20
    17 1.00e-20    18 1.00e-20    19 1.00e-20    20 1.00e-20    21 1.00e-20    22 1.00e-20    23 1.00e-20    24 1.00e-20
    25 1.00e-20    26 1.00e-20    27 1.00e-20    28 1.00e-20    29 1.00e-20    30 1.00e-20    31 1.00e-20    32 1.00e-20
    33 1.00e-20    34 1.00e-20    35 1.00e-20    36 1.00e-20    37 1.00e-20    38 1.00e-20    39 1.00e-20    40 1.00e-20
    41 1.00e-20    42 1.00e-20    43 1.00e-20    44 1.00e-20    45 1.00e-20    46 1.00e-20    47 1.00e-20    48 1.00e-20
    49 1.00e-20    50 1.00e-20    51 1.00e-20    52 1.00e-20    53 1.00e-20    54 1.00e-20
     1 1.98e-04     2 2.00e-11     3 1.13e-11     4 1.13e-11     5 1.13e-11     6 2.82e-12     7 2.82e-12     8 2.82e-12
     9 2.82e-12    10 4.63e-16    11 4.63e-16    12 4.63e-16    13 4.63e-16    14 4.63e-16    15 7.26e-16    16 7.26e-16
    17 7.26e-16    18 7.26e-16    19 7.26e-16    20 7.26e-16    21 1.23e-15    22 1.23e-15    23 1.23e-15    24 1.23e-15
    25 1.23e-15    26 1.23e-15    27 1.23e-15    28 2.21e-15    29 2.21e-15    30 2.21e-15    31 2.21e-15    32 2.21e-15
    33 2.21e-15    34 2.21e-15    35 2.21e-15    36 3.95e-15    37 3.95e-15    38 3.95e-15    39 3.95e-15    40 3.95e-15
    41 3.95e-15    42 3.95e-15    43 3.95e-15    44 3.95e-15    45 6.70e-15    46 6.70e-15    47 6.70e-15    48 6.70e-15
    49 6.70e-15    50 6.70e-15    51 6.70e-15    52 6.70e-15    53 6.70e-15    54 6.70e-15

 Old, new H  1 mean line optical depths:
  2- 1 1.61e+20  3- 2 5.17e-02  4- 3 1.77e-20  5- 4 1.77e-20  6- 5 1.77e-20  7- 6 1.77e-20  8- 7 1.77e-20
  9- 8 1.77e-20 10- 9 1.77e-20
  2- 1 7.49e+00  3- 2 9.96e-07  4- 3 2.20e-11  5- 4 1.70e-11  6- 5 4.94e-11  7- 6 7.33e-11  8- 7 7.15e-11
  9- 8 5.86e-11 10- 9 9.84e-11

 Old, new He 2 continuum optical depths:
     1 3.44e+06     2 9.86e+07     3 1.00e-20     4 1.00e-20     5 1.00e-20     6 1.00e-20     7 1.00e-20     8 1.00e-20
     9 1.00e-20    10 1.00e-20    11 1.00e-20    12 1.00e-20    13 1.00e-20    14 1.00e-20    15 1.00e-20    16 1.00e-20
    17 1.00e-20    18 1.00e-20    19 1.00e-20    20 1.00e-20    21 1.00e-20    22 1.00e-20    23 1.00e-20    24 1.00e-20
    25 1.00e-20    26 1.00e-20    27 1.00e-20    28 1.00e-20    29 1.00e-20    30 1.00e-20    31 1.00e-20    32 1.00e-20
    33 1.00e-20    34 1.00e-20    35 1.00e-20    36 1.00e-20    37 1.00e-20    38 1.00e-20    39 1.00e-20    40 1.00e-20
    41 1.00e-20    42 1.00e-20    43 1.00e-20    44 1.00e-20    45 1.00e-20    46 1.00e-20    47 1.00e-20    48 1.00e-20
    49 1.00e-20    50 1.00e-20    51 1.00e-20    52 1.00e-20    53 1.00e-20    54 1.00e-20
     1 1.00e-20     2 1.96e-04     3 7.76e-10     4 7.76e-10     5 7.76e-10     6 2.00e-11     7 2.00e-11     8 2.00e-11
     9 2.00e-11    10 9.20e-12    11 9.20e-12    12 9.20e-12    13 9.20e-12    14 9.20e-12    15 1.13e-11    16 1.13e-11
    17 1.13e-11    18 1.13e-11    19 1.13e-11    20 1.13e-11    21 9.58e-12    22 9.58e-12    23 9.58e-12    24 9.58e-12
    25 9.58e-12    26 9.58e-12    27 9.58e-12    28 2.82e-12    29 2.82e-12    30 2.82e-12    31 2.82e-12    32 2.82e-12
    33 2.82e-12    34 2.82e-12    35 2.82e-12    36 2.75e-16    37 2.75e-16    38 2.75e-16    39 2.75e-16    40 2.75e-16
    41 2.75e-16    42 2.75e-16    43 2.75e-16    44 2.75e-16    45 4.63e-16    46 4.63e-16    47 4.63e-16    48 4.63e-16
    49 4.63e-16    50 4.63e-16    51 4.63e-16    52 4.63e-16    53 4.63e-16    54 4.63e-16

 Old, new He 2 mean line optical depths:
  2- 1 1.61e+19  3- 2 5.17e-03  4- 3 1.77e-20  5- 4 1.77e-20  6- 5 1.77e-20  7- 6 1.77e-20  8- 7 1.77e-20
  9- 8 1.77e-20 10- 9 1.77e-20
  2- 1 1.77e+00  3- 2 1.77e-20  4- 3 8.86e-21  5- 4 8.86e-21  6- 5 8.86e-21  7- 6 8.86e-21  8- 7 8.86e-21
  9- 8 8.86e-21 10- 9 8.86e-21

 Old He Is optical depths:    1 2.38e+07    2 1.00e-20    3 1.00e-20    4 1.00e-20    5 1.00e-20
 New He Is optical depths:    1 1.50e-03    2 9.98e-10    3 1.51e-11    4 1.80e-11    5 1.80e-11
          Old He Is Lines:  584 3.54e-20 3889 3.54e-20 5016 3.54e-20 5876 3.54e-20
          New He Is Lines:  584 2.28e+01 3889 3.24e-05 5016 3.82e-10 5876 3.54e-14

==== H      compounds ====           Log10 column densities [cm^-2]
   H2        :  0.107   H2*       :  2.734   H2+       :  4.746   H3+       : -8.327
==== D      compounds ====
   HD        : -1.505   HD*       : -1.530   HD+       : -0.032   H2D+      : -8.908   D2        : -6.026   D2+       : -5.314   HD2+      :-14.792   D3+       :-19.990
==== He     compounds ====
   HeH+      :  5.258   HeD+      : -0.362
==== Li     compounds ====
   LiH       : -7.933   LiH+      : -4.692   LiD       :-12.778   LiD+      : -9.475
==== C      compounds ====
   CH        : -3.766   CH+       :  0.322   CH2       :-16.331   CH2+      :-12.850   CH3       :-26.658   CH3+      :-28.075   CH4       :-35.930   CH4+      :-35.930
   CH5+      :-35.930   CD        : -8.556   CD+       : -4.461   CHD       :-19.238   CHD+      :-14.610   CH2D      :-30.479   CH2D+     :-31.655   CH3D      :-35.930
   CH3D+     :-35.930   CH4D+     :-35.930   C2        : -9.250   C2+       : -6.316   C2H       :-20.009   C2H+      :-21.141   C2H2      :-32.777   C2H2+     :-31.974
   C2H3+     :-35.930   C2D       :-24.806   C2D+      :-24.099   C2HD      :-35.930   C2HD+     :-35.930   C2H2D+    :-35.930   C3        :-35.930   C3+       :-25.482
   C3H       :-35.930   C3H+      :-35.930   C3D       :-35.930   C3D+      :-35.930
==== N      compounds ====
   NH        : -2.034   NH+       : -2.202   NH2       :-14.196   NH2+      :-14.580   NH3       :-25.756   NH3+      :-26.909   NH4+      :-35.930   ND        : -6.848
   ND+       : -6.486   NHD       :-18.924   NHD+      :-19.217   NH2D      :-30.478   NH2D+     :-31.872   NH3D+     :-35.930   CN        : -8.291   CN+       : -7.600
   HCN       :-20.825   HCN+      :-19.499   HNC       :-24.930   HCNH+     :-35.930   DCN       :-25.646   DCN+      :-23.250   DNC       :-28.090   DCNH+     :-35.930
   HCND+     :-35.930   HC3N      :-35.930   DC3N      :-35.930   N2        : -7.894   N2+       : -4.302   N2H+      :-32.656   N2D+      :-33.338
==== O      compounds ====
   OH        : -0.661   OH+       : -0.829   H2O       :-12.932   H2O+      :-13.311   H3O+      :-25.096   OD        : -5.492   OD+       : -5.167   HDO       :-17.719
   HDO+      :-17.895   H2DO+     :-29.878   CO        : -4.962   CO+       : -3.443   HCO+      :-11.704   H2CO      :-35.930   CH3OH     :-35.930   DCO+      :-16.494
   HDCO      :-35.930   CH2DOH    :-35.930   CH3OD     :-35.930   ^13CO     : -6.439   NO        : -9.246   NO+       : -8.020   HNO       :-20.458   HNO+      :-21.586
   DNO       :-24.979   DNO+      :-26.302   OCN       :-24.966   OCN+      :-24.711   N2O       :-26.761   O2        : -4.806   O2+       : -5.576   NO2       :-29.368
   NO2+      :-25.385
==== Ne     compounds ====
   NeH+      : -0.656   NeD+      : -6.156
==== Si     compounds ====
   SiH       :-15.352   SiH2+     :-15.076   SiD       :-17.087   SiHD+     :-16.803   SiC2      :-35.930   SiN       :-22.851   SiN+      : -8.297   SiO       : -7.544
   SiO+      : -3.975   SiOH+     :-19.997   SiOD+     :-23.171
==== S      compounds ====
   HS        :-12.296   HS+       : -7.644   DS        :-14.089   DS+       : -9.267   CS        :-12.734   CS+       : -8.934   HCS+      :-23.044   DCS+      :-24.855
   NS        :-13.453   NS+       : -8.782   SO        :-13.445   SO+       : -7.422   OCS       :-25.910   OCS+      :-26.694   SO2       :-35.930   S2        :-26.161
   S2+       :-27.468
==== Cl     compounds ====
   HCl       :-26.226   HCl+      : -8.570   H2Cl+     :-25.607   DCl       :-27.905   DCl+      :-10.193   HDCl+     :-26.986   CCl       :-35.930   CCl+      :-31.742
   H2CCl+    :-35.930   HDCCl+    :-35.930   ClO       :-35.930   ClO+      :-35.930
==== Ar     compounds ====
   ArH+      : -1.135   ArD+      : -5.470
==== Ti     compounds ====
   TiH       :-35.930   TiH+      :-35.930   TiH2      :-35.930   TiH2+     :-35.930   TiD       :-35.930   TiD+      :-35.930   TiHD      :-35.930   TiHD+     :-35.930
   TiC       :-35.930   TiC+      :-35.930   HCTi      :-35.930   HCTi+     :-35.930   DCTi      :-35.930   DCTi+     :-35.930   TiC2      :-35.930   TiC2+     :-35.930
   TiN       :-35.930   TiN+      :-35.930   HNTi      :-35.930   HNTi+     :-35.930   DNTi      :-35.930   DNTi+     :-35.930   TiNC      :-35.930   TiNC+     :-35.930
   TiO       :-35.930   TiO+      :-35.930   TiOH+     :-35.930   TiOD+     :-35.930   TiO2      :-35.930   TiF+      :-35.930   TiS       :-35.930   TiS+      :-35.930
   HTiS      :-35.930   DTiS      :-35.930


               1      2      3      4      5      6      7      8      9     10     11     12     13     14     15     16     17

 Hydrogen   13.496 15.319  2.735 (H2)                Log10 Column density (cm^-2)
 Helium     14.295 13.152-30.000
 Lithium     2.472  6.635-30.000-30.000
 Beryllium   1.052  4.555  4.294-30.000-30.000
 Boron       1.593  6.115  3.285-30.000-30.000-30.000
 Carbon      7.485 11.713  9.250-30.000-30.000-30.000-30.000
 Nitrogen    9.072 11.252  7.160-30.000-30.000-30.000-30.000-30.000
 Oxygen     10.288 12.007  6.403-30.000-30.000-30.000-30.000-30.000-30.000
 Fluorine    6.471  7.784  2.554-30.000-30.000-30.000-30.000-30.000-30.000-30.000
 Neon       10.767 11.184  4.548-30.000-30.000-30.000-30.000-30.000-30.000-30.000-30.000
 Sodium      6.638  9.655  1.262-30.000-30.000-30.000-30.000-30.000-30.000-30.000-30.000-30.000
 Magnesium   7.217 10.654 10.451-30.000-30.000-30.000-30.000-30.000-30.000-30.000-30.000-30.000-30.000
 Aluminium   4.892  9.788  7.962-30.000-30.000-30.000-30.000-30.000-30.000-30.000-30.000-30.000-30.000-30.000
 Silicon     6.227 10.840  9.617-30.000-30.000-30.000-30.000-30.000-30.000-30.000-30.000-30.000-30.000-30.000-30.000
 Phosphorus  4.441  8.810  7.477-30.000-30.000-30.000-30.000-30.000-30.000-30.000-30.000-30.000-30.000-30.000-30.000-30.000
 Sulphur     5.843 10.556  9.464-30.000-30.000-30.000-30.000-30.000-30.000-30.000-30.000-30.000-30.000-30.000-30.000-30.000-30.000
 Chlorine    4.618  8.592  7.113-30.000-30.000-30.000-30.000-30.000-30.000-30.000-30.000-30.000-30.000-30.000-30.000-30.000-30.000
-30.000
 Argon       7.559  9.704  8.330-30.000-30.000-30.000-30.000-30.000-30.000-30.000-30.000-30.000-30.000-30.000-30.000-30.000-30.000
-30.000-30.000
 Potassium   4.582  8.446  4.225-30.000-30.000-30.000-30.000-30.000-30.000-30.000-30.000-30.000-30.000-30.000-30.000-30.000-30.000
-30.000-30.000-30.000
 Calcium     3.317  7.711  9.680-30.000-30.000-30.000-30.000-30.000-30.000-30.000-30.000-30.000-30.000-30.000-30.000-30.000-30.000
-30.000-30.000-30.000-30.000
 Scandium    0.522  4.953  6.482  3.887-30.000-30.000-30.000-30.000-30.000-30.000-30.000-30.000-30.000-30.000-30.000-30.000-30.000
-30.000-30.000-30.000-30.000-30.000
 Titanium    3.466  7.838  8.185  4.645-30.000-30.000-30.000-30.000-30.000-30.000-30.000-30.000-30.000-30.000-30.000-30.000-30.000
-30.000-30.000-30.000-30.000-30.000-30.000
 Vanadium    2.605  6.317  7.280  2.654-30.000-30.000-30.000-30.000-30.000-30.000-30.000-30.000-30.000-30.000-30.000-30.000-30.000
-30.000-30.000-30.000-30.000-30.000-30.000-30.000
 Chromium    3.650  8.320  8.892  3.681-30.000-30.000-30.000-30.000-30.000-30.000-30.000-30.000-30.000-30.000-30.000-30.000-30.000
-30.000-30.000-30.000-30.000-30.000-30.000-30.000-30.000
 Manganese   4.786  8.636  8.246-30.000-30.000-30.000-30.000-30.000-30.000-30.000-30.000-30.000-30.000-30.000-30.000-30.000-30.000
-30.000-30.000-30.000-30.000-30.000-30.000-30.000-30.000-30.000
 Iron        6.300 10.706  9.942  5.202-30.000-30.000-30.000-30.000-30.000-30.000-30.000-30.000-30.000-30.000-30.000-30.000-30.000
-30.000-30.000-30.000-30.000-30.000-30.000-30.000-30.000-30.000-30.000
 Cobalt      4.571  7.874  8.004  2.685-30.000-30.000-30.000-30.000-30.000-30.000-30.000-30.000-30.000-30.000-30.000-30.000-30.000
-30.000-30.000-30.000-30.000-30.000-30.000-30.000-30.000-30.000-30.000-30.000
 Nickel      5.614  9.387  9.121-30.000-30.000-30.000-30.000-30.000-30.000-30.000-30.000-30.000-30.000-30.000-30.000-30.000-30.000
-30.000-30.000-30.000-30.000-30.000-30.000-30.000-30.000-30.000-30.000-30.000-30.000
 Copper      3.057  7.025  7.374-30.000-30.000-30.000-30.000-30.000-30.000-30.000-30.000-30.000-30.000-30.000-30.000-30.000-30.000
-30.000-30.000-30.000-30.000-30.000-30.000-30.000-30.000-30.000-30.000-30.000-30.000-30.000
 Zinc        4.713  7.911  6.424-30.000-30.000-30.000-30.000-30.000-30.000-30.000-30.000-30.000-30.000-30.000-30.000-30.000-30.000
-30.000-30.000-30.000-30.000-30.000-30.000-30.000-30.000-30.000-30.000-30.000-30.000-30.000-30.000
 Exc state    He1*  8.255   CII* 11.532   C11*  6.536   C12*  7.010   C13*  7.227   O11* 10.162   O12*  9.518   O13*  9.204
              Si2*-35.930   C30* -1.775   C31* -2.526   C32* -1.488


 Hydrogen   -1.829 -0.006-12.289 (H2)                 Log10 Mean Ionisation (over radius)
 Helium     -0.030 -1.173
 Lithium    -4.163 -0.000
 Beryllium  -3.693 -0.190 -0.451
 Boron      -4.522 -0.001 -2.831
 Carbon     -4.229 -0.002 -2.464
 Nitrogen   -2.183 -0.003 -4.095
 Oxygen     -1.727 -0.008 -5.612
 Fluorine   -1.334 -0.021 -5.251
 Neon       -0.558 -0.141 -6.777
 Sodium     -3.018 -0.000 -8.393
 Magnesium  -3.648 -0.212 -0.414
 Aluminium  -4.903 -0.006 -1.833
 Silicon    -4.638 -0.025 -1.248
 Phosphorus -4.389 -0.020 -1.354
 Sulphur    -4.747 -0.034 -1.126
 Chlorine   -3.988 -0.014 -1.493
 Argon      -2.166 -0.021 -1.395
 Potassium  -3.864 -0.000 -4.221
 Calcium    -6.368 -1.974 -0.005
 Scandium   -5.973 -1.542 -0.014 -2.608
 Titanium   -4.880 -0.508 -0.161 -3.701
 Vanadium   -4.720 -1.008 -0.045 -4.671
 Chromium   -5.345 -0.675 -0.103 -5.315
 Manganese  -3.998 -0.148 -0.539
 Iron       -4.475 -0.069 -0.833 -5.574
 Cobalt     -3.674 -0.371 -0.241 -5.560
 Nickel     -3.962 -0.188 -0.454
 Copper     -4.477 -0.510 -0.161
 Zinc       -3.212 -0.014 -1.501

               1      2      3      4      5      6      7      8      9     10     11     12     13     14     15     16     17

 Hydrogen   -1.829 -0.006-12.289 (H2)         Log10 Mean Ionisation (over radius*electron density)
 Helium     -0.030 -1.173
 Lithium    -4.163 -0.000
 Beryllium  -3.693 -0.190 -0.451
 Boron      -4.522 -0.001 -2.831
 Carbon     -4.229 -0.002 -2.464
 Nitrogen   -2.183 -0.003 -4.095
 Oxygen     -1.727 -0.008 -5.612
 Fluorine   -1.334 -0.021 -5.251
 Neon       -0.558 -0.141 -6.777
 Sodium     -3.018 -0.000 -8.393
 Magnesium  -3.648 -0.212 -0.414
 Aluminium  -4.903 -0.006 -1.833
 Silicon    -4.638 -0.025 -1.248
 Phosphorus -4.389 -0.020 -1.354
 Sulphur    -4.747 -0.034 -1.126
 Chlorine   -3.988 -0.014 -1.493
 Argon      -2.166 -0.021 -1.395
 Potassium  -3.864 -0.000 -4.221
 Calcium    -6.368 -1.974 -0.005
 Scandium   -5.973 -1.542 -0.014 -2.608
 Titanium   -4.880 -0.508 -0.161 -3.701
 Vanadium   -4.720 -1.008 -0.045 -4.671
 Chromium   -5.345 -0.675 -0.103 -5.315
 Manganese  -3.998 -0.148 -0.539
 Iron       -4.475 -0.069 -0.833 -5.574
 Cobalt     -3.674 -0.371 -0.241 -5.560
 Nickel     -3.962 -0.188 -0.454
 Copper     -4.477 -0.510 -0.161
 Zinc       -3.212 -0.014 -1.501

               1      2      3      4      5      6      7      8      9     10     11     12     13     14     15     16     17

 Hydrogen    3.517  3.517  3.517 (H2)                  Log10 Mean Temperature (over radius)
 Helium      3.517  3.517
 Lithium     3.517  3.517
 Beryllium   3.517  3.517  3.517
 Boron       3.517  3.517  3.517
 Carbon      3.517  3.517  3.517
 Nitrogen    3.517  3.517  3.517
 Oxygen      3.517  3.517  3.517
 Fluorine    3.517  3.517  3.517
 Neon        3.517  3.517  3.517
 Sodium      3.517  3.517  3.517
 Magnesium   3.517  3.517  3.517
 Aluminium   3.517  3.517  3.517
 Silicon     3.517  3.517  3.517
 Phosphorus  3.517  3.517  3.517
 Sulphur     3.517  3.517  3.517
 Chlorine    3.517  3.517  3.517
 Argon       3.517  3.517  3.517
 Potassium   3.517  3.517  3.517
 Calcium     3.517  3.517  3.517
 Scandium    3.517  3.517  3.517  3.517
 Titanium    3.517  3.517  3.517  3.517
 Vanadium    3.517  3.517  3.517  3.517
 Chromium    3.517  3.517  3.517  3.517
 Manganese   3.517  3.517  3.517
 Iron        3.517  3.517  3.517  3.517
 Cobalt      3.517  3.517  3.517  3.517
 Nickel      3.517  3.517  3.517
 Copper      3.517  3.517  3.517
 Zinc        3.517  3.517  3.517

               1      2      3      4      5      6      7      8      9     10     11     12     13     14     15     16     17

 Hydrogen    3.517  3.517  3.517 (H2)          Log10 Mean Temperature (over radius*electron density)
 Helium      3.517  3.517
 Lithium     3.517  3.517
 Beryllium   3.517  3.517  3.517
 Boron       3.517  3.517  3.517
 Carbon      3.517  3.517  3.517
 Nitrogen    3.517  3.517  3.517
 Oxygen      3.517  3.517  3.517
 Fluorine    3.517  3.517  3.517
 Neon        3.517  3.517  3.517
 Sodium      3.517  3.517  3.517
 Magnesium   3.517  3.517  3.517
 Aluminium   3.517  3.517  3.517
 Silicon     3.517  3.517  3.517
 Phosphorus  3.517  3.517  3.517
 Sulphur     3.517  3.517  3.517
 Chlorine    3.517  3.517  3.517
 Argon       3.517  3.517  3.517
 Potassium   3.517  3.517  3.517
 Calcium     3.517  3.517  3.517
 Scandium    3.517  3.517  3.517  3.517
 Titanium    3.517  3.517  3.517  3.517
 Vanadium    3.517  3.517  3.517  3.517
 Chromium    3.517  3.517  3.517  3.517
 Manganese   3.517  3.517  3.517
 Iron        3.517  3.517  3.517  3.517
 Cobalt      3.517  3.517  3.517  3.517
 Nickel      3.517  3.517  3.517
 Copper      3.517  3.517  3.517
 Zinc        3.517  3.517  3.517

               1      2      3      4      5      6      7      8      9     10     11     12     13     14     15     16     17
 Spectrum of Orion star iotaB using Tlusty  

---------------Convergence statistics---------------
      1.67 mean iterations/state convergence
      1.78 mean cx acceleration loops/iteration
         1 mean iso convergence loops/ion solve
         1 mean steps/chemistry solve
         1 mean step length searches/chemistry step
----------------------------------------------------

 Cloudy ends: 1 zone, 1 iteration, 3 cautions. (single thread) ExecTime(s) 10.13
 [Stop in cdMain at maincl.cpp:516, Cloudy exited OK]
